<?xml version="1.0" encoding="UTF-8"?>
<checkstyle version="8.29">
<file name="/home/jenkins/jenkins-home/workspace/hadoop-multibranch_PR-3259/ubuntu-focal/src/hadoop-yarn-project/hadoop-yarn/hadoop-yarn-server/hadoop-yarn-server-web-proxy/src/main/java/org/apache/hadoop/yarn/server/webproxy/AppReportFetcher.java">
<error line="1" severity="error" message="Missing package-info.java file." source="com.puppycrawl.tools.checkstyle.checks.javadoc.JavadocPackageCheck"/>
<error line="116" severity="error" message="&apos;throws&apos; has incorrect indentation level 2, expected level should be 6." source="com.puppycrawl.tools.checkstyle.checks.indentation.IndentationCheck"/>
<error line="158" column="5" severity="error" message="Redundant &apos;public&apos; modifier." source="com.puppycrawl.tools.checkstyle.checks.modifier.RedundantModifierCheck"/>
</file>
<file name="/home/jenkins/jenkins-home/workspace/hadoop-multibranch_PR-3259/ubuntu-focal/src/hadoop-yarn-project/hadoop-yarn/hadoop-yarn-server/hadoop-yarn-server-web-proxy/src/main/java/org/apache/hadoop/yarn/server/webproxy/amfilter/AmIpFilter.java">
<error line="1" severity="error" message="Missing package-info.java file." source="com.puppycrawl.tools.checkstyle.checks.javadoc.JavadocPackageCheck"/>
<error line="71" column="23" severity="error" message="Variable &apos;proxyUriBases&apos; must be private and have accessor methods." source="com.puppycrawl.tools.checkstyle.checks.design.VisibilityModifierCheck"/>
<error line="72" column="10" severity="error" message="Variable &apos;rmUrls&apos; must be private and have accessor methods." source="com.puppycrawl.tools.checkstyle.checks.design.VisibilityModifierCheck"/>
<error line="72" column="16" severity="error" message="Array brackets at illegal position." source="com.puppycrawl.tools.checkstyle.checks.ArrayTypeStyleCheck"/>
</file>
<file name="/home/jenkins/jenkins-home/workspace/hadoop-multibranch_PR-3259/ubuntu-focal/src/hadoop-yarn-project/hadoop-yarn/hadoop-yarn-server/hadoop-yarn-server-web-proxy/src/main/java/org/apache/hadoop/yarn/server/webproxy/amfilter/AmIpPrincipal.java">
</file>
<file name="/home/jenkins/jenkins-home/workspace/hadoop-multibranch_PR-3259/ubuntu-focal/src/hadoop-yarn-project/hadoop-yarn/hadoop-yarn-server/hadoop-yarn-server-web-proxy/src/main/java/org/apache/hadoop/yarn/server/webproxy/amfilter/AmFilterInitializer.java">
</file>
<file name="/home/jenkins/jenkins-home/workspace/hadoop-multibranch_PR-3259/ubuntu-focal/src/hadoop-yarn-project/hadoop-yarn/hadoop-yarn-server/hadoop-yarn-server-web-proxy/src/main/java/org/apache/hadoop/yarn/server/webproxy/amfilter/AmIpServletRequestWrapper.java">
</file>
<file name="/home/jenkins/jenkins-home/workspace/hadoop-multibranch_PR-3259/ubuntu-focal/src/hadoop-yarn-project/hadoop-yarn/hadoop-yarn-server/hadoop-yarn-server-web-proxy/src/main/java/org/apache/hadoop/yarn/server/webproxy/WebAppProxy.java">
<error line="124" column="51" severity="error" message="&apos;,&apos; is not followed by whitespace." source="com.puppycrawl.tools.checkstyle.checks.whitespace.WhitespaceAfterCheck"/>
<error line="137" column="73" severity="error" message="&apos;,&apos; is not followed by whitespace." source="com.puppycrawl.tools.checkstyle.checks.whitespace.WhitespaceAfterCheck"/>
</file>
<file name="/home/jenkins/jenkins-home/workspace/hadoop-multibranch_PR-3259/ubuntu-focal/src/hadoop-yarn-project/hadoop-yarn/hadoop-yarn-server/hadoop-yarn-server-web-proxy/src/main/java/org/apache/hadoop/yarn/server/webproxy/ProxyUriUtils.java">
<error line="34" column="1" severity="error" message="Utility classes should not have a public or default constructor." source="com.puppycrawl.tools.checkstyle.checks.design.HideUtilityClassConstructorCheck"/>
<error line="117" severity="error" message="First sentence should end with a period." source="com.puppycrawl.tools.checkstyle.checks.javadoc.JavadocStyleCheck"/>
<error line="167" column="66" severity="error" message="&apos;,&apos; is not followed by whitespace." source="com.puppycrawl.tools.checkstyle.checks.whitespace.WhitespaceAfterCheck"/>
<error line="179" severity="error" message="&apos;if&apos; has incorrect indentation level 6, expected level should be 4." source="com.puppycrawl.tools.checkstyle.checks.indentation.IndentationCheck"/>
<error line="185" severity="error" message="&apos;if&apos; child has incorrect indentation level 8, expected level should be 6." source="com.puppycrawl.tools.checkstyle.checks.indentation.IndentationCheck"/>
<error line="186" severity="error" message="&apos;if rcurly&apos; has incorrect indentation level 6, expected level should be 4." source="com.puppycrawl.tools.checkstyle.checks.indentation.IndentationCheck"/>
<error line="187" severity="error" message="&apos;else&apos; child has incorrect indentation level 8, expected level should be 6." source="com.puppycrawl.tools.checkstyle.checks.indentation.IndentationCheck"/>
<error line="188" severity="error" message="&apos;else rcurly&apos; has incorrect indentation level 6, expected level should be 4." source="com.puppycrawl.tools.checkstyle.checks.indentation.IndentationCheck"/>
<error line="189" severity="error" message="&apos;method def rcurly&apos; has incorrect indentation level 4, expected level should be 2." source="com.puppycrawl.tools.checkstyle.checks.indentation.IndentationCheck"/>
<error line="205" column="5" severity="error" message="&apos;{&apos; at column 5 should be on the previous line." source="com.puppycrawl.tools.checkstyle.checks.blocks.LeftCurlyCheck"/>
<error line="208" column="7" severity="error" message="&apos;{&apos; at column 7 should be on the previous line." source="com.puppycrawl.tools.checkstyle.checks.blocks.LeftCurlyCheck"/>
</file>
<file name="/home/jenkins/jenkins-home/workspace/hadoop-multibranch_PR-3259/ubuntu-focal/src/hadoop-yarn-project/hadoop-yarn/hadoop-yarn-server/hadoop-yarn-server-web-proxy/src/main/java/org/apache/hadoop/yarn/server/webproxy/ProxyCA.java">
<error line="114" column="36" severity="error" message="&apos;caCert&apos; hides a field." source="com.puppycrawl.tools.checkstyle.checks.coding.HiddenFieldCheck"/>
</file>
<file name="/home/jenkins/jenkins-home/workspace/hadoop-multibranch_PR-3259/ubuntu-focal/src/hadoop-yarn-project/hadoop-yarn/hadoop-yarn-server/hadoop-yarn-server-web-proxy/src/main/java/org/apache/hadoop/yarn/server/webproxy/WebAppProxyServlet.java">
<error line="84" severity="error" message="&apos;new&apos; has incorrect indentation level 4, expected level should be 6." source="com.puppycrawl.tools.checkstyle.checks.indentation.IndentationCheck"/>
<error line="111" column="24" severity="error" message="Name &apos;__&apos; must match pattern &apos;^[A-Z][a-zA-Z0-9]*$&apos;." source="com.puppycrawl.tools.checkstyle.checks.naming.TypeNameCheck"/>
<error line="128" severity="error" message="First sentence should end with a period." source="com.puppycrawl.tools.checkstyle.checks.javadoc.JavadocStyleCheck"/>
<error line="156" severity="error" message="&apos;throws&apos; has incorrect indentation level 4, expected level should be 6." source="com.puppycrawl.tools.checkstyle.checks.indentation.IndentationCheck"/>
<error line="339" column="49" severity="error" message="&apos;,&apos; is not followed by whitespace." source="com.puppycrawl.tools.checkstyle.checks.whitespace.WhitespaceAfterCheck"/>
<error line="392" severity="error" message="&apos;req&apos; has incorrect indentation level 8, expected level should be 10." source="com.puppycrawl.tools.checkstyle.checks.indentation.IndentationCheck"/>
<error line="519" severity="error" message="&apos;case&apos; child has incorrect indentation level 8, expected level should be 6." source="com.puppycrawl.tools.checkstyle.checks.indentation.IndentationCheck"/>
<error line="520" severity="error" message="&apos;case&apos; child has incorrect indentation level 8, expected level should be 6." source="com.puppycrawl.tools.checkstyle.checks.indentation.IndentationCheck"/>
<error line="521" severity="error" message="&apos;case&apos; child has incorrect indentation level 8, expected level should be 6." source="com.puppycrawl.tools.checkstyle.checks.indentation.IndentationCheck"/>
<error line="522" severity="error" message="&apos;block&apos; child has incorrect indentation level 10, expected level should be 8." source="com.puppycrawl.tools.checkstyle.checks.indentation.IndentationCheck"/>
<error line="523" severity="error" message="&apos;block&apos; child has incorrect indentation level 10, expected level should be 8." source="com.puppycrawl.tools.checkstyle.checks.indentation.IndentationCheck"/>
<error line="524" severity="error" message="&apos;case&apos; child has incorrect indentation level 8, expected level should be 6." source="com.puppycrawl.tools.checkstyle.checks.indentation.IndentationCheck"/>
</file>
<file name="/home/jenkins/jenkins-home/workspace/hadoop-multibranch_PR-3259/ubuntu-focal/src/hadoop-yarn-project/hadoop-yarn/hadoop-yarn-server/hadoop-yarn-server-web-proxy/src/main/java/org/apache/hadoop/yarn/server/webproxy/ProxyUtils.java">
<error line="34" severity="error" message="First sentence should end with a period." source="com.puppycrawl.tools.checkstyle.checks.javadoc.JavadocStyleCheck"/>
<error line="37" column="1" severity="error" message="Utility classes should not have a public or default constructor." source="com.puppycrawl.tools.checkstyle.checks.design.HideUtilityClassConstructorCheck"/>
<error line="44" column="23" severity="error" message="Name &apos;__&apos; must match pattern &apos;^[A-Z][a-zA-Z0-9]*$&apos;." source="com.puppycrawl.tools.checkstyle.checks.naming.TypeNameCheck"/>
<error line="114" severity="error" message="First sentence should end with a period." source="com.puppycrawl.tools.checkstyle.checks.javadoc.JavadocStyleCheck"/>
</file>
<file name="/home/jenkins/jenkins-home/workspace/hadoop-multibranch_PR-3259/ubuntu-focal/src/hadoop-yarn-project/hadoop-yarn/hadoop-yarn-server/hadoop-yarn-server-web-proxy/src/main/java/org/apache/hadoop/yarn/server/webproxy/WebAppProxyServer.java">
<error line="88" severity="error" message="First sentence should end with a period." source="com.puppycrawl.tools.checkstyle.checks.javadoc.JavadocStyleCheck"/>
<error line="99" severity="error" message="First sentence should end with a period." source="com.puppycrawl.tools.checkstyle.checks.javadoc.JavadocStyleCheck"/>
</file>
<file name="/home/jenkins/jenkins-home/workspace/hadoop-multibranch_PR-3259/ubuntu-focal/src/hadoop-yarn-project/hadoop-yarn/hadoop-yarn-server/hadoop-yarn-server-web-proxy/src/test/java/org/apache/hadoop/yarn/server/webproxy/TestAppReportFetcher.java">
<error line="29" column="8" severity="error" message="Unused import - org.apache.hadoop.yarn.api.records.ApplicationReport." source="com.puppycrawl.tools.checkstyle.checks.imports.UnusedImportsCheck"/>
<error line="40" column="37" severity="error" message="Variable &apos;historyManager&apos; must be private and have accessor methods." source="com.puppycrawl.tools.checkstyle.checks.design.VisibilityModifierCheck"/>
<error line="41" column="24" severity="error" message="Variable &apos;conf&apos; must be private and have accessor methods." source="com.puppycrawl.tools.checkstyle.checks.design.VisibilityModifierCheck"/>
<error line="62" column="54" severity="error" message="&apos;,&apos; is not followed by whitespace." source="com.puppycrawl.tools.checkstyle.checks.whitespace.WhitespaceAfterCheck"/>
<error line="70" severity="error" message="&apos;method call&apos; child has incorrect indentation level 4, expected level should be 8." source="com.puppycrawl.tools.checkstyle.checks.indentation.IndentationCheck"/>
<error line="72" severity="error" message="&apos;method call&apos; child has incorrect indentation level 4, expected level should be 8." source="com.puppycrawl.tools.checkstyle.checks.indentation.IndentationCheck"/>
<error line="87" severity="error" message="&apos;method call&apos; child has incorrect indentation level 4, expected level should be 8." source="com.puppycrawl.tools.checkstyle.checks.indentation.IndentationCheck"/>
<error line="95" column="5" severity="error" message="Redundant &apos;public&apos; modifier." source="com.puppycrawl.tools.checkstyle.checks.modifier.RedundantModifierCheck"/>
<error line="101" column="68" severity="error" message="&apos;conf&apos; hides a field." source="com.puppycrawl.tools.checkstyle.checks.coding.HiddenFieldCheck"/>
<error line="103" column="5" severity="error" message="&apos;{&apos; at column 5 should be on the previous line." source="com.puppycrawl.tools.checkstyle.checks.blocks.LeftCurlyCheck"/>
</file>
<file name="/home/jenkins/jenkins-home/workspace/hadoop-multibranch_PR-3259/ubuntu-focal/src/hadoop-yarn-project/hadoop-yarn/hadoop-yarn-server/hadoop-yarn-server-web-proxy/src/test/java/org/apache/hadoop/yarn/server/webproxy/amfilter/TestSecureAmFilter.java">
</file>
<file name="/home/jenkins/jenkins-home/workspace/hadoop-multibranch_PR-3259/ubuntu-focal/src/hadoop-yarn-project/hadoop-yarn/hadoop-yarn-server/hadoop-yarn-server-web-proxy/src/test/java/org/apache/hadoop/yarn/server/webproxy/amfilter/TestAmFilter.java">
<error line="28" column="8" severity="error" message="Unused import - java.util.Collection." source="com.puppycrawl.tools.checkstyle.checks.imports.UnusedImportsCheck"/>
<error line="32" column="8" severity="error" message="Unused import - java.util.ArrayList." source="com.puppycrawl.tools.checkstyle.checks.imports.UnusedImportsCheck"/>
<error line="33" column="8" severity="error" message="Unused import - java.util.Arrays." source="com.puppycrawl.tools.checkstyle.checks.imports.UnusedImportsCheck"/>
<error line="93" column="31" severity="error" message="Variable &apos;map&apos; must be private and have accessor methods." source="com.puppycrawl.tools.checkstyle.checks.design.VisibilityModifierCheck"/>
<error line="165" column="31" severity="error" message="&apos;{&apos; is followed by whitespace." source="com.puppycrawl.tools.checkstyle.checks.whitespace.NoWhitespaceAfterCheck"/>
<error line="223" severity="error" message="First sentence should end with a period." source="com.puppycrawl.tools.checkstyle.checks.javadoc.JavadocStyleCheck"/>
<error line="310" column="12" severity="error" message="Variable &apos;redirectLocation&apos; must be private and have accessor methods." source="com.puppycrawl.tools.checkstyle.checks.design.VisibilityModifierCheck"/>
<error line="311" column="9" severity="error" message="Variable &apos;status&apos; must be private and have accessor methods." source="com.puppycrawl.tools.checkstyle.checks.design.VisibilityModifierCheck"/>
</file>
<file name="/home/jenkins/jenkins-home/workspace/hadoop-multibranch_PR-3259/ubuntu-focal/src/hadoop-yarn-project/hadoop-yarn/hadoop-yarn-server/hadoop-yarn-server-web-proxy/src/test/java/org/apache/hadoop/yarn/server/webproxy/amfilter/TestAmFilterInitializer.java">
<error line="257" column="25" severity="error" message="Variable &apos;givenParameters&apos; must be private and have accessor methods." source="com.puppycrawl.tools.checkstyle.checks.design.VisibilityModifierCheck"/>
</file>
<file name="/home/jenkins/jenkins-home/workspace/hadoop-multibranch_PR-3259/ubuntu-focal/src/hadoop-yarn-project/hadoop-yarn/hadoop-yarn-server/hadoop-yarn-server-web-proxy/src/test/java/org/apache/hadoop/yarn/server/webproxy/TestProxyCA.java">
<error line="607" column="5" severity="error" message="Redundant &apos;public&apos; modifier." source="com.puppycrawl.tools.checkstyle.checks.modifier.RedundantModifierCheck"/>
</file>
<file name="/home/jenkins/jenkins-home/workspace/hadoop-multibranch_PR-3259/ubuntu-focal/src/hadoop-yarn-project/hadoop-yarn/hadoop-yarn-server/hadoop-yarn-server-web-proxy/src/test/java/org/apache/hadoop/yarn/server/webproxy/TestProxyUriUtils.java">
<error line="39" column="61" severity="error" message="Should use uppercase &apos;L&apos;." source="com.puppycrawl.tools.checkstyle.checks.UpperEllCheck"/>
<error line="41" column="61" severity="error" message="Should use uppercase &apos;L&apos;." source="com.puppycrawl.tools.checkstyle.checks.UpperEllCheck"/>
<error line="52" column="61" severity="error" message="Should use uppercase &apos;L&apos;." source="com.puppycrawl.tools.checkstyle.checks.UpperEllCheck"/>
<error line="54" column="61" severity="error" message="Should use uppercase &apos;L&apos;." source="com.puppycrawl.tools.checkstyle.checks.UpperEllCheck"/>
<error line="56" column="61" severity="error" message="Should use uppercase &apos;L&apos;." source="com.puppycrawl.tools.checkstyle.checks.UpperEllCheck"/>
<error line="58" column="61" severity="error" message="Should use uppercase &apos;L&apos;." source="com.puppycrawl.tools.checkstyle.checks.UpperEllCheck"/>
<error line="64" severity="error" message="&apos;ProxyUriUtils&apos; has incorrect indentation level 4, expected level should be 8." source="com.puppycrawl.tools.checkstyle.checks.indentation.IndentationCheck"/>
<error line="64" column="65" severity="error" message="Should use uppercase &apos;L&apos;." source="com.puppycrawl.tools.checkstyle.checks.UpperEllCheck"/>
<error line="68" column="69" severity="error" message="Should use uppercase &apos;L&apos;." source="com.puppycrawl.tools.checkstyle.checks.UpperEllCheck"/>
<error line="76" column="54" severity="error" message="Should use uppercase &apos;L&apos;." source="com.puppycrawl.tools.checkstyle.checks.UpperEllCheck"/>
<error line="77" severity="error" message="Line is longer than 100 characters (found 102)." source="com.puppycrawl.tools.checkstyle.checks.sizes.LineLengthCheck"/>
<error line="87" column="54" severity="error" message="Should use uppercase &apos;L&apos;." source="com.puppycrawl.tools.checkstyle.checks.UpperEllCheck"/>
<error line="96" column="54" severity="error" message="Should use uppercase &apos;L&apos;." source="com.puppycrawl.tools.checkstyle.checks.UpperEllCheck"/>
<error line="105" column="54" severity="error" message="Should use uppercase &apos;L&apos;." source="com.puppycrawl.tools.checkstyle.checks.UpperEllCheck"/>
</file>
<file name="/home/jenkins/jenkins-home/workspace/hadoop-multibranch_PR-3259/ubuntu-focal/src/hadoop-yarn-project/hadoop-yarn/hadoop-yarn-server/hadoop-yarn-server-web-proxy/src/test/java/org/apache/hadoop/yarn/server/webproxy/TestWebAppProxyServer.java">
</file>
<file name="/home/jenkins/jenkins-home/workspace/hadoop-multibranch_PR-3259/ubuntu-focal/src/hadoop-yarn-project/hadoop-yarn/hadoop-yarn-server/hadoop-yarn-server-web-proxy/src/test/java/org/apache/hadoop/yarn/server/webproxy/TestWebAppProxyServlet.java">
<error line="93" column="17" severity="error" message="Variable &apos;configuration&apos; must be private and have accessor methods." source="com.puppycrawl.tools.checkstyle.checks.design.VisibilityModifierCheck"/>
<error line="277" severity="error" message="&apos;+&apos; has incorrect indentation level 8, expected level should be 10." source="com.puppycrawl.tools.checkstyle.checks.indentation.IndentationCheck"/>
<error line="342" severity="error" message="&apos;try&apos; child has incorrect indentation level 4, expected level should be 6." source="com.puppycrawl.tools.checkstyle.checks.indentation.IndentationCheck"/>
<error line="344" severity="error" message="&apos;try&apos; child has incorrect indentation level 4, expected level should be 6." source="com.puppycrawl.tools.checkstyle.checks.indentation.IndentationCheck"/>
<error line="345" severity="error" message="&apos;try&apos; child has incorrect indentation level 4, expected level should be 6." source="com.puppycrawl.tools.checkstyle.checks.indentation.IndentationCheck"/>
<error line="346" severity="error" message="&apos;try&apos; child has incorrect indentation level 4, expected level should be 6." source="com.puppycrawl.tools.checkstyle.checks.indentation.IndentationCheck"/>
<error line="348" severity="error" message="&apos;try&apos; child has incorrect indentation level 4, expected level should be 6." source="com.puppycrawl.tools.checkstyle.checks.indentation.IndentationCheck"/>
<error line="349" severity="error" message="&apos;try&apos; child has incorrect indentation level 4, expected level should be 6." source="com.puppycrawl.tools.checkstyle.checks.indentation.IndentationCheck"/>
<error line="350" severity="error" message="&apos;try&apos; has incorrect indentation level 4, expected level should be 6." source="com.puppycrawl.tools.checkstyle.checks.indentation.IndentationCheck"/>
<error line="351" severity="error" message="&apos;try&apos; child has incorrect indentation level 6, expected level should be 8." source="com.puppycrawl.tools.checkstyle.checks.indentation.IndentationCheck"/>
<error line="352" severity="error" message="&apos;try rcurly&apos; has incorrect indentation level 4, expected level should be 6." source="com.puppycrawl.tools.checkstyle.checks.indentation.IndentationCheck"/>
<error line="356" severity="error" message="&apos;catch rcurly&apos; has incorrect indentation level 4, expected level should be 6." source="com.puppycrawl.tools.checkstyle.checks.indentation.IndentationCheck"/>
<error line="357" severity="error" message="&apos;try&apos; child has incorrect indentation level 4, expected level should be 6." source="com.puppycrawl.tools.checkstyle.checks.indentation.IndentationCheck"/>
<error line="360" severity="error" message="&apos;try&apos; child has incorrect indentation level 4, expected level should be 6." source="com.puppycrawl.tools.checkstyle.checks.indentation.IndentationCheck"/>
<error line="364" severity="error" message="&apos;try&apos; child has incorrect indentation level 4, expected level should be 6." source="com.puppycrawl.tools.checkstyle.checks.indentation.IndentationCheck"/>
<error line="366" severity="error" message="&apos;try&apos; child has incorrect indentation level 4, expected level should be 6." source="com.puppycrawl.tools.checkstyle.checks.indentation.IndentationCheck"/>
<error line="367" severity="error" message="&apos;try&apos; child has incorrect indentation level 4, expected level should be 6." source="com.puppycrawl.tools.checkstyle.checks.indentation.IndentationCheck"/>
<error line="368" severity="error" message="&apos;try&apos; has incorrect indentation level 4, expected level should be 6." source="com.puppycrawl.tools.checkstyle.checks.indentation.IndentationCheck"/>
<error line="369" severity="error" message="&apos;try&apos; child has incorrect indentation level 6, expected level should be 8." source="com.puppycrawl.tools.checkstyle.checks.indentation.IndentationCheck"/>
<error line="370" severity="error" message="&apos;try rcurly&apos; has incorrect indentation level 4, expected level should be 6." source="com.puppycrawl.tools.checkstyle.checks.indentation.IndentationCheck"/>
<error line="374" severity="error" message="&apos;catch rcurly&apos; has incorrect indentation level 4, expected level should be 6." source="com.puppycrawl.tools.checkstyle.checks.indentation.IndentationCheck"/>
<error line="375" severity="error" message="&apos;try&apos; child has incorrect indentation level 4, expected level should be 6." source="com.puppycrawl.tools.checkstyle.checks.indentation.IndentationCheck"/>
<error line="378" severity="error" message="&apos;try&apos; child has incorrect indentation level 4, expected level should be 6." source="com.puppycrawl.tools.checkstyle.checks.indentation.IndentationCheck"/>
<error line="380" column="5" severity="error" message="&apos;}&apos; at column 5 should be on the same line as the next part of a multi-block statement (one that directly contains multiple blocks: if/else-if/else, do/while or try/catch/finally)." source="com.puppycrawl.tools.checkstyle.checks.blocks.RightCurlyCheck"/>
<error line="388" column="19" severity="error" message="&apos;configuration&apos; hides a field." source="com.puppycrawl.tools.checkstyle.checks.coding.HiddenFieldCheck"/>
<error line="424" severity="error" message="First sentence should end with a period." source="com.puppycrawl.tools.checkstyle.checks.javadoc.JavadocStyleCheck"/>
<error line="549" column="5" severity="error" message="Redundant &apos;public&apos; modifier." source="com.puppycrawl.tools.checkstyle.checks.modifier.RedundantModifierCheck"/>
<error line="564" column="17" severity="error" message="Variable &apos;proxyServer&apos; must be private and have accessor methods." source="com.puppycrawl.tools.checkstyle.checks.design.VisibilityModifierCheck"/>
<error line="565" column="29" severity="error" message="Variable &apos;appReportFetcher&apos; must be private and have accessor methods." source="com.puppycrawl.tools.checkstyle.checks.design.VisibilityModifierCheck"/>
<error line="588" column="28" severity="error" message="&apos;)&apos; is preceded with whitespace." source="com.puppycrawl.tools.checkstyle.checks.whitespace.ParenPadCheck"/>
<error line="604" column="9" severity="error" message="Variable &apos;answer&apos; must be private and have accessor methods." source="com.puppycrawl.tools.checkstyle.checks.design.VisibilityModifierCheck"/>
<error line="606" column="5" severity="error" message="Redundant &apos;public&apos; modifier." source="com.puppycrawl.tools.checkstyle.checks.modifier.RedundantModifierCheck"/>
</file>
</checkstyle>
