<?xml version="1.0" encoding="UTF-8"?>
<checkstyle version="8.29">
<file name="/home/jenkins/jenkins-home/workspace/hadoop-multibranch_PR-3259/ubuntu-focal/src/hadoop-mapreduce-project/hadoop-mapreduce-client/hadoop-mapreduce-client-common/src/main/java/org/apache/hadoop/mapreduce/TypeConverter.java">
<error line="1" severity="error" message="Missing package-info.java file." source="com.puppycrawl.tools.checkstyle.checks.javadoc.JavadocPackageCheck"/>
<error line="58" column="1" severity="error" message="Utility classes should not have a public or default constructor." source="com.puppycrawl.tools.checkstyle.checks.design.HideUtilityClassConstructorCheck"/>
<error line="89" severity="error" message="switch without &quot;default&quot; clause." source="com.puppycrawl.tools.checkstyle.checks.coding.MissingSwitchDefaultCheck"/>
<error line="216" severity="error" message="switch without &quot;default&quot; clause." source="com.puppycrawl.tools.checkstyle.checks.coding.MissingSwitchDefaultCheck"/>
<error line="259" severity="error" message="&apos;new&apos; has incorrect indentation level 6, expected level should be 8." source="com.puppycrawl.tools.checkstyle.checks.indentation.IndentationCheck"/>
<error line="264" severity="error" message="&apos;counters&apos; has incorrect indentation level 10, expected level should be 12." source="com.puppycrawl.tools.checkstyle.checks.indentation.IndentationCheck"/>
<error line="382" severity="error" message="&apos;org&apos; has incorrect indentation level 6, expected level should be 8." source="com.puppycrawl.tools.checkstyle.checks.indentation.IndentationCheck"/>
<error line="389" severity="error" message="switch without &quot;default&quot; clause." source="com.puppycrawl.tools.checkstyle.checks.coding.MissingSwitchDefaultCheck"/>
<error line="408" severity="error" message="switch without &quot;default&quot; clause." source="com.puppycrawl.tools.checkstyle.checks.coding.MissingSwitchDefaultCheck"/>
<error line="438" severity="error" message="&apos;diagnostics&apos; has incorrect indentation level 6, expected level should be 8." source="com.puppycrawl.tools.checkstyle.checks.indentation.IndentationCheck"/>
<error line="439" severity="error" message="&apos;fromYarn&apos; has incorrect indentation level 6, expected level should be 8." source="com.puppycrawl.tools.checkstyle.checks.indentation.IndentationCheck"/>
<error line="464" severity="error" message="switch without &quot;default&quot; clause." source="com.puppycrawl.tools.checkstyle.checks.coding.MissingSwitchDefaultCheck"/>
<error line="489" severity="error" message="&apos;new&apos; has incorrect indentation level 6, expected level should be 8." source="com.puppycrawl.tools.checkstyle.checks.indentation.IndentationCheck"/>
<error line="506" severity="error" message="&apos;new&apos; has incorrect indentation level 6, expected level should be 8." source="com.puppycrawl.tools.checkstyle.checks.indentation.IndentationCheck"/>
<error line="509" severity="error" message="Line is longer than 100 characters (found 113)." source="com.puppycrawl.tools.checkstyle.checks.sizes.LineLengthCheck"/>
<error line="553" severity="error" message="&apos;queueInfo&apos; has incorrect indentation level 6, expected level should be 8." source="com.puppycrawl.tools.checkstyle.checks.indentation.IndentationCheck"/>
<error line="554" severity="error" message="&apos;(&apos; has incorrect indentation level 6, expected level should be 8." source="com.puppycrawl.tools.checkstyle.checks.indentation.IndentationCheck"/>
<error line="556" severity="error" message="&apos;queueInfo&apos; has incorrect indentation level 6, expected level should be 8." source="com.puppycrawl.tools.checkstyle.checks.indentation.IndentationCheck"/>
<error line="557" severity="error" message="&apos;TypeConverter&apos; has incorrect indentation level 6, expected level should be 8." source="com.puppycrawl.tools.checkstyle.checks.indentation.IndentationCheck"/>
<error line="560" severity="error" message="&apos;queueInfo&apos; has incorrect indentation level 6, expected level should be 8." source="com.puppycrawl.tools.checkstyle.checks.indentation.IndentationCheck"/>
<error line="587" severity="error" message="&apos;new&apos; has incorrect indentation level 8, expected level should be 10." source="com.puppycrawl.tools.checkstyle.checks.indentation.IndentationCheck"/>
</file>
<file name="/home/jenkins/jenkins-home/workspace/hadoop-multibranch_PR-3259/ubuntu-focal/src/hadoop-mapreduce-project/hadoop-mapreduce-client/hadoop-mapreduce-client-common/src/main/java/org/apache/hadoop/mapreduce/v2/api/protocolrecords/GetTaskAttemptCompletionEventsResponse.java">
<error line="26" column="3" severity="error" message="Redundant &apos;public&apos; modifier." source="com.puppycrawl.tools.checkstyle.checks.modifier.RedundantModifierCheck"/>
<error line="27" column="3" severity="error" message="Redundant &apos;public&apos; modifier." source="com.puppycrawl.tools.checkstyle.checks.modifier.RedundantModifierCheck"/>
<error line="28" column="3" severity="error" message="Redundant &apos;public&apos; modifier." source="com.puppycrawl.tools.checkstyle.checks.modifier.RedundantModifierCheck"/>
<error line="30" column="3" severity="error" message="Redundant &apos;public&apos; modifier." source="com.puppycrawl.tools.checkstyle.checks.modifier.RedundantModifierCheck"/>
<error line="31" column="3" severity="error" message="Redundant &apos;public&apos; modifier." source="com.puppycrawl.tools.checkstyle.checks.modifier.RedundantModifierCheck"/>
<error line="32" column="3" severity="error" message="Redundant &apos;public&apos; modifier." source="com.puppycrawl.tools.checkstyle.checks.modifier.RedundantModifierCheck"/>
<error line="33" column="3" severity="error" message="Redundant &apos;public&apos; modifier." source="com.puppycrawl.tools.checkstyle.checks.modifier.RedundantModifierCheck"/>
</file>
<file name="/home/jenkins/jenkins-home/workspace/hadoop-multibranch_PR-3259/ubuntu-focal/src/hadoop-mapreduce-project/hadoop-mapreduce-client/hadoop-mapreduce-client-common/src/main/java/org/apache/hadoop/mapreduce/v2/api/protocolrecords/RenewDelegationTokenRequest.java">
</file>
<file name="/home/jenkins/jenkins-home/workspace/hadoop-multibranch_PR-3259/ubuntu-focal/src/hadoop-mapreduce-project/hadoop-mapreduce-client/hadoop-mapreduce-client-common/src/main/java/org/apache/hadoop/mapreduce/v2/api/protocolrecords/GetJobReportRequest.java">
<error line="24" column="3" severity="error" message="Redundant &apos;public&apos; modifier." source="com.puppycrawl.tools.checkstyle.checks.modifier.RedundantModifierCheck"/>
<error line="26" column="3" severity="error" message="Redundant &apos;public&apos; modifier." source="com.puppycrawl.tools.checkstyle.checks.modifier.RedundantModifierCheck"/>
</file>
<file name="/home/jenkins/jenkins-home/workspace/hadoop-multibranch_PR-3259/ubuntu-focal/src/hadoop-mapreduce-project/hadoop-mapreduce-client/hadoop-mapreduce-client-common/src/main/java/org/apache/hadoop/mapreduce/v2/api/protocolrecords/FailTaskAttemptRequest.java">
<error line="24" column="3" severity="error" message="Redundant &apos;public&apos; modifier." source="com.puppycrawl.tools.checkstyle.checks.modifier.RedundantModifierCheck"/>
<error line="26" column="3" severity="error" message="Redundant &apos;public&apos; modifier." source="com.puppycrawl.tools.checkstyle.checks.modifier.RedundantModifierCheck"/>
</file>
<file name="/home/jenkins/jenkins-home/workspace/hadoop-multibranch_PR-3259/ubuntu-focal/src/hadoop-mapreduce-project/hadoop-mapreduce-client/hadoop-mapreduce-client-common/src/main/java/org/apache/hadoop/mapreduce/v2/api/protocolrecords/KillJobResponse.java">
</file>
<file name="/home/jenkins/jenkins-home/workspace/hadoop-multibranch_PR-3259/ubuntu-focal/src/hadoop-mapreduce-project/hadoop-mapreduce-client/hadoop-mapreduce-client-common/src/main/java/org/apache/hadoop/mapreduce/v2/api/protocolrecords/KillTaskResponse.java">
</file>
<file name="/home/jenkins/jenkins-home/workspace/hadoop-multibranch_PR-3259/ubuntu-focal/src/hadoop-mapreduce-project/hadoop-mapreduce-client/hadoop-mapreduce-client-common/src/main/java/org/apache/hadoop/mapreduce/v2/api/protocolrecords/GetTaskReportsRequest.java">
<error line="26" column="3" severity="error" message="Redundant &apos;public&apos; modifier." source="com.puppycrawl.tools.checkstyle.checks.modifier.RedundantModifierCheck"/>
<error line="27" column="3" severity="error" message="Redundant &apos;public&apos; modifier." source="com.puppycrawl.tools.checkstyle.checks.modifier.RedundantModifierCheck"/>
<error line="29" column="3" severity="error" message="Redundant &apos;public&apos; modifier." source="com.puppycrawl.tools.checkstyle.checks.modifier.RedundantModifierCheck"/>
<error line="30" column="3" severity="error" message="Redundant &apos;public&apos; modifier." source="com.puppycrawl.tools.checkstyle.checks.modifier.RedundantModifierCheck"/>
</file>
<file name="/home/jenkins/jenkins-home/workspace/hadoop-multibranch_PR-3259/ubuntu-focal/src/hadoop-mapreduce-project/hadoop-mapreduce-client/hadoop-mapreduce-client-common/src/main/java/org/apache/hadoop/mapreduce/v2/api/protocolrecords/RenewDelegationTokenResponse.java">
</file>
<file name="/home/jenkins/jenkins-home/workspace/hadoop-multibranch_PR-3259/ubuntu-focal/src/hadoop-mapreduce-project/hadoop-mapreduce-client/hadoop-mapreduce-client-common/src/main/java/org/apache/hadoop/mapreduce/v2/api/protocolrecords/KillJobRequest.java">
<error line="24" column="3" severity="error" message="Redundant &apos;public&apos; modifier." source="com.puppycrawl.tools.checkstyle.checks.modifier.RedundantModifierCheck"/>
<error line="26" column="3" severity="error" message="Redundant &apos;public&apos; modifier." source="com.puppycrawl.tools.checkstyle.checks.modifier.RedundantModifierCheck"/>
</file>
<file name="/home/jenkins/jenkins-home/workspace/hadoop-multibranch_PR-3259/ubuntu-focal/src/hadoop-mapreduce-project/hadoop-mapreduce-client/hadoop-mapreduce-client-common/src/main/java/org/apache/hadoop/mapreduce/v2/api/protocolrecords/GetTaskReportRequest.java">
<error line="24" column="3" severity="error" message="Redundant &apos;public&apos; modifier." source="com.puppycrawl.tools.checkstyle.checks.modifier.RedundantModifierCheck"/>
<error line="26" column="3" severity="error" message="Redundant &apos;public&apos; modifier." source="com.puppycrawl.tools.checkstyle.checks.modifier.RedundantModifierCheck"/>
</file>
<file name="/home/jenkins/jenkins-home/workspace/hadoop-multibranch_PR-3259/ubuntu-focal/src/hadoop-mapreduce-project/hadoop-mapreduce-client/hadoop-mapreduce-client-common/src/main/java/org/apache/hadoop/mapreduce/v2/api/protocolrecords/GetTaskAttemptCompletionEventsRequest.java">
<error line="24" column="3" severity="error" message="Redundant &apos;public&apos; modifier." source="com.puppycrawl.tools.checkstyle.checks.modifier.RedundantModifierCheck"/>
<error line="25" column="3" severity="error" message="Redundant &apos;public&apos; modifier." source="com.puppycrawl.tools.checkstyle.checks.modifier.RedundantModifierCheck"/>
<error line="26" column="3" severity="error" message="Redundant &apos;public&apos; modifier." source="com.puppycrawl.tools.checkstyle.checks.modifier.RedundantModifierCheck"/>
<error line="28" column="3" severity="error" message="Redundant &apos;public&apos; modifier." source="com.puppycrawl.tools.checkstyle.checks.modifier.RedundantModifierCheck"/>
<error line="29" column="3" severity="error" message="Redundant &apos;public&apos; modifier." source="com.puppycrawl.tools.checkstyle.checks.modifier.RedundantModifierCheck"/>
<error line="30" column="3" severity="error" message="Redundant &apos;public&apos; modifier." source="com.puppycrawl.tools.checkstyle.checks.modifier.RedundantModifierCheck"/>
</file>
<file name="/home/jenkins/jenkins-home/workspace/hadoop-multibranch_PR-3259/ubuntu-focal/src/hadoop-mapreduce-project/hadoop-mapreduce-client/hadoop-mapreduce-client-common/src/main/java/org/apache/hadoop/mapreduce/v2/api/protocolrecords/GetDelegationTokenResponse.java">
</file>
<file name="/home/jenkins/jenkins-home/workspace/hadoop-multibranch_PR-3259/ubuntu-focal/src/hadoop-mapreduce-project/hadoop-mapreduce-client/hadoop-mapreduce-client-common/src/main/java/org/apache/hadoop/mapreduce/v2/api/protocolrecords/KillTaskAttemptRequest.java">
<error line="24" column="3" severity="error" message="Redundant &apos;public&apos; modifier." source="com.puppycrawl.tools.checkstyle.checks.modifier.RedundantModifierCheck"/>
<error line="26" column="3" severity="error" message="Redundant &apos;public&apos; modifier." source="com.puppycrawl.tools.checkstyle.checks.modifier.RedundantModifierCheck"/>
</file>
<file name="/home/jenkins/jenkins-home/workspace/hadoop-multibranch_PR-3259/ubuntu-focal/src/hadoop-mapreduce-project/hadoop-mapreduce-client/hadoop-mapreduce-client-common/src/main/java/org/apache/hadoop/mapreduce/v2/api/protocolrecords/CancelDelegationTokenRequest.java">
</file>
<file name="/home/jenkins/jenkins-home/workspace/hadoop-multibranch_PR-3259/ubuntu-focal/src/hadoop-mapreduce-project/hadoop-mapreduce-client/hadoop-mapreduce-client-common/src/main/java/org/apache/hadoop/mapreduce/v2/api/protocolrecords/package-info.java">
<error line="18" severity="error" message="Missing a Javadoc comment." source="com.puppycrawl.tools.checkstyle.checks.javadoc.JavadocStyleCheck"/>
</file>
<file name="/home/jenkins/jenkins-home/workspace/hadoop-multibranch_PR-3259/ubuntu-focal/src/hadoop-mapreduce-project/hadoop-mapreduce-client/hadoop-mapreduce-client-common/src/main/java/org/apache/hadoop/mapreduce/v2/api/protocolrecords/GetTaskAttemptReportResponse.java">
<error line="24" column="3" severity="error" message="Redundant &apos;public&apos; modifier." source="com.puppycrawl.tools.checkstyle.checks.modifier.RedundantModifierCheck"/>
<error line="26" column="3" severity="error" message="Redundant &apos;public&apos; modifier." source="com.puppycrawl.tools.checkstyle.checks.modifier.RedundantModifierCheck"/>
</file>
<file name="/home/jenkins/jenkins-home/workspace/hadoop-multibranch_PR-3259/ubuntu-focal/src/hadoop-mapreduce-project/hadoop-mapreduce-client/hadoop-mapreduce-client-common/src/main/java/org/apache/hadoop/mapreduce/v2/api/protocolrecords/GetJobReportResponse.java">
<error line="24" column="3" severity="error" message="Redundant &apos;public&apos; modifier." source="com.puppycrawl.tools.checkstyle.checks.modifier.RedundantModifierCheck"/>
<error line="26" column="3" severity="error" message="Redundant &apos;public&apos; modifier." source="com.puppycrawl.tools.checkstyle.checks.modifier.RedundantModifierCheck"/>
</file>
<file name="/home/jenkins/jenkins-home/workspace/hadoop-multibranch_PR-3259/ubuntu-focal/src/hadoop-mapreduce-project/hadoop-mapreduce-client/hadoop-mapreduce-client-common/src/main/java/org/apache/hadoop/mapreduce/v2/api/protocolrecords/GetTaskReportResponse.java">
<error line="24" column="3" severity="error" message="Redundant &apos;public&apos; modifier." source="com.puppycrawl.tools.checkstyle.checks.modifier.RedundantModifierCheck"/>
<error line="26" column="3" severity="error" message="Redundant &apos;public&apos; modifier." source="com.puppycrawl.tools.checkstyle.checks.modifier.RedundantModifierCheck"/>
</file>
<file name="/home/jenkins/jenkins-home/workspace/hadoop-multibranch_PR-3259/ubuntu-focal/src/hadoop-mapreduce-project/hadoop-mapreduce-client/hadoop-mapreduce-client-common/src/main/java/org/apache/hadoop/mapreduce/v2/api/protocolrecords/GetCountersResponse.java">
<error line="24" column="3" severity="error" message="Redundant &apos;public&apos; modifier." source="com.puppycrawl.tools.checkstyle.checks.modifier.RedundantModifierCheck"/>
<error line="26" column="3" severity="error" message="Redundant &apos;public&apos; modifier." source="com.puppycrawl.tools.checkstyle.checks.modifier.RedundantModifierCheck"/>
</file>
<file name="/home/jenkins/jenkins-home/workspace/hadoop-multibranch_PR-3259/ubuntu-focal/src/hadoop-mapreduce-project/hadoop-mapreduce-client/hadoop-mapreduce-client-common/src/main/java/org/apache/hadoop/mapreduce/v2/api/protocolrecords/GetTaskReportsResponse.java">
<error line="26" column="3" severity="error" message="Redundant &apos;public&apos; modifier." source="com.puppycrawl.tools.checkstyle.checks.modifier.RedundantModifierCheck"/>
<error line="27" column="3" severity="error" message="Redundant &apos;public&apos; modifier." source="com.puppycrawl.tools.checkstyle.checks.modifier.RedundantModifierCheck"/>
<error line="28" column="3" severity="error" message="Redundant &apos;public&apos; modifier." source="com.puppycrawl.tools.checkstyle.checks.modifier.RedundantModifierCheck"/>
<error line="30" column="3" severity="error" message="Redundant &apos;public&apos; modifier." source="com.puppycrawl.tools.checkstyle.checks.modifier.RedundantModifierCheck"/>
<error line="31" column="3" severity="error" message="Redundant &apos;public&apos; modifier." source="com.puppycrawl.tools.checkstyle.checks.modifier.RedundantModifierCheck"/>
<error line="32" column="3" severity="error" message="Redundant &apos;public&apos; modifier." source="com.puppycrawl.tools.checkstyle.checks.modifier.RedundantModifierCheck"/>
<error line="33" column="3" severity="error" message="Redundant &apos;public&apos; modifier." source="com.puppycrawl.tools.checkstyle.checks.modifier.RedundantModifierCheck"/>
</file>
<file name="/home/jenkins/jenkins-home/workspace/hadoop-multibranch_PR-3259/ubuntu-focal/src/hadoop-mapreduce-project/hadoop-mapreduce-client/hadoop-mapreduce-client-common/src/main/java/org/apache/hadoop/mapreduce/v2/api/protocolrecords/impl/pb/GetCountersRequestPBImpl.java">
<error line="32" severity="error" message="Line is longer than 100 characters (found 112)." source="com.puppycrawl.tools.checkstyle.checks.sizes.LineLengthCheck"/>
<error line="33" column="27" severity="error" message="Variable &apos;proto&apos; must be private and have accessor methods." source="com.puppycrawl.tools.checkstyle.checks.design.VisibilityModifierCheck"/>
<error line="34" column="35" severity="error" message="Variable &apos;builder&apos; must be private and have accessor methods." source="com.puppycrawl.tools.checkstyle.checks.design.VisibilityModifierCheck"/>
<error line="35" column="11" severity="error" message="Variable &apos;viaProto&apos; must be private and have accessor methods." source="com.puppycrawl.tools.checkstyle.checks.design.VisibilityModifierCheck"/>
<error line="50" severity="error" message="&apos;method def&apos; child has incorrect indentation level 6, expected level should be 4." source="com.puppycrawl.tools.checkstyle.checks.indentation.IndentationCheck"/>
<error line="63" severity="error" message="&apos;if&apos; construct must use &apos;{}&apos;s." source="com.puppycrawl.tools.checkstyle.checks.blocks.NeedBracesCheck"/>
<error line="94" severity="error" message="&apos;if&apos; construct must use &apos;{}&apos;s." source="com.puppycrawl.tools.checkstyle.checks.blocks.NeedBracesCheck"/>
</file>
<file name="/home/jenkins/jenkins-home/workspace/hadoop-multibranch_PR-3259/ubuntu-focal/src/hadoop-mapreduce-project/hadoop-mapreduce-client/hadoop-mapreduce-client-common/src/main/java/org/apache/hadoop/mapreduce/v2/api/protocolrecords/impl/pb/GetTaskAttemptCompletionEventsRequestPBImpl.java">
<error line="32" severity="error" message="Line is longer than 100 characters (found 169)." source="com.puppycrawl.tools.checkstyle.checks.sizes.LineLengthCheck"/>
<error line="33" severity="error" message="Line is longer than 100 characters (found 117)." source="com.puppycrawl.tools.checkstyle.checks.sizes.LineLengthCheck"/>
<error line="33" column="46" severity="error" message="Variable &apos;proto&apos; must be private and have accessor methods." source="com.puppycrawl.tools.checkstyle.checks.design.VisibilityModifierCheck"/>
<error line="34" column="54" severity="error" message="Variable &apos;builder&apos; must be private and have accessor methods." source="com.puppycrawl.tools.checkstyle.checks.design.VisibilityModifierCheck"/>
<error line="35" column="11" severity="error" message="Variable &apos;viaProto&apos; must be private and have accessor methods." source="com.puppycrawl.tools.checkstyle.checks.design.VisibilityModifierCheck"/>
<error line="44" severity="error" message="Line is longer than 100 characters (found 104)." source="com.puppycrawl.tools.checkstyle.checks.sizes.LineLengthCheck"/>
<error line="50" severity="error" message="&apos;method def&apos; child has incorrect indentation level 6, expected level should be 4." source="com.puppycrawl.tools.checkstyle.checks.indentation.IndentationCheck"/>
<error line="63" severity="error" message="&apos;if&apos; construct must use &apos;{}&apos;s." source="com.puppycrawl.tools.checkstyle.checks.blocks.NeedBracesCheck"/>
<error line="94" severity="error" message="&apos;if&apos; construct must use &apos;{}&apos;s." source="com.puppycrawl.tools.checkstyle.checks.blocks.NeedBracesCheck"/>
</file>
<file name="/home/jenkins/jenkins-home/workspace/hadoop-multibranch_PR-3259/ubuntu-focal/src/hadoop-mapreduce-project/hadoop-mapreduce-client/hadoop-mapreduce-client-common/src/main/java/org/apache/hadoop/mapreduce/v2/api/protocolrecords/impl/pb/RenewDelegationTokenRequestPBImpl.java">
<error line="32" column="36" severity="error" message="Variable &apos;proto&apos; must be private and have accessor methods." source="com.puppycrawl.tools.checkstyle.checks.design.VisibilityModifierCheck"/>
<error line="34" column="44" severity="error" message="Variable &apos;builder&apos; must be private and have accessor methods." source="com.puppycrawl.tools.checkstyle.checks.design.VisibilityModifierCheck"/>
<error line="35" column="11" severity="error" message="Variable &apos;viaProto&apos; must be private and have accessor methods." source="com.puppycrawl.tools.checkstyle.checks.design.VisibilityModifierCheck"/>
<error line="47" column="9" severity="error" message="Variable &apos;token&apos; must be private and have accessor methods." source="com.puppycrawl.tools.checkstyle.checks.design.VisibilityModifierCheck"/>
<error line="60" column="40" severity="error" message="&apos;token&apos; hides a field." source="com.puppycrawl.tools.checkstyle.checks.coding.HiddenFieldCheck"/>
<error line="62" severity="error" message="&apos;if&apos; construct must use &apos;{}&apos;s." source="com.puppycrawl.tools.checkstyle.checks.blocks.NeedBracesCheck"/>
<error line="82" severity="error" message="&apos;if&apos; construct must use &apos;{}&apos;s." source="com.puppycrawl.tools.checkstyle.checks.blocks.NeedBracesCheck"/>
</file>
<file name="/home/jenkins/jenkins-home/workspace/hadoop-multibranch_PR-3259/ubuntu-focal/src/hadoop-mapreduce-project/hadoop-mapreduce-client/hadoop-mapreduce-client-common/src/main/java/org/apache/hadoop/mapreduce/v2/api/protocolrecords/impl/pb/GetTaskAttemptReportRequestPBImpl.java">
<error line="32" severity="error" message="Line is longer than 100 characters (found 139)." source="com.puppycrawl.tools.checkstyle.checks.sizes.LineLengthCheck"/>
<error line="33" column="36" severity="error" message="Variable &apos;proto&apos; must be private and have accessor methods." source="com.puppycrawl.tools.checkstyle.checks.design.VisibilityModifierCheck"/>
<error line="34" column="44" severity="error" message="Variable &apos;builder&apos; must be private and have accessor methods." source="com.puppycrawl.tools.checkstyle.checks.design.VisibilityModifierCheck"/>
<error line="35" column="11" severity="error" message="Variable &apos;viaProto&apos; must be private and have accessor methods." source="com.puppycrawl.tools.checkstyle.checks.design.VisibilityModifierCheck"/>
<error line="50" severity="error" message="&apos;method def&apos; child has incorrect indentation level 6, expected level should be 4." source="com.puppycrawl.tools.checkstyle.checks.indentation.IndentationCheck"/>
<error line="63" severity="error" message="&apos;if&apos; construct must use &apos;{}&apos;s." source="com.puppycrawl.tools.checkstyle.checks.blocks.NeedBracesCheck"/>
<error line="94" severity="error" message="&apos;if&apos; construct must use &apos;{}&apos;s." source="com.puppycrawl.tools.checkstyle.checks.blocks.NeedBracesCheck"/>
</file>
<file name="/home/jenkins/jenkins-home/workspace/hadoop-multibranch_PR-3259/ubuntu-focal/src/hadoop-mapreduce-project/hadoop-mapreduce-client/hadoop-mapreduce-client-common/src/main/java/org/apache/hadoop/mapreduce/v2/api/protocolrecords/impl/pb/KillJobResponsePBImpl.java">
<error line="28" severity="error" message="Line is longer than 100 characters (found 103)." source="com.puppycrawl.tools.checkstyle.checks.sizes.LineLengthCheck"/>
<error line="29" column="24" severity="error" message="Variable &apos;proto&apos; must be private and have accessor methods." source="com.puppycrawl.tools.checkstyle.checks.design.VisibilityModifierCheck"/>
<error line="30" column="32" severity="error" message="Variable &apos;builder&apos; must be private and have accessor methods." source="com.puppycrawl.tools.checkstyle.checks.design.VisibilityModifierCheck"/>
<error line="31" column="11" severity="error" message="Variable &apos;viaProto&apos; must be private and have accessor methods." source="com.puppycrawl.tools.checkstyle.checks.design.VisibilityModifierCheck"/>
</file>
<file name="/home/jenkins/jenkins-home/workspace/hadoop-multibranch_PR-3259/ubuntu-focal/src/hadoop-mapreduce-project/hadoop-mapreduce-client/hadoop-mapreduce-client-common/src/main/java/org/apache/hadoop/mapreduce/v2/api/protocolrecords/impl/pb/GetTaskReportsResponsePBImpl.java">
<error line="36" severity="error" message="Line is longer than 100 characters (found 124)." source="com.puppycrawl.tools.checkstyle.checks.sizes.LineLengthCheck"/>
<error line="37" column="31" severity="error" message="Variable &apos;proto&apos; must be private and have accessor methods." source="com.puppycrawl.tools.checkstyle.checks.design.VisibilityModifierCheck"/>
<error line="38" column="39" severity="error" message="Variable &apos;builder&apos; must be private and have accessor methods." source="com.puppycrawl.tools.checkstyle.checks.design.VisibilityModifierCheck"/>
<error line="39" column="11" severity="error" message="Variable &apos;viaProto&apos; must be private and have accessor methods." source="com.puppycrawl.tools.checkstyle.checks.design.VisibilityModifierCheck"/>
<error line="54" severity="error" message="&apos;method def&apos; child has incorrect indentation level 6, expected level should be 4." source="com.puppycrawl.tools.checkstyle.checks.indentation.IndentationCheck"/>
<error line="67" severity="error" message="&apos;if&apos; construct must use &apos;{}&apos;s." source="com.puppycrawl.tools.checkstyle.checks.blocks.NeedBracesCheck"/>
<error line="112" column="56" severity="error" message="&apos;taskReports&apos; hides a field." source="com.puppycrawl.tools.checkstyle.checks.coding.HiddenFieldCheck"/>
<error line="113" severity="error" message="&apos;if&apos; construct must use &apos;{}&apos;s." source="com.puppycrawl.tools.checkstyle.checks.blocks.NeedBracesCheck"/>
<error line="122" severity="error" message="&apos;if&apos; construct must use &apos;{}&apos;s." source="com.puppycrawl.tools.checkstyle.checks.blocks.NeedBracesCheck"/>
<error line="129" column="32" severity="error" message="Variable &apos;iter&apos; must be private and have accessor methods." source="com.puppycrawl.tools.checkstyle.checks.design.VisibilityModifierCheck"/>
<error line="153" column="40" severity="error" message="&apos;taskReports&apos; hides a field." source="com.puppycrawl.tools.checkstyle.checks.coding.HiddenFieldCheck"/>
</file>
<file name="/home/jenkins/jenkins-home/workspace/hadoop-multibranch_PR-3259/ubuntu-focal/src/hadoop-mapreduce-project/hadoop-mapreduce-client/hadoop-mapreduce-client-common/src/main/java/org/apache/hadoop/mapreduce/v2/api/protocolrecords/impl/pb/KillTaskRequestPBImpl.java">
<error line="32" severity="error" message="Line is longer than 100 characters (found 103)." source="com.puppycrawl.tools.checkstyle.checks.sizes.LineLengthCheck"/>
<error line="33" column="24" severity="error" message="Variable &apos;proto&apos; must be private and have accessor methods." source="com.puppycrawl.tools.checkstyle.checks.design.VisibilityModifierCheck"/>
<error line="34" column="32" severity="error" message="Variable &apos;builder&apos; must be private and have accessor methods." source="com.puppycrawl.tools.checkstyle.checks.design.VisibilityModifierCheck"/>
<error line="35" column="11" severity="error" message="Variable &apos;viaProto&apos; must be private and have accessor methods." source="com.puppycrawl.tools.checkstyle.checks.design.VisibilityModifierCheck"/>
<error line="50" severity="error" message="&apos;method def&apos; child has incorrect indentation level 6, expected level should be 4." source="com.puppycrawl.tools.checkstyle.checks.indentation.IndentationCheck"/>
<error line="63" severity="error" message="&apos;if&apos; construct must use &apos;{}&apos;s." source="com.puppycrawl.tools.checkstyle.checks.blocks.NeedBracesCheck"/>
<error line="94" severity="error" message="&apos;if&apos; construct must use &apos;{}&apos;s." source="com.puppycrawl.tools.checkstyle.checks.blocks.NeedBracesCheck"/>
</file>
<file name="/home/jenkins/jenkins-home/workspace/hadoop-multibranch_PR-3259/ubuntu-focal/src/hadoop-mapreduce-project/hadoop-mapreduce-client/hadoop-mapreduce-client-common/src/main/java/org/apache/hadoop/mapreduce/v2/api/protocolrecords/impl/pb/GetTaskReportsRequestPBImpl.java">
<error line="35" severity="error" message="Line is longer than 100 characters (found 121)." source="com.puppycrawl.tools.checkstyle.checks.sizes.LineLengthCheck"/>
<error line="36" column="30" severity="error" message="Variable &apos;proto&apos; must be private and have accessor methods." source="com.puppycrawl.tools.checkstyle.checks.design.VisibilityModifierCheck"/>
<error line="37" column="38" severity="error" message="Variable &apos;builder&apos; must be private and have accessor methods." source="com.puppycrawl.tools.checkstyle.checks.design.VisibilityModifierCheck"/>
<error line="38" column="11" severity="error" message="Variable &apos;viaProto&apos; must be private and have accessor methods." source="com.puppycrawl.tools.checkstyle.checks.design.VisibilityModifierCheck"/>
<error line="53" severity="error" message="&apos;method def&apos; child has incorrect indentation level 6, expected level should be 4." source="com.puppycrawl.tools.checkstyle.checks.indentation.IndentationCheck"/>
<error line="66" severity="error" message="&apos;if&apos; construct must use &apos;{}&apos;s." source="com.puppycrawl.tools.checkstyle.checks.blocks.NeedBracesCheck"/>
<error line="97" severity="error" message="&apos;if&apos; construct must use &apos;{}&apos;s." source="com.puppycrawl.tools.checkstyle.checks.blocks.NeedBracesCheck"/>
</file>
<file name="/home/jenkins/jenkins-home/workspace/hadoop-multibranch_PR-3259/ubuntu-focal/src/hadoop-mapreduce-project/hadoop-mapreduce-client/hadoop-mapreduce-client-common/src/main/java/org/apache/hadoop/mapreduce/v2/api/protocolrecords/impl/pb/RenewDelegationTokenResponsePBImpl.java">
<error line="30" column="37" severity="error" message="Variable &apos;proto&apos; must be private and have accessor methods." source="com.puppycrawl.tools.checkstyle.checks.design.VisibilityModifierCheck"/>
<error line="32" column="45" severity="error" message="Variable &apos;builder&apos; must be private and have accessor methods." source="com.puppycrawl.tools.checkstyle.checks.design.VisibilityModifierCheck"/>
<error line="33" column="11" severity="error" message="Variable &apos;viaProto&apos; must be private and have accessor methods." source="com.puppycrawl.tools.checkstyle.checks.design.VisibilityModifierCheck"/>
<error line="39" column="45" severity="error" message="&apos;(&apos; is preceded with whitespace." source="com.puppycrawl.tools.checkstyle.checks.whitespace.MethodParamPadCheck"/>
</file>
<file name="/home/jenkins/jenkins-home/workspace/hadoop-multibranch_PR-3259/ubuntu-focal/src/hadoop-mapreduce-project/hadoop-mapreduce-client/hadoop-mapreduce-client-common/src/main/java/org/apache/hadoop/mapreduce/v2/api/protocolrecords/impl/pb/KillTaskAttemptResponsePBImpl.java">
<error line="28" severity="error" message="Line is longer than 100 characters (found 127)." source="com.puppycrawl.tools.checkstyle.checks.sizes.LineLengthCheck"/>
<error line="29" column="32" severity="error" message="Variable &apos;proto&apos; must be private and have accessor methods." source="com.puppycrawl.tools.checkstyle.checks.design.VisibilityModifierCheck"/>
<error line="30" column="40" severity="error" message="Variable &apos;builder&apos; must be private and have accessor methods." source="com.puppycrawl.tools.checkstyle.checks.design.VisibilityModifierCheck"/>
<error line="31" column="11" severity="error" message="Variable &apos;viaProto&apos; must be private and have accessor methods." source="com.puppycrawl.tools.checkstyle.checks.design.VisibilityModifierCheck"/>
</file>
<file name="/home/jenkins/jenkins-home/workspace/hadoop-multibranch_PR-3259/ubuntu-focal/src/hadoop-mapreduce-project/hadoop-mapreduce-client/hadoop-mapreduce-client-common/src/main/java/org/apache/hadoop/mapreduce/v2/api/protocolrecords/impl/pb/GetDiagnosticsResponsePBImpl.java">
<error line="32" severity="error" message="Line is longer than 100 characters (found 124)." source="com.puppycrawl.tools.checkstyle.checks.sizes.LineLengthCheck"/>
<error line="33" column="31" severity="error" message="Variable &apos;proto&apos; must be private and have accessor methods." source="com.puppycrawl.tools.checkstyle.checks.design.VisibilityModifierCheck"/>
<error line="34" column="39" severity="error" message="Variable &apos;builder&apos; must be private and have accessor methods." source="com.puppycrawl.tools.checkstyle.checks.design.VisibilityModifierCheck"/>
<error line="35" column="11" severity="error" message="Variable &apos;viaProto&apos; must be private and have accessor methods." source="com.puppycrawl.tools.checkstyle.checks.design.VisibilityModifierCheck"/>
<error line="50" severity="error" message="&apos;method def&apos; child has incorrect indentation level 6, expected level should be 4." source="com.puppycrawl.tools.checkstyle.checks.indentation.IndentationCheck"/>
<error line="63" severity="error" message="&apos;if&apos; construct must use &apos;{}&apos;s." source="com.puppycrawl.tools.checkstyle.checks.blocks.NeedBracesCheck"/>
<error line="108" column="52" severity="error" message="&apos;diagnostics&apos; hides a field." source="com.puppycrawl.tools.checkstyle.checks.coding.HiddenFieldCheck"/>
<error line="109" severity="error" message="&apos;if&apos; construct must use &apos;{}&apos;s." source="com.puppycrawl.tools.checkstyle.checks.blocks.NeedBracesCheck"/>
<error line="118" severity="error" message="&apos;if&apos; construct must use &apos;{}&apos;s." source="com.puppycrawl.tools.checkstyle.checks.blocks.NeedBracesCheck"/>
<error line="123" column="37" severity="error" message="&apos;diagnostics&apos; hides a field." source="com.puppycrawl.tools.checkstyle.checks.coding.HiddenFieldCheck"/>
</file>
<file name="/home/jenkins/jenkins-home/workspace/hadoop-multibranch_PR-3259/ubuntu-focal/src/hadoop-mapreduce-project/hadoop-mapreduce-client/hadoop-mapreduce-client-common/src/main/java/org/apache/hadoop/mapreduce/v2/api/protocolrecords/impl/pb/GetTaskAttemptCompletionEventsResponsePBImpl.java">
<error line="36" severity="error" message="Line is longer than 100 characters (found 172)." source="com.puppycrawl.tools.checkstyle.checks.sizes.LineLengthCheck"/>
<error line="37" severity="error" message="Line is longer than 100 characters (found 119)." source="com.puppycrawl.tools.checkstyle.checks.sizes.LineLengthCheck"/>
<error line="37" column="47" severity="error" message="Variable &apos;proto&apos; must be private and have accessor methods." source="com.puppycrawl.tools.checkstyle.checks.design.VisibilityModifierCheck"/>
<error line="38" column="55" severity="error" message="Variable &apos;builder&apos; must be private and have accessor methods." source="com.puppycrawl.tools.checkstyle.checks.design.VisibilityModifierCheck"/>
<error line="39" column="11" severity="error" message="Variable &apos;viaProto&apos; must be private and have accessor methods." source="com.puppycrawl.tools.checkstyle.checks.design.VisibilityModifierCheck"/>
<error line="48" severity="error" message="Line is longer than 100 characters (found 106)." source="com.puppycrawl.tools.checkstyle.checks.sizes.LineLengthCheck"/>
<error line="54" severity="error" message="&apos;method def&apos; child has incorrect indentation level 6, expected level should be 4." source="com.puppycrawl.tools.checkstyle.checks.indentation.IndentationCheck"/>
<error line="67" severity="error" message="&apos;if&apos; construct must use &apos;{}&apos;s." source="com.puppycrawl.tools.checkstyle.checks.blocks.NeedBracesCheck"/>
<error line="112" column="77" severity="error" message="&apos;completionEvents&apos; hides a field." source="com.puppycrawl.tools.checkstyle.checks.coding.HiddenFieldCheck"/>
<error line="113" severity="error" message="&apos;if&apos; construct must use &apos;{}&apos;s." source="com.puppycrawl.tools.checkstyle.checks.blocks.NeedBracesCheck"/>
<error line="122" severity="error" message="&apos;if&apos; construct must use &apos;{}&apos;s." source="com.puppycrawl.tools.checkstyle.checks.blocks.NeedBracesCheck"/>
<error line="124" severity="error" message="Line is longer than 100 characters (found 106)." source="com.puppycrawl.tools.checkstyle.checks.sizes.LineLengthCheck"/>
<error line="129" column="48" severity="error" message="Variable &apos;iter&apos; must be private and have accessor methods." source="com.puppycrawl.tools.checkstyle.checks.design.VisibilityModifierCheck"/>
<error line="153" column="61" severity="error" message="&apos;completionEvents&apos; hides a field." source="com.puppycrawl.tools.checkstyle.checks.coding.HiddenFieldCheck"/>
<error line="168" severity="error" message="Line is longer than 100 characters (found 102)." source="com.puppycrawl.tools.checkstyle.checks.sizes.LineLengthCheck"/>
</file>
<file name="/home/jenkins/jenkins-home/workspace/hadoop-multibranch_PR-3259/ubuntu-focal/src/hadoop-mapreduce-project/hadoop-mapreduce-client/hadoop-mapreduce-client-common/src/main/java/org/apache/hadoop/mapreduce/v2/api/protocolrecords/impl/pb/package-info.java">
<error line="19" severity="error" message="Missing a Javadoc comment." source="com.puppycrawl.tools.checkstyle.checks.javadoc.JavadocStyleCheck"/>
</file>
<file name="/home/jenkins/jenkins-home/workspace/hadoop-multibranch_PR-3259/ubuntu-focal/src/hadoop-mapreduce-project/hadoop-mapreduce-client/hadoop-mapreduce-client-common/src/main/java/org/apache/hadoop/mapreduce/v2/api/protocolrecords/impl/pb/GetCountersResponsePBImpl.java">
<error line="32" severity="error" message="Line is longer than 100 characters (found 115)." source="com.puppycrawl.tools.checkstyle.checks.sizes.LineLengthCheck"/>
<error line="33" column="28" severity="error" message="Variable &apos;proto&apos; must be private and have accessor methods." source="com.puppycrawl.tools.checkstyle.checks.design.VisibilityModifierCheck"/>
<error line="34" column="36" severity="error" message="Variable &apos;builder&apos; must be private and have accessor methods." source="com.puppycrawl.tools.checkstyle.checks.design.VisibilityModifierCheck"/>
<error line="35" column="11" severity="error" message="Variable &apos;viaProto&apos; must be private and have accessor methods." source="com.puppycrawl.tools.checkstyle.checks.design.VisibilityModifierCheck"/>
<error line="50" severity="error" message="&apos;method def&apos; child has incorrect indentation level 6, expected level should be 4." source="com.puppycrawl.tools.checkstyle.checks.indentation.IndentationCheck"/>
<error line="63" severity="error" message="&apos;if&apos; construct must use &apos;{}&apos;s." source="com.puppycrawl.tools.checkstyle.checks.blocks.NeedBracesCheck"/>
<error line="94" severity="error" message="&apos;if&apos; construct must use &apos;{}&apos;s." source="com.puppycrawl.tools.checkstyle.checks.blocks.NeedBracesCheck"/>
</file>
<file name="/home/jenkins/jenkins-home/workspace/hadoop-multibranch_PR-3259/ubuntu-focal/src/hadoop-mapreduce-project/hadoop-mapreduce-client/hadoop-mapreduce-client-common/src/main/java/org/apache/hadoop/mapreduce/v2/api/protocolrecords/impl/pb/GetJobReportRequestPBImpl.java">
<error line="32" severity="error" message="Line is longer than 100 characters (found 115)." source="com.puppycrawl.tools.checkstyle.checks.sizes.LineLengthCheck"/>
<error line="33" column="28" severity="error" message="Variable &apos;proto&apos; must be private and have accessor methods." source="com.puppycrawl.tools.checkstyle.checks.design.VisibilityModifierCheck"/>
<error line="34" column="36" severity="error" message="Variable &apos;builder&apos; must be private and have accessor methods." source="com.puppycrawl.tools.checkstyle.checks.design.VisibilityModifierCheck"/>
<error line="35" column="11" severity="error" message="Variable &apos;viaProto&apos; must be private and have accessor methods." source="com.puppycrawl.tools.checkstyle.checks.design.VisibilityModifierCheck"/>
<error line="50" severity="error" message="&apos;method def&apos; child has incorrect indentation level 6, expected level should be 4." source="com.puppycrawl.tools.checkstyle.checks.indentation.IndentationCheck"/>
<error line="63" severity="error" message="&apos;if&apos; construct must use &apos;{}&apos;s." source="com.puppycrawl.tools.checkstyle.checks.blocks.NeedBracesCheck"/>
<error line="94" severity="error" message="&apos;if&apos; construct must use &apos;{}&apos;s." source="com.puppycrawl.tools.checkstyle.checks.blocks.NeedBracesCheck"/>
</file>
<file name="/home/jenkins/jenkins-home/workspace/hadoop-multibranch_PR-3259/ubuntu-focal/src/hadoop-mapreduce-project/hadoop-mapreduce-client/hadoop-mapreduce-client-common/src/main/java/org/apache/hadoop/mapreduce/v2/api/protocolrecords/impl/pb/GetDiagnosticsRequestPBImpl.java">
<error line="32" severity="error" message="Line is longer than 100 characters (found 121)." source="com.puppycrawl.tools.checkstyle.checks.sizes.LineLengthCheck"/>
<error line="33" column="30" severity="error" message="Variable &apos;proto&apos; must be private and have accessor methods." source="com.puppycrawl.tools.checkstyle.checks.design.VisibilityModifierCheck"/>
<error line="34" column="38" severity="error" message="Variable &apos;builder&apos; must be private and have accessor methods." source="com.puppycrawl.tools.checkstyle.checks.design.VisibilityModifierCheck"/>
<error line="35" column="11" severity="error" message="Variable &apos;viaProto&apos; must be private and have accessor methods." source="com.puppycrawl.tools.checkstyle.checks.design.VisibilityModifierCheck"/>
<error line="50" severity="error" message="&apos;method def&apos; child has incorrect indentation level 6, expected level should be 4." source="com.puppycrawl.tools.checkstyle.checks.indentation.IndentationCheck"/>
<error line="63" severity="error" message="&apos;if&apos; construct must use &apos;{}&apos;s." source="com.puppycrawl.tools.checkstyle.checks.blocks.NeedBracesCheck"/>
<error line="94" severity="error" message="&apos;if&apos; construct must use &apos;{}&apos;s." source="com.puppycrawl.tools.checkstyle.checks.blocks.NeedBracesCheck"/>
</file>
<file name="/home/jenkins/jenkins-home/workspace/hadoop-multibranch_PR-3259/ubuntu-focal/src/hadoop-mapreduce-project/hadoop-mapreduce-client/hadoop-mapreduce-client-common/src/main/java/org/apache/hadoop/mapreduce/v2/api/protocolrecords/impl/pb/GetTaskReportRequestPBImpl.java">
<error line="32" severity="error" message="Line is longer than 100 characters (found 118)." source="com.puppycrawl.tools.checkstyle.checks.sizes.LineLengthCheck"/>
<error line="33" column="29" severity="error" message="Variable &apos;proto&apos; must be private and have accessor methods." source="com.puppycrawl.tools.checkstyle.checks.design.VisibilityModifierCheck"/>
<error line="34" column="37" severity="error" message="Variable &apos;builder&apos; must be private and have accessor methods." source="com.puppycrawl.tools.checkstyle.checks.design.VisibilityModifierCheck"/>
<error line="35" column="11" severity="error" message="Variable &apos;viaProto&apos; must be private and have accessor methods." source="com.puppycrawl.tools.checkstyle.checks.design.VisibilityModifierCheck"/>
<error line="50" severity="error" message="&apos;method def&apos; child has incorrect indentation level 6, expected level should be 4." source="com.puppycrawl.tools.checkstyle.checks.indentation.IndentationCheck"/>
<error line="63" severity="error" message="&apos;if&apos; construct must use &apos;{}&apos;s." source="com.puppycrawl.tools.checkstyle.checks.blocks.NeedBracesCheck"/>
<error line="94" severity="error" message="&apos;if&apos; construct must use &apos;{}&apos;s." source="com.puppycrawl.tools.checkstyle.checks.blocks.NeedBracesCheck"/>
</file>
<file name="/home/jenkins/jenkins-home/workspace/hadoop-multibranch_PR-3259/ubuntu-focal/src/hadoop-mapreduce-project/hadoop-mapreduce-client/hadoop-mapreduce-client-common/src/main/java/org/apache/hadoop/mapreduce/v2/api/protocolrecords/impl/pb/KillJobRequestPBImpl.java">
<error line="33" column="23" severity="error" message="Variable &apos;proto&apos; must be private and have accessor methods." source="com.puppycrawl.tools.checkstyle.checks.design.VisibilityModifierCheck"/>
<error line="34" column="31" severity="error" message="Variable &apos;builder&apos; must be private and have accessor methods." source="com.puppycrawl.tools.checkstyle.checks.design.VisibilityModifierCheck"/>
<error line="35" column="11" severity="error" message="Variable &apos;viaProto&apos; must be private and have accessor methods." source="com.puppycrawl.tools.checkstyle.checks.design.VisibilityModifierCheck"/>
<error line="50" severity="error" message="&apos;method def&apos; child has incorrect indentation level 6, expected level should be 4." source="com.puppycrawl.tools.checkstyle.checks.indentation.IndentationCheck"/>
<error line="63" severity="error" message="&apos;if&apos; construct must use &apos;{}&apos;s." source="com.puppycrawl.tools.checkstyle.checks.blocks.NeedBracesCheck"/>
<error line="94" severity="error" message="&apos;if&apos; construct must use &apos;{}&apos;s." source="com.puppycrawl.tools.checkstyle.checks.blocks.NeedBracesCheck"/>
</file>
<file name="/home/jenkins/jenkins-home/workspace/hadoop-multibranch_PR-3259/ubuntu-focal/src/hadoop-mapreduce-project/hadoop-mapreduce-client/hadoop-mapreduce-client-common/src/main/java/org/apache/hadoop/mapreduce/v2/api/protocolrecords/impl/pb/GetTaskReportResponsePBImpl.java">
<error line="32" severity="error" message="Line is longer than 100 characters (found 121)." source="com.puppycrawl.tools.checkstyle.checks.sizes.LineLengthCheck"/>
<error line="33" column="30" severity="error" message="Variable &apos;proto&apos; must be private and have accessor methods." source="com.puppycrawl.tools.checkstyle.checks.design.VisibilityModifierCheck"/>
<error line="34" column="38" severity="error" message="Variable &apos;builder&apos; must be private and have accessor methods." source="com.puppycrawl.tools.checkstyle.checks.design.VisibilityModifierCheck"/>
<error line="35" column="11" severity="error" message="Variable &apos;viaProto&apos; must be private and have accessor methods." source="com.puppycrawl.tools.checkstyle.checks.design.VisibilityModifierCheck"/>
<error line="50" severity="error" message="&apos;method def&apos; child has incorrect indentation level 6, expected level should be 4." source="com.puppycrawl.tools.checkstyle.checks.indentation.IndentationCheck"/>
<error line="63" severity="error" message="&apos;if&apos; construct must use &apos;{}&apos;s." source="com.puppycrawl.tools.checkstyle.checks.blocks.NeedBracesCheck"/>
<error line="94" severity="error" message="&apos;if&apos; construct must use &apos;{}&apos;s." source="com.puppycrawl.tools.checkstyle.checks.blocks.NeedBracesCheck"/>
</file>
<file name="/home/jenkins/jenkins-home/workspace/hadoop-multibranch_PR-3259/ubuntu-focal/src/hadoop-mapreduce-project/hadoop-mapreduce-client/hadoop-mapreduce-client-common/src/main/java/org/apache/hadoop/mapreduce/v2/api/protocolrecords/impl/pb/CancelDelegationTokenRequestPBImpl.java">
<error line="32" column="37" severity="error" message="Variable &apos;proto&apos; must be private and have accessor methods." source="com.puppycrawl.tools.checkstyle.checks.design.VisibilityModifierCheck"/>
<error line="34" column="45" severity="error" message="Variable &apos;builder&apos; must be private and have accessor methods." source="com.puppycrawl.tools.checkstyle.checks.design.VisibilityModifierCheck"/>
<error line="35" column="11" severity="error" message="Variable &apos;viaProto&apos; must be private and have accessor methods." source="com.puppycrawl.tools.checkstyle.checks.design.VisibilityModifierCheck"/>
<error line="41" column="45" severity="error" message="&apos;(&apos; is preceded with whitespace." source="com.puppycrawl.tools.checkstyle.checks.whitespace.MethodParamPadCheck"/>
<error line="47" column="9" severity="error" message="Variable &apos;token&apos; must be private and have accessor methods." source="com.puppycrawl.tools.checkstyle.checks.design.VisibilityModifierCheck"/>
<error line="60" column="40" severity="error" message="&apos;token&apos; hides a field." source="com.puppycrawl.tools.checkstyle.checks.coding.HiddenFieldCheck"/>
<error line="62" severity="error" message="&apos;if&apos; construct must use &apos;{}&apos;s." source="com.puppycrawl.tools.checkstyle.checks.blocks.NeedBracesCheck"/>
<error line="83" severity="error" message="&apos;if&apos; construct must use &apos;{}&apos;s." source="com.puppycrawl.tools.checkstyle.checks.blocks.NeedBracesCheck"/>
</file>
<file name="/home/jenkins/jenkins-home/workspace/hadoop-multibranch_PR-3259/ubuntu-focal/src/hadoop-mapreduce-project/hadoop-mapreduce-client/hadoop-mapreduce-client-common/src/main/java/org/apache/hadoop/mapreduce/v2/api/protocolrecords/impl/pb/FailTaskAttemptRequestPBImpl.java">
<error line="32" severity="error" message="Line is longer than 100 characters (found 124)." source="com.puppycrawl.tools.checkstyle.checks.sizes.LineLengthCheck"/>
<error line="33" column="31" severity="error" message="Variable &apos;proto&apos; must be private and have accessor methods." source="com.puppycrawl.tools.checkstyle.checks.design.VisibilityModifierCheck"/>
<error line="34" column="39" severity="error" message="Variable &apos;builder&apos; must be private and have accessor methods." source="com.puppycrawl.tools.checkstyle.checks.design.VisibilityModifierCheck"/>
<error line="35" column="11" severity="error" message="Variable &apos;viaProto&apos; must be private and have accessor methods." source="com.puppycrawl.tools.checkstyle.checks.design.VisibilityModifierCheck"/>
<error line="50" severity="error" message="&apos;method def&apos; child has incorrect indentation level 6, expected level should be 4." source="com.puppycrawl.tools.checkstyle.checks.indentation.IndentationCheck"/>
<error line="63" severity="error" message="&apos;if&apos; construct must use &apos;{}&apos;s." source="com.puppycrawl.tools.checkstyle.checks.blocks.NeedBracesCheck"/>
<error line="94" severity="error" message="&apos;if&apos; construct must use &apos;{}&apos;s." source="com.puppycrawl.tools.checkstyle.checks.blocks.NeedBracesCheck"/>
</file>
<file name="/home/jenkins/jenkins-home/workspace/hadoop-multibranch_PR-3259/ubuntu-focal/src/hadoop-mapreduce-project/hadoop-mapreduce-client/hadoop-mapreduce-client-common/src/main/java/org/apache/hadoop/mapreduce/v2/api/protocolrecords/impl/pb/KillTaskResponsePBImpl.java">
<error line="28" severity="error" message="Line is longer than 100 characters (found 106)." source="com.puppycrawl.tools.checkstyle.checks.sizes.LineLengthCheck"/>
<error line="29" column="25" severity="error" message="Variable &apos;proto&apos; must be private and have accessor methods." source="com.puppycrawl.tools.checkstyle.checks.design.VisibilityModifierCheck"/>
<error line="30" column="33" severity="error" message="Variable &apos;builder&apos; must be private and have accessor methods." source="com.puppycrawl.tools.checkstyle.checks.design.VisibilityModifierCheck"/>
<error line="31" column="11" severity="error" message="Variable &apos;viaProto&apos; must be private and have accessor methods." source="com.puppycrawl.tools.checkstyle.checks.design.VisibilityModifierCheck"/>
</file>
<file name="/home/jenkins/jenkins-home/workspace/hadoop-multibranch_PR-3259/ubuntu-focal/src/hadoop-mapreduce-project/hadoop-mapreduce-client/hadoop-mapreduce-client-common/src/main/java/org/apache/hadoop/mapreduce/v2/api/protocolrecords/impl/pb/GetDelegationTokenResponsePBImpl.java">
<error line="31" column="9" severity="error" message="Variable &apos;mrToken&apos; must be private and have accessor methods." source="com.puppycrawl.tools.checkstyle.checks.design.VisibilityModifierCheck"/>
<error line="34" column="35" severity="error" message="Variable &apos;proto&apos; must be private and have accessor methods." source="com.puppycrawl.tools.checkstyle.checks.design.VisibilityModifierCheck"/>
<error line="36" column="43" severity="error" message="Variable &apos;builder&apos; must be private and have accessor methods." source="com.puppycrawl.tools.checkstyle.checks.design.VisibilityModifierCheck"/>
<error line="37" column="11" severity="error" message="Variable &apos;viaProto&apos; must be private and have accessor methods." source="com.puppycrawl.tools.checkstyle.checks.design.VisibilityModifierCheck"/>
<error line="43" column="43" severity="error" message="&apos;(&apos; is preceded with whitespace." source="com.puppycrawl.tools.checkstyle.checks.whitespace.MethodParamPadCheck"/>
<error line="63" column="40" severity="error" message="&apos;mrToken&apos; hides a field." source="com.puppycrawl.tools.checkstyle.checks.coding.HiddenFieldCheck"/>
<error line="65" severity="error" message="&apos;if&apos; construct must use &apos;{}&apos;s." source="com.puppycrawl.tools.checkstyle.checks.blocks.NeedBracesCheck"/>
<error line="86" severity="error" message="&apos;if&apos; construct must use &apos;{}&apos;s." source="com.puppycrawl.tools.checkstyle.checks.blocks.NeedBracesCheck"/>
</file>
<file name="/home/jenkins/jenkins-home/workspace/hadoop-multibranch_PR-3259/ubuntu-focal/src/hadoop-mapreduce-project/hadoop-mapreduce-client/hadoop-mapreduce-client-common/src/main/java/org/apache/hadoop/mapreduce/v2/api/protocolrecords/impl/pb/GetTaskAttemptReportResponsePBImpl.java">
<error line="32" severity="error" message="Line is longer than 100 characters (found 142)." source="com.puppycrawl.tools.checkstyle.checks.sizes.LineLengthCheck"/>
<error line="33" column="37" severity="error" message="Variable &apos;proto&apos; must be private and have accessor methods." source="com.puppycrawl.tools.checkstyle.checks.design.VisibilityModifierCheck"/>
<error line="34" column="45" severity="error" message="Variable &apos;builder&apos; must be private and have accessor methods." source="com.puppycrawl.tools.checkstyle.checks.design.VisibilityModifierCheck"/>
<error line="35" column="11" severity="error" message="Variable &apos;viaProto&apos; must be private and have accessor methods." source="com.puppycrawl.tools.checkstyle.checks.design.VisibilityModifierCheck"/>
<error line="50" severity="error" message="&apos;method def&apos; child has incorrect indentation level 6, expected level should be 4." source="com.puppycrawl.tools.checkstyle.checks.indentation.IndentationCheck"/>
<error line="63" severity="error" message="&apos;if&apos; construct must use &apos;{}&apos;s." source="com.puppycrawl.tools.checkstyle.checks.blocks.NeedBracesCheck"/>
<error line="94" severity="error" message="&apos;if&apos; construct must use &apos;{}&apos;s." source="com.puppycrawl.tools.checkstyle.checks.blocks.NeedBracesCheck"/>
</file>
<file name="/home/jenkins/jenkins-home/workspace/hadoop-multibranch_PR-3259/ubuntu-focal/src/hadoop-mapreduce-project/hadoop-mapreduce-client/hadoop-mapreduce-client-common/src/main/java/org/apache/hadoop/mapreduce/v2/api/protocolrecords/impl/pb/FailTaskAttemptResponsePBImpl.java">
<error line="28" severity="error" message="Line is longer than 100 characters (found 127)." source="com.puppycrawl.tools.checkstyle.checks.sizes.LineLengthCheck"/>
<error line="29" column="32" severity="error" message="Variable &apos;proto&apos; must be private and have accessor methods." source="com.puppycrawl.tools.checkstyle.checks.design.VisibilityModifierCheck"/>
<error line="30" column="40" severity="error" message="Variable &apos;builder&apos; must be private and have accessor methods." source="com.puppycrawl.tools.checkstyle.checks.design.VisibilityModifierCheck"/>
<error line="31" column="11" severity="error" message="Variable &apos;viaProto&apos; must be private and have accessor methods." source="com.puppycrawl.tools.checkstyle.checks.design.VisibilityModifierCheck"/>
</file>
<file name="/home/jenkins/jenkins-home/workspace/hadoop-multibranch_PR-3259/ubuntu-focal/src/hadoop-mapreduce-project/hadoop-mapreduce-client/hadoop-mapreduce-client-common/src/main/java/org/apache/hadoop/mapreduce/v2/api/protocolrecords/impl/pb/GetDelegationTokenRequestPBImpl.java">
<error line="29" column="10" severity="error" message="Variable &apos;renewer&apos; must be private and have accessor methods." source="com.puppycrawl.tools.checkstyle.checks.design.VisibilityModifierCheck"/>
<error line="32" column="34" severity="error" message="Variable &apos;proto&apos; must be private and have accessor methods." source="com.puppycrawl.tools.checkstyle.checks.design.VisibilityModifierCheck"/>
<error line="34" column="42" severity="error" message="Variable &apos;builder&apos; must be private and have accessor methods." source="com.puppycrawl.tools.checkstyle.checks.design.VisibilityModifierCheck"/>
<error line="35" column="11" severity="error" message="Variable &apos;viaProto&apos; must be private and have accessor methods." source="com.puppycrawl.tools.checkstyle.checks.design.VisibilityModifierCheck"/>
<error line="41" column="42" severity="error" message="&apos;(&apos; is preceded with whitespace." source="com.puppycrawl.tools.checkstyle.checks.whitespace.MethodParamPadCheck"/>
<error line="60" severity="error" message="&apos;if&apos; construct must use &apos;{}&apos;s." source="com.puppycrawl.tools.checkstyle.checks.blocks.NeedBracesCheck"/>
<error line="81" severity="error" message="&apos;if&apos; construct must use &apos;{}&apos;s." source="com.puppycrawl.tools.checkstyle.checks.blocks.NeedBracesCheck"/>
</file>
<file name="/home/jenkins/jenkins-home/workspace/hadoop-multibranch_PR-3259/ubuntu-focal/src/hadoop-mapreduce-project/hadoop-mapreduce-client/hadoop-mapreduce-client-common/src/main/java/org/apache/hadoop/mapreduce/v2/api/protocolrecords/impl/pb/GetJobReportResponsePBImpl.java">
<error line="32" severity="error" message="Line is longer than 100 characters (found 118)." source="com.puppycrawl.tools.checkstyle.checks.sizes.LineLengthCheck"/>
<error line="33" column="29" severity="error" message="Variable &apos;proto&apos; must be private and have accessor methods." source="com.puppycrawl.tools.checkstyle.checks.design.VisibilityModifierCheck"/>
<error line="34" column="37" severity="error" message="Variable &apos;builder&apos; must be private and have accessor methods." source="com.puppycrawl.tools.checkstyle.checks.design.VisibilityModifierCheck"/>
<error line="35" column="11" severity="error" message="Variable &apos;viaProto&apos; must be private and have accessor methods." source="com.puppycrawl.tools.checkstyle.checks.design.VisibilityModifierCheck"/>
<error line="50" severity="error" message="&apos;method def&apos; child has incorrect indentation level 6, expected level should be 4." source="com.puppycrawl.tools.checkstyle.checks.indentation.IndentationCheck"/>
<error line="63" severity="error" message="&apos;if&apos; construct must use &apos;{}&apos;s." source="com.puppycrawl.tools.checkstyle.checks.blocks.NeedBracesCheck"/>
<error line="94" severity="error" message="&apos;if&apos; construct must use &apos;{}&apos;s." source="com.puppycrawl.tools.checkstyle.checks.blocks.NeedBracesCheck"/>
</file>
<file name="/home/jenkins/jenkins-home/workspace/hadoop-multibranch_PR-3259/ubuntu-focal/src/hadoop-mapreduce-project/hadoop-mapreduce-client/hadoop-mapreduce-client-common/src/main/java/org/apache/hadoop/mapreduce/v2/api/protocolrecords/impl/pb/CancelDelegationTokenResponsePBImpl.java">
<error line="28" column="38" severity="error" message="Variable &apos;proto&apos; must be private and have accessor methods." source="com.puppycrawl.tools.checkstyle.checks.design.VisibilityModifierCheck"/>
</file>
<file name="/home/jenkins/jenkins-home/workspace/hadoop-multibranch_PR-3259/ubuntu-focal/src/hadoop-mapreduce-project/hadoop-mapreduce-client/hadoop-mapreduce-client-common/src/main/java/org/apache/hadoop/mapreduce/v2/api/protocolrecords/impl/pb/KillTaskAttemptRequestPBImpl.java">
<error line="32" severity="error" message="Line is longer than 100 characters (found 124)." source="com.puppycrawl.tools.checkstyle.checks.sizes.LineLengthCheck"/>
<error line="33" column="31" severity="error" message="Variable &apos;proto&apos; must be private and have accessor methods." source="com.puppycrawl.tools.checkstyle.checks.design.VisibilityModifierCheck"/>
<error line="34" column="39" severity="error" message="Variable &apos;builder&apos; must be private and have accessor methods." source="com.puppycrawl.tools.checkstyle.checks.design.VisibilityModifierCheck"/>
<error line="35" column="11" severity="error" message="Variable &apos;viaProto&apos; must be private and have accessor methods." source="com.puppycrawl.tools.checkstyle.checks.design.VisibilityModifierCheck"/>
<error line="50" severity="error" message="&apos;method def&apos; child has incorrect indentation level 6, expected level should be 4." source="com.puppycrawl.tools.checkstyle.checks.indentation.IndentationCheck"/>
<error line="63" severity="error" message="&apos;if&apos; construct must use &apos;{}&apos;s." source="com.puppycrawl.tools.checkstyle.checks.blocks.NeedBracesCheck"/>
<error line="94" severity="error" message="&apos;if&apos; construct must use &apos;{}&apos;s." source="com.puppycrawl.tools.checkstyle.checks.blocks.NeedBracesCheck"/>
</file>
<file name="/home/jenkins/jenkins-home/workspace/hadoop-multibranch_PR-3259/ubuntu-focal/src/hadoop-mapreduce-project/hadoop-mapreduce-client/hadoop-mapreduce-client-common/src/main/java/org/apache/hadoop/mapreduce/v2/api/protocolrecords/GetDiagnosticsRequest.java">
<error line="24" column="3" severity="error" message="Redundant &apos;public&apos; modifier." source="com.puppycrawl.tools.checkstyle.checks.modifier.RedundantModifierCheck"/>
<error line="26" column="3" severity="error" message="Redundant &apos;public&apos; modifier." source="com.puppycrawl.tools.checkstyle.checks.modifier.RedundantModifierCheck"/>
</file>
<file name="/home/jenkins/jenkins-home/workspace/hadoop-multibranch_PR-3259/ubuntu-focal/src/hadoop-mapreduce-project/hadoop-mapreduce-client/hadoop-mapreduce-client-common/src/main/java/org/apache/hadoop/mapreduce/v2/api/protocolrecords/GetDiagnosticsResponse.java">
<error line="24" column="3" severity="error" message="Redundant &apos;public&apos; modifier." source="com.puppycrawl.tools.checkstyle.checks.modifier.RedundantModifierCheck"/>
<error line="25" column="3" severity="error" message="Redundant &apos;public&apos; modifier." source="com.puppycrawl.tools.checkstyle.checks.modifier.RedundantModifierCheck"/>
<error line="26" column="3" severity="error" message="Redundant &apos;public&apos; modifier." source="com.puppycrawl.tools.checkstyle.checks.modifier.RedundantModifierCheck"/>
<error line="28" column="3" severity="error" message="Redundant &apos;public&apos; modifier." source="com.puppycrawl.tools.checkstyle.checks.modifier.RedundantModifierCheck"/>
<error line="29" column="3" severity="error" message="Redundant &apos;public&apos; modifier." source="com.puppycrawl.tools.checkstyle.checks.modifier.RedundantModifierCheck"/>
<error line="30" column="3" severity="error" message="Redundant &apos;public&apos; modifier." source="com.puppycrawl.tools.checkstyle.checks.modifier.RedundantModifierCheck"/>
<error line="31" column="3" severity="error" message="Redundant &apos;public&apos; modifier." source="com.puppycrawl.tools.checkstyle.checks.modifier.RedundantModifierCheck"/>
</file>
<file name="/home/jenkins/jenkins-home/workspace/hadoop-multibranch_PR-3259/ubuntu-focal/src/hadoop-mapreduce-project/hadoop-mapreduce-client/hadoop-mapreduce-client-common/src/main/java/org/apache/hadoop/mapreduce/v2/api/protocolrecords/GetCountersRequest.java">
<error line="24" column="3" severity="error" message="Redundant &apos;public&apos; modifier." source="com.puppycrawl.tools.checkstyle.checks.modifier.RedundantModifierCheck"/>
<error line="26" column="3" severity="error" message="Redundant &apos;public&apos; modifier." source="com.puppycrawl.tools.checkstyle.checks.modifier.RedundantModifierCheck"/>
</file>
<file name="/home/jenkins/jenkins-home/workspace/hadoop-multibranch_PR-3259/ubuntu-focal/src/hadoop-mapreduce-project/hadoop-mapreduce-client/hadoop-mapreduce-client-common/src/main/java/org/apache/hadoop/mapreduce/v2/api/protocolrecords/KillTaskRequest.java">
<error line="24" column="3" severity="error" message="Redundant &apos;public&apos; modifier." source="com.puppycrawl.tools.checkstyle.checks.modifier.RedundantModifierCheck"/>
<error line="26" column="3" severity="error" message="Redundant &apos;public&apos; modifier." source="com.puppycrawl.tools.checkstyle.checks.modifier.RedundantModifierCheck"/>
</file>
<file name="/home/jenkins/jenkins-home/workspace/hadoop-multibranch_PR-3259/ubuntu-focal/src/hadoop-mapreduce-project/hadoop-mapreduce-client/hadoop-mapreduce-client-common/src/main/java/org/apache/hadoop/mapreduce/v2/api/protocolrecords/FailTaskAttemptResponse.java">
</file>
<file name="/home/jenkins/jenkins-home/workspace/hadoop-multibranch_PR-3259/ubuntu-focal/src/hadoop-mapreduce-project/hadoop-mapreduce-client/hadoop-mapreduce-client-common/src/main/java/org/apache/hadoop/mapreduce/v2/api/protocolrecords/CancelDelegationTokenResponse.java">
</file>
<file name="/home/jenkins/jenkins-home/workspace/hadoop-multibranch_PR-3259/ubuntu-focal/src/hadoop-mapreduce-project/hadoop-mapreduce-client/hadoop-mapreduce-client-common/src/main/java/org/apache/hadoop/mapreduce/v2/api/protocolrecords/KillTaskAttemptResponse.java">
</file>
<file name="/home/jenkins/jenkins-home/workspace/hadoop-multibranch_PR-3259/ubuntu-focal/src/hadoop-mapreduce-project/hadoop-mapreduce-client/hadoop-mapreduce-client-common/src/main/java/org/apache/hadoop/mapreduce/v2/api/protocolrecords/GetTaskAttemptReportRequest.java">
<error line="24" column="3" severity="error" message="Redundant &apos;public&apos; modifier." source="com.puppycrawl.tools.checkstyle.checks.modifier.RedundantModifierCheck"/>
<error line="26" column="3" severity="error" message="Redundant &apos;public&apos; modifier." source="com.puppycrawl.tools.checkstyle.checks.modifier.RedundantModifierCheck"/>
</file>
<file name="/home/jenkins/jenkins-home/workspace/hadoop-multibranch_PR-3259/ubuntu-focal/src/hadoop-mapreduce-project/hadoop-mapreduce-client/hadoop-mapreduce-client-common/src/main/java/org/apache/hadoop/mapreduce/v2/api/protocolrecords/GetDelegationTokenRequest.java">
</file>
<file name="/home/jenkins/jenkins-home/workspace/hadoop-multibranch_PR-3259/ubuntu-focal/src/hadoop-mapreduce-project/hadoop-mapreduce-client/hadoop-mapreduce-client-common/src/main/java/org/apache/hadoop/mapreduce/v2/api/HSClientProtocolPB.java">
</file>
<file name="/home/jenkins/jenkins-home/workspace/hadoop-multibranch_PR-3259/ubuntu-focal/src/hadoop-mapreduce-project/hadoop-mapreduce-client/hadoop-mapreduce-client-common/src/main/java/org/apache/hadoop/mapreduce/v2/api/MRClientProtocolPB.java">
</file>
<file name="/home/jenkins/jenkins-home/workspace/hadoop-multibranch_PR-3259/ubuntu-focal/src/hadoop-mapreduce-project/hadoop-mapreduce-client/hadoop-mapreduce-client-common/src/main/java/org/apache/hadoop/mapreduce/v2/api/MRDelegationTokenIdentifier.java">
<error line="44" severity="error" message="First sentence should end with a period." source="com.puppycrawl.tools.checkstyle.checks.javadoc.JavadocStyleCheck"/>
</file>
<file name="/home/jenkins/jenkins-home/workspace/hadoop-multibranch_PR-3259/ubuntu-focal/src/hadoop-mapreduce-project/hadoop-mapreduce-client/hadoop-mapreduce-client-common/src/main/java/org/apache/hadoop/mapreduce/v2/api/HSAdminRefreshProtocol.java">
<error line="37" column="3" severity="error" message="Redundant &apos;public&apos; modifier." source="com.puppycrawl.tools.checkstyle.checks.modifier.RedundantModifierCheck"/>
<error line="39" severity="error" message="First sentence should end with a period." source="com.puppycrawl.tools.checkstyle.checks.javadoc.JavadocStyleCheck"/>
<error line="43" column="3" severity="error" message="Redundant &apos;public&apos; modifier." source="com.puppycrawl.tools.checkstyle.checks.modifier.RedundantModifierCheck"/>
<error line="50" column="3" severity="error" message="Redundant &apos;public&apos; modifier." source="com.puppycrawl.tools.checkstyle.checks.modifier.RedundantModifierCheck"/>
<error line="57" column="3" severity="error" message="Redundant &apos;public&apos; modifier." source="com.puppycrawl.tools.checkstyle.checks.modifier.RedundantModifierCheck"/>
</file>
<file name="/home/jenkins/jenkins-home/workspace/hadoop-multibranch_PR-3259/ubuntu-focal/src/hadoop-mapreduce-project/hadoop-mapreduce-client/hadoop-mapreduce-client-common/src/main/java/org/apache/hadoop/mapreduce/v2/api/package-info.java">
<error line="19" severity="error" message="Missing a Javadoc comment." source="com.puppycrawl.tools.checkstyle.checks.javadoc.JavadocStyleCheck"/>
</file>
<file name="/home/jenkins/jenkins-home/workspace/hadoop-multibranch_PR-3259/ubuntu-focal/src/hadoop-mapreduce-project/hadoop-mapreduce-client/hadoop-mapreduce-client-common/src/main/java/org/apache/hadoop/mapreduce/v2/api/HSAdminRefreshProtocolPB.java">
<error line="28" severity="error" message="Line is longer than 100 characters (found 110)." source="com.puppycrawl.tools.checkstyle.checks.sizes.LineLengthCheck"/>
</file>
<file name="/home/jenkins/jenkins-home/workspace/hadoop-multibranch_PR-3259/ubuntu-focal/src/hadoop-mapreduce-project/hadoop-mapreduce-client/hadoop-mapreduce-client-common/src/main/java/org/apache/hadoop/mapreduce/v2/api/HSAdminProtocol.java">
</file>
<file name="/home/jenkins/jenkins-home/workspace/hadoop-multibranch_PR-3259/ubuntu-focal/src/hadoop-mapreduce-project/hadoop-mapreduce-client/hadoop-mapreduce-client-common/src/main/java/org/apache/hadoop/mapreduce/v2/api/impl/pb/client/HSClientProtocolPBClientImpl.java">
<error line="31" severity="error" message="&apos;implements&apos; has incorrect indentation level 2, expected level should be 4." source="com.puppycrawl.tools.checkstyle.checks.indentation.IndentationCheck"/>
</file>
<file name="/home/jenkins/jenkins-home/workspace/hadoop-multibranch_PR-3259/ubuntu-focal/src/hadoop-mapreduce-project/hadoop-mapreduce-client/hadoop-mapreduce-client-common/src/main/java/org/apache/hadoop/mapreduce/v2/api/impl/pb/client/package-info.java">
<error line="19" severity="error" message="Missing a Javadoc comment." source="com.puppycrawl.tools.checkstyle.checks.javadoc.JavadocStyleCheck"/>
</file>
<file name="/home/jenkins/jenkins-home/workspace/hadoop-multibranch_PR-3259/ubuntu-focal/src/hadoop-mapreduce-project/hadoop-mapreduce-client/hadoop-mapreduce-client-common/src/main/java/org/apache/hadoop/mapreduce/v2/api/impl/pb/client/MRClientProtocolPBClientImpl.java">
<error line="107" column="32" severity="error" message="Variable &apos;proxy&apos; must be private and have accessor methods." source="com.puppycrawl.tools.checkstyle.checks.design.VisibilityModifierCheck"/>
<error line="155" severity="error" message="Line is longer than 100 characters (found 108)." source="com.puppycrawl.tools.checkstyle.checks.sizes.LineLengthCheck"/>
<error line="177" severity="error" message="Line is longer than 100 characters (found 128)." source="com.puppycrawl.tools.checkstyle.checks.sizes.LineLengthCheck"/>
<error line="179" severity="error" message="Line is longer than 100 characters (found 120)." source="com.puppycrawl.tools.checkstyle.checks.sizes.LineLengthCheck"/>
</file>
<file name="/home/jenkins/jenkins-home/workspace/hadoop-multibranch_PR-3259/ubuntu-focal/src/hadoop-mapreduce-project/hadoop-mapreduce-client/hadoop-mapreduce-client-common/src/main/java/org/apache/hadoop/mapreduce/v2/api/impl/pb/service/HSClientProtocolPBServiceImpl.java">
<error line="25" severity="error" message="&apos;implements&apos; has incorrect indentation level 2, expected level should be 4." source="com.puppycrawl.tools.checkstyle.checks.indentation.IndentationCheck"/>
</file>
<file name="/home/jenkins/jenkins-home/workspace/hadoop-multibranch_PR-3259/ubuntu-focal/src/hadoop-mapreduce-project/hadoop-mapreduce-client/hadoop-mapreduce-client-common/src/main/java/org/apache/hadoop/mapreduce/v2/api/impl/pb/service/package-info.java">
<error line="19" severity="error" message="Missing a Javadoc comment." source="com.puppycrawl.tools.checkstyle.checks.javadoc.JavadocStyleCheck"/>
</file>
<file name="/home/jenkins/jenkins-home/workspace/hadoop-multibranch_PR-3259/ubuntu-focal/src/hadoop-mapreduce-project/hadoop-mapreduce-client/hadoop-mapreduce-client-common/src/main/java/org/apache/hadoop/mapreduce/v2/api/impl/pb/service/MRClientProtocolPBServiceImpl.java">
<error line="171" severity="error" message="Line is longer than 100 characters (found 107)." source="com.puppycrawl.tools.checkstyle.checks.sizes.LineLengthCheck"/>
<error line="173" severity="error" message="Line is longer than 100 characters (found 101)." source="com.puppycrawl.tools.checkstyle.checks.sizes.LineLengthCheck"/>
<error line="271" severity="error" message="&apos;try&apos; has incorrect indentation level 6, expected level should be 4." source="com.puppycrawl.tools.checkstyle.checks.indentation.IndentationCheck"/>
<error line="272" severity="error" message="&apos;try&apos; child has incorrect indentation level 8, expected level should be 6." source="com.puppycrawl.tools.checkstyle.checks.indentation.IndentationCheck"/>
<error line="273" severity="error" message="&apos;try&apos; child has incorrect indentation level 8, expected level should be 6." source="com.puppycrawl.tools.checkstyle.checks.indentation.IndentationCheck"/>
<error line="274" severity="error" message="&apos;try rcurly&apos; has incorrect indentation level 6, expected level should be 4." source="com.puppycrawl.tools.checkstyle.checks.indentation.IndentationCheck"/>
<error line="275" severity="error" message="&apos;catch&apos; child has incorrect indentation level 8, expected level should be 6." source="com.puppycrawl.tools.checkstyle.checks.indentation.IndentationCheck"/>
<error line="276" severity="error" message="&apos;catch rcurly&apos; has incorrect indentation level 6, expected level should be 4." source="com.puppycrawl.tools.checkstyle.checks.indentation.IndentationCheck"/>
<error line="285" severity="error" message="&apos;try&apos; has incorrect indentation level 6, expected level should be 4." source="com.puppycrawl.tools.checkstyle.checks.indentation.IndentationCheck"/>
<error line="286" severity="error" message="&apos;try&apos; child has incorrect indentation level 8, expected level should be 6." source="com.puppycrawl.tools.checkstyle.checks.indentation.IndentationCheck"/>
<error line="287" severity="error" message="&apos;try&apos; child has incorrect indentation level 8, expected level should be 6." source="com.puppycrawl.tools.checkstyle.checks.indentation.IndentationCheck"/>
<error line="288" severity="error" message="&apos;try rcurly&apos; has incorrect indentation level 6, expected level should be 4." source="com.puppycrawl.tools.checkstyle.checks.indentation.IndentationCheck"/>
<error line="289" severity="error" message="&apos;catch&apos; child has incorrect indentation level 8, expected level should be 6." source="com.puppycrawl.tools.checkstyle.checks.indentation.IndentationCheck"/>
<error line="290" severity="error" message="&apos;catch rcurly&apos; has incorrect indentation level 6, expected level should be 4." source="com.puppycrawl.tools.checkstyle.checks.indentation.IndentationCheck"/>
</file>
<file name="/home/jenkins/jenkins-home/workspace/hadoop-multibranch_PR-3259/ubuntu-focal/src/hadoop-mapreduce-project/hadoop-mapreduce-client/hadoop-mapreduce-client-common/src/main/java/org/apache/hadoop/mapreduce/v2/api/MRClientProtocol.java">
<error line="54" severity="error" message="First sentence should end with a period." source="com.puppycrawl.tools.checkstyle.checks.javadoc.JavadocStyleCheck"/>
<error line="58" column="3" severity="error" message="Redundant &apos;public&apos; modifier." source="com.puppycrawl.tools.checkstyle.checks.modifier.RedundantModifierCheck"/>
<error line="59" column="3" severity="error" message="Redundant &apos;public&apos; modifier." source="com.puppycrawl.tools.checkstyle.checks.modifier.RedundantModifierCheck"/>
<error line="60" column="3" severity="error" message="Redundant &apos;public&apos; modifier." source="com.puppycrawl.tools.checkstyle.checks.modifier.RedundantModifierCheck"/>
<error line="61" severity="error" message="Line is longer than 100 characters (found 115)." source="com.puppycrawl.tools.checkstyle.checks.sizes.LineLengthCheck"/>
<error line="61" column="3" severity="error" message="Redundant &apos;public&apos; modifier." source="com.puppycrawl.tools.checkstyle.checks.modifier.RedundantModifierCheck"/>
<error line="62" column="3" severity="error" message="Redundant &apos;public&apos; modifier." source="com.puppycrawl.tools.checkstyle.checks.modifier.RedundantModifierCheck"/>
<error line="63" severity="error" message="Line is longer than 100 characters (found 145)." source="com.puppycrawl.tools.checkstyle.checks.sizes.LineLengthCheck"/>
<error line="63" column="3" severity="error" message="Redundant &apos;public&apos; modifier." source="com.puppycrawl.tools.checkstyle.checks.modifier.RedundantModifierCheck"/>
<error line="64" column="3" severity="error" message="Redundant &apos;public&apos; modifier." source="com.puppycrawl.tools.checkstyle.checks.modifier.RedundantModifierCheck"/>
<error line="65" column="3" severity="error" message="Redundant &apos;public&apos; modifier." source="com.puppycrawl.tools.checkstyle.checks.modifier.RedundantModifierCheck"/>
<error line="66" column="3" severity="error" message="Redundant &apos;public&apos; modifier." source="com.puppycrawl.tools.checkstyle.checks.modifier.RedundantModifierCheck"/>
<error line="67" column="3" severity="error" message="Redundant &apos;public&apos; modifier." source="com.puppycrawl.tools.checkstyle.checks.modifier.RedundantModifierCheck"/>
<error line="68" column="3" severity="error" message="Redundant &apos;public&apos; modifier." source="com.puppycrawl.tools.checkstyle.checks.modifier.RedundantModifierCheck"/>
<error line="69" column="3" severity="error" message="Redundant &apos;public&apos; modifier." source="com.puppycrawl.tools.checkstyle.checks.modifier.RedundantModifierCheck"/>
<error line="70" severity="error" message="Line is longer than 100 characters (found 109)." source="com.puppycrawl.tools.checkstyle.checks.sizes.LineLengthCheck"/>
<error line="70" column="3" severity="error" message="Redundant &apos;public&apos; modifier." source="com.puppycrawl.tools.checkstyle.checks.modifier.RedundantModifierCheck"/>
<error line="79" column="3" severity="error" message="Redundant &apos;public&apos; modifier." source="com.puppycrawl.tools.checkstyle.checks.modifier.RedundantModifierCheck"/>
<error line="89" column="3" severity="error" message="Redundant &apos;public&apos; modifier." source="com.puppycrawl.tools.checkstyle.checks.modifier.RedundantModifierCheck"/>
</file>
<file name="/home/jenkins/jenkins-home/workspace/hadoop-multibranch_PR-3259/ubuntu-focal/src/hadoop-mapreduce-project/hadoop-mapreduce-client/hadoop-mapreduce-client-common/src/main/java/org/apache/hadoop/mapreduce/v2/api/HSClientProtocol.java">
</file>
<file name="/home/jenkins/jenkins-home/workspace/hadoop-multibranch_PR-3259/ubuntu-focal/src/hadoop-mapreduce-project/hadoop-mapreduce-client/hadoop-mapreduce-client-common/src/main/java/org/apache/hadoop/mapreduce/v2/api/records/Counter.java">
<error line="22" column="3" severity="error" message="Redundant &apos;public&apos; modifier." source="com.puppycrawl.tools.checkstyle.checks.modifier.RedundantModifierCheck"/>
<error line="23" column="3" severity="error" message="Redundant &apos;public&apos; modifier." source="com.puppycrawl.tools.checkstyle.checks.modifier.RedundantModifierCheck"/>
<error line="24" column="3" severity="error" message="Redundant &apos;public&apos; modifier." source="com.puppycrawl.tools.checkstyle.checks.modifier.RedundantModifierCheck"/>
<error line="26" column="3" severity="error" message="Redundant &apos;public&apos; modifier." source="com.puppycrawl.tools.checkstyle.checks.modifier.RedundantModifierCheck"/>
<error line="27" column="3" severity="error" message="Redundant &apos;public&apos; modifier." source="com.puppycrawl.tools.checkstyle.checks.modifier.RedundantModifierCheck"/>
<error line="28" column="3" severity="error" message="Redundant &apos;public&apos; modifier." source="com.puppycrawl.tools.checkstyle.checks.modifier.RedundantModifierCheck"/>
</file>
<file name="/home/jenkins/jenkins-home/workspace/hadoop-multibranch_PR-3259/ubuntu-focal/src/hadoop-mapreduce-project/hadoop-mapreduce-client/hadoop-mapreduce-client-common/src/main/java/org/apache/hadoop/mapreduce/v2/api/records/JobReport.java">
<error line="26" column="3" severity="error" message="Redundant &apos;public&apos; modifier." source="com.puppycrawl.tools.checkstyle.checks.modifier.RedundantModifierCheck"/>
<error line="27" column="3" severity="error" message="Redundant &apos;public&apos; modifier." source="com.puppycrawl.tools.checkstyle.checks.modifier.RedundantModifierCheck"/>
<error line="28" column="3" severity="error" message="Redundant &apos;public&apos; modifier." source="com.puppycrawl.tools.checkstyle.checks.modifier.RedundantModifierCheck"/>
<error line="29" column="3" severity="error" message="Redundant &apos;public&apos; modifier." source="com.puppycrawl.tools.checkstyle.checks.modifier.RedundantModifierCheck"/>
<error line="30" column="3" severity="error" message="Redundant &apos;public&apos; modifier." source="com.puppycrawl.tools.checkstyle.checks.modifier.RedundantModifierCheck"/>
<error line="31" column="3" severity="error" message="Redundant &apos;public&apos; modifier." source="com.puppycrawl.tools.checkstyle.checks.modifier.RedundantModifierCheck"/>
<error line="32" column="3" severity="error" message="Redundant &apos;public&apos; modifier." source="com.puppycrawl.tools.checkstyle.checks.modifier.RedundantModifierCheck"/>
<error line="33" column="3" severity="error" message="Redundant &apos;public&apos; modifier." source="com.puppycrawl.tools.checkstyle.checks.modifier.RedundantModifierCheck"/>
<error line="34" column="3" severity="error" message="Redundant &apos;public&apos; modifier." source="com.puppycrawl.tools.checkstyle.checks.modifier.RedundantModifierCheck"/>
<error line="35" column="3" severity="error" message="Redundant &apos;public&apos; modifier." source="com.puppycrawl.tools.checkstyle.checks.modifier.RedundantModifierCheck"/>
<error line="36" column="3" severity="error" message="Redundant &apos;public&apos; modifier." source="com.puppycrawl.tools.checkstyle.checks.modifier.RedundantModifierCheck"/>
<error line="37" column="3" severity="error" message="Redundant &apos;public&apos; modifier." source="com.puppycrawl.tools.checkstyle.checks.modifier.RedundantModifierCheck"/>
<error line="38" column="3" severity="error" message="Redundant &apos;public&apos; modifier." source="com.puppycrawl.tools.checkstyle.checks.modifier.RedundantModifierCheck"/>
<error line="39" column="3" severity="error" message="Redundant &apos;public&apos; modifier." source="com.puppycrawl.tools.checkstyle.checks.modifier.RedundantModifierCheck"/>
<error line="40" column="3" severity="error" message="Redundant &apos;public&apos; modifier." source="com.puppycrawl.tools.checkstyle.checks.modifier.RedundantModifierCheck"/>
<error line="41" column="3" severity="error" message="Redundant &apos;public&apos; modifier." source="com.puppycrawl.tools.checkstyle.checks.modifier.RedundantModifierCheck"/>
<error line="42" column="3" severity="error" message="Redundant &apos;public&apos; modifier." source="com.puppycrawl.tools.checkstyle.checks.modifier.RedundantModifierCheck"/>
<error line="43" column="3" severity="error" message="Redundant &apos;public&apos; modifier." source="com.puppycrawl.tools.checkstyle.checks.modifier.RedundantModifierCheck"/>
<error line="45" column="3" severity="error" message="Redundant &apos;public&apos; modifier." source="com.puppycrawl.tools.checkstyle.checks.modifier.RedundantModifierCheck"/>
<error line="46" column="3" severity="error" message="Redundant &apos;public&apos; modifier." source="com.puppycrawl.tools.checkstyle.checks.modifier.RedundantModifierCheck"/>
<error line="47" column="3" severity="error" message="Redundant &apos;public&apos; modifier." source="com.puppycrawl.tools.checkstyle.checks.modifier.RedundantModifierCheck"/>
<error line="48" column="3" severity="error" message="Redundant &apos;public&apos; modifier." source="com.puppycrawl.tools.checkstyle.checks.modifier.RedundantModifierCheck"/>
<error line="49" column="3" severity="error" message="Redundant &apos;public&apos; modifier." source="com.puppycrawl.tools.checkstyle.checks.modifier.RedundantModifierCheck"/>
<error line="50" column="3" severity="error" message="Redundant &apos;public&apos; modifier." source="com.puppycrawl.tools.checkstyle.checks.modifier.RedundantModifierCheck"/>
<error line="51" column="3" severity="error" message="Redundant &apos;public&apos; modifier." source="com.puppycrawl.tools.checkstyle.checks.modifier.RedundantModifierCheck"/>
<error line="52" column="3" severity="error" message="Redundant &apos;public&apos; modifier." source="com.puppycrawl.tools.checkstyle.checks.modifier.RedundantModifierCheck"/>
<error line="53" column="3" severity="error" message="Redundant &apos;public&apos; modifier." source="com.puppycrawl.tools.checkstyle.checks.modifier.RedundantModifierCheck"/>
<error line="54" column="3" severity="error" message="Redundant &apos;public&apos; modifier." source="com.puppycrawl.tools.checkstyle.checks.modifier.RedundantModifierCheck"/>
<error line="55" column="3" severity="error" message="Redundant &apos;public&apos; modifier." source="com.puppycrawl.tools.checkstyle.checks.modifier.RedundantModifierCheck"/>
<error line="56" column="3" severity="error" message="Redundant &apos;public&apos; modifier." source="com.puppycrawl.tools.checkstyle.checks.modifier.RedundantModifierCheck"/>
<error line="57" column="3" severity="error" message="Redundant &apos;public&apos; modifier." source="com.puppycrawl.tools.checkstyle.checks.modifier.RedundantModifierCheck"/>
<error line="58" column="3" severity="error" message="Redundant &apos;public&apos; modifier." source="com.puppycrawl.tools.checkstyle.checks.modifier.RedundantModifierCheck"/>
<error line="59" column="3" severity="error" message="Redundant &apos;public&apos; modifier." source="com.puppycrawl.tools.checkstyle.checks.modifier.RedundantModifierCheck"/>
<error line="60" column="3" severity="error" message="Redundant &apos;public&apos; modifier." source="com.puppycrawl.tools.checkstyle.checks.modifier.RedundantModifierCheck"/>
<error line="61" column="3" severity="error" message="Redundant &apos;public&apos; modifier." source="com.puppycrawl.tools.checkstyle.checks.modifier.RedundantModifierCheck"/>
<error line="62" column="3" severity="error" message="Redundant &apos;public&apos; modifier." source="com.puppycrawl.tools.checkstyle.checks.modifier.RedundantModifierCheck"/>
</file>
<file name="/home/jenkins/jenkins-home/workspace/hadoop-multibranch_PR-3259/ubuntu-focal/src/hadoop-mapreduce-project/hadoop-mapreduce-client/hadoop-mapreduce-client-common/src/main/java/org/apache/hadoop/mapreduce/v2/api/records/Locality.java">
</file>
<file name="/home/jenkins/jenkins-home/workspace/hadoop-multibranch_PR-3259/ubuntu-focal/src/hadoop-mapreduce-project/hadoop-mapreduce-client/hadoop-mapreduce-client-common/src/main/java/org/apache/hadoop/mapreduce/v2/api/records/TaskAttemptCompletionEventStatus.java">
</file>
<file name="/home/jenkins/jenkins-home/workspace/hadoop-multibranch_PR-3259/ubuntu-focal/src/hadoop-mapreduce-project/hadoop-mapreduce-client/hadoop-mapreduce-client-common/src/main/java/org/apache/hadoop/mapreduce/v2/api/records/AMInfo.java">
<error line="25" column="3" severity="error" message="Redundant &apos;public&apos; modifier." source="com.puppycrawl.tools.checkstyle.checks.modifier.RedundantModifierCheck"/>
<error line="26" column="3" severity="error" message="Redundant &apos;public&apos; modifier." source="com.puppycrawl.tools.checkstyle.checks.modifier.RedundantModifierCheck"/>
<error line="27" column="3" severity="error" message="Redundant &apos;public&apos; modifier." source="com.puppycrawl.tools.checkstyle.checks.modifier.RedundantModifierCheck"/>
<error line="28" column="3" severity="error" message="Redundant &apos;public&apos; modifier." source="com.puppycrawl.tools.checkstyle.checks.modifier.RedundantModifierCheck"/>
<error line="29" column="3" severity="error" message="Redundant &apos;public&apos; modifier." source="com.puppycrawl.tools.checkstyle.checks.modifier.RedundantModifierCheck"/>
<error line="30" column="3" severity="error" message="Redundant &apos;public&apos; modifier." source="com.puppycrawl.tools.checkstyle.checks.modifier.RedundantModifierCheck"/>
<error line="32" column="3" severity="error" message="Redundant &apos;public&apos; modifier." source="com.puppycrawl.tools.checkstyle.checks.modifier.RedundantModifierCheck"/>
<error line="33" column="3" severity="error" message="Redundant &apos;public&apos; modifier." source="com.puppycrawl.tools.checkstyle.checks.modifier.RedundantModifierCheck"/>
<error line="34" column="3" severity="error" message="Redundant &apos;public&apos; modifier." source="com.puppycrawl.tools.checkstyle.checks.modifier.RedundantModifierCheck"/>
<error line="35" column="3" severity="error" message="Redundant &apos;public&apos; modifier." source="com.puppycrawl.tools.checkstyle.checks.modifier.RedundantModifierCheck"/>
<error line="36" column="3" severity="error" message="Redundant &apos;public&apos; modifier." source="com.puppycrawl.tools.checkstyle.checks.modifier.RedundantModifierCheck"/>
<error line="37" column="3" severity="error" message="Redundant &apos;public&apos; modifier." source="com.puppycrawl.tools.checkstyle.checks.modifier.RedundantModifierCheck"/>
</file>
<file name="/home/jenkins/jenkins-home/workspace/hadoop-multibranch_PR-3259/ubuntu-focal/src/hadoop-mapreduce-project/hadoop-mapreduce-client/hadoop-mapreduce-client-common/src/main/java/org/apache/hadoop/mapreduce/v2/api/records/TaskReport.java">
<error line="24" column="3" severity="error" message="Redundant &apos;public&apos; modifier." source="com.puppycrawl.tools.checkstyle.checks.modifier.RedundantModifierCheck"/>
<error line="25" column="3" severity="error" message="Redundant &apos;public&apos; modifier." source="com.puppycrawl.tools.checkstyle.checks.modifier.RedundantModifierCheck"/>
<error line="26" column="3" severity="error" message="Redundant &apos;public&apos; modifier." source="com.puppycrawl.tools.checkstyle.checks.modifier.RedundantModifierCheck"/>
<error line="27" column="3" severity="error" message="Redundant &apos;public&apos; modifier." source="com.puppycrawl.tools.checkstyle.checks.modifier.RedundantModifierCheck"/>
<error line="28" column="3" severity="error" message="Redundant &apos;public&apos; modifier." source="com.puppycrawl.tools.checkstyle.checks.modifier.RedundantModifierCheck"/>
<error line="29" column="3" severity="error" message="Redundant &apos;public&apos; modifier." source="com.puppycrawl.tools.checkstyle.checks.modifier.RedundantModifierCheck"/>
<error line="30" column="3" severity="error" message="Redundant &apos;public&apos; modifier." source="com.puppycrawl.tools.checkstyle.checks.modifier.RedundantModifierCheck"/>
<error line="31" column="3" severity="error" message="Redundant &apos;public&apos; modifier." source="com.puppycrawl.tools.checkstyle.checks.modifier.RedundantModifierCheck"/>
<error line="32" column="3" severity="error" message="Redundant &apos;public&apos; modifier." source="com.puppycrawl.tools.checkstyle.checks.modifier.RedundantModifierCheck"/>
<error line="33" column="3" severity="error" message="Redundant &apos;public&apos; modifier." source="com.puppycrawl.tools.checkstyle.checks.modifier.RedundantModifierCheck"/>
<error line="34" column="3" severity="error" message="Redundant &apos;public&apos; modifier." source="com.puppycrawl.tools.checkstyle.checks.modifier.RedundantModifierCheck"/>
<error line="36" column="3" severity="error" message="Redundant &apos;public&apos; modifier." source="com.puppycrawl.tools.checkstyle.checks.modifier.RedundantModifierCheck"/>
<error line="38" column="3" severity="error" message="Redundant &apos;public&apos; modifier." source="com.puppycrawl.tools.checkstyle.checks.modifier.RedundantModifierCheck"/>
<error line="39" column="3" severity="error" message="Redundant &apos;public&apos; modifier." source="com.puppycrawl.tools.checkstyle.checks.modifier.RedundantModifierCheck"/>
<error line="40" column="3" severity="error" message="Redundant &apos;public&apos; modifier." source="com.puppycrawl.tools.checkstyle.checks.modifier.RedundantModifierCheck"/>
<error line="43" column="3" severity="error" message="Redundant &apos;public&apos; modifier." source="com.puppycrawl.tools.checkstyle.checks.modifier.RedundantModifierCheck"/>
<error line="44" column="3" severity="error" message="Redundant &apos;public&apos; modifier." source="com.puppycrawl.tools.checkstyle.checks.modifier.RedundantModifierCheck"/>
<error line="45" column="3" severity="error" message="Redundant &apos;public&apos; modifier." source="com.puppycrawl.tools.checkstyle.checks.modifier.RedundantModifierCheck"/>
<error line="46" column="3" severity="error" message="Redundant &apos;public&apos; modifier." source="com.puppycrawl.tools.checkstyle.checks.modifier.RedundantModifierCheck"/>
<error line="47" column="3" severity="error" message="Redundant &apos;public&apos; modifier." source="com.puppycrawl.tools.checkstyle.checks.modifier.RedundantModifierCheck"/>
<error line="48" column="3" severity="error" message="Redundant &apos;public&apos; modifier." source="com.puppycrawl.tools.checkstyle.checks.modifier.RedundantModifierCheck"/>
<error line="49" column="3" severity="error" message="Redundant &apos;public&apos; modifier." source="com.puppycrawl.tools.checkstyle.checks.modifier.RedundantModifierCheck"/>
<error line="50" column="3" severity="error" message="Redundant &apos;public&apos; modifier." source="com.puppycrawl.tools.checkstyle.checks.modifier.RedundantModifierCheck"/>
<error line="53" column="3" severity="error" message="Redundant &apos;public&apos; modifier." source="com.puppycrawl.tools.checkstyle.checks.modifier.RedundantModifierCheck"/>
<error line="54" column="3" severity="error" message="Redundant &apos;public&apos; modifier." source="com.puppycrawl.tools.checkstyle.checks.modifier.RedundantModifierCheck"/>
<error line="55" column="3" severity="error" message="Redundant &apos;public&apos; modifier." source="com.puppycrawl.tools.checkstyle.checks.modifier.RedundantModifierCheck"/>
<error line="56" column="3" severity="error" message="Redundant &apos;public&apos; modifier." source="com.puppycrawl.tools.checkstyle.checks.modifier.RedundantModifierCheck"/>
<error line="58" column="3" severity="error" message="Redundant &apos;public&apos; modifier." source="com.puppycrawl.tools.checkstyle.checks.modifier.RedundantModifierCheck"/>
<error line="59" column="1" severity="error" message="&apos;;&apos; is preceded with whitespace." source="com.puppycrawl.tools.checkstyle.checks.whitespace.NoWhitespaceBeforeCheck"/>
<error line="60" column="3" severity="error" message="Redundant &apos;public&apos; modifier." source="com.puppycrawl.tools.checkstyle.checks.modifier.RedundantModifierCheck"/>
<error line="61" column="3" severity="error" message="Redundant &apos;public&apos; modifier." source="com.puppycrawl.tools.checkstyle.checks.modifier.RedundantModifierCheck"/>
<error line="62" column="3" severity="error" message="Redundant &apos;public&apos; modifier." source="com.puppycrawl.tools.checkstyle.checks.modifier.RedundantModifierCheck"/>
<error line="63" column="3" severity="error" message="Redundant &apos;public&apos; modifier." source="com.puppycrawl.tools.checkstyle.checks.modifier.RedundantModifierCheck"/>
</file>
<file name="/home/jenkins/jenkins-home/workspace/hadoop-multibranch_PR-3259/ubuntu-focal/src/hadoop-mapreduce-project/hadoop-mapreduce-client/hadoop-mapreduce-client-common/src/main/java/org/apache/hadoop/mapreduce/v2/api/records/TaskId.java">
<error line="61" column="42" severity="error" message="Name &apos;taskIdFormat&apos; must match pattern &apos;^[A-Z][A-Z0-9]*(_[A-Z0-9]+)*$&apos;." source="com.puppycrawl.tools.checkstyle.checks.naming.ConstantNameCheck"/>
<error line="84" severity="error" message="&apos;if&apos; construct must use &apos;{}&apos;s." source="com.puppycrawl.tools.checkstyle.checks.blocks.NeedBracesCheck"/>
<error line="86" severity="error" message="&apos;if&apos; construct must use &apos;{}&apos;s." source="com.puppycrawl.tools.checkstyle.checks.blocks.NeedBracesCheck"/>
<error line="88" severity="error" message="&apos;if&apos; construct must use &apos;{}&apos;s." source="com.puppycrawl.tools.checkstyle.checks.blocks.NeedBracesCheck"/>
<error line="91" severity="error" message="&apos;if&apos; construct must use &apos;{}&apos;s." source="com.puppycrawl.tools.checkstyle.checks.blocks.NeedBracesCheck"/>
<error line="93" severity="error" message="&apos;if&apos; construct must use &apos;{}&apos;s." source="com.puppycrawl.tools.checkstyle.checks.blocks.NeedBracesCheck"/>
<error line="95" severity="error" message="&apos;if&apos; construct must use &apos;{}&apos;s." source="com.puppycrawl.tools.checkstyle.checks.blocks.NeedBracesCheck"/>
</file>
<file name="/home/jenkins/jenkins-home/workspace/hadoop-multibranch_PR-3259/ubuntu-focal/src/hadoop-mapreduce-project/hadoop-mapreduce-client/hadoop-mapreduce-client-common/src/main/java/org/apache/hadoop/mapreduce/v2/api/records/TaskAttemptReport.java">
<error line="24" column="3" severity="error" message="Redundant &apos;public&apos; modifier." source="com.puppycrawl.tools.checkstyle.checks.modifier.RedundantModifierCheck"/>
<error line="25" column="3" severity="error" message="Redundant &apos;public&apos; modifier." source="com.puppycrawl.tools.checkstyle.checks.modifier.RedundantModifierCheck"/>
<error line="26" column="3" severity="error" message="Redundant &apos;public&apos; modifier." source="com.puppycrawl.tools.checkstyle.checks.modifier.RedundantModifierCheck"/>
<error line="27" column="3" severity="error" message="Redundant &apos;public&apos; modifier." source="com.puppycrawl.tools.checkstyle.checks.modifier.RedundantModifierCheck"/>
<error line="28" column="3" severity="error" message="Redundant &apos;public&apos; modifier." source="com.puppycrawl.tools.checkstyle.checks.modifier.RedundantModifierCheck"/>
<error line="30" column="3" severity="error" message="Redundant &apos;public&apos; modifier." source="com.puppycrawl.tools.checkstyle.checks.modifier.RedundantModifierCheck"/>
<error line="32" column="3" severity="error" message="Redundant &apos;public&apos; modifier." source="com.puppycrawl.tools.checkstyle.checks.modifier.RedundantModifierCheck"/>
<error line="33" column="3" severity="error" message="Redundant &apos;public&apos; modifier." source="com.puppycrawl.tools.checkstyle.checks.modifier.RedundantModifierCheck"/>
<error line="34" column="3" severity="error" message="Redundant &apos;public&apos; modifier." source="com.puppycrawl.tools.checkstyle.checks.modifier.RedundantModifierCheck"/>
<error line="35" column="3" severity="error" message="Redundant &apos;public&apos; modifier." source="com.puppycrawl.tools.checkstyle.checks.modifier.RedundantModifierCheck"/>
<error line="36" column="3" severity="error" message="Redundant &apos;public&apos; modifier." source="com.puppycrawl.tools.checkstyle.checks.modifier.RedundantModifierCheck"/>
<error line="37" column="3" severity="error" message="Redundant &apos;public&apos; modifier." source="com.puppycrawl.tools.checkstyle.checks.modifier.RedundantModifierCheck"/>
<error line="38" column="3" severity="error" message="Redundant &apos;public&apos; modifier." source="com.puppycrawl.tools.checkstyle.checks.modifier.RedundantModifierCheck"/>
<error line="39" column="3" severity="error" message="Redundant &apos;public&apos; modifier." source="com.puppycrawl.tools.checkstyle.checks.modifier.RedundantModifierCheck"/>
<error line="40" column="3" severity="error" message="Redundant &apos;public&apos; modifier." source="com.puppycrawl.tools.checkstyle.checks.modifier.RedundantModifierCheck"/>
<error line="41" column="3" severity="error" message="Redundant &apos;public&apos; modifier." source="com.puppycrawl.tools.checkstyle.checks.modifier.RedundantModifierCheck"/>
<error line="43" column="3" severity="error" message="Redundant &apos;public&apos; modifier." source="com.puppycrawl.tools.checkstyle.checks.modifier.RedundantModifierCheck"/>
<error line="44" column="3" severity="error" message="Redundant &apos;public&apos; modifier." source="com.puppycrawl.tools.checkstyle.checks.modifier.RedundantModifierCheck"/>
<error line="45" column="3" severity="error" message="Redundant &apos;public&apos; modifier." source="com.puppycrawl.tools.checkstyle.checks.modifier.RedundantModifierCheck"/>
<error line="46" column="3" severity="error" message="Redundant &apos;public&apos; modifier." source="com.puppycrawl.tools.checkstyle.checks.modifier.RedundantModifierCheck"/>
<error line="47" column="3" severity="error" message="Redundant &apos;public&apos; modifier." source="com.puppycrawl.tools.checkstyle.checks.modifier.RedundantModifierCheck"/>
<error line="48" column="3" severity="error" message="Redundant &apos;public&apos; modifier." source="com.puppycrawl.tools.checkstyle.checks.modifier.RedundantModifierCheck"/>
<error line="49" column="3" severity="error" message="Redundant &apos;public&apos; modifier." source="com.puppycrawl.tools.checkstyle.checks.modifier.RedundantModifierCheck"/>
<error line="51" column="3" severity="error" message="Redundant &apos;public&apos; modifier." source="com.puppycrawl.tools.checkstyle.checks.modifier.RedundantModifierCheck"/>
<error line="52" column="3" severity="error" message="Redundant &apos;public&apos; modifier." source="com.puppycrawl.tools.checkstyle.checks.modifier.RedundantModifierCheck"/>
<error line="53" column="3" severity="error" message="Redundant &apos;public&apos; modifier." source="com.puppycrawl.tools.checkstyle.checks.modifier.RedundantModifierCheck"/>
<error line="54" column="3" severity="error" message="Redundant &apos;public&apos; modifier." source="com.puppycrawl.tools.checkstyle.checks.modifier.RedundantModifierCheck"/>
<error line="55" column="3" severity="error" message="Redundant &apos;public&apos; modifier." source="com.puppycrawl.tools.checkstyle.checks.modifier.RedundantModifierCheck"/>
<error line="56" column="3" severity="error" message="Redundant &apos;public&apos; modifier." source="com.puppycrawl.tools.checkstyle.checks.modifier.RedundantModifierCheck"/>
<error line="57" column="3" severity="error" message="Redundant &apos;public&apos; modifier." source="com.puppycrawl.tools.checkstyle.checks.modifier.RedundantModifierCheck"/>
<error line="63" column="3" severity="error" message="Redundant &apos;public&apos; modifier." source="com.puppycrawl.tools.checkstyle.checks.modifier.RedundantModifierCheck"/>
<error line="68" column="3" severity="error" message="Redundant &apos;public&apos; modifier." source="com.puppycrawl.tools.checkstyle.checks.modifier.RedundantModifierCheck"/>
</file>
<file name="/home/jenkins/jenkins-home/workspace/hadoop-multibranch_PR-3259/ubuntu-focal/src/hadoop-mapreduce-project/hadoop-mapreduce-client/hadoop-mapreduce-client-common/src/main/java/org/apache/hadoop/mapreduce/v2/api/records/TaskState.java">
</file>
<file name="/home/jenkins/jenkins-home/workspace/hadoop-multibranch_PR-3259/ubuntu-focal/src/hadoop-mapreduce-project/hadoop-mapreduce-client/hadoop-mapreduce-client-common/src/main/java/org/apache/hadoop/mapreduce/v2/api/records/TaskAttemptId.java">
<error line="63" severity="error" message="&apos;if&apos; construct must use &apos;{}&apos;s." source="com.puppycrawl.tools.checkstyle.checks.blocks.NeedBracesCheck"/>
<error line="65" severity="error" message="&apos;if&apos; construct must use &apos;{}&apos;s." source="com.puppycrawl.tools.checkstyle.checks.blocks.NeedBracesCheck"/>
<error line="67" severity="error" message="&apos;if&apos; construct must use &apos;{}&apos;s." source="com.puppycrawl.tools.checkstyle.checks.blocks.NeedBracesCheck"/>
<error line="70" severity="error" message="&apos;if&apos; construct must use &apos;{}&apos;s." source="com.puppycrawl.tools.checkstyle.checks.blocks.NeedBracesCheck"/>
<error line="72" severity="error" message="&apos;if&apos; construct must use &apos;{}&apos;s." source="com.puppycrawl.tools.checkstyle.checks.blocks.NeedBracesCheck"/>
</file>
<file name="/home/jenkins/jenkins-home/workspace/hadoop-multibranch_PR-3259/ubuntu-focal/src/hadoop-mapreduce-project/hadoop-mapreduce-client/hadoop-mapreduce-client-common/src/main/java/org/apache/hadoop/mapreduce/v2/api/records/Avataar.java">
</file>
<file name="/home/jenkins/jenkins-home/workspace/hadoop-multibranch_PR-3259/ubuntu-focal/src/hadoop-mapreduce-project/hadoop-mapreduce-client/hadoop-mapreduce-client-common/src/main/java/org/apache/hadoop/mapreduce/v2/api/records/package-info.java">
<error line="19" severity="error" message="Missing a Javadoc comment." source="com.puppycrawl.tools.checkstyle.checks.javadoc.JavadocStyleCheck"/>
</file>
<file name="/home/jenkins/jenkins-home/workspace/hadoop-multibranch_PR-3259/ubuntu-focal/src/hadoop-mapreduce-project/hadoop-mapreduce-client/hadoop-mapreduce-client-common/src/main/java/org/apache/hadoop/mapreduce/v2/api/records/TaskAttemptState.java">
</file>
<file name="/home/jenkins/jenkins-home/workspace/hadoop-multibranch_PR-3259/ubuntu-focal/src/hadoop-mapreduce-project/hadoop-mapreduce-client/hadoop-mapreduce-client-common/src/main/java/org/apache/hadoop/mapreduce/v2/api/records/Counters.java">
<error line="24" column="3" severity="error" message="Redundant &apos;public&apos; modifier." source="com.puppycrawl.tools.checkstyle.checks.modifier.RedundantModifierCheck"/>
<error line="25" column="3" severity="error" message="Redundant &apos;public&apos; modifier." source="com.puppycrawl.tools.checkstyle.checks.modifier.RedundantModifierCheck"/>
<error line="26" column="3" severity="error" message="Redundant &apos;public&apos; modifier." source="com.puppycrawl.tools.checkstyle.checks.modifier.RedundantModifierCheck"/>
<error line="28" column="3" severity="error" message="Redundant &apos;public&apos; modifier." source="com.puppycrawl.tools.checkstyle.checks.modifier.RedundantModifierCheck"/>
<error line="29" column="3" severity="error" message="Redundant &apos;public&apos; modifier." source="com.puppycrawl.tools.checkstyle.checks.modifier.RedundantModifierCheck"/>
<error line="30" column="3" severity="error" message="Redundant &apos;public&apos; modifier." source="com.puppycrawl.tools.checkstyle.checks.modifier.RedundantModifierCheck"/>
<error line="31" column="3" severity="error" message="Redundant &apos;public&apos; modifier." source="com.puppycrawl.tools.checkstyle.checks.modifier.RedundantModifierCheck"/>
<error line="33" column="3" severity="error" message="Redundant &apos;public&apos; modifier." source="com.puppycrawl.tools.checkstyle.checks.modifier.RedundantModifierCheck"/>
</file>
<file name="/home/jenkins/jenkins-home/workspace/hadoop-multibranch_PR-3259/ubuntu-focal/src/hadoop-mapreduce-project/hadoop-mapreduce-client/hadoop-mapreduce-client-common/src/main/java/org/apache/hadoop/mapreduce/v2/api/records/JobId.java">
<error line="57" column="42" severity="error" message="Name &apos;jobIdFormat&apos; must match pattern &apos;^[A-Z][A-Z0-9]*(_[A-Z0-9]+)*$&apos;." source="com.puppycrawl.tools.checkstyle.checks.naming.ConstantNameCheck"/>
<error line="89" severity="error" message="&apos;if&apos; construct must use &apos;{}&apos;s." source="com.puppycrawl.tools.checkstyle.checks.blocks.NeedBracesCheck"/>
<error line="91" severity="error" message="&apos;if&apos; construct must use &apos;{}&apos;s." source="com.puppycrawl.tools.checkstyle.checks.blocks.NeedBracesCheck"/>
<error line="93" severity="error" message="&apos;if&apos; construct must use &apos;{}&apos;s." source="com.puppycrawl.tools.checkstyle.checks.blocks.NeedBracesCheck"/>
<error line="96" severity="error" message="&apos;if&apos; construct must use &apos;{}&apos;s." source="com.puppycrawl.tools.checkstyle.checks.blocks.NeedBracesCheck"/>
<error line="98" severity="error" message="&apos;if&apos; construct must use &apos;{}&apos;s." source="com.puppycrawl.tools.checkstyle.checks.blocks.NeedBracesCheck"/>
</file>
<file name="/home/jenkins/jenkins-home/workspace/hadoop-multibranch_PR-3259/ubuntu-focal/src/hadoop-mapreduce-project/hadoop-mapreduce-client/hadoop-mapreduce-client-common/src/main/java/org/apache/hadoop/mapreduce/v2/api/records/impl/pb/JobReportPBImpl.java">
<error line="44" column="18" severity="error" message="Variable &apos;proto&apos; must be private and have accessor methods." source="com.puppycrawl.tools.checkstyle.checks.design.VisibilityModifierCheck"/>
<error line="45" column="26" severity="error" message="Variable &apos;builder&apos; must be private and have accessor methods." source="com.puppycrawl.tools.checkstyle.checks.design.VisibilityModifierCheck"/>
<error line="46" column="11" severity="error" message="Variable &apos;viaProto&apos; must be private and have accessor methods." source="com.puppycrawl.tools.checkstyle.checks.design.VisibilityModifierCheck"/>
<error line="62" severity="error" message="&apos;method def&apos; child has incorrect indentation level 6, expected level should be 4." source="com.puppycrawl.tools.checkstyle.checks.indentation.IndentationCheck"/>
<error line="81" severity="error" message="&apos;if&apos; construct must use &apos;{}&apos;s." source="com.puppycrawl.tools.checkstyle.checks.blocks.NeedBracesCheck"/>
<error line="112" severity="error" message="&apos;if&apos; construct must use &apos;{}&apos;s." source="com.puppycrawl.tools.checkstyle.checks.blocks.NeedBracesCheck"/>
<error line="281" column="52" severity="error" message="&apos;amInfos&apos; hides a field." source="com.puppycrawl.tools.checkstyle.checks.coding.HiddenFieldCheck"/>
<error line="311" severity="error" message="&apos;if&apos; construct must use &apos;{}&apos;s." source="com.puppycrawl.tools.checkstyle.checks.blocks.NeedBracesCheck"/>
</file>
<file name="/home/jenkins/jenkins-home/workspace/hadoop-multibranch_PR-3259/ubuntu-focal/src/hadoop-mapreduce-project/hadoop-mapreduce-client/hadoop-mapreduce-client-common/src/main/java/org/apache/hadoop/mapreduce/v2/api/records/impl/pb/JobIdPBImpl.java">
<error line="30" column="14" severity="error" message="Variable &apos;proto&apos; must be private and have accessor methods." source="com.puppycrawl.tools.checkstyle.checks.design.VisibilityModifierCheck"/>
<error line="31" column="22" severity="error" message="Variable &apos;builder&apos; must be private and have accessor methods." source="com.puppycrawl.tools.checkstyle.checks.design.VisibilityModifierCheck"/>
<error line="32" column="11" severity="error" message="Variable &apos;viaProto&apos; must be private and have accessor methods." source="com.puppycrawl.tools.checkstyle.checks.design.VisibilityModifierCheck"/>
<error line="61" severity="error" message="&apos;if&apos; construct must use &apos;{}&apos;s." source="com.puppycrawl.tools.checkstyle.checks.blocks.NeedBracesCheck"/>
</file>
<file name="/home/jenkins/jenkins-home/workspace/hadoop-multibranch_PR-3259/ubuntu-focal/src/hadoop-mapreduce-project/hadoop-mapreduce-client/hadoop-mapreduce-client-common/src/main/java/org/apache/hadoop/mapreduce/v2/api/records/impl/pb/TaskAttemptCompletionEventPBImpl.java">
<error line="34" severity="error" message="Line is longer than 100 characters (found 136)." source="com.puppycrawl.tools.checkstyle.checks.sizes.LineLengthCheck"/>
<error line="35" column="35" severity="error" message="Variable &apos;proto&apos; must be private and have accessor methods." source="com.puppycrawl.tools.checkstyle.checks.design.VisibilityModifierCheck"/>
<error line="36" column="43" severity="error" message="Variable &apos;builder&apos; must be private and have accessor methods." source="com.puppycrawl.tools.checkstyle.checks.design.VisibilityModifierCheck"/>
<error line="37" column="11" severity="error" message="Variable &apos;viaProto&apos; must be private and have accessor methods." source="com.puppycrawl.tools.checkstyle.checks.design.VisibilityModifierCheck"/>
<error line="52" severity="error" message="&apos;method def&apos; child has incorrect indentation level 6, expected level should be 4." source="com.puppycrawl.tools.checkstyle.checks.indentation.IndentationCheck"/>
<error line="65" severity="error" message="&apos;if&apos; construct must use &apos;{}&apos;s." source="com.puppycrawl.tools.checkstyle.checks.blocks.NeedBracesCheck"/>
<error line="96" severity="error" message="&apos;if&apos; construct must use &apos;{}&apos;s." source="com.puppycrawl.tools.checkstyle.checks.blocks.NeedBracesCheck"/>
<error line="167" severity="error" message="Line is longer than 100 characters (found 106)." source="com.puppycrawl.tools.checkstyle.checks.sizes.LineLengthCheck"/>
<error line="171" severity="error" message="Line is longer than 100 characters (found 108)." source="com.puppycrawl.tools.checkstyle.checks.sizes.LineLengthCheck"/>
</file>
<file name="/home/jenkins/jenkins-home/workspace/hadoop-multibranch_PR-3259/ubuntu-focal/src/hadoop-mapreduce-project/hadoop-mapreduce-client/hadoop-mapreduce-client-common/src/main/java/org/apache/hadoop/mapreduce/v2/api/records/impl/pb/TaskAttemptReportPBImpl.java">
<error line="41" severity="error" message="Line is longer than 100 characters (found 109)." source="com.puppycrawl.tools.checkstyle.checks.sizes.LineLengthCheck"/>
<error line="42" column="26" severity="error" message="Variable &apos;proto&apos; must be private and have accessor methods." source="com.puppycrawl.tools.checkstyle.checks.design.VisibilityModifierCheck"/>
<error line="43" column="34" severity="error" message="Variable &apos;builder&apos; must be private and have accessor methods." source="com.puppycrawl.tools.checkstyle.checks.design.VisibilityModifierCheck"/>
<error line="44" column="11" severity="error" message="Variable &apos;viaProto&apos; must be private and have accessor methods." source="com.puppycrawl.tools.checkstyle.checks.design.VisibilityModifierCheck"/>
<error line="61" severity="error" message="&apos;method def&apos; child has incorrect indentation level 6, expected level should be 4." source="com.puppycrawl.tools.checkstyle.checks.indentation.IndentationCheck"/>
<error line="81" severity="error" message="&apos;if&apos; construct must use &apos;{}&apos;s." source="com.puppycrawl.tools.checkstyle.checks.blocks.NeedBracesCheck"/>
<error line="202" severity="error" message="&apos;if&apos; construct must use &apos;{}&apos;s." source="com.puppycrawl.tools.checkstyle.checks.blocks.NeedBracesCheck"/>
</file>
<file name="/home/jenkins/jenkins-home/workspace/hadoop-multibranch_PR-3259/ubuntu-focal/src/hadoop-mapreduce-project/hadoop-mapreduce-client/hadoop-mapreduce-client-common/src/main/java/org/apache/hadoop/mapreduce/v2/api/records/impl/pb/CounterPBImpl.java">
<error line="30" column="16" severity="error" message="Variable &apos;proto&apos; must be private and have accessor methods." source="com.puppycrawl.tools.checkstyle.checks.design.VisibilityModifierCheck"/>
<error line="31" column="24" severity="error" message="Variable &apos;builder&apos; must be private and have accessor methods." source="com.puppycrawl.tools.checkstyle.checks.design.VisibilityModifierCheck"/>
<error line="32" column="11" severity="error" message="Variable &apos;viaProto&apos; must be private and have accessor methods." source="com.puppycrawl.tools.checkstyle.checks.design.VisibilityModifierCheck"/>
</file>
<file name="/home/jenkins/jenkins-home/workspace/hadoop-multibranch_PR-3259/ubuntu-focal/src/hadoop-mapreduce-project/hadoop-mapreduce-client/hadoop-mapreduce-client-common/src/main/java/org/apache/hadoop/mapreduce/v2/api/records/impl/pb/TaskIdPBImpl.java">
<error line="31" column="15" severity="error" message="Variable &apos;proto&apos; must be private and have accessor methods." source="com.puppycrawl.tools.checkstyle.checks.design.VisibilityModifierCheck"/>
<error line="32" column="23" severity="error" message="Variable &apos;builder&apos; must be private and have accessor methods." source="com.puppycrawl.tools.checkstyle.checks.design.VisibilityModifierCheck"/>
<error line="33" column="11" severity="error" message="Variable &apos;viaProto&apos; must be private and have accessor methods." source="com.puppycrawl.tools.checkstyle.checks.design.VisibilityModifierCheck"/>
<error line="47" severity="error" message="&apos;method def&apos; child has incorrect indentation level 6, expected level should be 4." source="com.puppycrawl.tools.checkstyle.checks.indentation.IndentationCheck"/>
<error line="61" severity="error" message="&apos;if&apos; construct must use &apos;{}&apos;s." source="com.puppycrawl.tools.checkstyle.checks.blocks.NeedBracesCheck"/>
<error line="103" severity="error" message="&apos;if&apos; construct must use &apos;{}&apos;s." source="com.puppycrawl.tools.checkstyle.checks.blocks.NeedBracesCheck"/>
</file>
<file name="/home/jenkins/jenkins-home/workspace/hadoop-multibranch_PR-3259/ubuntu-focal/src/hadoop-mapreduce-project/hadoop-mapreduce-client/hadoop-mapreduce-client-common/src/main/java/org/apache/hadoop/mapreduce/v2/api/records/impl/pb/AMInfoPBImpl.java">
<error line="34" column="15" severity="error" message="Variable &apos;proto&apos; must be private and have accessor methods." source="com.puppycrawl.tools.checkstyle.checks.design.VisibilityModifierCheck"/>
<error line="35" column="23" severity="error" message="Variable &apos;builder&apos; must be private and have accessor methods." source="com.puppycrawl.tools.checkstyle.checks.design.VisibilityModifierCheck"/>
<error line="36" column="11" severity="error" message="Variable &apos;viaProto&apos; must be private and have accessor methods." source="com.puppycrawl.tools.checkstyle.checks.design.VisibilityModifierCheck"/>
<error line="71" severity="error" message="&apos;if&apos; construct must use &apos;{}&apos;s." source="com.puppycrawl.tools.checkstyle.checks.blocks.NeedBracesCheck"/>
</file>
<file name="/home/jenkins/jenkins-home/workspace/hadoop-multibranch_PR-3259/ubuntu-focal/src/hadoop-mapreduce-project/hadoop-mapreduce-client/hadoop-mapreduce-client-common/src/main/java/org/apache/hadoop/mapreduce/v2/api/records/impl/pb/CounterGroupPBImpl.java">
<error line="38" column="21" severity="error" message="Variable &apos;proto&apos; must be private and have accessor methods." source="com.puppycrawl.tools.checkstyle.checks.design.VisibilityModifierCheck"/>
<error line="39" column="29" severity="error" message="Variable &apos;builder&apos; must be private and have accessor methods." source="com.puppycrawl.tools.checkstyle.checks.design.VisibilityModifierCheck"/>
<error line="40" column="11" severity="error" message="Variable &apos;viaProto&apos; must be private and have accessor methods." source="com.puppycrawl.tools.checkstyle.checks.design.VisibilityModifierCheck"/>
<error line="55" severity="error" message="&apos;method def&apos; child has incorrect indentation level 6, expected level should be 4." source="com.puppycrawl.tools.checkstyle.checks.indentation.IndentationCheck"/>
<error line="68" severity="error" message="&apos;if&apos; construct must use &apos;{}&apos;s." source="com.puppycrawl.tools.checkstyle.checks.blocks.NeedBracesCheck"/>
<error line="144" column="57" severity="error" message="&apos;counters&apos; hides a field." source="com.puppycrawl.tools.checkstyle.checks.coding.HiddenFieldCheck"/>
<error line="145" severity="error" message="&apos;if&apos; construct must use &apos;{}&apos;s." source="com.puppycrawl.tools.checkstyle.checks.blocks.NeedBracesCheck"/>
<error line="154" severity="error" message="&apos;if&apos; construct must use &apos;{}&apos;s." source="com.puppycrawl.tools.checkstyle.checks.blocks.NeedBracesCheck"/>
<error line="162" column="28" severity="error" message="Variable &apos;keyIter&apos; must be private and have accessor methods." source="com.puppycrawl.tools.checkstyle.checks.design.VisibilityModifierCheck"/>
<error line="172" severity="error" message="Line is longer than 100 characters (found 124)." source="com.puppycrawl.tools.checkstyle.checks.sizes.LineLengthCheck"/>
</file>
<file name="/home/jenkins/jenkins-home/workspace/hadoop-multibranch_PR-3259/ubuntu-focal/src/hadoop-mapreduce-project/hadoop-mapreduce-client/hadoop-mapreduce-client-common/src/main/java/org/apache/hadoop/mapreduce/v2/api/records/impl/pb/package-info.java">
<error line="19" severity="error" message="Missing a Javadoc comment." source="com.puppycrawl.tools.checkstyle.checks.javadoc.JavadocStyleCheck"/>
</file>
<file name="/home/jenkins/jenkins-home/workspace/hadoop-multibranch_PR-3259/ubuntu-focal/src/hadoop-mapreduce-project/hadoop-mapreduce-client/hadoop-mapreduce-client-common/src/main/java/org/apache/hadoop/mapreduce/v2/api/records/impl/pb/TaskReportPBImpl.java">
<error line="42" column="19" severity="error" message="Variable &apos;proto&apos; must be private and have accessor methods." source="com.puppycrawl.tools.checkstyle.checks.design.VisibilityModifierCheck"/>
<error line="43" column="27" severity="error" message="Variable &apos;builder&apos; must be private and have accessor methods." source="com.puppycrawl.tools.checkstyle.checks.design.VisibilityModifierCheck"/>
<error line="44" column="11" severity="error" message="Variable &apos;viaProto&apos; must be private and have accessor methods." source="com.puppycrawl.tools.checkstyle.checks.design.VisibilityModifierCheck"/>
<error line="64" severity="error" message="&apos;method def&apos; child has incorrect indentation level 6, expected level should be 4." source="com.puppycrawl.tools.checkstyle.checks.indentation.IndentationCheck"/>
<error line="90" severity="error" message="&apos;if&apos; construct must use &apos;{}&apos;s." source="com.puppycrawl.tools.checkstyle.checks.blocks.NeedBracesCheck"/>
<error line="187" severity="error" message="&apos;if&apos; construct must use &apos;{}&apos;s." source="com.puppycrawl.tools.checkstyle.checks.blocks.NeedBracesCheck"/>
<error line="261" column="63" severity="error" message="&apos;runningAttempts&apos; hides a field." source="com.puppycrawl.tools.checkstyle.checks.coding.HiddenFieldCheck"/>
<error line="262" severity="error" message="&apos;if&apos; construct must use &apos;{}&apos;s." source="com.puppycrawl.tools.checkstyle.checks.blocks.NeedBracesCheck"/>
<error line="271" severity="error" message="&apos;if&apos; construct must use &apos;{}&apos;s." source="com.puppycrawl.tools.checkstyle.checks.blocks.NeedBracesCheck"/>
<error line="278" column="35" severity="error" message="Variable &apos;iter&apos; must be private and have accessor methods." source="com.puppycrawl.tools.checkstyle.checks.design.VisibilityModifierCheck"/>
<error line="302" column="47" severity="error" message="&apos;runningAttempts&apos; hides a field." source="com.puppycrawl.tools.checkstyle.checks.coding.HiddenFieldCheck"/>
<error line="332" severity="error" message="&apos;if&apos; construct must use &apos;{}&apos;s." source="com.puppycrawl.tools.checkstyle.checks.blocks.NeedBracesCheck"/>
<error line="366" column="52" severity="error" message="&apos;diagnostics&apos; hides a field." source="com.puppycrawl.tools.checkstyle.checks.coding.HiddenFieldCheck"/>
<error line="367" severity="error" message="&apos;if&apos; construct must use &apos;{}&apos;s." source="com.puppycrawl.tools.checkstyle.checks.blocks.NeedBracesCheck"/>
<error line="376" severity="error" message="&apos;if&apos; construct must use &apos;{}&apos;s." source="com.puppycrawl.tools.checkstyle.checks.blocks.NeedBracesCheck"/>
<error line="381" column="37" severity="error" message="&apos;diagnostics&apos; hides a field." source="com.puppycrawl.tools.checkstyle.checks.coding.HiddenFieldCheck"/>
</file>
<file name="/home/jenkins/jenkins-home/workspace/hadoop-multibranch_PR-3259/ubuntu-focal/src/hadoop-mapreduce-project/hadoop-mapreduce-client/hadoop-mapreduce-client-common/src/main/java/org/apache/hadoop/mapreduce/v2/api/records/impl/pb/CountersPBImpl.java">
<error line="39" column="17" severity="error" message="Variable &apos;proto&apos; must be private and have accessor methods." source="com.puppycrawl.tools.checkstyle.checks.design.VisibilityModifierCheck"/>
<error line="40" column="25" severity="error" message="Variable &apos;builder&apos; must be private and have accessor methods." source="com.puppycrawl.tools.checkstyle.checks.design.VisibilityModifierCheck"/>
<error line="41" column="11" severity="error" message="Variable &apos;viaProto&apos; must be private and have accessor methods." source="com.puppycrawl.tools.checkstyle.checks.design.VisibilityModifierCheck"/>
<error line="56" severity="error" message="&apos;method def&apos; child has incorrect indentation level 6, expected level should be 4." source="com.puppycrawl.tools.checkstyle.checks.indentation.IndentationCheck"/>
<error line="69" severity="error" message="&apos;if&apos; construct must use &apos;{}&apos;s." source="com.puppycrawl.tools.checkstyle.checks.blocks.NeedBracesCheck"/>
<error line="113" column="18" severity="error" message="Should use uppercase &apos;L&apos;." source="com.puppycrawl.tools.checkstyle.checks.UpperEllCheck"/>
<error line="134" column="67" severity="error" message="&apos;counterGroups&apos; hides a field." source="com.puppycrawl.tools.checkstyle.checks.coding.HiddenFieldCheck"/>
<error line="135" severity="error" message="&apos;if&apos; construct must use &apos;{}&apos;s." source="com.puppycrawl.tools.checkstyle.checks.blocks.NeedBracesCheck"/>
<error line="144" severity="error" message="&apos;if&apos; construct must use &apos;{}&apos;s." source="com.puppycrawl.tools.checkstyle.checks.blocks.NeedBracesCheck"/>
<error line="152" column="28" severity="error" message="Variable &apos;keyIter&apos; must be private and have accessor methods." source="com.puppycrawl.tools.checkstyle.checks.design.VisibilityModifierCheck"/>
<error line="162" severity="error" message="Line is longer than 100 characters (found 134)." source="com.puppycrawl.tools.checkstyle.checks.sizes.LineLengthCheck"/>
</file>
<file name="/home/jenkins/jenkins-home/workspace/hadoop-multibranch_PR-3259/ubuntu-focal/src/hadoop-mapreduce-project/hadoop-mapreduce-client/hadoop-mapreduce-client-common/src/main/java/org/apache/hadoop/mapreduce/v2/api/records/impl/pb/TaskAttemptIdPBImpl.java">
<error line="28" column="22" severity="error" message="Variable &apos;proto&apos; must be private and have accessor methods." source="com.puppycrawl.tools.checkstyle.checks.design.VisibilityModifierCheck"/>
<error line="29" column="30" severity="error" message="Variable &apos;builder&apos; must be private and have accessor methods." source="com.puppycrawl.tools.checkstyle.checks.design.VisibilityModifierCheck"/>
<error line="30" column="11" severity="error" message="Variable &apos;viaProto&apos; must be private and have accessor methods." source="com.puppycrawl.tools.checkstyle.checks.design.VisibilityModifierCheck"/>
<error line="46" severity="error" message="&apos;method def&apos; child has incorrect indentation level 6, expected level should be 4." source="com.puppycrawl.tools.checkstyle.checks.indentation.IndentationCheck"/>
<error line="60" severity="error" message="&apos;if&apos; construct must use &apos;{}&apos;s." source="com.puppycrawl.tools.checkstyle.checks.blocks.NeedBracesCheck"/>
<error line="102" severity="error" message="&apos;if&apos; construct must use &apos;{}&apos;s." source="com.puppycrawl.tools.checkstyle.checks.blocks.NeedBracesCheck"/>
</file>
<file name="/home/jenkins/jenkins-home/workspace/hadoop-multibranch_PR-3259/ubuntu-focal/src/hadoop-mapreduce-project/hadoop-mapreduce-client/hadoop-mapreduce-client-common/src/main/java/org/apache/hadoop/mapreduce/v2/api/records/Phase.java">
</file>
<file name="/home/jenkins/jenkins-home/workspace/hadoop-multibranch_PR-3259/ubuntu-focal/src/hadoop-mapreduce-project/hadoop-mapreduce-client/hadoop-mapreduce-client-common/src/main/java/org/apache/hadoop/mapreduce/v2/api/records/TaskType.java">
</file>
<file name="/home/jenkins/jenkins-home/workspace/hadoop-multibranch_PR-3259/ubuntu-focal/src/hadoop-mapreduce-project/hadoop-mapreduce-client/hadoop-mapreduce-client-common/src/main/java/org/apache/hadoop/mapreduce/v2/api/records/CounterGroup.java">
<error line="24" column="3" severity="error" message="Redundant &apos;public&apos; modifier." source="com.puppycrawl.tools.checkstyle.checks.modifier.RedundantModifierCheck"/>
<error line="25" column="3" severity="error" message="Redundant &apos;public&apos; modifier." source="com.puppycrawl.tools.checkstyle.checks.modifier.RedundantModifierCheck"/>
<error line="27" column="3" severity="error" message="Redundant &apos;public&apos; modifier." source="com.puppycrawl.tools.checkstyle.checks.modifier.RedundantModifierCheck"/>
<error line="28" column="3" severity="error" message="Redundant &apos;public&apos; modifier." source="com.puppycrawl.tools.checkstyle.checks.modifier.RedundantModifierCheck"/>
<error line="30" column="3" severity="error" message="Redundant &apos;public&apos; modifier." source="com.puppycrawl.tools.checkstyle.checks.modifier.RedundantModifierCheck"/>
<error line="31" column="3" severity="error" message="Redundant &apos;public&apos; modifier." source="com.puppycrawl.tools.checkstyle.checks.modifier.RedundantModifierCheck"/>
<error line="33" column="3" severity="error" message="Redundant &apos;public&apos; modifier." source="com.puppycrawl.tools.checkstyle.checks.modifier.RedundantModifierCheck"/>
<error line="34" column="3" severity="error" message="Redundant &apos;public&apos; modifier." source="com.puppycrawl.tools.checkstyle.checks.modifier.RedundantModifierCheck"/>
<error line="35" column="3" severity="error" message="Redundant &apos;public&apos; modifier." source="com.puppycrawl.tools.checkstyle.checks.modifier.RedundantModifierCheck"/>
<error line="36" column="3" severity="error" message="Redundant &apos;public&apos; modifier." source="com.puppycrawl.tools.checkstyle.checks.modifier.RedundantModifierCheck"/>
</file>
<file name="/home/jenkins/jenkins-home/workspace/hadoop-multibranch_PR-3259/ubuntu-focal/src/hadoop-mapreduce-project/hadoop-mapreduce-client/hadoop-mapreduce-client-common/src/main/java/org/apache/hadoop/mapreduce/v2/api/records/TaskAttemptCompletionEvent.java">
<error line="22" column="3" severity="error" message="Redundant &apos;public&apos; modifier." source="com.puppycrawl.tools.checkstyle.checks.modifier.RedundantModifierCheck"/>
<error line="23" column="3" severity="error" message="Redundant &apos;public&apos; modifier." source="com.puppycrawl.tools.checkstyle.checks.modifier.RedundantModifierCheck"/>
<error line="24" column="3" severity="error" message="Redundant &apos;public&apos; modifier." source="com.puppycrawl.tools.checkstyle.checks.modifier.RedundantModifierCheck"/>
<error line="25" column="3" severity="error" message="Redundant &apos;public&apos; modifier." source="com.puppycrawl.tools.checkstyle.checks.modifier.RedundantModifierCheck"/>
<error line="26" column="3" severity="error" message="Redundant &apos;public&apos; modifier." source="com.puppycrawl.tools.checkstyle.checks.modifier.RedundantModifierCheck"/>
<error line="28" column="3" severity="error" message="Redundant &apos;public&apos; modifier." source="com.puppycrawl.tools.checkstyle.checks.modifier.RedundantModifierCheck"/>
<error line="29" column="3" severity="error" message="Redundant &apos;public&apos; modifier." source="com.puppycrawl.tools.checkstyle.checks.modifier.RedundantModifierCheck"/>
<error line="30" column="3" severity="error" message="Redundant &apos;public&apos; modifier." source="com.puppycrawl.tools.checkstyle.checks.modifier.RedundantModifierCheck"/>
<error line="31" column="3" severity="error" message="Redundant &apos;public&apos; modifier." source="com.puppycrawl.tools.checkstyle.checks.modifier.RedundantModifierCheck"/>
<error line="32" column="3" severity="error" message="Redundant &apos;public&apos; modifier." source="com.puppycrawl.tools.checkstyle.checks.modifier.RedundantModifierCheck"/>
</file>
<file name="/home/jenkins/jenkins-home/workspace/hadoop-multibranch_PR-3259/ubuntu-focal/src/hadoop-mapreduce-project/hadoop-mapreduce-client/hadoop-mapreduce-client-common/src/main/java/org/apache/hadoop/mapreduce/v2/api/records/JobState.java">
</file>
<file name="/home/jenkins/jenkins-home/workspace/hadoop-multibranch_PR-3259/ubuntu-focal/src/hadoop-mapreduce-project/hadoop-mapreduce-client/hadoop-mapreduce-client-common/src/main/java/org/apache/hadoop/mapreduce/v2/util/MRBuilderUtils.java">
<error line="36" column="1" severity="error" message="Utility classes should not have a public or default constructor." source="com.puppycrawl.tools.checkstyle.checks.design.HideUtilityClassConstructorCheck"/>
<error line="66" column="27" severity="error" message="More than 7 parameters (found 15)." source="com.puppycrawl.tools.checkstyle.checks.sizes.ParameterNumberCheck"/>
<error line="77" column="27" severity="error" message="More than 7 parameters (found 16)." source="com.puppycrawl.tools.checkstyle.checks.sizes.ParameterNumberCheck"/>
</file>
<file name="/home/jenkins/jenkins-home/workspace/hadoop-multibranch_PR-3259/ubuntu-focal/src/hadoop-mapreduce-project/hadoop-mapreduce-client/hadoop-mapreduce-client-common/src/main/java/org/apache/hadoop/mapreduce/v2/util/LocalResourceBuilder.java">
</file>
<file name="/home/jenkins/jenkins-home/workspace/hadoop-multibranch_PR-3259/ubuntu-focal/src/hadoop-mapreduce-project/hadoop-mapreduce-client/hadoop-mapreduce-client-common/src/main/java/org/apache/hadoop/mapreduce/v2/util/MRApps.java">
<error line="75" severity="error" message="First sentence should end with a period." source="com.puppycrawl.tools.checkstyle.checks.javadoc.JavadocStyleCheck"/>
<error line="108" severity="error" message="switch without &quot;default&quot; clause." source="com.puppycrawl.tools.checkstyle.checks.coding.MissingSwitchDefaultCheck"/>
<error line="109" severity="error" message="&apos;case&apos; child has incorrect indentation level 6, expected level should be 4." source="com.puppycrawl.tools.checkstyle.checks.indentation.IndentationCheck"/>
<error line="110" severity="error" message="&apos;case&apos; child has incorrect indentation level 6, expected level should be 4." source="com.puppycrawl.tools.checkstyle.checks.indentation.IndentationCheck"/>
<error line="117" column="32" severity="error" message="&apos;{&apos; is followed by whitespace." source="com.puppycrawl.tools.checkstyle.checks.whitespace.NoWhitespaceAfterCheck"/>
<error line="120" column="32" severity="error" message="&apos;{&apos; is followed by whitespace." source="com.puppycrawl.tools.checkstyle.checks.whitespace.NoWhitespaceAfterCheck"/>
<error line="122" column="39" severity="error" message="&apos;{&apos; is followed by whitespace." source="com.puppycrawl.tools.checkstyle.checks.whitespace.NoWhitespaceAfterCheck"/>
<error line="123" column="35" severity="error" message="&apos;{&apos; is followed by whitespace." source="com.puppycrawl.tools.checkstyle.checks.whitespace.NoWhitespaceAfterCheck"/>
<error line="124" column="35" severity="error" message="&apos;{&apos; is followed by whitespace." source="com.puppycrawl.tools.checkstyle.checks.whitespace.NoWhitespaceAfterCheck"/>
<error line="128" column="5" severity="error" message="Redundant &apos;private&apos; modifier." source="com.puppycrawl.tools.checkstyle.checks.modifier.RedundantModifierCheck"/>
<error line="145" column="5" severity="error" message="Redundant &apos;private&apos; modifier." source="com.puppycrawl.tools.checkstyle.checks.modifier.RedundantModifierCheck"/>
<error line="156" severity="error" message="&apos;if&apos; construct must use &apos;{}&apos;s." source="com.puppycrawl.tools.checkstyle.checks.blocks.NeedBracesCheck"/>
<error line="157" severity="error" message="&apos;if&apos; construct must use &apos;{}&apos;s." source="com.puppycrawl.tools.checkstyle.checks.blocks.NeedBracesCheck"/>
<error line="213" severity="error" message="&apos;c&apos; has incorrect indentation level 10, expected level should be 12." source="com.puppycrawl.tools.checkstyle.checks.indentation.IndentationCheck"/>
<error line="220" severity="error" message="Line is longer than 100 characters (found 102)." source="com.puppycrawl.tools.checkstyle.checks.sizes.LineLengthCheck"/>
<error line="223" severity="error" message="&apos;c&apos; has incorrect indentation level 8, expected level should be 10." source="com.puppycrawl.tools.checkstyle.checks.indentation.IndentationCheck"/>
<error line="241" severity="error" message="&apos;conf&apos; has incorrect indentation level 6, expected level should be 8." source="com.puppycrawl.tools.checkstyle.checks.indentation.IndentationCheck"/>
<error line="244" severity="error" message="&apos;conf&apos; has incorrect indentation level 6, expected level should be 8." source="com.puppycrawl.tools.checkstyle.checks.indentation.IndentationCheck"/>
<error line="248" severity="error" message="&apos;classpathEnvVar&apos; has incorrect indentation level 6, expected level should be 8." source="com.puppycrawl.tools.checkstyle.checks.indentation.IndentationCheck"/>
<error line="289" severity="error" message="First sentence should end with a period." source="com.puppycrawl.tools.checkstyle.checks.javadoc.JavadocStyleCheck"/>
<error line="433" severity="error" message="&apos;object def rcurly&apos; has incorrect indentation level 6, expected level should be one of the following: 8, 10, 12." source="com.puppycrawl.tools.checkstyle.checks.indentation.IndentationCheck"/>
<error line="648" column="8" severity="error" message="&apos;(&apos; is followed by whitespace." source="com.puppycrawl.tools.checkstyle.checks.whitespace.ParenPadCheck"/>
<error line="680" severity="error" message="&apos;MRJobConfig&apos; has incorrect indentation level 6, expected level should be 8." source="com.puppycrawl.tools.checkstyle.checks.indentation.IndentationCheck"/>
</file>
<file name="/home/jenkins/jenkins-home/workspace/hadoop-multibranch_PR-3259/ubuntu-focal/src/hadoop-mapreduce-project/hadoop-mapreduce-client/hadoop-mapreduce-client-common/src/main/java/org/apache/hadoop/mapreduce/v2/util/MRProtoUtils.java">
<error line="34" column="1" severity="error" message="Utility classes should not have a public or default constructor." source="com.puppycrawl.tools.checkstyle.checks.design.HideUtilityClassConstructorCheck"/>
<error line="39" column="25" severity="error" message="Name &apos;JOB_STATE_PREFIX&apos; must match pattern &apos;^[a-z][a-zA-Z0-9]*$&apos;." source="com.puppycrawl.tools.checkstyle.checks.naming.StaticVariableNameCheck"/>
<error line="50" column="25" severity="error" message="Name &apos;PHASE_PREFIX&apos; must match pattern &apos;^[a-z][a-zA-Z0-9]*$&apos;." source="com.puppycrawl.tools.checkstyle.checks.naming.StaticVariableNameCheck"/>
<error line="61" column="25" severity="error" message="Name &apos;TACE_PREFIX&apos; must match pattern &apos;^[a-z][a-zA-Z0-9]*$&apos;." source="com.puppycrawl.tools.checkstyle.checks.naming.StaticVariableNameCheck"/>
<error line="62" severity="error" message="Line is longer than 100 characters (found 112)." source="com.puppycrawl.tools.checkstyle.checks.sizes.LineLengthCheck"/>
<error line="65" severity="error" message="Line is longer than 100 characters (found 114)." source="com.puppycrawl.tools.checkstyle.checks.sizes.LineLengthCheck"/>
<error line="72" column="25" severity="error" message="Name &apos;TASK_ATTEMPT_STATE_PREFIX&apos; must match pattern &apos;^[a-z][a-zA-Z0-9]*$&apos;." source="com.puppycrawl.tools.checkstyle.checks.naming.StaticVariableNameCheck"/>
<error line="83" column="25" severity="error" message="Name &apos;TASK_STATE_PREFIX&apos; must match pattern &apos;^[a-z][a-zA-Z0-9]*$&apos;." source="com.puppycrawl.tools.checkstyle.checks.naming.StaticVariableNameCheck"/>
</file>
<file name="/home/jenkins/jenkins-home/workspace/hadoop-multibranch_PR-3259/ubuntu-focal/src/hadoop-mapreduce-project/hadoop-mapreduce-client/hadoop-mapreduce-client-common/src/main/java/org/apache/hadoop/mapreduce/v2/util/MRWebAppUtil.java">
<error line="42" column="1" severity="error" message="Utility classes should not have a public or default constructor." source="com.puppycrawl.tools.checkstyle.checks.design.HideUtilityClassConstructorCheck"/>
<error line="146" severity="error" message="&apos;hsAddress&apos; has incorrect indentation level 6, expected level should be 8." source="com.puppycrawl.tools.checkstyle.checks.indentation.IndentationCheck"/>
<error line="147" severity="error" message="&apos;getDefaultJHSWebappURLWithoutScheme&apos; has incorrect indentation level 6, expected level should be 8." source="com.puppycrawl.tools.checkstyle.checks.indentation.IndentationCheck"/>
</file>
<file name="/home/jenkins/jenkins-home/workspace/hadoop-multibranch_PR-3259/ubuntu-focal/src/hadoop-mapreduce-project/hadoop-mapreduce-client/hadoop-mapreduce-client-common/src/main/java/org/apache/hadoop/mapreduce/v2/util/package-info.java">
<error line="19" severity="error" message="Missing a Javadoc comment." source="com.puppycrawl.tools.checkstyle.checks.javadoc.JavadocStyleCheck"/>
</file>
<file name="/home/jenkins/jenkins-home/workspace/hadoop-multibranch_PR-3259/ubuntu-focal/src/hadoop-mapreduce-project/hadoop-mapreduce-client/hadoop-mapreduce-client-common/src/main/java/org/apache/hadoop/mapreduce/v2/jobhistory/JobHistoryUtils.java">
<error line="53" column="1" severity="error" message="Utility classes should not have a public or default constructor." source="com.puppycrawl.tools.checkstyle.checks.design.HideUtilityClassConstructorCheck"/>
<error line="62" severity="error" message="&apos;FsPermission&apos; has incorrect indentation level 4, expected level should be 6." source="com.puppycrawl.tools.checkstyle.checks.indentation.IndentationCheck"/>
<error line="62" column="33" severity="error" message="&apos;(&apos; is followed by whitespace." source="com.puppycrawl.tools.checkstyle.checks.whitespace.ParenPadCheck"/>
<error line="68" severity="error" message="&apos;FsPermission&apos; has incorrect indentation level 4, expected level should be 6." source="com.puppycrawl.tools.checkstyle.checks.indentation.IndentationCheck"/>
<error line="76" severity="error" message="&apos;FsPermission&apos; has incorrect indentation level 4, expected level should be 6." source="com.puppycrawl.tools.checkstyle.checks.indentation.IndentationCheck"/>
<error line="79" severity="error" message="&apos;FsPermission&apos; has incorrect indentation level 4, expected level should be 6." source="com.puppycrawl.tools.checkstyle.checks.indentation.IndentationCheck"/>
<error line="92" severity="error" message="&apos;FsPermission&apos; has incorrect indentation level 4, expected level should be 6." source="com.puppycrawl.tools.checkstyle.checks.indentation.IndentationCheck"/>
<error line="95" severity="error" message="&apos;FsPermission&apos; has incorrect indentation level 4, expected level should be 6." source="com.puppycrawl.tools.checkstyle.checks.indentation.IndentationCheck"/>
<error line="116" severity="error" message="Line is longer than 100 characters (found 131)." source="com.puppycrawl.tools.checkstyle.checks.sizes.LineLengthCheck"/>
<error line="118" severity="error" message="Line is longer than 100 characters (found 112)." source="com.puppycrawl.tools.checkstyle.checks.sizes.LineLengthCheck"/>
<error line="152" column="12" severity="error" message="&apos;String&apos; is followed by whitespace." source="com.puppycrawl.tools.checkstyle.checks.whitespace.NoWhitespaceAfterCheck"/>
<error line="252" severity="error" message="First sentence should end with a period." source="com.puppycrawl.tools.checkstyle.checks.javadoc.JavadocStyleCheck"/>
<error line="281" column="5" severity="error" message="&apos;}&apos; at column 5 should be on the same line as the next part of a multi-block statement (one that directly contains multiple blocks: if/else-if/else, do/while or try/catch/finally)." source="com.puppycrawl.tools.checkstyle.checks.blocks.RightCurlyCheck"/>
<error line="415" severity="error" message="Line is longer than 100 characters (found 111)." source="com.puppycrawl.tools.checkstyle.checks.sizes.LineLengthCheck"/>
<error line="548" severity="error" message="&apos;if&apos; construct must use &apos;{}&apos;s." source="com.puppycrawl.tools.checkstyle.checks.blocks.NeedBracesCheck"/>
<error line="594" column="20" severity="error" message="&apos;,&apos; is not followed by whitespace." source="com.puppycrawl.tools.checkstyle.checks.whitespace.WhitespaceAfterCheck"/>
</file>
<file name="/home/jenkins/jenkins-home/workspace/hadoop-multibranch_PR-3259/ubuntu-focal/src/hadoop-mapreduce-project/hadoop-mapreduce-client/hadoop-mapreduce-client-common/src/main/java/org/apache/hadoop/mapreduce/v2/jobhistory/package-info.java">
<error line="19" severity="error" message="Missing a Javadoc comment." source="com.puppycrawl.tools.checkstyle.checks.javadoc.JavadocStyleCheck"/>
</file>
<file name="/home/jenkins/jenkins-home/workspace/hadoop-multibranch_PR-3259/ubuntu-focal/src/hadoop-mapreduce-project/hadoop-mapreduce-client/hadoop-mapreduce-client-common/src/main/java/org/apache/hadoop/mapreduce/v2/jobhistory/JobIndexInfo.java">
<error line="43" column="10" severity="error" message="More than 7 parameters (found 8)." source="com.puppycrawl.tools.checkstyle.checks.sizes.ParameterNumberCheck"/>
<error line="49" column="10" severity="error" message="More than 7 parameters (found 9)." source="com.puppycrawl.tools.checkstyle.checks.sizes.ParameterNumberCheck"/>
<error line="119" severity="error" message="&apos;method def&apos; child has incorrect indentation level 6, expected level should be 4." source="com.puppycrawl.tools.checkstyle.checks.indentation.IndentationCheck"/>
<error line="122" severity="error" message="&apos;method def&apos; child has incorrect indentation level 6, expected level should be 4." source="com.puppycrawl.tools.checkstyle.checks.indentation.IndentationCheck"/>
</file>
<file name="/home/jenkins/jenkins-home/workspace/hadoop-multibranch_PR-3259/ubuntu-focal/src/hadoop-mapreduce-project/hadoop-mapreduce-client/hadoop-mapreduce-client-common/src/main/java/org/apache/hadoop/mapreduce/v2/jobhistory/FileNameIndexUtils.java">
<error line="34" column="1" severity="error" message="Utility classes should not have a public or default constructor." source="com.puppycrawl.tools.checkstyle.checks.design.HideUtilityClassConstructorCheck"/>
<error line="219" severity="error" message="&apos;throws&apos; has incorrect indentation level 2, expected level should be 6." source="com.puppycrawl.tools.checkstyle.checks.indentation.IndentationCheck"/>
<error line="258" severity="error" message="&apos;throws&apos; has incorrect indentation level 2, expected level should be 6." source="com.puppycrawl.tools.checkstyle.checks.indentation.IndentationCheck"/>
<error line="308" severity="error" message="First sentence should end with a period." source="com.puppycrawl.tools.checkstyle.checks.javadoc.JavadocStyleCheck"/>
</file>
<file name="/home/jenkins/jenkins-home/workspace/hadoop-multibranch_PR-3259/ubuntu-focal/src/hadoop-mapreduce-project/hadoop-mapreduce-client/hadoop-mapreduce-client-common/src/main/java/org/apache/hadoop/mapreduce/v2/jobhistory/JHAdminConfig.java">
<error line="23" column="8" severity="error" message="Unused import - org.apache.hadoop.fs.CommonConfigurationKeysPublic." source="com.puppycrawl.tools.checkstyle.checks.imports.UnusedImportsCheck"/>
<error line="30" column="1" severity="error" message="Utility classes should not have a public or default constructor." source="com.puppycrawl.tools.checkstyle.checks.design.HideUtilityClassConstructorCheck"/>
<error line="57" severity="error" message="&apos;MR_HISTORY_PREFIX&apos; has incorrect indentation level 4, expected level should be 6." source="com.puppycrawl.tools.checkstyle.checks.indentation.IndentationCheck"/>
<error line="61" severity="error" message="&apos;MR_HISTORY_PREFIX&apos; has incorrect indentation level 4, expected level should be 6." source="com.puppycrawl.tools.checkstyle.checks.indentation.IndentationCheck"/>
<error line="63" severity="error" message="&apos;1&apos; has incorrect indentation level 4, expected level should be 6." source="com.puppycrawl.tools.checkstyle.checks.indentation.IndentationCheck"/>
<error line="63" column="24" severity="error" message="Should use uppercase &apos;L&apos;." source="com.puppycrawl.tools.checkstyle.checks.UpperEllCheck"/>
<error line="73" severity="error" message="&apos;MR_HISTORY_PREFIX&apos; has incorrect indentation level 4, expected level should be 6." source="com.puppycrawl.tools.checkstyle.checks.indentation.IndentationCheck"/>
<error line="81" severity="error" message="&apos;MR_HISTORY_PREFIX&apos; has incorrect indentation level 4, expected level should be 6." source="com.puppycrawl.tools.checkstyle.checks.indentation.IndentationCheck"/>
<error line="86" severity="error" message="&apos;MR_HISTORY_PREFIX&apos; has incorrect indentation level 4, expected level should be 6." source="com.puppycrawl.tools.checkstyle.checks.indentation.IndentationCheck"/>
<error line="100" severity="error" message="&apos;MR_HISTORY_PREFIX&apos; has incorrect indentation level 4, expected level should be 6." source="com.puppycrawl.tools.checkstyle.checks.indentation.IndentationCheck"/>
<error line="108" severity="error" message="&apos;MR_HISTORY_PREFIX&apos; has incorrect indentation level 4, expected level should be 6." source="com.puppycrawl.tools.checkstyle.checks.indentation.IndentationCheck"/>
<error line="116" severity="error" message="&apos;MR_HISTORY_PREFIX&apos; has incorrect indentation level 4, expected level should be 6." source="com.puppycrawl.tools.checkstyle.checks.indentation.IndentationCheck"/>
<error line="128" severity="error" message="&apos;MR_HISTORY_PREFIX&apos; has incorrect indentation level 4, expected level should be 6." source="com.puppycrawl.tools.checkstyle.checks.indentation.IndentationCheck"/>
<error line="130" severity="error" message="&apos;7&apos; has incorrect indentation level 4, expected level should be 6." source="com.puppycrawl.tools.checkstyle.checks.indentation.IndentationCheck"/>
<error line="137" severity="error" message="&apos;MR_HISTORY_PREFIX&apos; has incorrect indentation level 4, expected level should be 6." source="com.puppycrawl.tools.checkstyle.checks.indentation.IndentationCheck"/>
<error line="139" severity="error" message="&apos;3&apos; has incorrect indentation level 4, expected level should be 6." source="com.puppycrawl.tools.checkstyle.checks.indentation.IndentationCheck"/>
<error line="139" column="14" severity="error" message="Should use uppercase &apos;L&apos;." source="com.puppycrawl.tools.checkstyle.checks.UpperEllCheck"/>
<error line="143" severity="error" message="&apos;MR_HISTORY_PREFIX&apos; has incorrect indentation level 4, expected level should be 6." source="com.puppycrawl.tools.checkstyle.checks.indentation.IndentationCheck"/>
<error line="148" severity="error" message="&apos;MR_HISTORY_PREFIX&apos; has incorrect indentation level 4, expected level should be 6." source="com.puppycrawl.tools.checkstyle.checks.indentation.IndentationCheck"/>
<error line="150" severity="error" message="First sentence should end with a period." source="com.puppycrawl.tools.checkstyle.checks.javadoc.JavadocStyleCheck"/>
<error line="153" column="24" severity="error" message="Name &apos;DEFAULT_MR_HS_HTTP_POLICY&apos; must match pattern &apos;^[a-z][a-zA-Z0-9]*$&apos;." source="com.puppycrawl.tools.checkstyle.checks.naming.StaticVariableNameCheck"/>
<error line="153" column="24" severity="error" message="Variable &apos;DEFAULT_MR_HS_HTTP_POLICY&apos; must be private and have accessor methods." source="com.puppycrawl.tools.checkstyle.checks.design.VisibilityModifierCheck"/>
<error line="158" severity="error" message="&apos;MR_HISTORY_PREFIX&apos; has incorrect indentation level 4, expected level should be 6." source="com.puppycrawl.tools.checkstyle.checks.indentation.IndentationCheck"/>
<error line="161" severity="error" message="&apos;&quot;0.0.0.0:&quot;&apos; has incorrect indentation level 4, expected level should be 6." source="com.puppycrawl.tools.checkstyle.checks.indentation.IndentationCheck"/>
<error line="170" severity="error" message="First sentence should end with a period." source="com.puppycrawl.tools.checkstyle.checks.javadoc.JavadocStyleCheck"/>
<error line="174" severity="error" message="First sentence should end with a period." source="com.puppycrawl.tools.checkstyle.checks.javadoc.JavadocStyleCheck"/>
<error line="190" severity="error" message="&apos;MR_HISTORY_PREFIX&apos; has incorrect indentation level 4, expected level should be 6." source="com.puppycrawl.tools.checkstyle.checks.indentation.IndentationCheck"/>
<error line="200" severity="error" message="First sentence should end with a period." source="com.puppycrawl.tools.checkstyle.checks.javadoc.JavadocStyleCheck"/>
<error line="206" severity="error" message="First sentence should end with a period." source="com.puppycrawl.tools.checkstyle.checks.javadoc.JavadocStyleCheck"/>
<error line="213" severity="error" message="First sentence should end with a period." source="com.puppycrawl.tools.checkstyle.checks.javadoc.JavadocStyleCheck"/>
<error line="228" column="25" severity="error" message="Name &apos;DEFAULT_MR_HISTORY_MINICLUSTER_FIXED_PORTS&apos; must match pattern &apos;^[a-z][a-zA-Z0-9]*$&apos;." source="com.puppycrawl.tools.checkstyle.checks.naming.StaticVariableNameCheck"/>
<error line="228" column="25" severity="error" message="Variable &apos;DEFAULT_MR_HISTORY_MINICLUSTER_FIXED_PORTS&apos; must be private and have accessor methods." source="com.puppycrawl.tools.checkstyle.checks.design.VisibilityModifierCheck"/>
</file>
<file name="/home/jenkins/jenkins-home/workspace/hadoop-multibranch_PR-3259/ubuntu-focal/src/hadoop-mapreduce-project/hadoop-mapreduce-client/hadoop-mapreduce-client-common/src/main/java/org/apache/hadoop/mapreduce/v2/security/MRDelegationTokenRenewer.java">
<error line="1" severity="error" message="Missing package-info.java file." source="com.puppycrawl.tools.checkstyle.checks.javadoc.JavadocPackageCheck"/>
</file>
<file name="/home/jenkins/jenkins-home/workspace/hadoop-multibranch_PR-3259/ubuntu-focal/src/hadoop-mapreduce-project/hadoop-mapreduce-client/hadoop-mapreduce-client-common/src/main/java/org/apache/hadoop/mapreduce/v2/security/client/ClientHSSecurityInfo.java">
</file>
<file name="/home/jenkins/jenkins-home/workspace/hadoop-multibranch_PR-3259/ubuntu-focal/src/hadoop-mapreduce-project/hadoop-mapreduce-client/hadoop-mapreduce-client-common/src/main/java/org/apache/hadoop/mapreduce/v2/security/client/ClientHSTokenSelector.java">
</file>
<file name="/home/jenkins/jenkins-home/workspace/hadoop-multibranch_PR-3259/ubuntu-focal/src/hadoop-mapreduce-project/hadoop-mapreduce-client/hadoop-mapreduce-client-common/src/main/java/org/apache/hadoop/mapreduce/v2/security/client/package-info.java">
<error line="19" severity="error" message="Missing a Javadoc comment." source="com.puppycrawl.tools.checkstyle.checks.javadoc.JavadocStyleCheck"/>
</file>
<file name="/home/jenkins/jenkins-home/workspace/hadoop-multibranch_PR-3259/ubuntu-focal/src/hadoop-mapreduce-project/hadoop-mapreduce-client/hadoop-mapreduce-client-common/src/main/java/org/apache/hadoop/mapred/LocalDistributedCacheManager.java">
<error line="1" severity="error" message="Missing package-info.java file." source="com.puppycrawl.tools.checkstyle.checks.javadoc.JavadocPackageCheck"/>
<error line="54" column="8" severity="error" message="Unused import - org.apache.hadoop.yarn.util.ConverterUtils." source="com.puppycrawl.tools.checkstyle.checks.imports.UnusedImportsCheck"/>
<error line="91" severity="error" message="&apos;new&apos; has incorrect indentation level 6, expected level should be 8." source="com.puppycrawl.tools.checkstyle.checks.indentation.IndentationCheck"/>
<error line="112" severity="error" message="&apos;new&apos; has incorrect indentation level 6, expected level should be 8." source="com.puppycrawl.tools.checkstyle.checks.indentation.IndentationCheck"/>
<error line="119" severity="error" message="&apos;.&apos; has incorrect indentation level 6, expected level should be 10." source="com.puppycrawl.tools.checkstyle.checks.indentation.IndentationCheck"/>
<error line="120" severity="error" message="&apos;.&apos; has incorrect indentation level 6, expected level should be 10." source="com.puppycrawl.tools.checkstyle.checks.indentation.IndentationCheck"/>
<error line="155" column="11" severity="error" message="File contains tab characters (this is the first instance)." source="com.puppycrawl.tools.checkstyle.checks.whitespace.FileTabCharacterCheck"/>
</file>
<file name="/home/jenkins/jenkins-home/workspace/hadoop-multibranch_PR-3259/ubuntu-focal/src/hadoop-mapreduce-project/hadoop-mapreduce-client/hadoop-mapreduce-client-common/src/main/java/org/apache/hadoop/mapred/LocalJobRunnerMetrics.java">
</file>
<file name="/home/jenkins/jenkins-home/workspace/hadoop-multibranch_PR-3259/ubuntu-focal/src/hadoop-mapreduce-project/hadoop-mapreduce-client/hadoop-mapreduce-client-common/src/main/java/org/apache/hadoop/mapred/LocalJobRunner.java">
<error line="85" severity="error" message="First sentence should end with a period." source="com.puppycrawl.tools.checkstyle.checks.javadoc.JavadocStyleCheck"/>
<error line="87" severity="error" message="&apos;&quot;mapreduce.local.map.tasks.maximum&quot;&apos; has incorrect indentation level 4, expected level should be 6." source="com.puppycrawl.tools.checkstyle.checks.indentation.IndentationCheck"/>
<error line="89" severity="error" message="First sentence should end with a period." source="com.puppycrawl.tools.checkstyle.checks.javadoc.JavadocStyleCheck"/>
<error line="91" severity="error" message="&apos;&quot;mapreduce.local.reduce.tasks.maximum&quot;&apos; has incorrect indentation level 4, expected level should be 6." source="com.puppycrawl.tools.checkstyle.checks.indentation.IndentationCheck"/>
<error line="98" column="25" severity="error" message="Name &apos;map_tasks&apos; must match pattern &apos;^[a-z][a-zA-Z0-9]*$&apos;." source="com.puppycrawl.tools.checkstyle.checks.naming.MemberNameCheck"/>
<error line="99" column="25" severity="error" message="Name &apos;reduce_tasks&apos; must match pattern &apos;^[a-z][a-zA-Z0-9]*$&apos;." source="com.puppycrawl.tools.checkstyle.checks.naming.MemberNameCheck"/>
<error line="100" column="16" severity="error" message="Variable &apos;rand&apos; must be private and have accessor methods." source="com.puppycrawl.tools.checkstyle.checks.design.VisibilityModifierCheck"/>
<error line="104" column="31" severity="error" message="Name &apos;jobDir&apos; must match pattern &apos;^[A-Z][A-Z0-9]*(_[A-Z0-9]+)*$&apos;." source="com.puppycrawl.tools.checkstyle.checks.naming.ConstantNameCheck"/>
<error line="132" column="19" severity="error" message="&apos;float&apos; is followed by whitespace." source="com.puppycrawl.tools.checkstyle.checks.whitespace.NoWhitespaceAfterCheck"/>
<error line="133" column="19" severity="error" message="&apos;float&apos; is followed by whitespace." source="com.puppycrawl.tools.checkstyle.checks.whitespace.NoWhitespaceAfterCheck"/>
<error line="134" column="22" severity="error" message="&apos;Counters&apos; is followed by whitespace." source="com.puppycrawl.tools.checkstyle.checks.whitespace.NoWhitespaceAfterCheck"/>
<error line="135" column="22" severity="error" message="&apos;Counters&apos; is followed by whitespace." source="com.puppycrawl.tools.checkstyle.checks.whitespace.NoWhitespaceAfterCheck"/>
<error line="143" column="13" severity="error" message="Variable &apos;killed&apos; must be private and have accessor methods." source="com.puppycrawl.tools.checkstyle.checks.design.VisibilityModifierCheck"/>
<error line="158" column="5" severity="error" message="Redundant &apos;public&apos; modifier." source="com.puppycrawl.tools.checkstyle.checks.modifier.RedundantModifierCheck"/>
<error line="162" column="15" severity="error" message="&apos;conf&apos; hides a field." source="com.puppycrawl.tools.checkstyle.checks.coding.HiddenFieldCheck"/>
<error line="222" column="33" severity="error" message="Variable &apos;storedException&apos; must be private and have accessor methods." source="com.puppycrawl.tools.checkstyle.checks.design.VisibilityModifierCheck"/>
<error line="255" severity="error" message="&apos;info&apos; has incorrect indentation level 12, expected level should be 14." source="com.puppycrawl.tools.checkstyle.checks.indentation.IndentationCheck"/>
<error line="293" column="27" severity="error" message="&apos;TaskSplitMetaInfo&apos; is followed by whitespace." source="com.puppycrawl.tools.checkstyle.checks.whitespace.NoWhitespaceAfterCheck"/>
<error line="429" severity="error" message="&apos;.&apos; has incorrect indentation level 8, expected level should be 10." source="com.puppycrawl.tools.checkstyle.checks.indentation.IndentationCheck"/>
<error line="430" severity="error" message="&apos;.&apos; has incorrect indentation level 8, expected level should be 10." source="com.puppycrawl.tools.checkstyle.checks.indentation.IndentationCheck"/>
<error line="498" severity="error" message="&apos;createOutputCommitter&apos; has incorrect indentation level 4, expected level should be 8." source="com.puppycrawl.tools.checkstyle.checks.indentation.IndentationCheck"/>
<error line="498" severity="error" message="Line is longer than 100 characters (found 102)." source="com.puppycrawl.tools.checkstyle.checks.sizes.LineLengthCheck"/>
<error line="498" column="79" severity="error" message="&apos;conf&apos; hides a field." source="com.puppycrawl.tools.checkstyle.checks.coding.HiddenFieldCheck"/>
<error line="512" severity="error" message="&apos;ReflectionUtils&apos; has incorrect indentation level 10, expected level should be 12." source="com.puppycrawl.tools.checkstyle.checks.indentation.IndentationCheck"/>
<error line="540" column="13" severity="error" message="&apos;numReduceTasks&apos; hides a field." source="com.puppycrawl.tools.checkstyle.checks.coding.HiddenFieldCheck"/>
<error line="580" severity="error" message="&apos;org&apos; has incorrect indentation level 12, expected level should be 14." source="com.puppycrawl.tools.checkstyle.checks.indentation.IndentationCheck"/>
<error line="615" column="48" severity="error" message="&apos;{&apos; at column 48 should have line break after." source="com.puppycrawl.tools.checkstyle.checks.blocks.LeftCurlyCheck"/>
<error line="690" severity="error" message="First sentence should end with a period." source="com.puppycrawl.tools.checkstyle.checks.javadoc.JavadocStyleCheck"/>
<error line="696" severity="error" message="&apos;throws&apos; has incorrect indentation level 4, expected level should be 8." source="com.puppycrawl.tools.checkstyle.checks.indentation.IndentationCheck"/>
<error line="713" severity="error" message="&apos;throws&apos; has incorrect indentation level 4, expected level should be 8." source="com.puppycrawl.tools.checkstyle.checks.indentation.IndentationCheck"/>
<error line="729" severity="error" message="&apos;throws&apos; has incorrect indentation level 4, expected level should be 8." source="com.puppycrawl.tools.checkstyle.checks.indentation.IndentationCheck"/>
<error line="739" severity="error" message="&apos;throws&apos; has incorrect indentation level 4, expected level should be 8." source="com.puppycrawl.tools.checkstyle.checks.indentation.IndentationCheck"/>
<error line="745" column="53" severity="error" message="&apos;id&apos; hides a field." source="com.puppycrawl.tools.checkstyle.checks.coding.HiddenFieldCheck"/>
<error line="792" column="41" severity="error" message="&apos;jobid&apos; hides a field." source="com.puppycrawl.tools.checkstyle.checks.coding.HiddenFieldCheck"/>
<error line="811" severity="error" message="First sentence should end with a period." source="com.puppycrawl.tools.checkstyle.checks.javadoc.JavadocStyleCheck"/>
<error line="826" severity="error" message="&apos;if&apos; construct must use &apos;{}&apos;s." source="com.puppycrawl.tools.checkstyle.checks.blocks.NeedBracesCheck"/>
<error line="828" severity="error" message="&apos;else&apos; construct must use &apos;{}&apos;s." source="com.puppycrawl.tools.checkstyle.checks.blocks.NeedBracesCheck"/>
<error line="877" column="41" severity="error" message="&apos;jobid&apos; hides a field." source="com.puppycrawl.tools.checkstyle.checks.coding.HiddenFieldCheck"/>
<error line="878" column="7" severity="error" message="&apos;,&apos; is preceded with whitespace." source="com.puppycrawl.tools.checkstyle.checks.whitespace.NoWhitespaceBeforeCheck"/>
<error line="882" column="63" severity="error" message="&apos;{&apos; at column 63 should have line break after." source="com.puppycrawl.tools.checkstyle.checks.blocks.LeftCurlyCheck"/>
<error line="882" column="75" severity="error" message="&apos;;&apos; is not followed by whitespace." source="com.puppycrawl.tools.checkstyle.checks.whitespace.WhitespaceAfterCheck"/>
<error line="891" severity="error" message="&apos;method def&apos; child has incorrect indentation level 10, expected level should be 4." source="com.puppycrawl.tools.checkstyle.checks.indentation.IndentationCheck"/>
<error line="891" column="1" severity="error" message="File contains tab characters (this is the first instance)." source="com.puppycrawl.tools.checkstyle.checks.whitespace.FileTabCharacterCheck"/>
<error line="891" column="29" severity="error" message="&apos;String&apos; is followed by whitespace." source="com.puppycrawl.tools.checkstyle.checks.whitespace.NoWhitespaceAfterCheck"/>
<error line="899" severity="error" message="&apos;conf&apos; has incorrect indentation level 6, expected level should be 8." source="com.puppycrawl.tools.checkstyle.checks.indentation.IndentationCheck"/>
<error line="907" severity="error" message="&apos;method def&apos; child has incorrect indentation level 10, expected level should be 4." source="com.puppycrawl.tools.checkstyle.checks.indentation.IndentationCheck"/>
<error line="907" column="44" severity="error" message="&apos;;&apos; is not followed by whitespace." source="com.puppycrawl.tools.checkstyle.checks.whitespace.WhitespaceAfterCheck"/>
<error line="1001" severity="error" message="&apos;method def rparen&apos; has incorrect indentation level 39, expected level should be 2." source="com.puppycrawl.tools.checkstyle.checks.indentation.IndentationCheck"/>
<error line="1007" severity="error" message="&apos;getDelegationToken&apos; has incorrect indentation level 5, expected level should be 6." source="com.puppycrawl.tools.checkstyle.checks.indentation.IndentationCheck"/>
<error line="1013" severity="error" message="&apos;method def rparen&apos; has incorrect indentation level 38, expected level should be 2." source="com.puppycrawl.tools.checkstyle.checks.indentation.IndentationCheck"/>
<error line="1013" column="59" severity="error" message="&apos;,&apos; is not followed by whitespace." source="com.puppycrawl.tools.checkstyle.checks.whitespace.WhitespaceAfterCheck"/>
<error line="1044" column="53" severity="error" message="&apos;jobid&apos; hides a field." source="com.puppycrawl.tools.checkstyle.checks.coding.HiddenFieldCheck"/>
<error line="1047" severity="error" message="&apos;+&apos; has incorrect indentation level 6, expected level should be 8." source="com.puppycrawl.tools.checkstyle.checks.indentation.IndentationCheck"/>
</file>
<file name="/home/jenkins/jenkins-home/workspace/hadoop-multibranch_PR-3259/ubuntu-focal/src/hadoop-mapreduce-project/hadoop-mapreduce-client/hadoop-mapreduce-client-common/src/main/java/org/apache/hadoop/mapred/LocalClientProtocolProvider.java">
</file>
<file name="/home/jenkins/jenkins-home/workspace/hadoop-multibranch_PR-3259/ubuntu-focal/src/hadoop-mapreduce-project/hadoop-mapreduce-client/hadoop-mapreduce-client-common/src/main/java/org/apache/hadoop/yarn/proto/HSClientProtocol.java">
<error line="1" severity="error" message="Missing package-info.java file." source="com.puppycrawl.tools.checkstyle.checks.javadoc.JavadocPackageCheck"/>
<error line="30" column="3" severity="error" message="Redundant &apos;public&apos; modifier." source="com.puppycrawl.tools.checkstyle.checks.modifier.RedundantModifierCheck"/>
</file>
<file name="/home/jenkins/jenkins-home/workspace/hadoop-multibranch_PR-3259/ubuntu-focal/src/hadoop-mapreduce-project/hadoop-mapreduce-client/hadoop-mapreduce-client-common/src/test/java/org/apache/hadoop/mapreduce/v2/TestRPCFactories.java">
<error line="112" severity="error" message="Line is longer than 100 characters (found 144)." source="com.puppycrawl.tools.checkstyle.checks.sizes.LineLengthCheck"/>
</file>
<file name="/home/jenkins/jenkins-home/workspace/hadoop-multibranch_PR-3259/ubuntu-focal/src/hadoop-mapreduce-project/hadoop-mapreduce-client/hadoop-mapreduce-client-common/src/test/java/org/apache/hadoop/mapreduce/v2/api/records/TestIds.java">
<error line="34" column="16" severity="error" message="Should use uppercase &apos;L&apos;." source="com.puppycrawl.tools.checkstyle.checks.UpperEllCheck"/>
<error line="35" column="16" severity="error" message="Should use uppercase &apos;L&apos;." source="com.puppycrawl.tools.checkstyle.checks.UpperEllCheck"/>
<error line="60" column="16" severity="error" message="Should use uppercase &apos;L&apos;." source="com.puppycrawl.tools.checkstyle.checks.UpperEllCheck"/>
<error line="61" column="16" severity="error" message="Should use uppercase &apos;L&apos;." source="com.puppycrawl.tools.checkstyle.checks.UpperEllCheck"/>
<error line="90" column="16" severity="error" message="Should use uppercase &apos;L&apos;." source="com.puppycrawl.tools.checkstyle.checks.UpperEllCheck"/>
<error line="91" column="16" severity="error" message="Should use uppercase &apos;L&apos;." source="com.puppycrawl.tools.checkstyle.checks.UpperEllCheck"/>
</file>
<file name="/home/jenkins/jenkins-home/workspace/hadoop-multibranch_PR-3259/ubuntu-focal/src/hadoop-mapreduce-project/hadoop-mapreduce-client/hadoop-mapreduce-client-common/src/test/java/org/apache/hadoop/mapreduce/v2/util/TestMRApps.java">
<error line="43" column="8" severity="error" message="Unused import - org.apache.hadoop.mapred.InvalidJobConfException." source="com.puppycrawl.tools.checkstyle.checks.imports.UnusedImportsCheck"/>
<error line="154" severity="error" message="Line is longer than 100 characters (found 109)." source="com.puppycrawl.tools.checkstyle.checks.sizes.LineLengthCheck"/>
<error line="157" severity="error" message="Line is longer than 100 characters (found 107)." source="com.puppycrawl.tools.checkstyle.checks.sizes.LineLengthCheck"/>
<error line="196" severity="error" message="&apos;ApplicationConstants&apos; has incorrect indentation level 6, expected level should be 8." source="com.puppycrawl.tools.checkstyle.checks.indentation.IndentationCheck"/>
<error line="221" column="44" severity="error" message="&apos;(&apos; is preceded with whitespace." source="com.puppycrawl.tools.checkstyle.checks.whitespace.MethodParamPadCheck"/>
<error line="231" severity="error" message="&apos;testTGZ&apos; has incorrect indentation level 6, expected level should be 8." source="com.puppycrawl.tools.checkstyle.checks.indentation.IndentationCheck"/>
<error line="237" severity="error" message="&apos;ApplicationConstants&apos; has incorrect indentation level 6, expected level should be 8." source="com.puppycrawl.tools.checkstyle.checks.indentation.IndentationCheck"/>
<error line="250" severity="error" message="&apos;method def modifier&apos; has incorrect indentation level 1, expected level should be 2." source="com.puppycrawl.tools.checkstyle.checks.indentation.IndentationCheck"/>
<error line="261" column="12" severity="error" message="Name &apos;env_str&apos; must match pattern &apos;^[a-z][a-zA-Z0-9]*$&apos;." source="com.puppycrawl.tools.checkstyle.checks.naming.LocalVariableNameCheck"/>
<error line="267" severity="error" message="&apos;env_str&apos; has incorrect indentation level 6, expected level should be 8." source="com.puppycrawl.tools.checkstyle.checks.indentation.IndentationCheck"/>
<error line="281" column="12" severity="error" message="Name &apos;env_str&apos; must match pattern &apos;^[a-z][a-zA-Z0-9]*$&apos;." source="com.puppycrawl.tools.checkstyle.checks.naming.LocalVariableNameCheck"/>
<error line="286" severity="error" message="&apos;+&apos; has incorrect indentation level 6, expected level should be 8." source="com.puppycrawl.tools.checkstyle.checks.indentation.IndentationCheck"/>
<error line="288" severity="error" message="&apos;env_str&apos; has incorrect indentation level 6, expected level should be 8." source="com.puppycrawl.tools.checkstyle.checks.indentation.IndentationCheck"/>
<error line="301" severity="error" message="&apos;+&apos; has incorrect indentation level 6, expected level should be 8." source="com.puppycrawl.tools.checkstyle.checks.indentation.IndentationCheck"/>
<error line="303" severity="error" message="&apos;cp&apos; has incorrect indentation level 6, expected level should be 8." source="com.puppycrawl.tools.checkstyle.checks.indentation.IndentationCheck"/>
<error line="309" severity="error" message="&apos;+&apos; has incorrect indentation level 6, expected level should be 8." source="com.puppycrawl.tools.checkstyle.checks.indentation.IndentationCheck"/>
<error line="314" column="18" severity="error" message="Name &apos;FRAMEWORK_NAME&apos; must match pattern &apos;^[a-z][a-zA-Z0-9]*$&apos;." source="com.puppycrawl.tools.checkstyle.checks.naming.LocalFinalVariableNameCheck"/>
<error line="315" column="18" severity="error" message="Name &apos;FRAMEWORK_PATH&apos; must match pattern &apos;^[a-z][a-zA-Z0-9]*$&apos;." source="com.puppycrawl.tools.checkstyle.checks.naming.LocalFinalVariableNameCheck"/>
<error line="330" column="18" severity="error" message="Name &apos;FRAMEWORK_CLASSPATH&apos; must match pattern &apos;^[a-z][a-zA-Z0-9]*$&apos;." source="com.puppycrawl.tools.checkstyle.checks.naming.LocalFinalVariableNameCheck"/>
<error line="388" severity="error" message="&apos;new&apos; has incorrect indentation level 6, expected level should be 8." source="com.puppycrawl.tools.checkstyle.checks.indentation.IndentationCheck"/>
<error line="395" column="18" severity="error" message="Should use uppercase &apos;L&apos;." source="com.puppycrawl.tools.checkstyle.checks.UpperEllCheck"/>
<error line="396" column="18" severity="error" message="Should use uppercase &apos;L&apos;." source="com.puppycrawl.tools.checkstyle.checks.UpperEllCheck"/>
<error line="424" severity="error" message="&apos;new&apos; has incorrect indentation level 6, expected level should be 8." source="com.puppycrawl.tools.checkstyle.checks.indentation.IndentationCheck"/>
<error line="431" column="18" severity="error" message="Should use uppercase &apos;L&apos;." source="com.puppycrawl.tools.checkstyle.checks.UpperEllCheck"/>
<error line="432" column="18" severity="error" message="Should use uppercase &apos;L&apos;." source="com.puppycrawl.tools.checkstyle.checks.UpperEllCheck"/>
<error line="463" severity="error" message="&apos;new&apos; has incorrect indentation level 6, expected level should be 8." source="com.puppycrawl.tools.checkstyle.checks.indentation.IndentationCheck"/>
<error line="468" column="18" severity="error" message="Should use uppercase &apos;L&apos;." source="com.puppycrawl.tools.checkstyle.checks.UpperEllCheck"/>
<error line="469" column="18" severity="error" message="Should use uppercase &apos;L&apos;." source="com.puppycrawl.tools.checkstyle.checks.UpperEllCheck"/>
<error line="473" column="18" severity="error" message="Should use uppercase &apos;L&apos;." source="com.puppycrawl.tools.checkstyle.checks.UpperEllCheck"/>
<error line="474" column="18" severity="error" message="Should use uppercase &apos;L&apos;." source="com.puppycrawl.tools.checkstyle.checks.UpperEllCheck"/>
<error line="524" severity="error" message="&apos;array initialization&apos; child has incorrect indentation level 8, expected level should be 6." source="com.puppycrawl.tools.checkstyle.checks.indentation.IndentationCheck"/>
<error line="526" severity="error" message="&apos;array initialization&apos; child has incorrect indentation level 8, expected level should be 6." source="com.puppycrawl.tools.checkstyle.checks.indentation.IndentationCheck"/>
<error line="527" severity="error" message="&apos;array initialization&apos; child has incorrect indentation level 8, expected level should be 6." source="com.puppycrawl.tools.checkstyle.checks.indentation.IndentationCheck"/>
</file>
<file name="/home/jenkins/jenkins-home/workspace/hadoop-multibranch_PR-3259/ubuntu-focal/src/hadoop-mapreduce-project/hadoop-mapreduce-client/hadoop-mapreduce-client-common/src/test/java/org/apache/hadoop/mapreduce/v2/jobhistory/TestFileNameIndexUtils.java">
<error line="306" severity="error" message="&apos;method call&apos; child has incorrect indentation level 6, expected level should be 8." source="com.puppycrawl.tools.checkstyle.checks.indentation.IndentationCheck"/>
<error line="381" column="24" severity="error" message="&apos;)&apos; is preceded with whitespace." source="com.puppycrawl.tools.checkstyle.checks.whitespace.ParenPadCheck"/>
<error line="421" column="24" severity="error" message="&apos;)&apos; is preceded with whitespace." source="com.puppycrawl.tools.checkstyle.checks.whitespace.ParenPadCheck"/>
<error line="439" column="20" severity="error" message="&apos;)&apos; is preceded with whitespace." source="com.puppycrawl.tools.checkstyle.checks.whitespace.ParenPadCheck"/>
</file>
<file name="/home/jenkins/jenkins-home/workspace/hadoop-multibranch_PR-3259/ubuntu-focal/src/hadoop-mapreduce-project/hadoop-mapreduce-client/hadoop-mapreduce-client-common/src/test/java/org/apache/hadoop/mapreduce/v2/jobhistory/TestJobHistoryUtils.java">
<error line="93" severity="error" message="&apos;.&apos; has incorrect indentation level 7, expected level should be 8." source="com.puppycrawl.tools.checkstyle.checks.indentation.IndentationCheck"/>
<error line="155" severity="error" message="&apos;&quot;775&quot;&apos; has incorrect indentation level 6, expected level should be 8." source="com.puppycrawl.tools.checkstyle.checks.indentation.IndentationCheck"/>
<error line="156" severity="error" message="&apos;&quot;123&quot;&apos; has incorrect indentation level 6, expected level should be 8." source="com.puppycrawl.tools.checkstyle.checks.indentation.IndentationCheck"/>
<error line="157" severity="error" message="&apos;&quot;-rwx&quot;&apos; has incorrect indentation level 6, expected level should be 8." source="com.puppycrawl.tools.checkstyle.checks.indentation.IndentationCheck"/>
<error line="157" column="38" severity="error" message="&apos;,&apos; is preceded with whitespace." source="com.puppycrawl.tools.checkstyle.checks.whitespace.NoWhitespaceBeforeCheck"/>
<error line="158" severity="error" message="&apos;&quot;+rwx&quot;&apos; has incorrect indentation level 6, expected level should be 8." source="com.puppycrawl.tools.checkstyle.checks.indentation.IndentationCheck"/>
</file>
<file name="/home/jenkins/jenkins-home/workspace/hadoop-multibranch_PR-3259/ubuntu-focal/src/hadoop-mapreduce-project/hadoop-mapreduce-client/hadoop-mapreduce-client-common/src/test/java/org/apache/hadoop/mapreduce/v2/TestRecordFactory.java">
</file>
<file name="/home/jenkins/jenkins-home/workspace/hadoop-multibranch_PR-3259/ubuntu-focal/src/hadoop-mapreduce-project/hadoop-mapreduce-client/hadoop-mapreduce-client-common/src/test/java/org/apache/hadoop/mapreduce/TestTypeConverter.java">
<error line="143" severity="error" message="Line is longer than 100 characters (found 102)." source="com.puppycrawl.tools.checkstyle.checks.sizes.LineLengthCheck"/>
<error line="145" severity="error" message="Line is longer than 100 characters (found 108)." source="com.puppycrawl.tools.checkstyle.checks.sizes.LineLengthCheck"/>
<error line="168" severity="error" message="First sentence should end with a period." source="com.puppycrawl.tools.checkstyle.checks.javadoc.JavadocStyleCheck"/>
<error line="176" severity="error" message="&apos;Mockito&apos; has incorrect indentation level 6, expected level should be 8." source="com.puppycrawl.tools.checkstyle.checks.indentation.IndentationCheck"/>
<error line="181" severity="error" message="&apos;Mockito&apos; has incorrect indentation level 6, expected level should be 8." source="com.puppycrawl.tools.checkstyle.checks.indentation.IndentationCheck"/>
<error line="183" severity="error" message="&apos;new&apos; has incorrect indentation level 6, expected level should be 8." source="com.puppycrawl.tools.checkstyle.checks.indentation.IndentationCheck"/>
<error line="190" severity="error" message="&apos;TypeConverter&apos; has incorrect indentation level 6, expected level should be 8." source="com.puppycrawl.tools.checkstyle.checks.indentation.IndentationCheck"/>
</file>
<file name="/home/jenkins/jenkins-home/workspace/hadoop-multibranch_PR-3259/ubuntu-focal/src/hadoop-mapreduce-project/hadoop-mapreduce-client/hadoop-mapreduce-client-common/src/test/java/org/apache/hadoop/mapred/TestMRWithDistributedCache.java">
<error line="69" column="23" severity="error" message="Name &apos;TEST_ROOT_DIR&apos; must match pattern &apos;^[a-z][a-zA-Z0-9]*$&apos;." source="com.puppycrawl.tools.checkstyle.checks.naming.StaticVariableNameCheck"/>
<error line="70" severity="error" message="&apos;new&apos; has incorrect indentation level 4, expected level should be 6." source="com.puppycrawl.tools.checkstyle.checks.indentation.IndentationCheck"/>
<error line="70" column="50" severity="error" message="&apos;,&apos; is not followed by whitespace." source="com.puppycrawl.tools.checkstyle.checks.whitespace.WhitespaceAfterCheck"/>
<error line="73" severity="error" message="&apos;new&apos; has incorrect indentation level 4, expected level should be 6." source="com.puppycrawl.tools.checkstyle.checks.indentation.IndentationCheck"/>
<error line="91" column="21" severity="error" message="&apos;conf&apos; hides a field." source="com.puppycrawl.tools.checkstyle.checks.coding.HiddenFieldCheck"/>
<error line="159" column="43" severity="error" message="&apos;conf&apos; hides a field." source="com.puppycrawl.tools.checkstyle.checks.coding.HiddenFieldCheck"/>
<error line="179" severity="error" message="&apos;new&apos; has incorrect indentation level 6, expected level should be 8." source="com.puppycrawl.tools.checkstyle.checks.indentation.IndentationCheck"/>
</file>
<file name="/home/jenkins/jenkins-home/workspace/hadoop-multibranch_PR-3259/ubuntu-focal/src/hadoop-mapreduce-project/hadoop-mapreduce-client/hadoop-mapreduce-client-common/src/test/java/org/apache/hadoop/mapred/TestJobClientGetJob.java">
<error line="33" column="23" severity="error" message="Name &apos;TEST_ROOT_DIR&apos; must match pattern &apos;^[a-z][a-zA-Z0-9]*$&apos;." source="com.puppycrawl.tools.checkstyle.checks.naming.StaticVariableNameCheck"/>
<error line="34" severity="error" message="&apos;new&apos; has incorrect indentation level 4, expected level should be 6." source="com.puppycrawl.tools.checkstyle.checks.indentation.IndentationCheck"/>
<error line="34" column="50" severity="error" message="&apos;,&apos; is not followed by whitespace." source="com.puppycrawl.tools.checkstyle.checks.whitespace.WhitespaceAfterCheck"/>
</file>
<file name="/home/jenkins/jenkins-home/workspace/hadoop-multibranch_PR-3259/ubuntu-focal/src/hadoop-mapreduce-project/hadoop-mapreduce-client/hadoop-mapreduce-client-common/src/test/java/org/apache/hadoop/mapred/TestLocalDistributedCacheManager.java">
<error line="114" column="5" severity="error" message="Redundant &apos;public&apos; modifier." source="com.puppycrawl.tools.checkstyle.checks.modifier.RedundantModifierCheck"/>
<error line="119" column="75" severity="error" message="&apos;{&apos; at column 75 should have line break after." source="com.puppycrawl.tools.checkstyle.checks.blocks.LeftCurlyCheck"/>
<error line="123" column="26" severity="error" message="&apos;{&apos; at column 26 should have line break after." source="com.puppycrawl.tools.checkstyle.checks.blocks.LeftCurlyCheck"/>
<error line="124" column="52" severity="error" message="&apos;{&apos; at column 52 should have line break after." source="com.puppycrawl.tools.checkstyle.checks.blocks.LeftCurlyCheck"/>
</file>
<file name="/home/jenkins/jenkins-home/workspace/hadoop-multibranch_PR-3259/ubuntu-focal/src/hadoop-mapreduce-project/hadoop-mapreduce-client/hadoop-mapreduce-client-common/src/test/java/org/apache/hadoop/mapred/TestJobClient.java">
<error line="38" severity="error" message="&apos;TestJobClient&apos; has incorrect indentation level 4, expected level should be 6." source="com.puppycrawl.tools.checkstyle.checks.indentation.IndentationCheck"/>
<error line="97" column="53" severity="error" message="Must have at least one statement." source="com.puppycrawl.tools.checkstyle.checks.blocks.EmptyBlockCheck"/>
</file>
<file name="/home/jenkins/jenkins-home/workspace/hadoop-multibranch_PR-3259/ubuntu-focal/src/hadoop-mapreduce-project/hadoop-mapreduce-client/hadoop-mapreduce-client-common/src/test/java/org/apache/hadoop/mapred/TestLocalModeWithNewApis.java">
<error line="24" column="8" severity="error" message="Unused import - java.io.File." source="com.puppycrawl.tools.checkstyle.checks.imports.UnusedImportsCheck"/>
<error line="53" column="17" severity="error" message="Variable &apos;conf&apos; must be private and have accessor methods." source="com.puppycrawl.tools.checkstyle.checks.design.VisibilityModifierCheck"/>
<error line="78" column="5" severity="error" message="Avoid nested blocks." source="com.puppycrawl.tools.checkstyle.checks.blocks.AvoidNestedBlocksCheck"/>
<error line="112" severity="error" message="&apos;new&apos; has incorrect indentation level 8, expected level should be 10." source="com.puppycrawl.tools.checkstyle.checks.indentation.IndentationCheck"/>
<error line="125" severity="error" message="&apos;extends&apos; has incorrect indentation level 2, expected level should be 6." source="com.puppycrawl.tools.checkstyle.checks.indentation.IndentationCheck"/>
<error line="127" column="38" severity="error" message="Name &apos;one&apos; must match pattern &apos;^[A-Z][A-Z0-9]*(_[A-Z0-9]+)*$&apos;." source="com.puppycrawl.tools.checkstyle.checks.naming.ConstantNameCheck"/>
<error line="131" severity="error" message="&apos;method def rparen&apos; has incorrect indentation level 8, expected level should be 4." source="com.puppycrawl.tools.checkstyle.checks.indentation.IndentationCheck"/>
<error line="142" severity="error" message="&apos;extends&apos; has incorrect indentation level 2, expected level should be 6." source="com.puppycrawl.tools.checkstyle.checks.indentation.IndentationCheck"/>
<error line="142" column="23" severity="error" message="&apos;,&apos; is not followed by whitespace." source="com.puppycrawl.tools.checkstyle.checks.whitespace.WhitespaceAfterCheck"/>
<error line="142" column="35" severity="error" message="&apos;,&apos; is not followed by whitespace." source="com.puppycrawl.tools.checkstyle.checks.whitespace.WhitespaceAfterCheck"/>
<error line="142" column="40" severity="error" message="&apos;,&apos; is not followed by whitespace." source="com.puppycrawl.tools.checkstyle.checks.whitespace.WhitespaceAfterCheck"/>
<error line="147" severity="error" message="&apos;method def rparen&apos; has incorrect indentation level 8, expected level should be 4." source="com.puppycrawl.tools.checkstyle.checks.indentation.IndentationCheck"/>
</file>
</checkstyle>
