<?xml version="1.0" encoding="UTF-8"?>
<checkstyle version="8.29">
<file name="/home/jenkins/jenkins-home/workspace/hadoop-multibranch_PR-3259/ubuntu-focal/src/hadoop-tools/hadoop-sls/src/main/java/org/apache/hadoop/yarn/sls/AMDefinition.java">
<error line="1" severity="error" message="Missing package-info.java file." source="com.puppycrawl.tools.checkstyle.checks.javadoc.JavadocPackageCheck"/>
<error line="25" column="17" severity="error" message="Variable &apos;jobCount&apos; must be private and have accessor methods." source="com.puppycrawl.tools.checkstyle.checks.design.VisibilityModifierCheck"/>
<error line="26" column="20" severity="error" message="Variable &apos;amType&apos; must be private and have accessor methods." source="com.puppycrawl.tools.checkstyle.checks.design.VisibilityModifierCheck"/>
<error line="27" column="20" severity="error" message="Variable &apos;user&apos; must be private and have accessor methods." source="com.puppycrawl.tools.checkstyle.checks.design.VisibilityModifierCheck"/>
<error line="28" column="20" severity="error" message="Variable &apos;queue&apos; must be private and have accessor methods." source="com.puppycrawl.tools.checkstyle.checks.design.VisibilityModifierCheck"/>
<error line="29" column="18" severity="error" message="Variable &apos;jobStartTime&apos; must be private and have accessor methods." source="com.puppycrawl.tools.checkstyle.checks.design.VisibilityModifierCheck"/>
<error line="30" column="18" severity="error" message="Variable &apos;jobFinishTime&apos; must be private and have accessor methods." source="com.puppycrawl.tools.checkstyle.checks.design.VisibilityModifierCheck"/>
<error line="31" column="38" severity="error" message="Variable &apos;taskContainers&apos; must be private and have accessor methods." source="com.puppycrawl.tools.checkstyle.checks.design.VisibilityModifierCheck"/>
<error line="32" column="22" severity="error" message="Variable &apos;amResource&apos; must be private and have accessor methods." source="com.puppycrawl.tools.checkstyle.checks.design.VisibilityModifierCheck"/>
<error line="33" column="20" severity="error" message="Variable &apos;labelExpression&apos; must be private and have accessor methods." source="com.puppycrawl.tools.checkstyle.checks.design.VisibilityModifierCheck"/>
<error line="34" column="20" severity="error" message="Variable &apos;oldAppId&apos; must be private and have accessor methods." source="com.puppycrawl.tools.checkstyle.checks.design.VisibilityModifierCheck"/>
<error line="93" column="19" severity="error" message="Variable &apos;jobCount&apos; must be private and have accessor methods." source="com.puppycrawl.tools.checkstyle.checks.design.VisibilityModifierCheck"/>
<error line="94" column="22" severity="error" message="Variable &apos;amType&apos; must be private and have accessor methods." source="com.puppycrawl.tools.checkstyle.checks.design.VisibilityModifierCheck"/>
<error line="95" column="22" severity="error" message="Variable &apos;user&apos; must be private and have accessor methods." source="com.puppycrawl.tools.checkstyle.checks.design.VisibilityModifierCheck"/>
<error line="96" column="22" severity="error" message="Variable &apos;queue&apos; must be private and have accessor methods." source="com.puppycrawl.tools.checkstyle.checks.design.VisibilityModifierCheck"/>
<error line="97" column="22" severity="error" message="Variable &apos;jobId&apos; must be private and have accessor methods." source="com.puppycrawl.tools.checkstyle.checks.design.VisibilityModifierCheck"/>
<error line="98" column="20" severity="error" message="Variable &apos;jobStartTime&apos; must be private and have accessor methods." source="com.puppycrawl.tools.checkstyle.checks.design.VisibilityModifierCheck"/>
<error line="99" column="20" severity="error" message="Variable &apos;jobFinishTime&apos; must be private and have accessor methods." source="com.puppycrawl.tools.checkstyle.checks.design.VisibilityModifierCheck"/>
<error line="100" column="40" severity="error" message="Variable &apos;taskContainers&apos; must be private and have accessor methods." source="com.puppycrawl.tools.checkstyle.checks.design.VisibilityModifierCheck"/>
<error line="101" column="24" severity="error" message="Variable &apos;amResource&apos; must be private and have accessor methods." source="com.puppycrawl.tools.checkstyle.checks.design.VisibilityModifierCheck"/>
<error line="102" column="22" severity="error" message="Variable &apos;labelExpression&apos; must be private and have accessor methods." source="com.puppycrawl.tools.checkstyle.checks.design.VisibilityModifierCheck"/>
</file>
<file name="/home/jenkins/jenkins-home/workspace/hadoop-multibranch_PR-3259/ubuntu-focal/src/hadoop-tools/hadoop-sls/src/main/java/org/apache/hadoop/yarn/sls/appmaster/MRAMSimulator.java">
<error line="165" column="12" severity="error" message="&apos;!&apos; is followed by whitespace." source="com.puppycrawl.tools.checkstyle.checks.whitespace.NoWhitespaceAfterCheck"/>
<error line="169" column="11" severity="error" message="&apos;!&apos; is followed by whitespace." source="com.puppycrawl.tools.checkstyle.checks.whitespace.NoWhitespaceAfterCheck"/>
<error line="177" column="27" severity="error" message="&apos;++&apos; is preceded with whitespace." source="com.puppycrawl.tools.checkstyle.checks.whitespace.NoWhitespaceBeforeCheck"/>
<error line="178" column="34" severity="error" message="&apos;++&apos; is preceded with whitespace." source="com.puppycrawl.tools.checkstyle.checks.whitespace.NoWhitespaceBeforeCheck"/>
<error line="183" column="30" severity="error" message="&apos;++&apos; is preceded with whitespace." source="com.puppycrawl.tools.checkstyle.checks.whitespace.NoWhitespaceBeforeCheck"/>
<error line="184" column="34" severity="error" message="&apos;++&apos; is preceded with whitespace." source="com.puppycrawl.tools.checkstyle.checks.whitespace.NoWhitespaceBeforeCheck"/>
<error line="225" column="13" severity="error" message="&apos;!&apos; is followed by whitespace." source="com.puppycrawl.tools.checkstyle.checks.whitespace.NoWhitespaceAfterCheck"/>
<error line="233" column="20" severity="error" message="&apos;!&apos; is followed by whitespace." source="com.puppycrawl.tools.checkstyle.checks.whitespace.NoWhitespaceAfterCheck"/>
<error line="246" severity="error" message="First sentence should end with a period." source="com.puppycrawl.tools.checkstyle.checks.javadoc.JavadocStyleCheck"/>
<error line="278" severity="error" message="Line is longer than 100 characters (found 110)." source="com.puppycrawl.tools.checkstyle.checks.sizes.LineLengthCheck"/>
<error line="349" severity="error" message="&apos;method def modifier&apos; has incorrect indentation level 6, expected level should be one of the following: 8, 10, 12." source="com.puppycrawl.tools.checkstyle.checks.indentation.IndentationCheck"/>
<error line="351" severity="error" message="&apos;method def&apos; child has incorrect indentation level 8, expected level should be one of the following: 10, 12, 14." source="com.puppycrawl.tools.checkstyle.checks.indentation.IndentationCheck"/>
<error line="352" severity="error" message="&apos;method def rcurly&apos; has incorrect indentation level 6, expected level should be one of the following: 8, 10, 12." source="com.puppycrawl.tools.checkstyle.checks.indentation.IndentationCheck"/>
<error line="353" severity="error" message="&apos;object def rcurly&apos; has incorrect indentation level 4, expected level should be one of the following: 6, 8, 10." source="com.puppycrawl.tools.checkstyle.checks.indentation.IndentationCheck"/>
</file>
<file name="/home/jenkins/jenkins-home/workspace/hadoop-multibranch_PR-3259/ubuntu-focal/src/hadoop-tools/hadoop-sls/src/main/java/org/apache/hadoop/yarn/sls/appmaster/AMSimulator.java">
<error line="81" column="29" severity="error" message="Variable &apos;rm&apos; must be private and have accessor methods." source="com.puppycrawl.tools.checkstyle.checks.design.VisibilityModifierCheck"/>
<error line="83" column="23" severity="error" message="Variable &apos;se&apos; must be private and have accessor methods." source="com.puppycrawl.tools.checkstyle.checks.design.VisibilityModifierCheck"/>
<error line="85" column="27" severity="error" message="Variable &apos;appId&apos; must be private and have accessor methods." source="com.puppycrawl.tools.checkstyle.checks.design.VisibilityModifierCheck"/>
<error line="86" column="34" severity="error" message="Variable &apos;appAttemptId&apos; must be private and have accessor methods." source="com.puppycrawl.tools.checkstyle.checks.design.VisibilityModifierCheck"/>
<error line="87" column="20" severity="error" message="Variable &apos;oldAppId&apos; must be private and have accessor methods." source="com.puppycrawl.tools.checkstyle.checks.design.VisibilityModifierCheck"/>
<error line="89" column="40" severity="error" message="Name &apos;recordFactory&apos; must match pattern &apos;^[A-Z][A-Z0-9]*(_[A-Z0-9]+)*$&apos;." source="com.puppycrawl.tools.checkstyle.checks.naming.ConstantNameCheck"/>
<error line="92" column="51" severity="error" message="Variable &apos;responseQueue&apos; must be private and have accessor methods." source="com.puppycrawl.tools.checkstyle.checks.design.VisibilityModifierCheck"/>
<error line="99" column="20" severity="error" message="Variable &apos;queue&apos; must be private and have accessor methods." source="com.puppycrawl.tools.checkstyle.checks.design.VisibilityModifierCheck"/>
<error line="101" column="20" severity="error" message="Variable &apos;amtype&apos; must be private and have accessor methods." source="com.puppycrawl.tools.checkstyle.checks.design.VisibilityModifierCheck"/>
<error line="104" column="18" severity="error" message="Variable &apos;traceStartTimeMS&apos; must be private and have accessor methods." source="com.puppycrawl.tools.checkstyle.checks.design.VisibilityModifierCheck"/>
<error line="105" column="18" severity="error" message="Variable &apos;traceFinishTimeMS&apos; must be private and have accessor methods." source="com.puppycrawl.tools.checkstyle.checks.design.VisibilityModifierCheck"/>
<error line="106" column="18" severity="error" message="Variable &apos;simulateStartTimeMS&apos; must be private and have accessor methods." source="com.puppycrawl.tools.checkstyle.checks.design.VisibilityModifierCheck"/>
<error line="107" column="18" severity="error" message="Variable &apos;simulateFinishTimeMS&apos; must be private and have accessor methods." source="com.puppycrawl.tools.checkstyle.checks.design.VisibilityModifierCheck"/>
<error line="109" column="21" severity="error" message="Variable &apos;isTracked&apos; must be private and have accessor methods." source="com.puppycrawl.tools.checkstyle.checks.design.VisibilityModifierCheck"/>
<error line="111" column="17" severity="error" message="Variable &apos;totalContainers&apos; must be private and have accessor methods." source="com.puppycrawl.tools.checkstyle.checks.design.VisibilityModifierCheck"/>
<error line="112" column="17" severity="error" message="Variable &apos;finishedContainers&apos; must be private and have accessor methods." source="com.puppycrawl.tools.checkstyle.checks.design.VisibilityModifierCheck"/>
<error line="115" column="20" severity="error" message="Variable &apos;isAMContainerRunning&apos; must be private and have accessor methods." source="com.puppycrawl.tools.checkstyle.checks.design.VisibilityModifierCheck"/>
<error line="116" column="22" severity="error" message="Variable &apos;amContainer&apos; must be private and have accessor methods." source="com.puppycrawl.tools.checkstyle.checks.design.VisibilityModifierCheck"/>
<error line="132" column="56" severity="error" message="&apos;rm&apos; hides a field." source="com.puppycrawl.tools.checkstyle.checks.coding.HiddenFieldCheck"/>
<error line="133" column="29" severity="error" message="&apos;baselineTimeMS&apos; hides a field." source="com.puppycrawl.tools.checkstyle.checks.coding.HiddenFieldCheck"/>
<error line="134" column="39" severity="error" message="&apos;appIdToAMSim&apos; hides a field." source="com.puppycrawl.tools.checkstyle.checks.coding.HiddenFieldCheck"/>
<error line="153" severity="error" message="First sentence should end with a period." source="com.puppycrawl.tools.checkstyle.checks.javadoc.JavadocStyleCheck"/>
<error line="398" severity="error" message="&apos;method def modifier&apos; has incorrect indentation level 6, expected level should be one of the following: 8, 10, 12." source="com.puppycrawl.tools.checkstyle.checks.indentation.IndentationCheck"/>
<error line="400" severity="error" message="&apos;method def&apos; child has incorrect indentation level 8, expected level should be one of the following: 10, 12, 14." source="com.puppycrawl.tools.checkstyle.checks.indentation.IndentationCheck"/>
<error line="402" severity="error" message="&apos;method def rcurly&apos; has incorrect indentation level 6, expected level should be one of the following: 8, 10, 12." source="com.puppycrawl.tools.checkstyle.checks.indentation.IndentationCheck"/>
<error line="403" severity="error" message="&apos;object def rcurly&apos; has incorrect indentation level 4, expected level should be one of the following: 6, 8, 10." source="com.puppycrawl.tools.checkstyle.checks.indentation.IndentationCheck"/>
</file>
<file name="/home/jenkins/jenkins-home/workspace/hadoop-multibranch_PR-3259/ubuntu-focal/src/hadoop-tools/hadoop-sls/src/main/java/org/apache/hadoop/yarn/sls/appmaster/package-info.java">
</file>
<file name="/home/jenkins/jenkins-home/workspace/hadoop-multibranch_PR-3259/ubuntu-focal/src/hadoop-tools/hadoop-sls/src/main/java/org/apache/hadoop/yarn/sls/appmaster/StreamAMSimulator.java">
</file>
<file name="/home/jenkins/jenkins-home/workspace/hadoop-multibranch_PR-3259/ubuntu-focal/src/hadoop-tools/hadoop-sls/src/main/java/org/apache/hadoop/yarn/sls/appmaster/DAGAMSimulator.java">
</file>
<file name="/home/jenkins/jenkins-home/workspace/hadoop-multibranch_PR-3259/ubuntu-focal/src/hadoop-tools/hadoop-sls/src/main/java/org/apache/hadoop/yarn/sls/AMRunner.java">
<error line="47" column="8" severity="error" message="Unused import - java.util.ArrayList." source="com.puppycrawl.tools.checkstyle.checks.imports.UnusedImportsCheck"/>
<error line="48" column="8" severity="error" message="Unused import - java.util.Collections." source="com.puppycrawl.tools.checkstyle.checks.imports.UnusedImportsCheck"/>
<error line="51" column="8" severity="error" message="Unused import - java.util.List." source="com.puppycrawl.tools.checkstyle.checks.imports.UnusedImportsCheck"/>
<error line="59" column="7" severity="error" message="Variable &apos;remainingApps&apos; must be private and have accessor methods." source="com.puppycrawl.tools.checkstyle.checks.design.VisibilityModifierCheck"/>
<error line="62" column="15" severity="error" message="Name &apos;AM_ID&apos; must match pattern &apos;^[a-z][a-zA-Z0-9]*$&apos;." source="com.puppycrawl.tools.checkstyle.checks.naming.MemberNameCheck"/>
<error line="82" column="34" severity="error" message="&apos;conf&apos; hides a field." source="com.puppycrawl.tools.checkstyle.checks.coding.HiddenFieldCheck"/>
<error line="98" severity="error" message="&apos;case&apos; child has incorrect indentation level 6, expected level should be 4." source="com.puppycrawl.tools.checkstyle.checks.indentation.IndentationCheck"/>
<error line="99" severity="error" message="&apos;for&apos; has incorrect indentation level 8, expected level should be 6." source="com.puppycrawl.tools.checkstyle.checks.indentation.IndentationCheck"/>
<error line="100" severity="error" message="&apos;for&apos; child has incorrect indentation level 10, expected level should be 8." source="com.puppycrawl.tools.checkstyle.checks.indentation.IndentationCheck"/>
<error line="101" severity="error" message="&apos;for rcurly&apos; has incorrect indentation level 8, expected level should be 6." source="com.puppycrawl.tools.checkstyle.checks.indentation.IndentationCheck"/>
<error line="102" severity="error" message="&apos;block&apos; child has incorrect indentation level 8, expected level should be 6." source="com.puppycrawl.tools.checkstyle.checks.indentation.IndentationCheck"/>
<error line="103" severity="error" message="&apos;case&apos; child has incorrect indentation level 6, expected level should be 4." source="com.puppycrawl.tools.checkstyle.checks.indentation.IndentationCheck"/>
<error line="104" severity="error" message="&apos;block&apos; child has incorrect indentation level 8, expected level should be 6." source="com.puppycrawl.tools.checkstyle.checks.indentation.IndentationCheck"/>
<error line="105" severity="error" message="&apos;for&apos; has incorrect indentation level 8, expected level should be 6." source="com.puppycrawl.tools.checkstyle.checks.indentation.IndentationCheck"/>
<error line="106" severity="error" message="&apos;for&apos; child has incorrect indentation level 10, expected level should be 8." source="com.puppycrawl.tools.checkstyle.checks.indentation.IndentationCheck"/>
<error line="107" severity="error" message="&apos;for rcurly&apos; has incorrect indentation level 8, expected level should be 6." source="com.puppycrawl.tools.checkstyle.checks.indentation.IndentationCheck"/>
<error line="108" severity="error" message="&apos;block&apos; child has incorrect indentation level 8, expected level should be 6." source="com.puppycrawl.tools.checkstyle.checks.indentation.IndentationCheck"/>
<error line="109" severity="error" message="&apos;case&apos; child has incorrect indentation level 6, expected level should be 4." source="com.puppycrawl.tools.checkstyle.checks.indentation.IndentationCheck"/>
<error line="110" severity="error" message="&apos;block&apos; child has incorrect indentation level 8, expected level should be 6." source="com.puppycrawl.tools.checkstyle.checks.indentation.IndentationCheck"/>
<error line="111" severity="error" message="&apos;block&apos; child has incorrect indentation level 8, expected level should be 6." source="com.puppycrawl.tools.checkstyle.checks.indentation.IndentationCheck"/>
<error line="112" severity="error" message="&apos;case&apos; child has incorrect indentation level 6, expected level should be 4." source="com.puppycrawl.tools.checkstyle.checks.indentation.IndentationCheck"/>
<error line="113" severity="error" message="&apos;block&apos; child has incorrect indentation level 8, expected level should be 6." source="com.puppycrawl.tools.checkstyle.checks.indentation.IndentationCheck"/>
<error line="177" column="19" severity="error" message="&apos;conf&apos; hides a field." source="com.puppycrawl.tools.checkstyle.checks.coding.HiddenFieldCheck"/>
<error line="241" severity="error" message="Line is longer than 100 characters (found 106)." source="com.puppycrawl.tools.checkstyle.checks.sizes.LineLengthCheck"/>
<error line="272" column="50" severity="error" message="&apos;rm&apos; hides a field." source="com.puppycrawl.tools.checkstyle.checks.coding.HiddenFieldCheck"/>
</file>
<file name="/home/jenkins/jenkins-home/workspace/hadoop-multibranch_PR-3259/ubuntu-focal/src/hadoop-tools/hadoop-sls/src/main/java/org/apache/hadoop/yarn/sls/RumenToSLSConverter.java">
<error line="49" column="1" severity="error" message="Utility classes should not have a public or default constructor." source="com.puppycrawl.tools.checkstyle.checks.design.HideUtilityClassConstructorCheck"/>
<error line="67" column="9" severity="error" message="&apos;!&apos; is followed by whitespace." source="com.puppycrawl.tools.checkstyle.checks.whitespace.NoWhitespaceAfterCheck"/>
<error line="68" column="13" severity="error" message="&apos;!&apos; is followed by whitespace." source="com.puppycrawl.tools.checkstyle.checks.whitespace.NoWhitespaceAfterCheck"/>
<error line="69" column="13" severity="error" message="&apos;!&apos; is followed by whitespace." source="com.puppycrawl.tools.checkstyle.checks.whitespace.NoWhitespaceAfterCheck"/>
<error line="87" column="9" severity="error" message="&apos;!&apos; is followed by whitespace." source="com.puppycrawl.tools.checkstyle.checks.whitespace.NoWhitespaceAfterCheck"/>
<error line="104" column="9" severity="error" message="&apos;!&apos; is followed by whitespace." source="com.puppycrawl.tools.checkstyle.checks.whitespace.NoWhitespaceAfterCheck"/>
<error line="105" column="16" severity="error" message="&apos;!&apos; is followed by whitespace." source="com.puppycrawl.tools.checkstyle.checks.whitespace.NoWhitespaceAfterCheck"/>
<error line="111" column="9" severity="error" message="&apos;!&apos; is followed by whitespace." source="com.puppycrawl.tools.checkstyle.checks.whitespace.NoWhitespaceAfterCheck"/>
<error line="112" column="16" severity="error" message="&apos;!&apos; is followed by whitespace." source="com.puppycrawl.tools.checkstyle.checks.whitespace.NoWhitespaceAfterCheck"/>
</file>
<file name="/home/jenkins/jenkins-home/workspace/hadoop-multibranch_PR-3259/ubuntu-focal/src/hadoop-tools/hadoop-sls/src/main/java/org/apache/hadoop/yarn/sls/SLSRunner.java">
<error line="28" column="8" severity="error" message="Unused import - java.util.Random." source="com.puppycrawl.tools.checkstyle.checks.imports.UnusedImportsCheck"/>
<error line="31" column="8" severity="error" message="Unused import - java.util.concurrent.ConcurrentHashMap." source="com.puppycrawl.tools.checkstyle.checks.imports.UnusedImportsCheck"/>
<error line="32" column="8" severity="error" message="Unused import - java.util.concurrent.ExecutorService." source="com.puppycrawl.tools.checkstyle.checks.imports.UnusedImportsCheck"/>
<error line="33" column="8" severity="error" message="Unused import - java.util.concurrent.Executors." source="com.puppycrawl.tools.checkstyle.checks.imports.UnusedImportsCheck"/>
<error line="34" column="8" severity="error" message="Unused import - java.util.concurrent.TimeUnit." source="com.puppycrawl.tools.checkstyle.checks.imports.UnusedImportsCheck"/>
<error line="70" column="35" severity="error" message="Name &apos;runner&apos; must match pattern &apos;^[A-Z][A-Z0-9]*(_[A-Z0-9]+)*$&apos;." source="com.puppycrawl.tools.checkstyle.checks.naming.ConstantNameCheck"/>
<error line="76" column="44" severity="error" message="Name &apos;simulateInfoMap&apos; must match pattern &apos;^[A-Z][A-Z0-9]*(_[A-Z0-9]+)*$&apos;." source="com.puppycrawl.tools.checkstyle.checks.naming.ConstantNameCheck"/>
<error line="133" severity="error" message="Line is longer than 100 characters (found 103)." source="com.puppycrawl.tools.checkstyle.checks.sizes.LineLengthCheck"/>
<error line="167" column="45" severity="error" message="&apos;inputType&apos; hides a field." source="com.puppycrawl.tools.checkstyle.checks.coding.HiddenFieldCheck"/>
<error line="169" column="15" severity="error" message="&apos;printSimulation&apos; hides a field." source="com.puppycrawl.tools.checkstyle.checks.coding.HiddenFieldCheck"/>
</file>
<file name="/home/jenkins/jenkins-home/workspace/hadoop-multibranch_PR-3259/ubuntu-focal/src/hadoop-tools/hadoop-sls/src/main/java/org/apache/hadoop/yarn/sls/TaskContainerDefinition.java">
<error line="98" column="38" severity="error" message="&apos;duration&apos; hides a field." source="com.puppycrawl.tools.checkstyle.checks.coding.HiddenFieldCheck"/>
<error line="130" column="42" severity="error" message="&apos;resource&apos; hides a field." source="com.puppycrawl.tools.checkstyle.checks.coding.HiddenFieldCheck"/>
<error line="142" column="37" severity="error" message="&apos;priority&apos; hides a field." source="com.puppycrawl.tools.checkstyle.checks.coding.HiddenFieldCheck"/>
<error line="154" column="36" severity="error" message="&apos;type&apos; hides a field." source="com.puppycrawl.tools.checkstyle.checks.coding.HiddenFieldCheck"/>
<error line="167" column="34" severity="error" message="&apos;count&apos; hides a field." source="com.puppycrawl.tools.checkstyle.checks.coding.HiddenFieldCheck"/>
<error line="179" column="52" severity="error" message="&apos;executionType&apos; hides a field." source="com.puppycrawl.tools.checkstyle.checks.coding.HiddenFieldCheck"/>
<error line="191" column="42" severity="error" message="&apos;allocationId&apos; hides a field." source="com.puppycrawl.tools.checkstyle.checks.coding.HiddenFieldCheck"/>
<error line="204" column="42" severity="error" message="&apos;requestDelay&apos; hides a field." source="com.puppycrawl.tools.checkstyle.checks.coding.HiddenFieldCheck"/>
<error line="209" column="40" severity="error" message="&apos;hostname&apos; hides a field." source="com.puppycrawl.tools.checkstyle.checks.coding.HiddenFieldCheck"/>
<error line="230" column="12" severity="error" message="&apos;duration&apos; hides a field." source="com.puppycrawl.tools.checkstyle.checks.coding.HiddenFieldCheck"/>
</file>
<file name="/home/jenkins/jenkins-home/workspace/hadoop-multibranch_PR-3259/ubuntu-focal/src/hadoop-tools/hadoop-sls/src/main/java/org/apache/hadoop/yarn/sls/nodemanager/NMSimulator.java">
<error line="1" severity="error" message="Missing package-info.java file." source="com.puppycrawl.tools.checkstyle.checks.javadoc.JavadocPackageCheck"/>
<error line="166" column="9" severity="error" message="&apos;!&apos; is followed by whitespace." source="com.puppycrawl.tools.checkstyle.checks.whitespace.NoWhitespaceAfterCheck"/>
<error line="197" severity="error" message="First sentence should end with a period." source="com.puppycrawl.tools.checkstyle.checks.javadoc.JavadocStyleCheck"/>
<error line="205" severity="error" message="&apos;ContainerState&apos; has incorrect indentation level 8, expected level should be 10." source="com.puppycrawl.tools.checkstyle.checks.indentation.IndentationCheck"/>
<error line="250" severity="error" message="First sentence should end with a period." source="com.puppycrawl.tools.checkstyle.checks.javadoc.JavadocStyleCheck"/>
<error line="282" severity="error" message="First sentence should end with a period." source="com.puppycrawl.tools.checkstyle.checks.javadoc.JavadocStyleCheck"/>
</file>
<file name="/home/jenkins/jenkins-home/workspace/hadoop-multibranch_PR-3259/ubuntu-focal/src/hadoop-tools/hadoop-sls/src/main/java/org/apache/hadoop/yarn/sls/nodemanager/NodeInfo.java">
<error line="49" column="1" severity="error" message="Utility classes should not have a public or default constructor." source="com.puppycrawl.tools.checkstyle.checks.design.HideUtilityClassConstructorCheck"/>
<error line="52" column="22" severity="error" message="Name &apos;NODE_ID&apos; must match pattern &apos;^[a-z][a-zA-Z0-9]*$&apos;." source="com.puppycrawl.tools.checkstyle.checks.naming.StaticVariableNameCheck"/>
<error line="74" column="5" severity="error" message="Redundant &apos;public&apos; modifier." source="com.puppycrawl.tools.checkstyle.checks.modifier.RedundantModifierCheck"/>
<error line="74" column="12" severity="error" message="More than 7 parameters (found 9)." source="com.puppycrawl.tools.checkstyle.checks.sizes.ParameterNumberCheck"/>
<error line="168" severity="error" message="&apos;ContainerExitStatus&apos; has incorrect indentation level 10, expected level should be 12." source="com.puppycrawl.tools.checkstyle.checks.indentation.IndentationCheck"/>
</file>
<file name="/home/jenkins/jenkins-home/workspace/hadoop-multibranch_PR-3259/ubuntu-focal/src/hadoop-tools/hadoop-sls/src/main/java/org/apache/hadoop/yarn/sls/ReservationClientUtil.java">
</file>
<file name="/home/jenkins/jenkins-home/workspace/hadoop-multibranch_PR-3259/ubuntu-focal/src/hadoop-tools/hadoop-sls/src/main/java/org/apache/hadoop/yarn/sls/AMDefinitionRumen.java">
<error line="135" column="44" severity="error" message="&apos;baselineTimeMs&apos; hides a field." source="com.puppycrawl.tools.checkstyle.checks.coding.HiddenFieldCheck"/>
</file>
<file name="/home/jenkins/jenkins-home/workspace/hadoop-multibranch_PR-3259/ubuntu-focal/src/hadoop-tools/hadoop-sls/src/main/java/org/apache/hadoop/yarn/sls/NMRunner.java">
<error line="68" severity="error" message="Line is longer than 100 characters (found 123)." source="com.puppycrawl.tools.checkstyle.checks.sizes.LineLengthCheck"/>
<error line="92" severity="error" message="&apos;case&apos; child has incorrect indentation level 10, expected level should be 8." source="com.puppycrawl.tools.checkstyle.checks.indentation.IndentationCheck"/>
<error line="93" severity="error" message="&apos;block&apos; child has incorrect indentation level 12, expected level should be 10." source="com.puppycrawl.tools.checkstyle.checks.indentation.IndentationCheck"/>
<error line="94" severity="error" message="&apos;block&apos; child has incorrect indentation level 12, expected level should be 10." source="com.puppycrawl.tools.checkstyle.checks.indentation.IndentationCheck"/>
<error line="95" severity="error" message="&apos;case&apos; child has incorrect indentation level 10, expected level should be 8." source="com.puppycrawl.tools.checkstyle.checks.indentation.IndentationCheck"/>
<error line="96" severity="error" message="&apos;block&apos; child has incorrect indentation level 12, expected level should be 10." source="com.puppycrawl.tools.checkstyle.checks.indentation.IndentationCheck"/>
<error line="97" severity="error" message="&apos;block&apos; child has incorrect indentation level 12, expected level should be 10." source="com.puppycrawl.tools.checkstyle.checks.indentation.IndentationCheck"/>
<error line="98" severity="error" message="&apos;case&apos; child has incorrect indentation level 10, expected level should be 8." source="com.puppycrawl.tools.checkstyle.checks.indentation.IndentationCheck"/>
<error line="99" severity="error" message="&apos;block&apos; child has incorrect indentation level 12, expected level should be 10." source="com.puppycrawl.tools.checkstyle.checks.indentation.IndentationCheck"/>
<error line="100" severity="error" message="&apos;block&apos; child has incorrect indentation level 12, expected level should be 10." source="com.puppycrawl.tools.checkstyle.checks.indentation.IndentationCheck"/>
<error line="102" severity="error" message="&apos;block&apos; child has incorrect indentation level 12, expected level should be 10." source="com.puppycrawl.tools.checkstyle.checks.indentation.IndentationCheck"/>
<error line="103" severity="error" message="&apos;case&apos; child has incorrect indentation level 10, expected level should be 8." source="com.puppycrawl.tools.checkstyle.checks.indentation.IndentationCheck"/>
<error line="104" severity="error" message="&apos;block&apos; child has incorrect indentation level 12, expected level should be 10." source="com.puppycrawl.tools.checkstyle.checks.indentation.IndentationCheck"/>
<error line="122" column="9" severity="error" message="&apos;threadPoolSize&apos; hides a field." source="com.puppycrawl.tools.checkstyle.checks.coding.HiddenFieldCheck"/>
</file>
<file name="/home/jenkins/jenkins-home/workspace/hadoop-multibranch_PR-3259/ubuntu-focal/src/hadoop-tools/hadoop-sls/src/main/java/org/apache/hadoop/yarn/sls/conf/SLSConfiguration.java">
<error line="1" severity="error" message="Missing package-info.java file." source="com.puppycrawl.tools.checkstyle.checks.javadoc.JavadocPackageCheck"/>
<error line="26" column="1" severity="error" message="Utility classes should not have a public or default constructor." source="com.puppycrawl.tools.checkstyle.checks.design.HideUtilityClassConstructorCheck"/>
</file>
<file name="/home/jenkins/jenkins-home/workspace/hadoop-multibranch_PR-3259/ubuntu-focal/src/hadoop-tools/hadoop-sls/src/main/java/org/apache/hadoop/yarn/sls/resourcemanager/MockAMLauncher.java">
<error line="1" severity="error" message="Missing package-info.java file." source="com.puppycrawl.tools.checkstyle.checks.javadoc.JavadocPackageCheck"/>
</file>
<file name="/home/jenkins/jenkins-home/workspace/hadoop-multibranch_PR-3259/ubuntu-focal/src/hadoop-tools/hadoop-sls/src/main/java/org/apache/hadoop/yarn/sls/AMDefinitionSynth.java">
<error line="114" column="44" severity="error" message="&apos;baselineTimeMs&apos; hides a field." source="com.puppycrawl.tools.checkstyle.checks.coding.HiddenFieldCheck"/>
</file>
<file name="/home/jenkins/jenkins-home/workspace/hadoop-multibranch_PR-3259/ubuntu-focal/src/hadoop-tools/hadoop-sls/src/main/java/org/apache/hadoop/yarn/sls/RMRunner.java">
</file>
<file name="/home/jenkins/jenkins-home/workspace/hadoop-multibranch_PR-3259/ubuntu-focal/src/hadoop-tools/hadoop-sls/src/main/java/org/apache/hadoop/yarn/sls/AMDefinitionFactory.java">
</file>
<file name="/home/jenkins/jenkins-home/workspace/hadoop-multibranch_PR-3259/ubuntu-focal/src/hadoop-tools/hadoop-sls/src/main/java/org/apache/hadoop/yarn/sls/utils/SLSUtils.java">
<error line="57" column="1" severity="error" message="Utility classes should not have a public or default constructor." source="com.puppycrawl.tools.checkstyle.checks.design.HideUtilityClassConstructorCheck"/>
<error line="75" severity="error" message="First sentence should end with a period." source="com.puppycrawl.tools.checkstyle.checks.javadoc.JavadocStyleCheck"/>
<error line="117" severity="error" message="First sentence should end with a period." source="com.puppycrawl.tools.checkstyle.checks.javadoc.JavadocStyleCheck"/>
<error line="163" severity="error" message="First sentence should end with a period." source="com.puppycrawl.tools.checkstyle.checks.javadoc.JavadocStyleCheck"/>
</file>
<file name="/home/jenkins/jenkins-home/workspace/hadoop-multibranch_PR-3259/ubuntu-focal/src/hadoop-tools/hadoop-sls/src/main/java/org/apache/hadoop/yarn/sls/utils/NodeUsageRanges.java">
</file>
<file name="/home/jenkins/jenkins-home/workspace/hadoop-multibranch_PR-3259/ubuntu-focal/src/hadoop-tools/hadoop-sls/src/main/java/org/apache/hadoop/yarn/sls/utils/package-info.java">
</file>
<file name="/home/jenkins/jenkins-home/workspace/hadoop-multibranch_PR-3259/ubuntu-focal/src/hadoop-tools/hadoop-sls/src/main/java/org/apache/hadoop/yarn/sls/AMDefinitionSLS.java">
</file>
<file name="/home/jenkins/jenkins-home/workspace/hadoop-multibranch_PR-3259/ubuntu-focal/src/hadoop-tools/hadoop-sls/src/main/java/org/apache/hadoop/yarn/sls/scheduler/SLSCapacityScheduler.java">
<error line="1" severity="error" message="Missing package-info.java file." source="com.puppycrawl.tools.checkstyle.checks.javadoc.JavadocPackageCheck"/>
<error line="145" column="38" severity="error" message="&apos;runner&apos; hides a field." source="com.puppycrawl.tools.checkstyle.checks.coding.HiddenFieldCheck"/>
</file>
<file name="/home/jenkins/jenkins-home/workspace/hadoop-multibranch_PR-3259/ubuntu-focal/src/hadoop-tools/hadoop-sls/src/main/java/org/apache/hadoop/yarn/sls/scheduler/SchedulerWrapper.java">
</file>
<file name="/home/jenkins/jenkins-home/workspace/hadoop-multibranch_PR-3259/ubuntu-focal/src/hadoop-tools/hadoop-sls/src/main/java/org/apache/hadoop/yarn/sls/scheduler/NodeUpdateSchedulerEventWrapper.java">
</file>
<file name="/home/jenkins/jenkins-home/workspace/hadoop-multibranch_PR-3259/ubuntu-focal/src/hadoop-tools/hadoop-sls/src/main/java/org/apache/hadoop/yarn/sls/scheduler/SchedulerMetrics.java">
<error line="77" column="31" severity="error" message="Variable &apos;scheduler&apos; must be private and have accessor methods." source="com.puppycrawl.tools.checkstyle.checks.design.VisibilityModifierCheck"/>
<error line="78" column="25" severity="error" message="Variable &apos;trackedQueues&apos; must be private and have accessor methods." source="com.puppycrawl.tools.checkstyle.checks.design.VisibilityModifierCheck"/>
<error line="79" column="28" severity="error" message="Variable &apos;metrics&apos; must be private and have accessor methods." source="com.puppycrawl.tools.checkstyle.checks.design.VisibilityModifierCheck"/>
<error line="80" column="25" severity="error" message="Variable &apos;appTrackedMetrics&apos; must be private and have accessor methods." source="com.puppycrawl.tools.checkstyle.checks.design.VisibilityModifierCheck"/>
<error line="81" column="25" severity="error" message="Variable &apos;queueTrackedMetrics&apos; must be private and have accessor methods." source="com.puppycrawl.tools.checkstyle.checks.design.VisibilityModifierCheck"/>
</file>
<file name="/home/jenkins/jenkins-home/workspace/hadoop-multibranch_PR-3259/ubuntu-focal/src/hadoop-tools/hadoop-sls/src/main/java/org/apache/hadoop/yarn/sls/scheduler/TaskRunner.java">
<error line="51" column="27" severity="error" message="&apos;startTime&apos; hides a field." source="com.puppycrawl.tools.checkstyle.checks.coding.HiddenFieldCheck"/>
<error line="51" column="43" severity="error" message="&apos;endTime&apos; hides a field." source="com.puppycrawl.tools.checkstyle.checks.coding.HiddenFieldCheck"/>
<error line="51" column="57" severity="error" message="&apos;repeatInterval&apos; hides a field." source="com.puppycrawl.tools.checkstyle.checks.coding.HiddenFieldCheck"/>
<error line="80" column="27" severity="error" message="&apos;startTime&apos; hides a field." source="com.puppycrawl.tools.checkstyle.checks.coding.HiddenFieldCheck"/>
<error line="147" column="32" severity="error" message="&apos;threadPoolSize&apos; hides a field." source="com.puppycrawl.tools.checkstyle.checks.coding.HiddenFieldCheck"/>
</file>
<file name="/home/jenkins/jenkins-home/workspace/hadoop-multibranch_PR-3259/ubuntu-focal/src/hadoop-tools/hadoop-sls/src/main/java/org/apache/hadoop/yarn/sls/scheduler/SLSSchedulerCommons.java">
<error line="69" severity="error" message="Line is longer than 100 characters (found 108)." source="com.puppycrawl.tools.checkstyle.checks.sizes.LineLengthCheck"/>
</file>
<file name="/home/jenkins/jenkins-home/workspace/hadoop-multibranch_PR-3259/ubuntu-focal/src/hadoop-tools/hadoop-sls/src/main/java/org/apache/hadoop/yarn/sls/scheduler/RMNodeWrapper.java">
<error line="156" column="9" severity="error" message="&apos;!&apos; is followed by whitespace." source="com.puppycrawl.tools.checkstyle.checks.whitespace.NoWhitespaceAfterCheck"/>
</file>
<file name="/home/jenkins/jenkins-home/workspace/hadoop-multibranch_PR-3259/ubuntu-focal/src/hadoop-tools/hadoop-sls/src/main/java/org/apache/hadoop/yarn/sls/scheduler/Tracker.java">
</file>
<file name="/home/jenkins/jenkins-home/workspace/hadoop-multibranch_PR-3259/ubuntu-focal/src/hadoop-tools/hadoop-sls/src/main/java/org/apache/hadoop/yarn/sls/scheduler/ContainerSimulator.java">
</file>
<file name="/home/jenkins/jenkins-home/workspace/hadoop-multibranch_PR-3259/ubuntu-focal/src/hadoop-tools/hadoop-sls/src/main/java/org/apache/hadoop/yarn/sls/scheduler/SLSFairScheduler.java">
<error line="107" column="38" severity="error" message="&apos;runner&apos; hides a field." source="com.puppycrawl.tools.checkstyle.checks.coding.HiddenFieldCheck"/>
</file>
<file name="/home/jenkins/jenkins-home/workspace/hadoop-multibranch_PR-3259/ubuntu-focal/src/hadoop-tools/hadoop-sls/src/main/java/org/apache/hadoop/yarn/sls/scheduler/FifoSchedulerMetrics.java">
<error line="47" severity="error" message="&apos;new&apos; has incorrect indentation level 6, expected level should be 8." source="com.puppycrawl.tools.checkstyle.checks.indentation.IndentationCheck"/>
<error line="55" severity="error" message="&apos;new&apos; has incorrect indentation level 6, expected level should be 8." source="com.puppycrawl.tools.checkstyle.checks.indentation.IndentationCheck"/>
</file>
<file name="/home/jenkins/jenkins-home/workspace/hadoop-multibranch_PR-3259/ubuntu-focal/src/hadoop-tools/hadoop-sls/src/main/java/org/apache/hadoop/yarn/sls/scheduler/FairSchedulerMetrics.java">
<error line="181" severity="error" message="&apos;new&apos; has incorrect indentation level 6, expected level should be 8." source="com.puppycrawl.tools.checkstyle.checks.indentation.IndentationCheck"/>
<error line="184" column="15" severity="error" message="&apos;!&apos; is followed by whitespace." source="com.puppycrawl.tools.checkstyle.checks.whitespace.NoWhitespaceAfterCheck"/>
<error line="205" severity="error" message="&apos;new&apos; has incorrect indentation level 6, expected level should be 8." source="com.puppycrawl.tools.checkstyle.checks.indentation.IndentationCheck"/>
</file>
<file name="/home/jenkins/jenkins-home/workspace/hadoop-multibranch_PR-3259/ubuntu-focal/src/hadoop-tools/hadoop-sls/src/main/java/org/apache/hadoop/yarn/sls/scheduler/CapacitySchedulerMetrics.java">
</file>
<file name="/home/jenkins/jenkins-home/workspace/hadoop-multibranch_PR-3259/ubuntu-focal/src/hadoop-tools/hadoop-sls/src/main/java/org/apache/hadoop/yarn/sls/JobDefinition.java">
<error line="58" column="50" severity="error" message="&apos;amDefinition&apos; hides a field." source="com.puppycrawl.tools.checkstyle.checks.coding.HiddenFieldCheck"/>
<error line="63" column="52" severity="error" message="&apos;reservationId&apos; hides a field." source="com.puppycrawl.tools.checkstyle.checks.coding.HiddenFieldCheck"/>
<error line="68" column="38" severity="error" message="&apos;deadline&apos; hides a field." source="com.puppycrawl.tools.checkstyle.checks.coding.HiddenFieldCheck"/>
<error line="73" column="51" severity="error" message="&apos;params&apos; hides a field." source="com.puppycrawl.tools.checkstyle.checks.coding.HiddenFieldCheck"/>
</file>
<file name="/home/jenkins/jenkins-home/workspace/hadoop-multibranch_PR-3259/ubuntu-focal/src/hadoop-tools/hadoop-sls/src/main/java/org/apache/hadoop/yarn/sls/synthetic/SynthJob.java">
</file>
<file name="/home/jenkins/jenkins-home/workspace/hadoop-multibranch_PR-3259/ubuntu-focal/src/hadoop-tools/hadoop-sls/src/main/java/org/apache/hadoop/yarn/sls/synthetic/SynthUtils.java">
</file>
<file name="/home/jenkins/jenkins-home/workspace/hadoop-multibranch_PR-3259/ubuntu-focal/src/hadoop-tools/hadoop-sls/src/main/java/org/apache/hadoop/yarn/sls/synthetic/package-info.java">
</file>
<file name="/home/jenkins/jenkins-home/workspace/hadoop-multibranch_PR-3259/ubuntu-focal/src/hadoop-tools/hadoop-sls/src/main/java/org/apache/hadoop/yarn/sls/synthetic/SynthTraceJobProducer.java">
</file>
<file name="/home/jenkins/jenkins-home/workspace/hadoop-multibranch_PR-3259/ubuntu-focal/src/hadoop-tools/hadoop-sls/src/main/java/org/apache/hadoop/yarn/sls/web/SLSWebApp.java">
<error line="1" severity="error" message="Missing package-info.java file." source="com.puppycrawl.tools.checkstyle.checks.javadoc.JavadocPackageCheck"/>
<error line="83" severity="error" message="&apos;handleOperTimecostHistogramMap&apos; has incorrect indentation level 5, expected level should be 6." source="com.puppycrawl.tools.checkstyle.checks.indentation.IndentationCheck"/>
<error line="193" severity="error" message="First sentence should end with a period." source="com.puppycrawl.tools.checkstyle.checks.javadoc.JavadocStyleCheck"/>
<error line="228" severity="error" message="First sentence should end with a period." source="com.puppycrawl.tools.checkstyle.checks.javadoc.JavadocStyleCheck"/>
<error line="253" column="9" severity="error" message="&apos;++&apos; is preceded with whitespace." source="com.puppycrawl.tools.checkstyle.checks.whitespace.NoWhitespaceBeforeCheck"/>
<error line="267" severity="error" message="First sentence should end with a period." source="com.puppycrawl.tools.checkstyle.checks.javadoc.JavadocStyleCheck"/>
<error line="309" severity="error" message="First sentence should end with a period." source="com.puppycrawl.tools.checkstyle.checks.javadoc.JavadocStyleCheck"/>
<error line="325" column="3" severity="error" message="Method length is 233 lines (max allowed is 150)." source="com.puppycrawl.tools.checkstyle.checks.sizes.MethodLengthCheck"/>
<error line="444" column="11" severity="error" message="&apos;!&apos; is followed by whitespace." source="com.puppycrawl.tools.checkstyle.checks.whitespace.NoWhitespaceAfterCheck"/>
<error line="460" column="11" severity="error" message="&apos;!&apos; is followed by whitespace." source="com.puppycrawl.tools.checkstyle.checks.whitespace.NoWhitespaceAfterCheck"/>
<error line="472" column="11" severity="error" message="&apos;!&apos; is followed by whitespace." source="com.puppycrawl.tools.checkstyle.checks.whitespace.NoWhitespaceAfterCheck"/>
<error line="521" column="27" severity="error" message="&apos;)&apos; is preceded with whitespace." source="com.puppycrawl.tools.checkstyle.checks.whitespace.ParenPadCheck"/>
<error line="587" severity="error" message="First sentence should end with a period." source="com.puppycrawl.tools.checkstyle.checks.javadoc.JavadocStyleCheck"/>
</file>
<file name="/home/jenkins/jenkins-home/workspace/hadoop-multibranch_PR-3259/ubuntu-focal/src/hadoop-tools/hadoop-sls/src/test/java/org/apache/hadoop/yarn/sls/TestReservationSystemInvariants.java">
</file>
<file name="/home/jenkins/jenkins-home/workspace/hadoop-multibranch_PR-3259/ubuntu-focal/src/hadoop-tools/hadoop-sls/src/test/java/org/apache/hadoop/yarn/sls/TestSLSDagAMSimulator.java">
</file>
<file name="/home/jenkins/jenkins-home/workspace/hadoop-multibranch_PR-3259/ubuntu-focal/src/hadoop-tools/hadoop-sls/src/test/java/org/apache/hadoop/yarn/sls/TestSLSStreamAMSynth.java">
</file>
<file name="/home/jenkins/jenkins-home/workspace/hadoop-multibranch_PR-3259/ubuntu-focal/src/hadoop-tools/hadoop-sls/src/test/java/org/apache/hadoop/yarn/sls/appmaster/TestAMSimulator.java">
<error line="351" column="43" severity="error" message="Should use uppercase &apos;L&apos;." source="com.puppycrawl.tools.checkstyle.checks.UpperEllCheck"/>
</file>
<file name="/home/jenkins/jenkins-home/workspace/hadoop-multibranch_PR-3259/ubuntu-focal/src/hadoop-tools/hadoop-sls/src/test/java/org/apache/hadoop/yarn/sls/TestSLSRunner.java">
</file>
<file name="/home/jenkins/jenkins-home/workspace/hadoop-multibranch_PR-3259/ubuntu-focal/src/hadoop-tools/hadoop-sls/src/test/java/org/apache/hadoop/yarn/sls/BaseSLSRunnerTest.java">
</file>
<file name="/home/jenkins/jenkins-home/workspace/hadoop-multibranch_PR-3259/ubuntu-focal/src/hadoop-tools/hadoop-sls/src/test/java/org/apache/hadoop/yarn/sls/TestDagAMSimulator.java">
</file>
<file name="/home/jenkins/jenkins-home/workspace/hadoop-multibranch_PR-3259/ubuntu-focal/src/hadoop-tools/hadoop-sls/src/test/java/org/apache/hadoop/yarn/sls/nodemanager/TestNMSimulator.java">
<error line="47" column="21" severity="error" message="Name &apos;GB&apos; must match pattern &apos;^[a-z][a-zA-Z0-9]*$&apos;." source="com.puppycrawl.tools.checkstyle.checks.naming.MemberNameCheck"/>
<error line="114" column="39" severity="error" message="Should use uppercase &apos;L&apos;." source="com.puppycrawl.tools.checkstyle.checks.UpperEllCheck"/>
<error line="122" column="40" severity="error" message="Should use uppercase &apos;L&apos;." source="com.puppycrawl.tools.checkstyle.checks.UpperEllCheck"/>
<error line="175" column="37" severity="error" message="Should use uppercase &apos;L&apos;." source="com.puppycrawl.tools.checkstyle.checks.UpperEllCheck"/>
<error line="219" column="37" severity="error" message="Should use uppercase &apos;L&apos;." source="com.puppycrawl.tools.checkstyle.checks.UpperEllCheck"/>
</file>
<file name="/home/jenkins/jenkins-home/workspace/hadoop-multibranch_PR-3259/ubuntu-focal/src/hadoop-tools/hadoop-sls/src/test/java/org/apache/hadoop/yarn/sls/TestSynthJobGeneration.java">
</file>
<file name="/home/jenkins/jenkins-home/workspace/hadoop-multibranch_PR-3259/ubuntu-focal/src/hadoop-tools/hadoop-sls/src/test/java/org/apache/hadoop/yarn/sls/utils/TestSLSUtils.java">
</file>
<file name="/home/jenkins/jenkins-home/workspace/hadoop-multibranch_PR-3259/ubuntu-focal/src/hadoop-tools/hadoop-sls/src/test/java/org/apache/hadoop/yarn/sls/scheduler/TestTaskRunner.java">
<error line="43" column="34" severity="error" message="Variable &apos;latch&apos; must be private and have accessor methods." source="com.puppycrawl.tools.checkstyle.checks.design.VisibilityModifierCheck"/>
<error line="44" column="27" severity="error" message="Variable &apos;first&apos; must be private and have accessor methods." source="com.puppycrawl.tools.checkstyle.checks.design.VisibilityModifierCheck"/>
<error line="79" column="34" severity="error" message="Variable &apos;latch&apos; must be private and have accessor methods." source="com.puppycrawl.tools.checkstyle.checks.design.VisibilityModifierCheck"/>
<error line="80" column="27" severity="error" message="Variable &apos;first&apos; must be private and have accessor methods." source="com.puppycrawl.tools.checkstyle.checks.design.VisibilityModifierCheck"/>
<error line="81" column="27" severity="error" message="Variable &apos;last&apos; must be private and have accessor methods." source="com.puppycrawl.tools.checkstyle.checks.design.VisibilityModifierCheck"/>
<error line="120" column="34" severity="error" message="Variable &apos;latch&apos; must be private and have accessor methods." source="com.puppycrawl.tools.checkstyle.checks.design.VisibilityModifierCheck"/>
<error line="121" column="27" severity="error" message="Variable &apos;first&apos; must be private and have accessor methods." source="com.puppycrawl.tools.checkstyle.checks.design.VisibilityModifierCheck"/>
<error line="122" column="27" severity="error" message="Variable &apos;middle&apos; must be private and have accessor methods." source="com.puppycrawl.tools.checkstyle.checks.design.VisibilityModifierCheck"/>
<error line="123" column="27" severity="error" message="Variable &apos;last&apos; must be private and have accessor methods." source="com.puppycrawl.tools.checkstyle.checks.design.VisibilityModifierCheck"/>
<error line="166" column="34" severity="error" message="Variable &apos;latch&apos; must be private and have accessor methods." source="com.puppycrawl.tools.checkstyle.checks.design.VisibilityModifierCheck"/>
<error line="167" column="27" severity="error" message="Variable &apos;first&apos; must be private and have accessor methods." source="com.puppycrawl.tools.checkstyle.checks.design.VisibilityModifierCheck"/>
<error line="168" column="23" severity="error" message="Variable &apos;middle&apos; must be private and have accessor methods." source="com.puppycrawl.tools.checkstyle.checks.design.VisibilityModifierCheck"/>
<error line="169" column="27" severity="error" message="Variable &apos;last&apos; must be private and have accessor methods." source="com.puppycrawl.tools.checkstyle.checks.design.VisibilityModifierCheck"/>
<error line="210" column="34" severity="error" message="Variable &apos;latch&apos; must be private and have accessor methods." source="com.puppycrawl.tools.checkstyle.checks.design.VisibilityModifierCheck"/>
<error line="211" column="27" severity="error" message="Variable &apos;first&apos; must be private and have accessor methods." source="com.puppycrawl.tools.checkstyle.checks.design.VisibilityModifierCheck"/>
</file>
<file name="/home/jenkins/jenkins-home/workspace/hadoop-multibranch_PR-3259/ubuntu-focal/src/hadoop-tools/hadoop-sls/src/test/java/org/apache/hadoop/yarn/sls/TestSLSGenericSynth.java">
</file>
<file name="/home/jenkins/jenkins-home/workspace/hadoop-multibranch_PR-3259/ubuntu-focal/src/hadoop-tools/hadoop-sls/src/test/java/org/apache/hadoop/yarn/sls/web/TestSLSWebApp.java">
<error line="89" column="9" severity="error" message="&apos;++&apos; is preceded with whitespace." source="com.puppycrawl.tools.checkstyle.checks.whitespace.NoWhitespaceBeforeCheck"/>
</file>
<file name="/home/jenkins/jenkins-home/workspace/hadoop-multibranch_PR-3259/ubuntu-focal/src/hadoop-tools/hadoop-sls/src/main/sample-conf/log4j.properties">
</file>
</checkstyle>
