<?xml version="1.0" encoding="UTF-8"?>
<checkstyle version="8.29">
<file name="/home/jenkins/jenkins-home/workspace/hadoop-multibranch_PR-3259/ubuntu-focal/src/hadoop-tools/hadoop-streaming/src/main/java/org/apache/hadoop/streaming/PipeMapper.java">
<error line="1" severity="error" message="Missing package-info.java file." source="com.puppycrawl.tools.checkstyle.checks.javadoc.JavadocPackageCheck"/>
<error line="54" column="5" severity="error" message="&apos;}&apos; at column 5 should be on the same line as the next part of a multi-block statement (one that directly contains multiple blocks: if/else-if/else, do/while or try/catch/finally)." source="com.puppycrawl.tools.checkstyle.checks.blocks.RightCurlyCheck"/>
<error line="73" severity="error" message="Line is longer than 100 characters (found 120)." source="com.puppycrawl.tools.checkstyle.checks.sizes.LineLengthCheck"/>
<error line="79" severity="error" message="Line is longer than 100 characters (found 101)." source="com.puppycrawl.tools.checkstyle.checks.sizes.LineLengthCheck"/>
<error line="90" severity="error" message="Line is longer than 100 characters (found 107)." source="com.puppycrawl.tools.checkstyle.checks.sizes.LineLengthCheck"/>
<error line="119" column="31" severity="error" message="&apos;,&apos; is preceded with whitespace." source="com.puppycrawl.tools.checkstyle.checks.whitespace.NoWhitespaceBeforeCheck"/>
<error line="122" column="14" severity="error" message="Must have at least one statement." source="com.puppycrawl.tools.checkstyle.checks.blocks.EmptyBlockCheck"/>
</file>
<file name="/home/jenkins/jenkins-home/workspace/hadoop-multibranch_PR-3259/ubuntu-focal/src/hadoop-tools/hadoop-streaming/src/main/java/org/apache/hadoop/streaming/JarBuilder.java">
<error line="90" severity="error" message="&apos;if&apos; construct must use &apos;{}&apos;s." source="com.puppycrawl.tools.checkstyle.checks.blocks.NeedBracesCheck"/>
<error line="93" severity="error" message="&apos;if&apos; construct must use &apos;{}&apos;s." source="com.puppycrawl.tools.checkstyle.checks.blocks.NeedBracesCheck"/>
<error line="100" column="75" severity="error" message="File contains tab characters (this is the first instance)." source="com.puppycrawl.tools.checkstyle.checks.whitespace.FileTabCharacterCheck"/>
<error line="158" severity="error" message="Line is longer than 100 characters (found 102)." source="com.puppycrawl.tools.checkstyle.checks.sizes.LineLengthCheck"/>
<error line="176" severity="error" message="First sentence should end with a period." source="com.puppycrawl.tools.checkstyle.checks.javadoc.JavadocStyleCheck"/>
<error line="177" column="38" severity="error" message="Array brackets at illegal position." source="com.puppycrawl.tools.checkstyle.checks.ArrayTypeStyleCheck"/>
<error line="178" severity="error" message="Line is longer than 100 characters (found 165)." source="com.puppycrawl.tools.checkstyle.checks.sizes.LineLengthCheck"/>
<error line="206" column="22" severity="error" message="Array brackets at illegal position." source="com.puppycrawl.tools.checkstyle.checks.ArrayTypeStyleCheck"/>
<error line="207" column="21" severity="error" message="Variable &apos;verbose&apos; must be private and have accessor methods." source="com.puppycrawl.tools.checkstyle.checks.design.VisibilityModifierCheck"/>
</file>
<file name="/home/jenkins/jenkins-home/workspace/hadoop-multibranch_PR-3259/ubuntu-focal/src/hadoop-tools/hadoop-streaming/src/main/java/org/apache/hadoop/streaming/PipeReducer.java">
<error line="75" severity="error" message="Line is longer than 100 characters (found 105)." source="com.puppycrawl.tools.checkstyle.checks.sizes.LineLengthCheck"/>
<error line="76" severity="error" message="Line is longer than 100 characters (found 106)." source="com.puppycrawl.tools.checkstyle.checks.sizes.LineLengthCheck"/>
<error line="119" column="1" severity="error" message="File contains tab characters (this is the first instance)." source="com.puppycrawl.tools.checkstyle.checks.whitespace.FileTabCharacterCheck"/>
<error line="123" column="9" severity="error" message="&apos;}&apos; at column 2 should be alone on a line." source="com.puppycrawl.tools.checkstyle.checks.blocks.RightCurlyCheck"/>
<error line="123" column="10" severity="error" message="Empty statement." source="com.puppycrawl.tools.checkstyle.checks.coding.EmptyStatementCheck"/>
<error line="127" column="7" severity="error" message="&apos;}&apos; at column 7 should be alone on a line." source="com.puppycrawl.tools.checkstyle.checks.blocks.RightCurlyCheck"/>
<error line="127" column="8" severity="error" message="Empty statement." source="com.puppycrawl.tools.checkstyle.checks.coding.EmptyStatementCheck"/>
</file>
<file name="/home/jenkins/jenkins-home/workspace/hadoop-multibranch_PR-3259/ubuntu-focal/src/hadoop-tools/hadoop-streaming/src/main/java/org/apache/hadoop/streaming/Environment.java">
<error line="46" column="12" severity="error" message="Name &apos;OS&apos; must match pattern &apos;^[a-z][a-zA-Z0-9]*$&apos;." source="com.puppycrawl.tools.checkstyle.checks.naming.LocalVariableNameCheck"/>
<error line="56" column="12" severity="error" message="Must have at least one statement." source="com.puppycrawl.tools.checkstyle.checks.blocks.EmptyBlockCheck"/>
<error line="72" severity="error" message="&apos;if&apos; construct must use &apos;{}&apos;s." source="com.puppycrawl.tools.checkstyle.checks.blocks.NeedBracesCheck"/>
</file>
<file name="/home/jenkins/jenkins-home/workspace/hadoop-multibranch_PR-3259/ubuntu-focal/src/hadoop-tools/hadoop-streaming/src/main/java/org/apache/hadoop/streaming/DumpTypedBytes.java">
<error line="110" severity="error" message="&apos;fileStatus&apos; has incorrect indentation level 8, expected level should be 10." source="com.puppycrawl.tools.checkstyle.checks.indentation.IndentationCheck"/>
<error line="111" severity="error" message="&apos;(&apos; has incorrect indentation level 8, expected level should be 10." source="com.puppycrawl.tools.checkstyle.checks.indentation.IndentationCheck"/>
</file>
<file name="/home/jenkins/jenkins-home/workspace/hadoop-multibranch_PR-3259/ubuntu-focal/src/hadoop-tools/hadoop-streaming/src/main/java/org/apache/hadoop/streaming/PipeMapRunner.java">
</file>
<file name="/home/jenkins/jenkins-home/workspace/hadoop-multibranch_PR-3259/ubuntu-focal/src/hadoop-tools/hadoop-streaming/src/main/java/org/apache/hadoop/streaming/io/TextInputWriter.java">
<error line="1" severity="error" message="Missing package-info.java file." source="com.puppycrawl.tools.checkstyle.checks.javadoc.JavadocPackageCheck"/>
<error line="33" column="24" severity="error" message="Variable &apos;clientOut&apos; must be private and have accessor methods." source="com.puppycrawl.tools.checkstyle.checks.design.VisibilityModifierCheck"/>
</file>
<file name="/home/jenkins/jenkins-home/workspace/hadoop-multibranch_PR-3259/ubuntu-focal/src/hadoop-tools/hadoop-streaming/src/main/java/org/apache/hadoop/streaming/io/TypedBytesInputWriter.java">
</file>
<file name="/home/jenkins/jenkins-home/workspace/hadoop-multibranch_PR-3259/ubuntu-focal/src/hadoop-tools/hadoop-streaming/src/main/java/org/apache/hadoop/streaming/io/OutputReader.java">
</file>
<file name="/home/jenkins/jenkins-home/workspace/hadoop-multibranch_PR-3259/ubuntu-focal/src/hadoop-tools/hadoop-streaming/src/main/java/org/apache/hadoop/streaming/io/IdentifierResolver.java">
<error line="106" severity="error" message="&apos;inputWriterClass&apos; has incorrect indentation level 4, expected level should be 6." source="com.puppycrawl.tools.checkstyle.checks.indentation.IndentationCheck"/>
<error line="114" severity="error" message="&apos;outputReaderClass&apos; has incorrect indentation level 4, expected level should be 6." source="com.puppycrawl.tools.checkstyle.checks.indentation.IndentationCheck"/>
</file>
<file name="/home/jenkins/jenkins-home/workspace/hadoop-multibranch_PR-3259/ubuntu-focal/src/hadoop-tools/hadoop-streaming/src/main/java/org/apache/hadoop/streaming/io/RawBytesInputWriter.java">
</file>
<file name="/home/jenkins/jenkins-home/workspace/hadoop-multibranch_PR-3259/ubuntu-focal/src/hadoop-tools/hadoop-streaming/src/main/java/org/apache/hadoop/streaming/io/TypedBytesOutputReader.java">
<error line="32" severity="error" message="&apos;OutputReader&apos; has incorrect indentation level 2, expected level should be 4." source="com.puppycrawl.tools.checkstyle.checks.indentation.IndentationCheck"/>
</file>
<file name="/home/jenkins/jenkins-home/workspace/hadoop-multibranch_PR-3259/ubuntu-focal/src/hadoop-tools/hadoop-streaming/src/main/java/org/apache/hadoop/streaming/io/KeyOnlyTextInputWriter.java">
</file>
<file name="/home/jenkins/jenkins-home/workspace/hadoop-multibranch_PR-3259/ubuntu-focal/src/hadoop-tools/hadoop-streaming/src/main/java/org/apache/hadoop/streaming/io/RawBytesOutputReader.java">
<error line="32" severity="error" message="&apos;extends&apos; has incorrect indentation level 2, expected level should be 4." source="com.puppycrawl.tools.checkstyle.checks.indentation.IndentationCheck"/>
</file>
<file name="/home/jenkins/jenkins-home/workspace/hadoop-multibranch_PR-3259/ubuntu-focal/src/hadoop-tools/hadoop-streaming/src/main/java/org/apache/hadoop/streaming/io/KeyOnlyTextOutputReader.java">
</file>
<file name="/home/jenkins/jenkins-home/workspace/hadoop-multibranch_PR-3259/ubuntu-focal/src/hadoop-tools/hadoop-streaming/src/main/java/org/apache/hadoop/streaming/io/TextOutputReader.java">
<error line="98" column="35" severity="error" message="&apos;line&apos; hides a field." source="com.puppycrawl.tools.checkstyle.checks.coding.HiddenFieldCheck"/>
<error line="98" column="58" severity="error" message="&apos;key&apos; hides a field." source="com.puppycrawl.tools.checkstyle.checks.coding.HiddenFieldCheck"/>
<error line="99" severity="error" message="&apos;throws&apos; has incorrect indentation level 4, expected level should be 6." source="com.puppycrawl.tools.checkstyle.checks.indentation.IndentationCheck"/>
<error line="112" severity="error" message="&apos;separator&apos; has incorrect indentation level 10, expected level should be 12." source="com.puppycrawl.tools.checkstyle.checks.indentation.IndentationCheck"/>
</file>
<file name="/home/jenkins/jenkins-home/workspace/hadoop-multibranch_PR-3259/ubuntu-focal/src/hadoop-tools/hadoop-streaming/src/main/java/org/apache/hadoop/streaming/io/InputWriter.java">
</file>
<file name="/home/jenkins/jenkins-home/workspace/hadoop-multibranch_PR-3259/ubuntu-focal/src/hadoop-tools/hadoop-streaming/src/main/java/org/apache/hadoop/streaming/StreamXmlRecordReader.java">
<error line="25" column="8" severity="error" message="Unused import - org.apache.hadoop.io.Writable." source="com.puppycrawl.tools.checkstyle.checks.imports.UnusedImportsCheck"/>
<error line="27" column="8" severity="error" message="Unused import - org.apache.hadoop.io.WritableComparable." source="com.puppycrawl.tools.checkstyle.checks.imports.UnusedImportsCheck"/>
<error line="79" column="7" severity="error" message="Variable &apos;numNext&apos; must be private and have accessor methods." source="com.puppycrawl.tools.checkstyle.checks.design.VisibilityModifierCheck"/>
<error line="133" severity="error" message="&apos;if&apos; construct must use &apos;{}&apos;s." source="com.puppycrawl.tools.checkstyle.checks.blocks.NeedBracesCheck"/>
<error line="175" column="48" severity="error" message="&apos;;&apos; is followed by whitespace." source="com.puppycrawl.tools.checkstyle.checks.whitespace.EmptyForIteratorPadCheck"/>
<error line="181" column="49" severity="error" message="&apos;,&apos; is not followed by whitespace." source="com.puppycrawl.tools.checkstyle.checks.whitespace.WhitespaceAfterCheck"/>
<error line="199" severity="error" message="switch without &quot;default&quot; clause." source="com.puppycrawl.tools.checkstyle.checks.coding.MissingSwitchDefaultCheck"/>
<error line="202" severity="error" message="switch without &quot;default&quot; clause." source="com.puppycrawl.tools.checkstyle.checks.coding.MissingSwitchDefaultCheck"/>
<error line="206" column="33" severity="error" message="Must have at least one statement." source="com.puppycrawl.tools.checkstyle.checks.blocks.EmptyBlockCheck"/>
<error line="237" severity="error" message="Line is longer than 100 characters (found 116)." source="com.puppycrawl.tools.checkstyle.checks.sizes.LineLengthCheck"/>
<error line="242" column="9" severity="error" message="Name &apos;LL&apos; must match pattern &apos;^[a-z][a-zA-Z0-9]*$&apos;." source="com.puppycrawl.tools.checkstyle.checks.naming.LocalVariableNameCheck"/>
<error line="247" severity="error" message="&apos;if&apos; construct must use &apos;{}&apos;s." source="com.puppycrawl.tools.checkstyle.checks.blocks.NeedBracesCheck"/>
<error line="283" column="10" severity="error" message="Name &apos;beginMark_&apos; must match pattern &apos;^[a-z][a-zA-Z0-9]*$&apos;." source="com.puppycrawl.tools.checkstyle.checks.naming.MemberNameCheck"/>
<error line="283" column="10" severity="error" message="Variable &apos;beginMark_&apos; must be private and have accessor methods." source="com.puppycrawl.tools.checkstyle.checks.design.VisibilityModifierCheck"/>
<error line="284" column="10" severity="error" message="Name &apos;endMark_&apos; must match pattern &apos;^[a-z][a-zA-Z0-9]*$&apos;." source="com.puppycrawl.tools.checkstyle.checks.naming.MemberNameCheck"/>
<error line="284" column="10" severity="error" message="Variable &apos;endMark_&apos; must be private and have accessor methods." source="com.puppycrawl.tools.checkstyle.checks.design.VisibilityModifierCheck"/>
<error line="286" column="11" severity="error" message="Name &apos;beginPat_&apos; must match pattern &apos;^[a-z][a-zA-Z0-9]*$&apos;." source="com.puppycrawl.tools.checkstyle.checks.naming.MemberNameCheck"/>
<error line="286" column="11" severity="error" message="Variable &apos;beginPat_&apos; must be private and have accessor methods." source="com.puppycrawl.tools.checkstyle.checks.design.VisibilityModifierCheck"/>
<error line="287" column="11" severity="error" message="Name &apos;endPat_&apos; must match pattern &apos;^[a-z][a-zA-Z0-9]*$&apos;." source="com.puppycrawl.tools.checkstyle.checks.naming.MemberNameCheck"/>
<error line="287" column="11" severity="error" message="Variable &apos;endPat_&apos; must be private and have accessor methods." source="com.puppycrawl.tools.checkstyle.checks.design.VisibilityModifierCheck"/>
<error line="289" column="11" severity="error" message="Name &apos;slowMatch_&apos; must match pattern &apos;^[a-z][a-zA-Z0-9]*$&apos;." source="com.puppycrawl.tools.checkstyle.checks.naming.MemberNameCheck"/>
<error line="289" column="11" severity="error" message="Variable &apos;slowMatch_&apos; must be private and have accessor methods." source="com.puppycrawl.tools.checkstyle.checks.design.VisibilityModifierCheck"/>
<error line="290" severity="error" message="Line is longer than 100 characters (found 103)." source="com.puppycrawl.tools.checkstyle.checks.sizes.LineLengthCheck"/>
<error line="290" column="7" severity="error" message="Name &apos;lookAhead_&apos; must match pattern &apos;^[a-z][a-zA-Z0-9]*$&apos;." source="com.puppycrawl.tools.checkstyle.checks.naming.MemberNameCheck"/>
<error line="290" column="7" severity="error" message="Variable &apos;lookAhead_&apos; must be private and have accessor methods." source="com.puppycrawl.tools.checkstyle.checks.design.VisibilityModifierCheck"/>
<error line="291" column="7" severity="error" message="Name &apos;maxRecSize_&apos; must match pattern &apos;^[a-z][a-zA-Z0-9]*$&apos;." source="com.puppycrawl.tools.checkstyle.checks.naming.MemberNameCheck"/>
<error line="291" column="7" severity="error" message="Variable &apos;maxRecSize_&apos; must be private and have accessor methods." source="com.puppycrawl.tools.checkstyle.checks.design.VisibilityModifierCheck"/>
<error line="293" column="23" severity="error" message="Name &apos;bin_&apos; must match pattern &apos;^[a-z][a-zA-Z0-9]*$&apos;." source="com.puppycrawl.tools.checkstyle.checks.naming.MemberNameCheck"/>
<error line="293" column="23" severity="error" message="Variable &apos;bin_&apos; must be private and have accessor methods." source="com.puppycrawl.tools.checkstyle.checks.design.VisibilityModifierCheck"/>
<error line="294" column="8" severity="error" message="Name &apos;pos_&apos; must match pattern &apos;^[a-z][a-zA-Z0-9]*$&apos;." source="com.puppycrawl.tools.checkstyle.checks.naming.MemberNameCheck"/>
<error line="294" column="8" severity="error" message="Variable &apos;pos_&apos; must be private and have accessor methods." source="com.puppycrawl.tools.checkstyle.checks.design.VisibilityModifierCheck"/>
<error line="297" column="7" severity="error" message="Name &apos;firstMatchStart_&apos; must match pattern &apos;^[a-z][a-zA-Z0-9]*$&apos;." source="com.puppycrawl.tools.checkstyle.checks.naming.MemberNameCheck"/>
<error line="297" column="7" severity="error" message="Variable &apos;firstMatchStart_&apos; must be private and have accessor methods." source="com.puppycrawl.tools.checkstyle.checks.design.VisibilityModifierCheck"/>
<error line="298" column="7" severity="error" message="Name &apos;firstMatchEnd_&apos; must match pattern &apos;^[a-z][a-zA-Z0-9]*$&apos;." source="com.puppycrawl.tools.checkstyle.checks.naming.MemberNameCheck"/>
<error line="298" column="7" severity="error" message="Variable &apos;firstMatchEnd_&apos; must be private and have accessor methods." source="com.puppycrawl.tools.checkstyle.checks.design.VisibilityModifierCheck"/>
<error line="300" column="11" severity="error" message="Name &apos;synched_&apos; must match pattern &apos;^[a-z][a-zA-Z0-9]*$&apos;." source="com.puppycrawl.tools.checkstyle.checks.naming.MemberNameCheck"/>
<error line="300" column="11" severity="error" message="Variable &apos;synched_&apos; must be private and have accessor methods." source="com.puppycrawl.tools.checkstyle.checks.design.VisibilityModifierCheck"/>
</file>
<file name="/home/jenkins/jenkins-home/workspace/hadoop-multibranch_PR-3259/ubuntu-focal/src/hadoop-tools/hadoop-streaming/src/main/java/org/apache/hadoop/streaming/StreamUtil.java">
<error line="35" severity="error" message="First sentence should end with a period." source="com.puppycrawl.tools.checkstyle.checks.javadoc.JavadocStyleCheck"/>
<error line="38" column="1" severity="error" message="Utility classes should not have a public or default constructor." source="com.puppycrawl.tools.checkstyle.checks.design.HideUtilityClassConstructorCheck"/>
<error line="127" column="23" severity="error" message="Name &apos;regexpSpecials&apos; must match pattern &apos;^[A-Z][A-Z0-9]*(_[A-Z0-9]+)*$&apos;." source="com.puppycrawl.tools.checkstyle.checks.naming.ConstantNameCheck"/>
</file>
<file name="/home/jenkins/jenkins-home/workspace/hadoop-multibranch_PR-3259/ubuntu-focal/src/hadoop-tools/hadoop-streaming/src/main/java/org/apache/hadoop/streaming/LoadTypedBytes.java">
<error line="73" severity="error" message="&apos;TypedBytesWritable&apos; has incorrect indentation level 6, expected level should be 8." source="com.puppycrawl.tools.checkstyle.checks.indentation.IndentationCheck"/>
<error line="94" severity="error" message="&apos;method call&apos; child has incorrect indentation level 4, expected level should be 6." source="com.puppycrawl.tools.checkstyle.checks.indentation.IndentationCheck"/>
</file>
<file name="/home/jenkins/jenkins-home/workspace/hadoop-multibranch_PR-3259/ubuntu-focal/src/hadoop-tools/hadoop-streaming/src/main/java/org/apache/hadoop/streaming/mapreduce/StreamXmlRecordReader.java">
<error line="1" severity="error" message="Missing package-info.java file." source="com.puppycrawl.tools.checkstyle.checks.javadoc.JavadocPackageCheck"/>
<error line="54" severity="error" message="&apos;throws&apos; has incorrect indentation level 2, expected level should be 6." source="com.puppycrawl.tools.checkstyle.checks.indentation.IndentationCheck"/>
<error line="84" column="7" severity="error" message="Variable &apos;numNext&apos; must be private and have accessor methods." source="com.puppycrawl.tools.checkstyle.checks.design.VisibilityModifierCheck"/>
<error line="86" column="41" severity="error" message="&apos;key&apos; hides a field." source="com.puppycrawl.tools.checkstyle.checks.coding.HiddenFieldCheck"/>
<error line="86" column="51" severity="error" message="&apos;value&apos; hides a field." source="com.puppycrawl.tools.checkstyle.checks.coding.HiddenFieldCheck"/>
<error line="139" severity="error" message="&apos;if&apos; construct must use &apos;{}&apos;s." source="com.puppycrawl.tools.checkstyle.checks.blocks.NeedBracesCheck"/>
<error line="178" severity="error" message="&apos;&amp;&amp;&apos; has incorrect indentation level 4, expected level should be 8." source="com.puppycrawl.tools.checkstyle.checks.indentation.IndentationCheck"/>
<error line="208" severity="error" message="switch without &quot;default&quot; clause." source="com.puppycrawl.tools.checkstyle.checks.coding.MissingSwitchDefaultCheck"/>
<error line="211" severity="error" message="switch without &quot;default&quot; clause." source="com.puppycrawl.tools.checkstyle.checks.coding.MissingSwitchDefaultCheck"/>
<error line="215" column="33" severity="error" message="Must have at least one statement." source="com.puppycrawl.tools.checkstyle.checks.blocks.EmptyBlockCheck"/>
<error line="253" column="9" severity="error" message="Name &apos;LL&apos; must match pattern &apos;^[a-z][a-zA-Z0-9]*$&apos;." source="com.puppycrawl.tools.checkstyle.checks.naming.LocalVariableNameCheck"/>
<error line="258" severity="error" message="&apos;if&apos; construct must use &apos;{}&apos;s." source="com.puppycrawl.tools.checkstyle.checks.blocks.NeedBracesCheck"/>
<error line="295" column="10" severity="error" message="Name &apos;beginMark_&apos; must match pattern &apos;^[a-z][a-zA-Z0-9]*$&apos;." source="com.puppycrawl.tools.checkstyle.checks.naming.MemberNameCheck"/>
<error line="295" column="10" severity="error" message="Variable &apos;beginMark_&apos; must be private and have accessor methods." source="com.puppycrawl.tools.checkstyle.checks.design.VisibilityModifierCheck"/>
<error line="296" column="10" severity="error" message="Name &apos;endMark_&apos; must match pattern &apos;^[a-z][a-zA-Z0-9]*$&apos;." source="com.puppycrawl.tools.checkstyle.checks.naming.MemberNameCheck"/>
<error line="296" column="10" severity="error" message="Variable &apos;endMark_&apos; must be private and have accessor methods." source="com.puppycrawl.tools.checkstyle.checks.design.VisibilityModifierCheck"/>
<error line="298" column="11" severity="error" message="Name &apos;beginPat_&apos; must match pattern &apos;^[a-z][a-zA-Z0-9]*$&apos;." source="com.puppycrawl.tools.checkstyle.checks.naming.MemberNameCheck"/>
<error line="298" column="11" severity="error" message="Variable &apos;beginPat_&apos; must be private and have accessor methods." source="com.puppycrawl.tools.checkstyle.checks.design.VisibilityModifierCheck"/>
<error line="299" column="11" severity="error" message="Name &apos;endPat_&apos; must match pattern &apos;^[a-z][a-zA-Z0-9]*$&apos;." source="com.puppycrawl.tools.checkstyle.checks.naming.MemberNameCheck"/>
<error line="299" column="11" severity="error" message="Variable &apos;endPat_&apos; must be private and have accessor methods." source="com.puppycrawl.tools.checkstyle.checks.design.VisibilityModifierCheck"/>
<error line="301" column="11" severity="error" message="Name &apos;slowMatch_&apos; must match pattern &apos;^[a-z][a-zA-Z0-9]*$&apos;." source="com.puppycrawl.tools.checkstyle.checks.naming.MemberNameCheck"/>
<error line="301" column="11" severity="error" message="Variable &apos;slowMatch_&apos; must be private and have accessor methods." source="com.puppycrawl.tools.checkstyle.checks.design.VisibilityModifierCheck"/>
<error line="302" column="7" severity="error" message="Name &apos;lookAhead_&apos; must match pattern &apos;^[a-z][a-zA-Z0-9]*$&apos;." source="com.puppycrawl.tools.checkstyle.checks.naming.MemberNameCheck"/>
<error line="302" column="7" severity="error" message="Variable &apos;lookAhead_&apos; must be private and have accessor methods." source="com.puppycrawl.tools.checkstyle.checks.design.VisibilityModifierCheck"/>
<error line="304" column="7" severity="error" message="Name &apos;maxRecSize_&apos; must match pattern &apos;^[a-z][a-zA-Z0-9]*$&apos;." source="com.puppycrawl.tools.checkstyle.checks.naming.MemberNameCheck"/>
<error line="304" column="7" severity="error" message="Variable &apos;maxRecSize_&apos; must be private and have accessor methods." source="com.puppycrawl.tools.checkstyle.checks.design.VisibilityModifierCheck"/>
<error line="306" column="23" severity="error" message="Name &apos;bin_&apos; must match pattern &apos;^[a-z][a-zA-Z0-9]*$&apos;." source="com.puppycrawl.tools.checkstyle.checks.naming.MemberNameCheck"/>
<error line="306" column="23" severity="error" message="Variable &apos;bin_&apos; must be private and have accessor methods." source="com.puppycrawl.tools.checkstyle.checks.design.VisibilityModifierCheck"/>
<error line="308" column="8" severity="error" message="Name &apos;pos_&apos; must match pattern &apos;^[a-z][a-zA-Z0-9]*$&apos;." source="com.puppycrawl.tools.checkstyle.checks.naming.MemberNameCheck"/>
<error line="308" column="8" severity="error" message="Variable &apos;pos_&apos; must be private and have accessor methods." source="com.puppycrawl.tools.checkstyle.checks.design.VisibilityModifierCheck"/>
<error line="312" column="7" severity="error" message="Name &apos;firstMatchStart_&apos; must match pattern &apos;^[a-z][a-zA-Z0-9]*$&apos;." source="com.puppycrawl.tools.checkstyle.checks.naming.MemberNameCheck"/>
<error line="312" column="7" severity="error" message="Variable &apos;firstMatchStart_&apos; must be private and have accessor methods." source="com.puppycrawl.tools.checkstyle.checks.design.VisibilityModifierCheck"/>
<error line="313" column="7" severity="error" message="Name &apos;firstMatchEnd_&apos; must match pattern &apos;^[a-z][a-zA-Z0-9]*$&apos;." source="com.puppycrawl.tools.checkstyle.checks.naming.MemberNameCheck"/>
<error line="313" column="7" severity="error" message="Variable &apos;firstMatchEnd_&apos; must be private and have accessor methods." source="com.puppycrawl.tools.checkstyle.checks.design.VisibilityModifierCheck"/>
<error line="315" column="11" severity="error" message="Name &apos;synched_&apos; must match pattern &apos;^[a-z][a-zA-Z0-9]*$&apos;." source="com.puppycrawl.tools.checkstyle.checks.naming.MemberNameCheck"/>
<error line="315" column="11" severity="error" message="Variable &apos;synched_&apos; must be private and have accessor methods." source="com.puppycrawl.tools.checkstyle.checks.design.VisibilityModifierCheck"/>
<error line="329" severity="error" message="&apos;throws&apos; has incorrect indentation level 2, expected level should be 6." source="com.puppycrawl.tools.checkstyle.checks.indentation.IndentationCheck"/>
</file>
<file name="/home/jenkins/jenkins-home/workspace/hadoop-multibranch_PR-3259/ubuntu-focal/src/hadoop-tools/hadoop-streaming/src/main/java/org/apache/hadoop/streaming/mapreduce/StreamInputFormat.java">
<error line="77" column="5" severity="error" message="Avoid nested blocks." source="com.puppycrawl.tools.checkstyle.checks.blocks.AvoidNestedBlocksCheck"/>
<error line="86" column="53" severity="error" message="&apos;{&apos; is followed by whitespace." source="com.puppycrawl.tools.checkstyle.checks.whitespace.NoWhitespaceAfterCheck"/>
<error line="95" column="73" severity="error" message="&apos;{&apos; is followed by whitespace." source="com.puppycrawl.tools.checkstyle.checks.whitespace.NoWhitespaceAfterCheck"/>
</file>
<file name="/home/jenkins/jenkins-home/workspace/hadoop-multibranch_PR-3259/ubuntu-focal/src/hadoop-tools/hadoop-streaming/src/main/java/org/apache/hadoop/streaming/mapreduce/StreamBaseRecordReader.java">
<error line="111" column="28" severity="error" message="&apos;;&apos; is not followed by whitespace." source="com.puppycrawl.tools.checkstyle.checks.whitespace.WhitespaceAfterCheck"/>
<error line="118" column="8" severity="error" message="Variable &apos;lastMem&apos; must be private and have accessor methods." source="com.puppycrawl.tools.checkstyle.checks.design.VisibilityModifierCheck"/>
<error line="140" column="21" severity="error" message="Name &apos;in_&apos; must match pattern &apos;^[a-z][a-zA-Z0-9]*$&apos;." source="com.puppycrawl.tools.checkstyle.checks.naming.MemberNameCheck"/>
<error line="140" column="21" severity="error" message="Variable &apos;in_&apos; must be private and have accessor methods." source="com.puppycrawl.tools.checkstyle.checks.design.VisibilityModifierCheck"/>
<error line="141" column="13" severity="error" message="Name &apos;split_&apos; must match pattern &apos;^[a-z][a-zA-Z0-9]*$&apos;." source="com.puppycrawl.tools.checkstyle.checks.naming.MemberNameCheck"/>
<error line="141" column="13" severity="error" message="Variable &apos;split_&apos; must be private and have accessor methods." source="com.puppycrawl.tools.checkstyle.checks.design.VisibilityModifierCheck"/>
<error line="142" column="8" severity="error" message="Name &apos;start_&apos; must match pattern &apos;^[a-z][a-zA-Z0-9]*$&apos;." source="com.puppycrawl.tools.checkstyle.checks.naming.MemberNameCheck"/>
<error line="142" column="8" severity="error" message="Variable &apos;start_&apos; must be private and have accessor methods." source="com.puppycrawl.tools.checkstyle.checks.design.VisibilityModifierCheck"/>
<error line="143" column="8" severity="error" message="Name &apos;end_&apos; must match pattern &apos;^[a-z][a-zA-Z0-9]*$&apos;." source="com.puppycrawl.tools.checkstyle.checks.naming.MemberNameCheck"/>
<error line="143" column="8" severity="error" message="Variable &apos;end_&apos; must be private and have accessor methods." source="com.puppycrawl.tools.checkstyle.checks.design.VisibilityModifierCheck"/>
<error line="144" column="8" severity="error" message="Name &apos;length_&apos; must match pattern &apos;^[a-z][a-zA-Z0-9]*$&apos;." source="com.puppycrawl.tools.checkstyle.checks.naming.MemberNameCheck"/>
<error line="144" column="8" severity="error" message="Variable &apos;length_&apos; must be private and have accessor methods." source="com.puppycrawl.tools.checkstyle.checks.design.VisibilityModifierCheck"/>
<error line="145" column="10" severity="error" message="Name &apos;splitName_&apos; must match pattern &apos;^[a-z][a-zA-Z0-9]*$&apos;." source="com.puppycrawl.tools.checkstyle.checks.naming.MemberNameCheck"/>
<error line="145" column="10" severity="error" message="Variable &apos;splitName_&apos; must be private and have accessor methods." source="com.puppycrawl.tools.checkstyle.checks.design.VisibilityModifierCheck"/>
<error line="146" column="22" severity="error" message="Name &apos;context_&apos; must match pattern &apos;^[a-z][a-zA-Z0-9]*$&apos;." source="com.puppycrawl.tools.checkstyle.checks.naming.MemberNameCheck"/>
<error line="146" column="22" severity="error" message="Variable &apos;context_&apos; must be private and have accessor methods." source="com.puppycrawl.tools.checkstyle.checks.design.VisibilityModifierCheck"/>
<error line="147" column="17" severity="error" message="Name &apos;conf_&apos; must match pattern &apos;^[a-z][a-zA-Z0-9]*$&apos;." source="com.puppycrawl.tools.checkstyle.checks.naming.MemberNameCheck"/>
<error line="147" column="17" severity="error" message="Variable &apos;conf_&apos; must be private and have accessor methods." source="com.puppycrawl.tools.checkstyle.checks.design.VisibilityModifierCheck"/>
<error line="148" column="14" severity="error" message="Name &apos;fs_&apos; must match pattern &apos;^[a-z][a-zA-Z0-9]*$&apos;." source="com.puppycrawl.tools.checkstyle.checks.naming.MemberNameCheck"/>
<error line="148" column="14" severity="error" message="Variable &apos;fs_&apos; must be private and have accessor methods." source="com.puppycrawl.tools.checkstyle.checks.design.VisibilityModifierCheck"/>
<error line="149" column="7" severity="error" message="Name &apos;numRec_&apos; must match pattern &apos;^[a-z][a-zA-Z0-9]*$&apos;." source="com.puppycrawl.tools.checkstyle.checks.naming.MemberNameCheck"/>
<error line="149" column="7" severity="error" message="Variable &apos;numRec_&apos; must be private and have accessor methods." source="com.puppycrawl.tools.checkstyle.checks.design.VisibilityModifierCheck"/>
<error line="150" column="7" severity="error" message="Name &apos;nextStatusRec_&apos; must match pattern &apos;^[a-z][a-zA-Z0-9]*$&apos;." source="com.puppycrawl.tools.checkstyle.checks.naming.MemberNameCheck"/>
<error line="150" column="7" severity="error" message="Variable &apos;nextStatusRec_&apos; must be private and have accessor methods." source="com.puppycrawl.tools.checkstyle.checks.design.VisibilityModifierCheck"/>
<error line="151" column="7" severity="error" message="Name &apos;statusMaxRecordChars_&apos; must match pattern &apos;^[a-z][a-zA-Z0-9]*$&apos;." source="com.puppycrawl.tools.checkstyle.checks.naming.MemberNameCheck"/>
<error line="151" column="7" severity="error" message="Variable &apos;statusMaxRecordChars_&apos; must be private and have accessor methods." source="com.puppycrawl.tools.checkstyle.checks.design.VisibilityModifierCheck"/>
</file>
<file name="/home/jenkins/jenkins-home/workspace/hadoop-multibranch_PR-3259/ubuntu-focal/src/hadoop-tools/hadoop-streaming/src/main/java/org/apache/hadoop/streaming/StreamInputFormat.java">
<error line="57" column="5" severity="error" message="Avoid nested blocks." source="com.puppycrawl.tools.checkstyle.checks.blocks.AvoidNestedBlocksCheck"/>
<error line="66" column="53" severity="error" message="&apos;{&apos; is followed by whitespace." source="com.puppycrawl.tools.checkstyle.checks.whitespace.NoWhitespaceAfterCheck"/>
<error line="67" severity="error" message="Line is longer than 100 characters (found 122)." source="com.puppycrawl.tools.checkstyle.checks.sizes.LineLengthCheck"/>
<error line="74" column="73" severity="error" message="&apos;{&apos; is followed by whitespace." source="com.puppycrawl.tools.checkstyle.checks.whitespace.NoWhitespaceAfterCheck"/>
<error line="75" severity="error" message="&apos;array initialization&apos; child has incorrect indentation level 62, expected level should be one of the following: 10, 74, 76." source="com.puppycrawl.tools.checkstyle.checks.indentation.IndentationCheck"/>
</file>
<file name="/home/jenkins/jenkins-home/workspace/hadoop-multibranch_PR-3259/ubuntu-focal/src/hadoop-tools/hadoop-streaming/src/main/java/org/apache/hadoop/streaming/PipeCombiner.java">
</file>
<file name="/home/jenkins/jenkins-home/workspace/hadoop-multibranch_PR-3259/ubuntu-focal/src/hadoop-tools/hadoop-streaming/src/main/java/org/apache/hadoop/streaming/StreamKeyValUtil.java">
<error line="26" column="1" severity="error" message="Utility classes should not have a public or default constructor." source="com.puppycrawl.tools.checkstyle.checks.design.HideUtilityClassConstructorCheck"/>
<error line="28" severity="error" message="First sentence should end with a period." source="com.puppycrawl.tools.checkstyle.checks.javadoc.JavadocStyleCheck"/>
<error line="35" column="34" severity="error" message="&apos;byte&apos; is followed by whitespace." source="com.puppycrawl.tools.checkstyle.checks.whitespace.NoWhitespaceAfterCheck"/>
<error line="43" severity="error" message="First sentence should end with a period." source="com.puppycrawl.tools.checkstyle.checks.javadoc.JavadocStyleCheck"/>
<error line="48" column="34" severity="error" message="&apos;byte&apos; is followed by whitespace." source="com.puppycrawl.tools.checkstyle.checks.whitespace.NoWhitespaceAfterCheck"/>
<error line="68" severity="error" message="&apos;if&apos; construct must use &apos;{}&apos;s." source="com.puppycrawl.tools.checkstyle.checks.blocks.NeedBracesCheck"/>
<error line="106" severity="error" message="&apos;throws&apos; has incorrect indentation level 4, expected level should be 6." source="com.puppycrawl.tools.checkstyle.checks.indentation.IndentationCheck"/>
<error line="120" severity="error" message="&apos;throws&apos; has incorrect indentation level 4, expected level should be 6." source="com.puppycrawl.tools.checkstyle.checks.indentation.IndentationCheck"/>
<error line="132" severity="error" message="&apos;throws&apos; has incorrect indentation level 2, expected level should be 6." source="com.puppycrawl.tools.checkstyle.checks.indentation.IndentationCheck"/>
</file>
<file name="/home/jenkins/jenkins-home/workspace/hadoop-multibranch_PR-3259/ubuntu-focal/src/hadoop-tools/hadoop-streaming/src/main/java/org/apache/hadoop/streaming/StreamBaseRecordReader.java">
<error line="24" column="8" severity="error" message="Unused import - org.apache.hadoop.io.Writable." source="com.puppycrawl.tools.checkstyle.checks.imports.UnusedImportsCheck"/>
<error line="25" column="8" severity="error" message="Unused import - org.apache.hadoop.io.WritableComparable." source="com.puppycrawl.tools.checkstyle.checks.imports.UnusedImportsCheck"/>
<error line="26" column="8" severity="error" message="Unused import - org.apache.hadoop.fs.Path." source="com.puppycrawl.tools.checkstyle.checks.imports.UnusedImportsCheck"/>
<error line="44" severity="error" message="Line is longer than 100 characters (found 102)." source="com.puppycrawl.tools.checkstyle.checks.sizes.LineLengthCheck"/>
<error line="107" column="28" severity="error" message="&apos;;&apos; is not followed by whitespace." source="com.puppycrawl.tools.checkstyle.checks.whitespace.WhitespaceAfterCheck"/>
<error line="114" column="8" severity="error" message="Variable &apos;lastMem&apos; must be private and have accessor methods." source="com.puppycrawl.tools.checkstyle.checks.design.VisibilityModifierCheck"/>
<error line="130" severity="error" message="Line is longer than 100 characters (found 103)." source="com.puppycrawl.tools.checkstyle.checks.sizes.LineLengthCheck"/>
<error line="131" severity="error" message="&apos;+&apos; has incorrect indentation level 6, expected level should be 8." source="com.puppycrawl.tools.checkstyle.checks.indentation.IndentationCheck"/>
<error line="136" column="21" severity="error" message="Name &apos;in_&apos; must match pattern &apos;^[a-z][a-zA-Z0-9]*$&apos;." source="com.puppycrawl.tools.checkstyle.checks.naming.MemberNameCheck"/>
<error line="136" column="21" severity="error" message="Variable &apos;in_&apos; must be private and have accessor methods." source="com.puppycrawl.tools.checkstyle.checks.design.VisibilityModifierCheck"/>
<error line="137" column="13" severity="error" message="Name &apos;split_&apos; must match pattern &apos;^[a-z][a-zA-Z0-9]*$&apos;." source="com.puppycrawl.tools.checkstyle.checks.naming.MemberNameCheck"/>
<error line="137" column="13" severity="error" message="Variable &apos;split_&apos; must be private and have accessor methods." source="com.puppycrawl.tools.checkstyle.checks.design.VisibilityModifierCheck"/>
<error line="138" column="8" severity="error" message="Name &apos;start_&apos; must match pattern &apos;^[a-z][a-zA-Z0-9]*$&apos;." source="com.puppycrawl.tools.checkstyle.checks.naming.MemberNameCheck"/>
<error line="138" column="8" severity="error" message="Variable &apos;start_&apos; must be private and have accessor methods." source="com.puppycrawl.tools.checkstyle.checks.design.VisibilityModifierCheck"/>
<error line="139" column="8" severity="error" message="Name &apos;end_&apos; must match pattern &apos;^[a-z][a-zA-Z0-9]*$&apos;." source="com.puppycrawl.tools.checkstyle.checks.naming.MemberNameCheck"/>
<error line="139" column="8" severity="error" message="Variable &apos;end_&apos; must be private and have accessor methods." source="com.puppycrawl.tools.checkstyle.checks.design.VisibilityModifierCheck"/>
<error line="140" column="8" severity="error" message="Name &apos;length_&apos; must match pattern &apos;^[a-z][a-zA-Z0-9]*$&apos;." source="com.puppycrawl.tools.checkstyle.checks.naming.MemberNameCheck"/>
<error line="140" column="8" severity="error" message="Variable &apos;length_&apos; must be private and have accessor methods." source="com.puppycrawl.tools.checkstyle.checks.design.VisibilityModifierCheck"/>
<error line="141" column="10" severity="error" message="Name &apos;splitName_&apos; must match pattern &apos;^[a-z][a-zA-Z0-9]*$&apos;." source="com.puppycrawl.tools.checkstyle.checks.naming.MemberNameCheck"/>
<error line="141" column="10" severity="error" message="Variable &apos;splitName_&apos; must be private and have accessor methods." source="com.puppycrawl.tools.checkstyle.checks.design.VisibilityModifierCheck"/>
<error line="142" column="12" severity="error" message="Name &apos;reporter_&apos; must match pattern &apos;^[a-z][a-zA-Z0-9]*$&apos;." source="com.puppycrawl.tools.checkstyle.checks.naming.MemberNameCheck"/>
<error line="142" column="12" severity="error" message="Variable &apos;reporter_&apos; must be private and have accessor methods." source="com.puppycrawl.tools.checkstyle.checks.design.VisibilityModifierCheck"/>
<error line="143" column="11" severity="error" message="Name &apos;job_&apos; must match pattern &apos;^[a-z][a-zA-Z0-9]*$&apos;." source="com.puppycrawl.tools.checkstyle.checks.naming.MemberNameCheck"/>
<error line="143" column="11" severity="error" message="Variable &apos;job_&apos; must be private and have accessor methods." source="com.puppycrawl.tools.checkstyle.checks.design.VisibilityModifierCheck"/>
<error line="144" column="14" severity="error" message="Name &apos;fs_&apos; must match pattern &apos;^[a-z][a-zA-Z0-9]*$&apos;." source="com.puppycrawl.tools.checkstyle.checks.naming.MemberNameCheck"/>
<error line="144" column="14" severity="error" message="Variable &apos;fs_&apos; must be private and have accessor methods." source="com.puppycrawl.tools.checkstyle.checks.design.VisibilityModifierCheck"/>
<error line="145" column="7" severity="error" message="Name &apos;numRec_&apos; must match pattern &apos;^[a-z][a-zA-Z0-9]*$&apos;." source="com.puppycrawl.tools.checkstyle.checks.naming.MemberNameCheck"/>
<error line="145" column="7" severity="error" message="Variable &apos;numRec_&apos; must be private and have accessor methods." source="com.puppycrawl.tools.checkstyle.checks.design.VisibilityModifierCheck"/>
<error line="146" column="7" severity="error" message="Name &apos;nextStatusRec_&apos; must match pattern &apos;^[a-z][a-zA-Z0-9]*$&apos;." source="com.puppycrawl.tools.checkstyle.checks.naming.MemberNameCheck"/>
<error line="146" column="7" severity="error" message="Variable &apos;nextStatusRec_&apos; must be private and have accessor methods." source="com.puppycrawl.tools.checkstyle.checks.design.VisibilityModifierCheck"/>
<error line="147" column="7" severity="error" message="Name &apos;statusMaxRecordChars_&apos; must match pattern &apos;^[a-z][a-zA-Z0-9]*$&apos;." source="com.puppycrawl.tools.checkstyle.checks.naming.MemberNameCheck"/>
<error line="147" column="7" severity="error" message="Variable &apos;statusMaxRecordChars_&apos; must be private and have accessor methods." source="com.puppycrawl.tools.checkstyle.checks.design.VisibilityModifierCheck"/>
</file>
<file name="/home/jenkins/jenkins-home/workspace/hadoop-multibranch_PR-3259/ubuntu-focal/src/hadoop-tools/hadoop-streaming/src/main/java/org/apache/hadoop/streaming/PipeMapRed.java">
<error line="133" column="28" severity="error" message="Must have at least one statement." source="com.puppycrawl.tools.checkstyle.checks.blocks.EmptyBlockCheck"/>
<error line="170" severity="error" message="&apos;if&apos; construct must use &apos;{}&apos;s." source="com.puppycrawl.tools.checkstyle.checks.blocks.NeedBracesCheck"/>
<error line="177" column="40" severity="error" message="Must have at least one statement." source="com.puppycrawl.tools.checkstyle.checks.blocks.EmptyBlockCheck"/>
<error line="274" severity="error" message="&apos;if&apos; construct must use &apos;{}&apos;s." source="com.puppycrawl.tools.checkstyle.checks.blocks.NeedBracesCheck"/>
<error line="294" severity="error" message="&apos;throws&apos; has incorrect indentation level 4, expected level should be 6." source="com.puppycrawl.tools.checkstyle.checks.indentation.IndentationCheck"/>
<error line="315" severity="error" message="&apos;throws&apos; has incorrect indentation level 12, expected level should be 14." source="com.puppycrawl.tools.checkstyle.checks.indentation.IndentationCheck"/>
<error line="319" column="42" severity="error" message="&apos;;&apos; is not followed by whitespace." source="com.puppycrawl.tools.checkstyle.checks.whitespace.WhitespaceAfterCheck"/>
<error line="330" column="11" severity="error" message="File contains tab characters (this is the first instance)." source="com.puppycrawl.tools.checkstyle.checks.whitespace.FileTabCharacterCheck"/>
<error line="351" severity="error" message="&apos;throws&apos; has incorrect indentation level 4, expected level should be 6." source="com.puppycrawl.tools.checkstyle.checks.indentation.IndentationCheck"/>
<error line="353" severity="error" message="&apos;ReflectionUtils&apos; has incorrect indentation level 6, expected level should be 8." source="com.puppycrawl.tools.checkstyle.checks.indentation.IndentationCheck"/>
<error line="361" severity="error" message="&apos;throws&apos; has incorrect indentation level 4, expected level should be 6." source="com.puppycrawl.tools.checkstyle.checks.indentation.IndentationCheck"/>
<error line="363" severity="error" message="&apos;ReflectionUtils&apos; has incorrect indentation level 6, expected level should be 8." source="com.puppycrawl.tools.checkstyle.checks.indentation.IndentationCheck"/>
<error line="372" severity="error" message="&apos;Reporter&apos; has incorrect indentation level 6, expected level should be 8." source="com.puppycrawl.tools.checkstyle.checks.indentation.IndentationCheck"/>
<error line="414" column="18" severity="error" message="Variable &apos;outReader&apos; must be private and have accessor methods." source="com.puppycrawl.tools.checkstyle.checks.design.VisibilityModifierCheck"/>
<error line="415" column="21" severity="error" message="Variable &apos;outCollector&apos; must be private and have accessor methods." source="com.puppycrawl.tools.checkstyle.checks.design.VisibilityModifierCheck"/>
<error line="416" column="14" severity="error" message="Variable &apos;reporter&apos; must be private and have accessor methods." source="com.puppycrawl.tools.checkstyle.checks.design.VisibilityModifierCheck"/>
<error line="417" column="10" severity="error" message="Variable &apos;lastStdoutReport&apos; must be private and have accessor methods." source="com.puppycrawl.tools.checkstyle.checks.design.VisibilityModifierCheck"/>
<error line="423" column="5" severity="error" message="Redundant &apos;public&apos; modifier." source="com.puppycrawl.tools.checkstyle.checks.modifier.RedundantModifierCheck"/>
<error line="517" column="10" severity="error" message="Variable &apos;lastStderrReport&apos; must be private and have accessor methods." source="com.puppycrawl.tools.checkstyle.checks.design.VisibilityModifierCheck"/>
<error line="518" column="23" severity="error" message="Variable &apos;reporter&apos; must be private and have accessor methods." source="com.puppycrawl.tools.checkstyle.checks.design.VisibilityModifierCheck"/>
<error line="543" severity="error" message="&apos;if&apos; construct must use &apos;{}&apos;s." source="com.puppycrawl.tools.checkstyle.checks.blocks.NeedBracesCheck"/>
<error line="556" severity="error" message="&apos;if&apos; child has incorrect indentation level 10, expected level should be 8." source="com.puppycrawl.tools.checkstyle.checks.indentation.IndentationCheck"/>
<error line="558" severity="error" message="&apos;else&apos; child has incorrect indentation level 10, expected level should be 8." source="com.puppycrawl.tools.checkstyle.checks.indentation.IndentationCheck"/>
<error line="591" column="8" severity="error" message="Name &apos;startTime_&apos; must match pattern &apos;^[a-z][a-zA-Z0-9]*$&apos;." source="com.puppycrawl.tools.checkstyle.checks.naming.MemberNameCheck"/>
<error line="591" column="8" severity="error" message="Variable &apos;startTime_&apos; must be private and have accessor methods." source="com.puppycrawl.tools.checkstyle.checks.design.VisibilityModifierCheck"/>
<error line="592" column="8" severity="error" message="Name &apos;numRecRead_&apos; must match pattern &apos;^[a-z][a-zA-Z0-9]*$&apos;." source="com.puppycrawl.tools.checkstyle.checks.naming.MemberNameCheck"/>
<error line="592" column="8" severity="error" message="Variable &apos;numRecRead_&apos; must be private and have accessor methods." source="com.puppycrawl.tools.checkstyle.checks.design.VisibilityModifierCheck"/>
<error line="593" column="8" severity="error" message="Name &apos;numRecWritten_&apos; must match pattern &apos;^[a-z][a-zA-Z0-9]*$&apos;." source="com.puppycrawl.tools.checkstyle.checks.naming.MemberNameCheck"/>
<error line="593" column="8" severity="error" message="Variable &apos;numRecWritten_&apos; must be private and have accessor methods." source="com.puppycrawl.tools.checkstyle.checks.design.VisibilityModifierCheck"/>
<error line="594" column="8" severity="error" message="Name &apos;numRecSkipped_&apos; must match pattern &apos;^[a-z][a-zA-Z0-9]*$&apos;." source="com.puppycrawl.tools.checkstyle.checks.naming.MemberNameCheck"/>
<error line="594" column="8" severity="error" message="Variable &apos;numRecSkipped_&apos; must be private and have accessor methods." source="com.puppycrawl.tools.checkstyle.checks.design.VisibilityModifierCheck"/>
<error line="595" column="8" severity="error" message="Name &apos;nextRecReadLog_&apos; must match pattern &apos;^[a-z][a-zA-Z0-9]*$&apos;." source="com.puppycrawl.tools.checkstyle.checks.naming.MemberNameCheck"/>
<error line="595" column="8" severity="error" message="Variable &apos;nextRecReadLog_&apos; must be private and have accessor methods." source="com.puppycrawl.tools.checkstyle.checks.design.VisibilityModifierCheck"/>
<error line="597" column="8" severity="error" message="Name &apos;minRecWrittenToEnableSkip_&apos; must match pattern &apos;^[a-z][a-zA-Z0-9]*$&apos;." source="com.puppycrawl.tools.checkstyle.checks.naming.MemberNameCheck"/>
<error line="597" column="8" severity="error" message="Variable &apos;minRecWrittenToEnableSkip_&apos; must be private and have accessor methods." source="com.puppycrawl.tools.checkstyle.checks.design.VisibilityModifierCheck"/>
<error line="599" column="8" severity="error" message="Name &apos;reporterOutDelay_&apos; must match pattern &apos;^[a-z][a-zA-Z0-9]*$&apos;." source="com.puppycrawl.tools.checkstyle.checks.naming.MemberNameCheck"/>
<error line="599" column="8" severity="error" message="Variable &apos;reporterOutDelay_&apos; must be private and have accessor methods." source="com.puppycrawl.tools.checkstyle.checks.design.VisibilityModifierCheck"/>
<error line="600" column="8" severity="error" message="Name &apos;reporterErrDelay_&apos; must match pattern &apos;^[a-z][a-zA-Z0-9]*$&apos;." source="com.puppycrawl.tools.checkstyle.checks.naming.MemberNameCheck"/>
<error line="600" column="8" severity="error" message="Variable &apos;reporterErrDelay_&apos; must be private and have accessor methods." source="com.puppycrawl.tools.checkstyle.checks.design.VisibilityModifierCheck"/>
<error line="601" column="8" severity="error" message="Name &apos;joinDelay_&apos; must match pattern &apos;^[a-z][a-zA-Z0-9]*$&apos;." source="com.puppycrawl.tools.checkstyle.checks.naming.MemberNameCheck"/>
<error line="601" column="8" severity="error" message="Variable &apos;joinDelay_&apos; must be private and have accessor methods." source="com.puppycrawl.tools.checkstyle.checks.design.VisibilityModifierCheck"/>
<error line="602" column="11" severity="error" message="Name &apos;job_&apos; must match pattern &apos;^[a-z][a-zA-Z0-9]*$&apos;." source="com.puppycrawl.tools.checkstyle.checks.naming.MemberNameCheck"/>
<error line="602" column="11" severity="error" message="Variable &apos;job_&apos; must be private and have accessor methods." source="com.puppycrawl.tools.checkstyle.checks.design.VisibilityModifierCheck"/>
<error line="604" column="11" severity="error" message="Name &apos;doPipe_&apos; must match pattern &apos;^[a-z][a-zA-Z0-9]*$&apos;." source="com.puppycrawl.tools.checkstyle.checks.naming.MemberNameCheck"/>
<error line="604" column="11" severity="error" message="Variable &apos;doPipe_&apos; must be private and have accessor methods." source="com.puppycrawl.tools.checkstyle.checks.design.VisibilityModifierCheck"/>
<error line="606" column="32" severity="error" message="Name &apos;mapInputWriterClass_&apos; must match pattern &apos;^[a-z][a-zA-Z0-9]*$&apos;." source="com.puppycrawl.tools.checkstyle.checks.naming.MemberNameCheck"/>
<error line="606" column="32" severity="error" message="Variable &apos;mapInputWriterClass_&apos; must be private and have accessor methods." source="com.puppycrawl.tools.checkstyle.checks.design.VisibilityModifierCheck"/>
<error line="607" column="33" severity="error" message="Name &apos;mapOutputReaderClass_&apos; must match pattern &apos;^[a-z][a-zA-Z0-9]*$&apos;." source="com.puppycrawl.tools.checkstyle.checks.naming.MemberNameCheck"/>
<error line="607" column="33" severity="error" message="Variable &apos;mapOutputReaderClass_&apos; must be private and have accessor methods." source="com.puppycrawl.tools.checkstyle.checks.design.VisibilityModifierCheck"/>
<error line="608" column="32" severity="error" message="Name &apos;reduceInputWriterClass_&apos; must match pattern &apos;^[a-z][a-zA-Z0-9]*$&apos;." source="com.puppycrawl.tools.checkstyle.checks.naming.MemberNameCheck"/>
<error line="608" column="32" severity="error" message="Variable &apos;reduceInputWriterClass_&apos; must be private and have accessor methods." source="com.puppycrawl.tools.checkstyle.checks.design.VisibilityModifierCheck"/>
<error line="609" column="33" severity="error" message="Name &apos;reduceOutputReaderClass_&apos; must match pattern &apos;^[a-z][a-zA-Z0-9]*$&apos;." source="com.puppycrawl.tools.checkstyle.checks.naming.MemberNameCheck"/>
<error line="609" column="33" severity="error" message="Variable &apos;reduceOutputReaderClass_&apos; must be private and have accessor methods." source="com.puppycrawl.tools.checkstyle.checks.design.VisibilityModifierCheck"/>
<error line="610" column="11" severity="error" message="Name &apos;nonZeroExitIsFailure_&apos; must match pattern &apos;^[a-z][a-zA-Z0-9]*$&apos;." source="com.puppycrawl.tools.checkstyle.checks.naming.MemberNameCheck"/>
<error line="610" column="11" severity="error" message="Variable &apos;nonZeroExitIsFailure_&apos; must be private and have accessor methods." source="com.puppycrawl.tools.checkstyle.checks.design.VisibilityModifierCheck"/>
<error line="612" column="11" severity="error" message="Variable &apos;sim&apos; must be private and have accessor methods." source="com.puppycrawl.tools.checkstyle.checks.design.VisibilityModifierCheck"/>
<error line="613" column="15" severity="error" message="Name &apos;inWriter_&apos; must match pattern &apos;^[a-z][a-zA-Z0-9]*$&apos;." source="com.puppycrawl.tools.checkstyle.checks.naming.MemberNameCheck"/>
<error line="613" column="15" severity="error" message="Variable &apos;inWriter_&apos; must be private and have accessor methods." source="com.puppycrawl.tools.checkstyle.checks.design.VisibilityModifierCheck"/>
<error line="614" column="16" severity="error" message="Name &apos;outReader_&apos; must match pattern &apos;^[a-z][a-zA-Z0-9]*$&apos;." source="com.puppycrawl.tools.checkstyle.checks.naming.MemberNameCheck"/>
<error line="614" column="16" severity="error" message="Variable &apos;outReader_&apos; must be private and have accessor methods." source="com.puppycrawl.tools.checkstyle.checks.design.VisibilityModifierCheck"/>
<error line="615" column="18" severity="error" message="Name &apos;outThread_&apos; must match pattern &apos;^[a-z][a-zA-Z0-9]*$&apos;." source="com.puppycrawl.tools.checkstyle.checks.naming.MemberNameCheck"/>
<error line="615" column="18" severity="error" message="Variable &apos;outThread_&apos; must be private and have accessor methods." source="com.puppycrawl.tools.checkstyle.checks.design.VisibilityModifierCheck"/>
<error line="616" column="17" severity="error" message="Name &apos;errThread_&apos; must match pattern &apos;^[a-z][a-zA-Z0-9]*$&apos;." source="com.puppycrawl.tools.checkstyle.checks.naming.MemberNameCheck"/>
<error line="616" column="17" severity="error" message="Variable &apos;errThread_&apos; must be private and have accessor methods." source="com.puppycrawl.tools.checkstyle.checks.design.VisibilityModifierCheck"/>
<error line="617" column="20" severity="error" message="Name &apos;clientOut_&apos; must match pattern &apos;^[a-z][a-zA-Z0-9]*$&apos;." source="com.puppycrawl.tools.checkstyle.checks.naming.MemberNameCheck"/>
<error line="617" column="20" severity="error" message="Variable &apos;clientOut_&apos; must be private and have accessor methods." source="com.puppycrawl.tools.checkstyle.checks.design.VisibilityModifierCheck"/>
<error line="618" column="19" severity="error" message="Name &apos;clientErr_&apos; must match pattern &apos;^[a-z][a-zA-Z0-9]*$&apos;." source="com.puppycrawl.tools.checkstyle.checks.naming.MemberNameCheck"/>
<error line="618" column="19" severity="error" message="Variable &apos;clientErr_&apos; must be private and have accessor methods." source="com.puppycrawl.tools.checkstyle.checks.design.VisibilityModifierCheck"/>
<error line="619" column="19" severity="error" message="Name &apos;clientIn_&apos; must match pattern &apos;^[a-z][a-zA-Z0-9]*$&apos;." source="com.puppycrawl.tools.checkstyle.checks.naming.MemberNameCheck"/>
<error line="619" column="19" severity="error" message="Variable &apos;clientIn_&apos; must be private and have accessor methods." source="com.puppycrawl.tools.checkstyle.checks.design.VisibilityModifierCheck"/>
<error line="622" column="7" severity="error" message="Name &apos;numExceptions_&apos; must match pattern &apos;^[a-z][a-zA-Z0-9]*$&apos;." source="com.puppycrawl.tools.checkstyle.checks.naming.MemberNameCheck"/>
<error line="622" column="7" severity="error" message="Variable &apos;numExceptions_&apos; must be private and have accessor methods." source="com.puppycrawl.tools.checkstyle.checks.design.VisibilityModifierCheck"/>
<error line="624" column="32" severity="error" message="Variable &apos;outerrThreadsThrowable&apos; must be private and have accessor methods." source="com.puppycrawl.tools.checkstyle.checks.design.VisibilityModifierCheck"/>
<error line="626" column="20" severity="error" message="Name &apos;processProvidedStatus_&apos; must match pattern &apos;^[a-z][a-zA-Z0-9]*$&apos;." source="com.puppycrawl.tools.checkstyle.checks.naming.MemberNameCheck"/>
<error line="626" column="20" severity="error" message="Variable &apos;processProvidedStatus_&apos; must be private and have accessor methods." source="com.puppycrawl.tools.checkstyle.checks.design.VisibilityModifierCheck"/>
</file>
<file name="/home/jenkins/jenkins-home/workspace/hadoop-multibranch_PR-3259/ubuntu-focal/src/hadoop-tools/hadoop-streaming/src/main/java/org/apache/hadoop/streaming/AutoInputFormat.java">
<error line="45" severity="error" message="&apos;new&apos; has incorrect indentation level 4, expected level should be 6." source="com.puppycrawl.tools.checkstyle.checks.indentation.IndentationCheck"/>
<error line="53" severity="error" message="&apos;Reporter&apos; has incorrect indentation level 4, expected level should be 6." source="com.puppycrawl.tools.checkstyle.checks.indentation.IndentationCheck"/>
</file>
<file name="/home/jenkins/jenkins-home/workspace/hadoop-multibranch_PR-3259/ubuntu-focal/src/hadoop-tools/hadoop-streaming/src/main/java/org/apache/hadoop/streaming/StreamJob.java">
<error line="86" severity="error" message="First sentence should end with a period." source="com.puppycrawl.tools.checkstyle.checks.javadoc.JavadocStyleCheck"/>
<error line="158" severity="error" message="First sentence should end with a period." source="com.puppycrawl.tools.checkstyle.checks.javadoc.JavadocStyleCheck"/>
<error line="169" column="5" severity="error" message="&apos;}&apos; at column 5 should be on the same line as the next part of a multi-block statement (one that directly contains multiple blocks: if/else-if/else, do/while or try/catch/finally)." source="com.puppycrawl.tools.checkstyle.checks.blocks.RightCurlyCheck"/>
<error line="215" column="22" severity="error" message="Must have at least one statement." source="com.puppycrawl.tools.checkstyle.checks.blocks.EmptyBlockCheck"/>
<error line="293" column="9" severity="error" message="File contains tab characters (this is the first instance)." source="com.puppycrawl.tools.checkstyle.checks.whitespace.FileTabCharacterCheck"/>
<error line="441" column="28" severity="error" message="&apos;,&apos; is not followed by whitespace." source="com.puppycrawl.tools.checkstyle.checks.whitespace.WhitespaceAfterCheck"/>
<error line="441" column="38" severity="error" message="&apos;)&apos; is preceded with whitespace." source="com.puppycrawl.tools.checkstyle.checks.whitespace.ParenPadCheck"/>
<error line="447" column="57" severity="error" message="&apos;,&apos; is not followed by whitespace." source="com.puppycrawl.tools.checkstyle.checks.whitespace.WhitespaceAfterCheck"/>
<error line="449" severity="error" message="&apos;createOption&apos; has incorrect indentation level 6, expected level should be 8." source="com.puppycrawl.tools.checkstyle.checks.indentation.IndentationCheck"/>
<error line="454" severity="error" message="&apos;createOption&apos; has incorrect indentation level 6, expected level should be 8." source="com.puppycrawl.tools.checkstyle.checks.indentation.IndentationCheck"/>
<error line="465" severity="error" message="Line is longer than 100 characters (found 107)." source="com.puppycrawl.tools.checkstyle.checks.sizes.LineLengthCheck"/>
<error line="545" severity="error" message="Line is longer than 100 characters (found 103)." source="com.puppycrawl.tools.checkstyle.checks.sizes.LineLengthCheck"/>
<error line="691" column="26" severity="error" message="Must have at least one statement." source="com.puppycrawl.tools.checkstyle.checks.blocks.EmptyBlockCheck"/>
<error line="724" severity="error" message="First sentence should end with a period." source="com.puppycrawl.tools.checkstyle.checks.javadoc.JavadocStyleCheck"/>
<error line="728" column="20" severity="error" message="Array brackets at illegal position." source="com.puppycrawl.tools.checkstyle.checks.ArrayTypeStyleCheck"/>
<error line="729" column="17" severity="error" message="Array brackets at illegal position." source="com.puppycrawl.tools.checkstyle.checks.ArrayTypeStyleCheck"/>
<error line="734" column="3" severity="error" message="Method length is 252 lines (max allowed is 150)." source="com.puppycrawl.tools.checkstyle.checks.sizes.MethodLengthCheck"/>
<error line="811" severity="error" message="&apos;jobConf_&apos; has incorrect indentation level 6, expected level should be 8." source="com.puppycrawl.tools.checkstyle.checks.indentation.IndentationCheck"/>
<error line="817" severity="error" message="&apos;idResolver&apos; has incorrect indentation level 6, expected level should be 8." source="com.puppycrawl.tools.checkstyle.checks.indentation.IndentationCheck"/>
<error line="821" severity="error" message="&apos;idResolver&apos; has incorrect indentation level 6, expected level should be 8." source="com.puppycrawl.tools.checkstyle.checks.indentation.IndentationCheck"/>
<error line="882" severity="error" message="&apos;idResolver&apos; has incorrect indentation level 6, expected level should be 8." source="com.puppycrawl.tools.checkstyle.checks.indentation.IndentationCheck"/>
<error line="898" severity="error" message="&apos;idResolver&apos; has incorrect indentation level 6, expected level should be 8." source="com.puppycrawl.tools.checkstyle.checks.indentation.IndentationCheck"/>
<error line="953" severity="error" message="&apos;if&apos; child has incorrect indentation level 8, expected level should be 6." source="com.puppycrawl.tools.checkstyle.checks.indentation.IndentationCheck"/>
<error line="956" severity="error" message="&apos;if&apos; child has incorrect indentation level 8, expected level should be 6." source="com.puppycrawl.tools.checkstyle.checks.indentation.IndentationCheck"/>
<error line="969" severity="error" message="&apos;if&apos; construct must use &apos;{}&apos;s." source="com.puppycrawl.tools.checkstyle.checks.blocks.NeedBracesCheck"/>
<error line="992" column="3" severity="error" message="&apos;{&apos; at column 3 should be on the previous line." source="com.puppycrawl.tools.checkstyle.checks.blocks.LeftCurlyCheck"/>
<error line="994" column="19" severity="error" message="&apos;,&apos; is not followed by whitespace." source="com.puppycrawl.tools.checkstyle.checks.whitespace.WhitespaceAfterCheck"/>
<error line="994" column="55" severity="error" message="&apos;,&apos; is not followed by whitespace." source="com.puppycrawl.tools.checkstyle.checks.whitespace.WhitespaceAfterCheck"/>
<error line="998" column="32" severity="error" message="&apos;,&apos; is not followed by whitespace." source="com.puppycrawl.tools.checkstyle.checks.whitespace.WhitespaceAfterCheck"/>
<error line="1052" column="22" severity="error" message="Name &apos;argv_&apos; must match pattern &apos;^[a-z][a-zA-Z0-9]*$&apos;." source="com.puppycrawl.tools.checkstyle.checks.naming.MemberNameCheck"/>
<error line="1052" column="22" severity="error" message="Variable &apos;argv_&apos; must be private and have accessor methods." source="com.puppycrawl.tools.checkstyle.checks.design.VisibilityModifierCheck"/>
<error line="1053" column="21" severity="error" message="Name &apos;background_&apos; must match pattern &apos;^[a-z][a-zA-Z0-9]*$&apos;." source="com.puppycrawl.tools.checkstyle.checks.naming.MemberNameCheck"/>
<error line="1053" column="21" severity="error" message="Variable &apos;background_&apos; must be private and have accessor methods." source="com.puppycrawl.tools.checkstyle.checks.design.VisibilityModifierCheck"/>
<error line="1054" column="21" severity="error" message="Name &apos;verbose_&apos; must match pattern &apos;^[a-z][a-zA-Z0-9]*$&apos;." source="com.puppycrawl.tools.checkstyle.checks.naming.MemberNameCheck"/>
<error line="1054" column="21" severity="error" message="Variable &apos;verbose_&apos; must be private and have accessor methods." source="com.puppycrawl.tools.checkstyle.checks.design.VisibilityModifierCheck"/>
<error line="1055" column="21" severity="error" message="Name &apos;detailedUsage_&apos; must match pattern &apos;^[a-z][a-zA-Z0-9]*$&apos;." source="com.puppycrawl.tools.checkstyle.checks.naming.MemberNameCheck"/>
<error line="1055" column="21" severity="error" message="Variable &apos;detailedUsage_&apos; must be private and have accessor methods." source="com.puppycrawl.tools.checkstyle.checks.design.VisibilityModifierCheck"/>
<error line="1056" column="21" severity="error" message="Variable &apos;printUsage&apos; must be private and have accessor methods." source="com.puppycrawl.tools.checkstyle.checks.design.VisibilityModifierCheck"/>
<error line="1057" column="17" severity="error" message="Name &apos;debug_&apos; must match pattern &apos;^[a-z][a-zA-Z0-9]*$&apos;." source="com.puppycrawl.tools.checkstyle.checks.naming.MemberNameCheck"/>
<error line="1057" column="17" severity="error" message="Variable &apos;debug_&apos; must be private and have accessor methods." source="com.puppycrawl.tools.checkstyle.checks.design.VisibilityModifierCheck"/>
<error line="1059" column="25" severity="error" message="Name &apos;env_&apos; must match pattern &apos;^[a-z][a-zA-Z0-9]*$&apos;." source="com.puppycrawl.tools.checkstyle.checks.naming.MemberNameCheck"/>
<error line="1059" column="25" severity="error" message="Variable &apos;env_&apos; must be private and have accessor methods." source="com.puppycrawl.tools.checkstyle.checks.design.VisibilityModifierCheck"/>
<error line="1061" column="20" severity="error" message="Name &apos;jar_&apos; must match pattern &apos;^[a-z][a-zA-Z0-9]*$&apos;." source="com.puppycrawl.tools.checkstyle.checks.naming.MemberNameCheck"/>
<error line="1061" column="20" severity="error" message="Variable &apos;jar_&apos; must be private and have accessor methods." source="com.puppycrawl.tools.checkstyle.checks.design.VisibilityModifierCheck"/>
<error line="1062" column="21" severity="error" message="Name &apos;localHadoop_&apos; must match pattern &apos;^[a-z][a-zA-Z0-9]*$&apos;." source="com.puppycrawl.tools.checkstyle.checks.naming.MemberNameCheck"/>
<error line="1062" column="21" severity="error" message="Variable &apos;localHadoop_&apos; must be private and have accessor methods." source="com.puppycrawl.tools.checkstyle.checks.design.VisibilityModifierCheck"/>
<error line="1063" column="27" severity="error" message="Name &apos;config_&apos; must match pattern &apos;^[a-z][a-zA-Z0-9]*$&apos;." source="com.puppycrawl.tools.checkstyle.checks.naming.MemberNameCheck"/>
<error line="1063" column="27" severity="error" message="Variable &apos;config_&apos; must be private and have accessor methods." source="com.puppycrawl.tools.checkstyle.checks.design.VisibilityModifierCheck"/>
<error line="1064" column="21" severity="error" message="Name &apos;jobConf_&apos; must match pattern &apos;^[a-z][a-zA-Z0-9]*$&apos;." source="com.puppycrawl.tools.checkstyle.checks.naming.MemberNameCheck"/>
<error line="1064" column="21" severity="error" message="Variable &apos;jobConf_&apos; must be private and have accessor methods." source="com.puppycrawl.tools.checkstyle.checks.design.VisibilityModifierCheck"/>
<error line="1065" column="23" severity="error" message="Name &apos;jc_&apos; must match pattern &apos;^[a-z][a-zA-Z0-9]*$&apos;." source="com.puppycrawl.tools.checkstyle.checks.naming.MemberNameCheck"/>
<error line="1065" column="23" severity="error" message="Variable &apos;jc_&apos; must be private and have accessor methods." source="com.puppycrawl.tools.checkstyle.checks.design.VisibilityModifierCheck"/>
<error line="1068" column="31" severity="error" message="Name &apos;inputSpecs_&apos; must match pattern &apos;^[a-z][a-zA-Z0-9]*$&apos;." source="com.puppycrawl.tools.checkstyle.checks.naming.MemberNameCheck"/>
<error line="1068" column="31" severity="error" message="Variable &apos;inputSpecs_&apos; must be private and have accessor methods." source="com.puppycrawl.tools.checkstyle.checks.design.VisibilityModifierCheck"/>
<error line="1069" column="29" severity="error" message="Name &apos;seenPrimary_&apos; must match pattern &apos;^[a-z][a-zA-Z0-9]*$&apos;." source="com.puppycrawl.tools.checkstyle.checks.naming.MemberNameCheck"/>
<error line="1069" column="29" severity="error" message="Variable &apos;seenPrimary_&apos; must be private and have accessor methods." source="com.puppycrawl.tools.checkstyle.checks.design.VisibilityModifierCheck"/>
<error line="1070" column="21" severity="error" message="Name &apos;hasSimpleInputSpecs_&apos; must match pattern &apos;^[a-z][a-zA-Z0-9]*$&apos;." source="com.puppycrawl.tools.checkstyle.checks.naming.MemberNameCheck"/>
<error line="1070" column="21" severity="error" message="Variable &apos;hasSimpleInputSpecs_&apos; must be private and have accessor methods." source="com.puppycrawl.tools.checkstyle.checks.design.VisibilityModifierCheck"/>
<error line="1071" column="31" severity="error" message="Name &apos;packageFiles_&apos; must match pattern &apos;^[a-z][a-zA-Z0-9]*$&apos;." source="com.puppycrawl.tools.checkstyle.checks.naming.MemberNameCheck"/>
<error line="1071" column="31" severity="error" message="Variable &apos;packageFiles_&apos; must be private and have accessor methods." source="com.puppycrawl.tools.checkstyle.checks.design.VisibilityModifierCheck"/>
<error line="1072" column="31" severity="error" message="Name &apos;shippedCanonFiles_&apos; must match pattern &apos;^[a-z][a-zA-Z0-9]*$&apos;." source="com.puppycrawl.tools.checkstyle.checks.naming.MemberNameCheck"/>
<error line="1072" column="31" severity="error" message="Variable &apos;shippedCanonFiles_&apos; must be private and have accessor methods." source="com.puppycrawl.tools.checkstyle.checks.design.VisibilityModifierCheck"/>
<error line="1074" column="20" severity="error" message="Name &apos;output_&apos; must match pattern &apos;^[a-z][a-zA-Z0-9]*$&apos;." source="com.puppycrawl.tools.checkstyle.checks.naming.MemberNameCheck"/>
<error line="1074" column="20" severity="error" message="Variable &apos;output_&apos; must be private and have accessor methods." source="com.puppycrawl.tools.checkstyle.checks.design.VisibilityModifierCheck"/>
<error line="1075" column="20" severity="error" message="Name &apos;mapCmd_&apos; must match pattern &apos;^[a-z][a-zA-Z0-9]*$&apos;." source="com.puppycrawl.tools.checkstyle.checks.naming.MemberNameCheck"/>
<error line="1075" column="20" severity="error" message="Variable &apos;mapCmd_&apos; must be private and have accessor methods." source="com.puppycrawl.tools.checkstyle.checks.design.VisibilityModifierCheck"/>
<error line="1076" column="20" severity="error" message="Name &apos;comCmd_&apos; must match pattern &apos;^[a-z][a-zA-Z0-9]*$&apos;." source="com.puppycrawl.tools.checkstyle.checks.naming.MemberNameCheck"/>
<error line="1076" column="20" severity="error" message="Variable &apos;comCmd_&apos; must be private and have accessor methods." source="com.puppycrawl.tools.checkstyle.checks.design.VisibilityModifierCheck"/>
<error line="1077" column="20" severity="error" message="Name &apos;redCmd_&apos; must match pattern &apos;^[a-z][a-zA-Z0-9]*$&apos;." source="com.puppycrawl.tools.checkstyle.checks.naming.MemberNameCheck"/>
<error line="1077" column="20" severity="error" message="Variable &apos;redCmd_&apos; must be private and have accessor methods." source="com.puppycrawl.tools.checkstyle.checks.design.VisibilityModifierCheck"/>
<error line="1078" column="20" severity="error" message="Variable &apos;cacheFiles&apos; must be private and have accessor methods." source="com.puppycrawl.tools.checkstyle.checks.design.VisibilityModifierCheck"/>
<error line="1079" column="20" severity="error" message="Variable &apos;cacheArchives&apos; must be private and have accessor methods." source="com.puppycrawl.tools.checkstyle.checks.design.VisibilityModifierCheck"/>
<error line="1080" column="19" severity="error" message="Variable &apos;fileURIs&apos; must be private and have accessor methods." source="com.puppycrawl.tools.checkstyle.checks.design.VisibilityModifierCheck"/>
<error line="1081" column="19" severity="error" message="Variable &apos;archiveURIs&apos; must be private and have accessor methods." source="com.puppycrawl.tools.checkstyle.checks.design.VisibilityModifierCheck"/>
<error line="1082" column="20" severity="error" message="Name &apos;inReaderSpec_&apos; must match pattern &apos;^[a-z][a-zA-Z0-9]*$&apos;." source="com.puppycrawl.tools.checkstyle.checks.naming.MemberNameCheck"/>
<error line="1082" column="20" severity="error" message="Variable &apos;inReaderSpec_&apos; must be private and have accessor methods." source="com.puppycrawl.tools.checkstyle.checks.design.VisibilityModifierCheck"/>
<error line="1083" column="20" severity="error" message="Name &apos;inputFormatSpec_&apos; must match pattern &apos;^[a-z][a-zA-Z0-9]*$&apos;." source="com.puppycrawl.tools.checkstyle.checks.naming.MemberNameCheck"/>
<error line="1083" column="20" severity="error" message="Variable &apos;inputFormatSpec_&apos; must be private and have accessor methods." source="com.puppycrawl.tools.checkstyle.checks.design.VisibilityModifierCheck"/>
<error line="1084" column="20" severity="error" message="Name &apos;outputFormatSpec_&apos; must match pattern &apos;^[a-z][a-zA-Z0-9]*$&apos;." source="com.puppycrawl.tools.checkstyle.checks.naming.MemberNameCheck"/>
<error line="1084" column="20" severity="error" message="Variable &apos;outputFormatSpec_&apos; must be private and have accessor methods." source="com.puppycrawl.tools.checkstyle.checks.design.VisibilityModifierCheck"/>
<error line="1085" column="20" severity="error" message="Name &apos;partitionerSpec_&apos; must match pattern &apos;^[a-z][a-zA-Z0-9]*$&apos;." source="com.puppycrawl.tools.checkstyle.checks.naming.MemberNameCheck"/>
<error line="1085" column="20" severity="error" message="Variable &apos;partitionerSpec_&apos; must be private and have accessor methods." source="com.puppycrawl.tools.checkstyle.checks.design.VisibilityModifierCheck"/>
<error line="1086" column="20" severity="error" message="Name &apos;numReduceTasksSpec_&apos; must match pattern &apos;^[a-z][a-zA-Z0-9]*$&apos;." source="com.puppycrawl.tools.checkstyle.checks.naming.MemberNameCheck"/>
<error line="1086" column="20" severity="error" message="Variable &apos;numReduceTasksSpec_&apos; must be private and have accessor methods." source="com.puppycrawl.tools.checkstyle.checks.design.VisibilityModifierCheck"/>
<error line="1087" column="20" severity="error" message="Name &apos;additionalConfSpec_&apos; must match pattern &apos;^[a-z][a-zA-Z0-9]*$&apos;." source="com.puppycrawl.tools.checkstyle.checks.naming.MemberNameCheck"/>
<error line="1087" column="20" severity="error" message="Variable &apos;additionalConfSpec_&apos; must be private and have accessor methods." source="com.puppycrawl.tools.checkstyle.checks.design.VisibilityModifierCheck"/>
<error line="1088" column="20" severity="error" message="Name &apos;mapDebugSpec_&apos; must match pattern &apos;^[a-z][a-zA-Z0-9]*$&apos;." source="com.puppycrawl.tools.checkstyle.checks.naming.MemberNameCheck"/>
<error line="1088" column="20" severity="error" message="Variable &apos;mapDebugSpec_&apos; must be private and have accessor methods." source="com.puppycrawl.tools.checkstyle.checks.design.VisibilityModifierCheck"/>
<error line="1089" column="20" severity="error" message="Name &apos;reduceDebugSpec_&apos; must match pattern &apos;^[a-z][a-zA-Z0-9]*$&apos;." source="com.puppycrawl.tools.checkstyle.checks.naming.MemberNameCheck"/>
<error line="1089" column="20" severity="error" message="Variable &apos;reduceDebugSpec_&apos; must be private and have accessor methods." source="com.puppycrawl.tools.checkstyle.checks.design.VisibilityModifierCheck"/>
<error line="1090" column="20" severity="error" message="Name &apos;ioSpec_&apos; must match pattern &apos;^[a-z][a-zA-Z0-9]*$&apos;." source="com.puppycrawl.tools.checkstyle.checks.naming.MemberNameCheck"/>
<error line="1090" column="20" severity="error" message="Variable &apos;ioSpec_&apos; must be private and have accessor methods." source="com.puppycrawl.tools.checkstyle.checks.design.VisibilityModifierCheck"/>
<error line="1091" column="21" severity="error" message="Name &apos;lazyOutput_&apos; must match pattern &apos;^[a-z][a-zA-Z0-9]*$&apos;." source="com.puppycrawl.tools.checkstyle.checks.naming.MemberNameCheck"/>
<error line="1091" column="21" severity="error" message="Variable &apos;lazyOutput_&apos; must be private and have accessor methods." source="com.puppycrawl.tools.checkstyle.checks.design.VisibilityModifierCheck"/>
<error line="1095" column="20" severity="error" message="Name &apos;addTaskEnvironment_&apos; must match pattern &apos;^[a-z][a-zA-Z0-9]*$&apos;." source="com.puppycrawl.tools.checkstyle.checks.naming.MemberNameCheck"/>
<error line="1095" column="20" severity="error" message="Variable &apos;addTaskEnvironment_&apos; must be private and have accessor methods." source="com.puppycrawl.tools.checkstyle.checks.design.VisibilityModifierCheck"/>
<error line="1097" column="21" severity="error" message="Name &apos;outputSingleNode_&apos; must match pattern &apos;^[a-z][a-zA-Z0-9]*$&apos;." source="com.puppycrawl.tools.checkstyle.checks.naming.MemberNameCheck"/>
<error line="1097" column="21" severity="error" message="Variable &apos;outputSingleNode_&apos; must be private and have accessor methods." source="com.puppycrawl.tools.checkstyle.checks.design.VisibilityModifierCheck"/>
<error line="1098" column="18" severity="error" message="Name &apos;minRecWrittenToEnableSkip_&apos; must match pattern &apos;^[a-z][a-zA-Z0-9]*$&apos;." source="com.puppycrawl.tools.checkstyle.checks.naming.MemberNameCheck"/>
<error line="1098" column="18" severity="error" message="Variable &apos;minRecWrittenToEnableSkip_&apos; must be private and have accessor methods." source="com.puppycrawl.tools.checkstyle.checks.design.VisibilityModifierCheck"/>
<error line="1100" column="24" severity="error" message="Name &apos;running_&apos; must match pattern &apos;^[a-z][a-zA-Z0-9]*$&apos;." source="com.puppycrawl.tools.checkstyle.checks.naming.MemberNameCheck"/>
<error line="1100" column="24" severity="error" message="Variable &apos;running_&apos; must be private and have accessor methods." source="com.puppycrawl.tools.checkstyle.checks.design.VisibilityModifierCheck"/>
<error line="1101" column="19" severity="error" message="Name &apos;jobId_&apos; must match pattern &apos;^[a-z][a-zA-Z0-9]*$&apos;." source="com.puppycrawl.tools.checkstyle.checks.naming.MemberNameCheck"/>
<error line="1101" column="19" severity="error" message="Variable &apos;jobId_&apos; must be private and have accessor methods." source="com.puppycrawl.tools.checkstyle.checks.design.VisibilityModifierCheck"/>
<error line="1102" severity="error" message="Line is longer than 100 characters (found 102)." source="com.puppycrawl.tools.checkstyle.checks.sizes.LineLengthCheck"/>
<error line="1103" severity="error" message="&apos;&quot;Please specify a different link name for all of your caching URIs&quot;&apos; has incorrect indentation level 4, expected level should be 6." source="com.puppycrawl.tools.checkstyle.checks.indentation.IndentationCheck"/>
</file>
<file name="/home/jenkins/jenkins-home/workspace/hadoop-multibranch_PR-3259/ubuntu-focal/src/hadoop-tools/hadoop-streaming/src/main/java/org/apache/hadoop/streaming/HadoopStreaming.java">
<error line="28" column="1" severity="error" message="Utility classes should not have a public or default constructor." source="com.puppycrawl.tools.checkstyle.checks.design.HideUtilityClassConstructorCheck"/>
<error line="64" column="5" severity="error" message="File contains tab characters (this is the first instance)." source="com.puppycrawl.tools.checkstyle.checks.whitespace.FileTabCharacterCheck"/>
</file>
<file name="/home/jenkins/jenkins-home/workspace/hadoop-multibranch_PR-3259/ubuntu-focal/src/hadoop-tools/hadoop-streaming/src/main/java/org/apache/hadoop/streaming/PathFinder.java">
<error line="31" column="10" severity="error" message="Variable &apos;pathenv&apos; must be private and have accessor methods." source="com.puppycrawl.tools.checkstyle.checks.design.VisibilityModifierCheck"/>
<error line="32" column="10" severity="error" message="Variable &apos;pathSep&apos; must be private and have accessor methods." source="com.puppycrawl.tools.checkstyle.checks.design.VisibilityModifierCheck"/>
<error line="33" column="10" severity="error" message="Variable &apos;fileSep&apos; must be private and have accessor methods." source="com.puppycrawl.tools.checkstyle.checks.design.VisibilityModifierCheck"/>
<error line="35" severity="error" message="First sentence should end with a period." source="com.puppycrawl.tools.checkstyle.checks.javadoc.JavadocStyleCheck"/>
<error line="54" severity="error" message="First sentence should end with a period." source="com.puppycrawl.tools.checkstyle.checks.javadoc.JavadocStyleCheck"/>
<error line="61" severity="error" message="First sentence should end with a period." source="com.puppycrawl.tools.checkstyle.checks.javadoc.JavadocStyleCheck"/>
<error line="91" column="38" severity="error" message="Array brackets at illegal position." source="com.puppycrawl.tools.checkstyle.checks.ArrayTypeStyleCheck"/>
</file>
<file name="/home/jenkins/jenkins-home/workspace/hadoop-multibranch_PR-3259/ubuntu-focal/src/hadoop-tools/hadoop-streaming/src/main/java/org/apache/hadoop/record/RecordInput.java">
<error line="1" severity="error" message="Missing package-info.java file." source="com.puppycrawl.tools.checkstyle.checks.javadoc.JavadocPackageCheck"/>
</file>
<file name="/home/jenkins/jenkins-home/workspace/hadoop-multibranch_PR-3259/ubuntu-focal/src/hadoop-tools/hadoop-streaming/src/main/java/org/apache/hadoop/record/Record.java">
<error line="40" severity="error" message="First sentence should end with a period." source="com.puppycrawl.tools.checkstyle.checks.javadoc.JavadocStyleCheck"/>
<error line="46" severity="error" message="&apos;throws&apos; has incorrect indentation level 4, expected level should be 6." source="com.puppycrawl.tools.checkstyle.checks.indentation.IndentationCheck"/>
<error line="48" severity="error" message="First sentence should end with a period." source="com.puppycrawl.tools.checkstyle.checks.javadoc.JavadocStyleCheck"/>
<error line="54" severity="error" message="&apos;throws&apos; has incorrect indentation level 4, expected level should be 6." source="com.puppycrawl.tools.checkstyle.checks.indentation.IndentationCheck"/>
<error line="58" column="33" severity="error" message="&apos;(&apos; is preceded with whitespace." source="com.puppycrawl.tools.checkstyle.checks.whitespace.MethodParamPadCheck"/>
<error line="58" column="34" severity="error" message="Redundant &apos;final&apos; modifier." source="com.puppycrawl.tools.checkstyle.checks.modifier.RedundantModifierCheck"/>
<error line="60" severity="error" message="First sentence should end with a period." source="com.puppycrawl.tools.checkstyle.checks.javadoc.JavadocStyleCheck"/>
<error line="68" severity="error" message="First sentence should end with a period." source="com.puppycrawl.tools.checkstyle.checks.javadoc.JavadocStyleCheck"/>
</file>
<file name="/home/jenkins/jenkins-home/workspace/hadoop-multibranch_PR-3259/ubuntu-focal/src/hadoop-tools/hadoop-streaming/src/main/java/org/apache/hadoop/record/Index.java">
</file>
<file name="/home/jenkins/jenkins-home/workspace/hadoop-multibranch_PR-3259/ubuntu-focal/src/hadoop-tools/hadoop-streaming/src/main/java/org/apache/hadoop/record/Buffer.java">
<error line="76" column="26" severity="error" message="&apos;bytes&apos; hides a field." source="com.puppycrawl.tools.checkstyle.checks.coding.HiddenFieldCheck"/>
<error line="88" column="33" severity="error" message="&apos;bytes&apos; hides a field." source="com.puppycrawl.tools.checkstyle.checks.coding.HiddenFieldCheck"/>
<error line="151" severity="error" message="First sentence should end with a period." source="com.puppycrawl.tools.checkstyle.checks.javadoc.JavadocStyleCheck"/>
<error line="174" column="29" severity="error" message="&apos;bytes&apos; hides a field." source="com.puppycrawl.tools.checkstyle.checks.coding.HiddenFieldCheck"/>
<error line="180" severity="error" message="First sentence should end with a period." source="com.puppycrawl.tools.checkstyle.checks.javadoc.JavadocStyleCheck"/>
<error line="185" column="29" severity="error" message="&apos;bytes&apos; hides a field." source="com.puppycrawl.tools.checkstyle.checks.coding.HiddenFieldCheck"/>
<error line="194" severity="error" message="&apos;for&apos; construct must use &apos;{}&apos;s." source="com.puppycrawl.tools.checkstyle.checks.blocks.NeedBracesCheck"/>
<error line="241" severity="error" message="First sentence should end with a period." source="com.puppycrawl.tools.checkstyle.checks.javadoc.JavadocStyleCheck"/>
<error line="247" severity="error" message="&apos;throws&apos; has incorrect indentation level 4, expected level should be 6." source="com.puppycrawl.tools.checkstyle.checks.indentation.IndentationCheck"/>
</file>
<file name="/home/jenkins/jenkins-home/workspace/hadoop-multibranch_PR-3259/ubuntu-focal/src/hadoop-tools/hadoop-streaming/src/main/java/org/apache/hadoop/record/RecordOutput.java">
<error line="43" column="3" severity="error" message="Redundant &apos;public&apos; modifier." source="com.puppycrawl.tools.checkstyle.checks.modifier.RedundantModifierCheck"/>
<error line="51" column="3" severity="error" message="Redundant &apos;public&apos; modifier." source="com.puppycrawl.tools.checkstyle.checks.modifier.RedundantModifierCheck"/>
<error line="59" column="3" severity="error" message="Redundant &apos;public&apos; modifier." source="com.puppycrawl.tools.checkstyle.checks.modifier.RedundantModifierCheck"/>
<error line="67" column="3" severity="error" message="Redundant &apos;public&apos; modifier." source="com.puppycrawl.tools.checkstyle.checks.modifier.RedundantModifierCheck"/>
<error line="75" column="3" severity="error" message="Redundant &apos;public&apos; modifier." source="com.puppycrawl.tools.checkstyle.checks.modifier.RedundantModifierCheck"/>
<error line="83" column="3" severity="error" message="Redundant &apos;public&apos; modifier." source="com.puppycrawl.tools.checkstyle.checks.modifier.RedundantModifierCheck"/>
<error line="91" column="3" severity="error" message="Redundant &apos;public&apos; modifier." source="com.puppycrawl.tools.checkstyle.checks.modifier.RedundantModifierCheck"/>
<error line="99" column="3" severity="error" message="Redundant &apos;public&apos; modifier." source="com.puppycrawl.tools.checkstyle.checks.modifier.RedundantModifierCheck"/>
<error line="100" severity="error" message="&apos;throws&apos; has incorrect indentation level 4, expected level should be 6." source="com.puppycrawl.tools.checkstyle.checks.indentation.IndentationCheck"/>
<error line="108" column="3" severity="error" message="Redundant &apos;public&apos; modifier." source="com.puppycrawl.tools.checkstyle.checks.modifier.RedundantModifierCheck"/>
<error line="116" column="3" severity="error" message="Redundant &apos;public&apos; modifier." source="com.puppycrawl.tools.checkstyle.checks.modifier.RedundantModifierCheck"/>
<error line="124" column="3" severity="error" message="Redundant &apos;public&apos; modifier." source="com.puppycrawl.tools.checkstyle.checks.modifier.RedundantModifierCheck"/>
<error line="132" column="3" severity="error" message="Redundant &apos;public&apos; modifier." source="com.puppycrawl.tools.checkstyle.checks.modifier.RedundantModifierCheck"/>
<error line="140" column="3" severity="error" message="Redundant &apos;public&apos; modifier." source="com.puppycrawl.tools.checkstyle.checks.modifier.RedundantModifierCheck"/>
<error line="148" column="3" severity="error" message="Redundant &apos;public&apos; modifier." source="com.puppycrawl.tools.checkstyle.checks.modifier.RedundantModifierCheck"/>
</file>
<file name="/home/jenkins/jenkins-home/workspace/hadoop-multibranch_PR-3259/ubuntu-focal/src/hadoop-tools/hadoop-streaming/src/main/java/org/apache/hadoop/record/BinaryRecordInput.java">
<error line="39" severity="error" message="Class BinaryIndex should be declared as final." source="com.puppycrawl.tools.checkstyle.checks.design.FinalClassCheck"/>
<error line="79" severity="error" message="First sentence should end with a period." source="com.puppycrawl.tools.checkstyle.checks.javadoc.JavadocStyleCheck"/>
<error line="84" severity="error" message="First sentence should end with a period." source="com.puppycrawl.tools.checkstyle.checks.javadoc.JavadocStyleCheck"/>
</file>
<file name="/home/jenkins/jenkins-home/workspace/hadoop-multibranch_PR-3259/ubuntu-focal/src/hadoop-tools/hadoop-streaming/src/main/java/org/apache/hadoop/record/Utils.java">
<error line="35" severity="error" message="Class Utils should be declared as final." source="com.puppycrawl.tools.checkstyle.checks.design.FinalClassCheck"/>
<error line="40" severity="error" message="First sentence should end with a period." source="com.puppycrawl.tools.checkstyle.checks.javadoc.JavadocStyleCheck"/>
<error line="44" column="30" severity="error" message="Name &apos;hexchars&apos; must match pattern &apos;^[A-Z][A-Z0-9]*(_[A-Z0-9]+)*$&apos;." source="com.puppycrawl.tools.checkstyle.checks.naming.ConstantNameCheck"/>
<error line="44" column="41" severity="error" message="&apos;{&apos; is followed by whitespace." source="com.puppycrawl.tools.checkstyle.checks.whitespace.NoWhitespaceAfterCheck"/>
<error line="204" severity="error" message="&apos;throws&apos; has incorrect indentation level 4, expected level should be 6." source="com.puppycrawl.tools.checkstyle.checks.indentation.IndentationCheck"/>
<error line="205" column="26" severity="error" message="&apos;{&apos; at column 26 should have line break after." source="com.puppycrawl.tools.checkstyle.checks.blocks.LeftCurlyCheck"/>
<error line="227" severity="error" message="First sentence should end with a period." source="com.puppycrawl.tools.checkstyle.checks.javadoc.JavadocStyleCheck"/>
<error line="235" severity="error" message="&apos;throws&apos; has incorrect indentation level 4, expected level should be 6." source="com.puppycrawl.tools.checkstyle.checks.indentation.IndentationCheck"/>
<error line="239" column="26" severity="error" message="&apos;{&apos; at column 26 should have line break after." source="com.puppycrawl.tools.checkstyle.checks.blocks.LeftCurlyCheck"/>
<error line="278" severity="error" message="&apos;throws&apos; has incorrect indentation level 4, expected level should be 6." source="com.puppycrawl.tools.checkstyle.checks.indentation.IndentationCheck"/>
<error line="313" severity="error" message="&apos;throws&apos; has incorrect indentation level 4, expected level should be 6." source="com.puppycrawl.tools.checkstyle.checks.indentation.IndentationCheck"/>
<error line="455" severity="error" message="First sentence should end with a period." source="com.puppycrawl.tools.checkstyle.checks.javadoc.JavadocStyleCheck"/>
</file>
<file name="/home/jenkins/jenkins-home/workspace/hadoop-multibranch_PR-3259/ubuntu-focal/src/hadoop-tools/hadoop-streaming/src/main/java/org/apache/hadoop/record/RecordComparator.java">
<error line="26" severity="error" message="First sentence should end with a period." source="com.puppycrawl.tools.checkstyle.checks.javadoc.JavadocStyleCheck"/>
</file>
<file name="/home/jenkins/jenkins-home/workspace/hadoop-multibranch_PR-3259/ubuntu-focal/src/hadoop-tools/hadoop-streaming/src/main/java/org/apache/hadoop/record/BinaryRecordOutput.java">
<error line="43" column="41" severity="error" message="&apos;out&apos; hides a field." source="com.puppycrawl.tools.checkstyle.checks.coding.HiddenFieldCheck"/>
<error line="66" severity="error" message="First sentence should end with a period." source="com.puppycrawl.tools.checkstyle.checks.javadoc.JavadocStyleCheck"/>
<error line="71" severity="error" message="First sentence should end with a period." source="com.puppycrawl.tools.checkstyle.checks.javadoc.JavadocStyleCheck"/>
<error line="114" severity="error" message="&apos;throws&apos; has incorrect indentation level 4, expected level should be 6." source="com.puppycrawl.tools.checkstyle.checks.indentation.IndentationCheck"/>
</file>
<file name="/home/jenkins/jenkins-home/workspace/hadoop-multibranch_PR-3259/ubuntu-focal/src/hadoop-tools/hadoop-streaming/src/main/java/org/apache/hadoop/record/CsvRecordOutput.java">
<error line="55" severity="error" message="First sentence should end with a period." source="com.puppycrawl.tools.checkstyle.checks.javadoc.JavadocStyleCheck"/>
<error line="110" severity="error" message="&apos;throws&apos; has incorrect indentation level 4, expected level should be 6." source="com.puppycrawl.tools.checkstyle.checks.indentation.IndentationCheck"/>
<error line="118" column="24" severity="error" message="&apos;!&apos; is followed by whitespace." source="com.puppycrawl.tools.checkstyle.checks.whitespace.NoWhitespaceAfterCheck"/>
</file>
<file name="/home/jenkins/jenkins-home/workspace/hadoop-multibranch_PR-3259/ubuntu-focal/src/hadoop-tools/hadoop-streaming/src/main/java/org/apache/hadoop/typedbytes/TypedBytesWritable.java">
<error line="1" severity="error" message="Missing package-info.java file." source="com.puppycrawl.tools.checkstyle.checks.javadoc.JavadocPackageCheck"/>
</file>
<file name="/home/jenkins/jenkins-home/workspace/hadoop-multibranch_PR-3259/ubuntu-focal/src/hadoop-tools/hadoop-streaming/src/main/java/org/apache/hadoop/typedbytes/TypedBytesWritableOutput.java">
<error line="57" column="53" severity="error" message="&apos;out&apos; hides a field." source="com.puppycrawl.tools.checkstyle.checks.coding.HiddenFieldCheck"/>
</file>
<file name="/home/jenkins/jenkins-home/workspace/hadoop-multibranch_PR-3259/ubuntu-focal/src/hadoop-tools/hadoop-streaming/src/main/java/org/apache/hadoop/typedbytes/TypedBytesRecordOutput.java">
<error line="39" column="53" severity="error" message="&apos;out&apos; hides a field." source="com.puppycrawl.tools.checkstyle.checks.coding.HiddenFieldCheck"/>
</file>
<file name="/home/jenkins/jenkins-home/workspace/hadoop-multibranch_PR-3259/ubuntu-focal/src/hadoop-tools/hadoop-streaming/src/main/java/org/apache/hadoop/typedbytes/TypedBytesInput.java">
<error line="40" column="39" severity="error" message="&apos;in&apos; hides a field." source="com.puppycrawl.tools.checkstyle.checks.coding.HiddenFieldCheck"/>
<error line="409" severity="error" message="&apos;(&apos; has incorrect indentation level 6, expected level should be 8." source="com.puppycrawl.tools.checkstyle.checks.indentation.IndentationCheck"/>
<error line="410" severity="error" message="&apos;(&apos; has incorrect indentation level 6, expected level should be 8." source="com.puppycrawl.tools.checkstyle.checks.indentation.IndentationCheck"/>
<error line="411" severity="error" message="&apos;(&apos; has incorrect indentation level 6, expected level should be 8." source="com.puppycrawl.tools.checkstyle.checks.indentation.IndentationCheck"/>
<error line="450" column="43" severity="error" message="&apos;{&apos; is followed by whitespace." source="com.puppycrawl.tools.checkstyle.checks.whitespace.NoWhitespaceAfterCheck"/>
<error line="456" column="30" severity="error" message="&apos;{&apos; is followed by whitespace." source="com.puppycrawl.tools.checkstyle.checks.whitespace.NoWhitespaceAfterCheck"/>
<error line="486" severity="error" message="&apos;(&apos; has incorrect indentation level 6, expected level should be 8." source="com.puppycrawl.tools.checkstyle.checks.indentation.IndentationCheck"/>
<error line="487" severity="error" message="&apos;(&apos; has incorrect indentation level 6, expected level should be 8." source="com.puppycrawl.tools.checkstyle.checks.indentation.IndentationCheck"/>
<error line="488" severity="error" message="&apos;(&apos; has incorrect indentation level 6, expected level should be 8." source="com.puppycrawl.tools.checkstyle.checks.indentation.IndentationCheck"/>
</file>
<file name="/home/jenkins/jenkins-home/workspace/hadoop-multibranch_PR-3259/ubuntu-focal/src/hadoop-tools/hadoop-streaming/src/main/java/org/apache/hadoop/typedbytes/TypedBytesOutput.java">
<error line="41" column="41" severity="error" message="&apos;out&apos; hides a field." source="com.puppycrawl.tools.checkstyle.checks.coding.HiddenFieldCheck"/>
<error line="124" severity="error" message="&apos;throws&apos; has incorrect indentation level 4, expected level should be 6." source="com.puppycrawl.tools.checkstyle.checks.indentation.IndentationCheck"/>
</file>
<file name="/home/jenkins/jenkins-home/workspace/hadoop-multibranch_PR-3259/ubuntu-focal/src/hadoop-tools/hadoop-streaming/src/main/java/org/apache/hadoop/typedbytes/Type.java">
<error line="45" column="13" severity="error" message="Variable &apos;code&apos; must be private and have accessor methods." source="com.puppycrawl.tools.checkstyle.checks.design.VisibilityModifierCheck"/>
</file>
<file name="/home/jenkins/jenkins-home/workspace/hadoop-multibranch_PR-3259/ubuntu-focal/src/hadoop-tools/hadoop-streaming/src/main/java/org/apache/hadoop/typedbytes/TypedBytesRecordInput.java">
<error line="37" column="51" severity="error" message="&apos;in&apos; hides a field." source="com.puppycrawl.tools.checkstyle.checks.coding.HiddenFieldCheck"/>
</file>
<file name="/home/jenkins/jenkins-home/workspace/hadoop-multibranch_PR-3259/ubuntu-focal/src/hadoop-tools/hadoop-streaming/src/main/java/org/apache/hadoop/typedbytes/TypedBytesWritableInput.java">
<error line="60" column="51" severity="error" message="&apos;in&apos; hides a field." source="com.puppycrawl.tools.checkstyle.checks.coding.HiddenFieldCheck"/>
<error line="334" severity="error" message="&apos;SortedMapWritable&apos; has incorrect indentation level 4, expected level should be 6." source="com.puppycrawl.tools.checkstyle.checks.indentation.IndentationCheck"/>
<error line="335" severity="error" message="&apos;throws&apos; has incorrect indentation level 4, expected level should be 6." source="com.puppycrawl.tools.checkstyle.checks.indentation.IndentationCheck"/>
<error line="350" severity="error" message="&apos;readSortedMap&apos; has incorrect indentation level 4, expected level should be 6." source="com.puppycrawl.tools.checkstyle.checks.indentation.IndentationCheck"/>
<error line="361" severity="error" message="&apos;conf&apos; has incorrect indentation level 10, expected level should be 12." source="com.puppycrawl.tools.checkstyle.checks.indentation.IndentationCheck"/>
</file>
<file name="/home/jenkins/jenkins-home/workspace/hadoop-multibranch_PR-3259/ubuntu-focal/src/hadoop-tools/hadoop-streaming/src/test/java/org/apache/hadoop/streaming/TestTypedBytesStreaming.java">
<error line="36" column="18" severity="error" message="Name &apos;INPUT_FILE&apos; must match pattern &apos;^[a-z][a-zA-Z0-9]*$&apos;." source="com.puppycrawl.tools.checkstyle.checks.naming.MemberNameCheck"/>
<error line="36" column="18" severity="error" message="Variable &apos;INPUT_FILE&apos; must be private and have accessor methods." source="com.puppycrawl.tools.checkstyle.checks.design.VisibilityModifierCheck"/>
<error line="37" column="18" severity="error" message="Name &apos;OUTPUT_DIR&apos; must match pattern &apos;^[a-z][a-zA-Z0-9]*$&apos;." source="com.puppycrawl.tools.checkstyle.checks.naming.MemberNameCheck"/>
<error line="37" column="18" severity="error" message="Variable &apos;OUTPUT_DIR&apos; must be private and have accessor methods." source="com.puppycrawl.tools.checkstyle.checks.design.VisibilityModifierCheck"/>
<error line="38" column="20" severity="error" message="Variable &apos;input&apos; must be private and have accessor methods." source="com.puppycrawl.tools.checkstyle.checks.design.VisibilityModifierCheck"/>
<error line="39" column="20" severity="error" message="Variable &apos;map&apos; must be private and have accessor methods." source="com.puppycrawl.tools.checkstyle.checks.design.VisibilityModifierCheck"/>
<error line="40" column="20" severity="error" message="Variable &apos;reduce&apos; must be private and have accessor methods." source="com.puppycrawl.tools.checkstyle.checks.design.VisibilityModifierCheck"/>
<error line="41" severity="error" message="Line is longer than 100 characters (found 105)." source="com.puppycrawl.tools.checkstyle.checks.sizes.LineLengthCheck"/>
<error line="41" column="20" severity="error" message="Variable &apos;outputExpect&apos; must be private and have accessor methods." source="com.puppycrawl.tools.checkstyle.checks.design.VisibilityModifierCheck"/>
<error line="57" severity="error" message="&apos;array initialization&apos; child has incorrect indentation level 6, expected level should be 8." source="com.puppycrawl.tools.checkstyle.checks.indentation.IndentationCheck"/>
<error line="58" severity="error" message="&apos;array initialization&apos; child has incorrect indentation level 6, expected level should be 8." source="com.puppycrawl.tools.checkstyle.checks.indentation.IndentationCheck"/>
<error line="59" severity="error" message="&apos;array initialization&apos; child has incorrect indentation level 6, expected level should be 8." source="com.puppycrawl.tools.checkstyle.checks.indentation.IndentationCheck"/>
<error line="60" severity="error" message="&apos;array initialization&apos; child has incorrect indentation level 6, expected level should be 8." source="com.puppycrawl.tools.checkstyle.checks.indentation.IndentationCheck"/>
<error line="61" severity="error" message="&apos;array initialization&apos; child has incorrect indentation level 6, expected level should be 8." source="com.puppycrawl.tools.checkstyle.checks.indentation.IndentationCheck"/>
<error line="62" severity="error" message="&apos;array initialization&apos; child has incorrect indentation level 6, expected level should be 8." source="com.puppycrawl.tools.checkstyle.checks.indentation.IndentationCheck"/>
<error line="62" column="72" severity="error" message="&apos;,&apos; is not followed by whitespace." source="com.puppycrawl.tools.checkstyle.checks.whitespace.WhitespaceAfterCheck"/>
<error line="63" severity="error" message="&apos;array initialization&apos; child has incorrect indentation level 6, expected level should be 8." source="com.puppycrawl.tools.checkstyle.checks.indentation.IndentationCheck"/>
</file>
<file name="/home/jenkins/jenkins-home/workspace/hadoop-multibranch_PR-3259/ubuntu-focal/src/hadoop-tools/hadoop-streaming/src/test/java/org/apache/hadoop/streaming/TestStreamingBackground.java">
<error line="36" column="18" severity="error" message="Name &apos;TEST_DIR&apos; must match pattern &apos;^[a-z][a-zA-Z0-9]*$&apos;." source="com.puppycrawl.tools.checkstyle.checks.naming.MemberNameCheck"/>
<error line="36" column="18" severity="error" message="Variable &apos;TEST_DIR&apos; must be private and have accessor methods." source="com.puppycrawl.tools.checkstyle.checks.design.VisibilityModifierCheck"/>
<error line="38" column="18" severity="error" message="Name &apos;INPUT_FILE&apos; must match pattern &apos;^[a-z][a-zA-Z0-9]*$&apos;." source="com.puppycrawl.tools.checkstyle.checks.naming.MemberNameCheck"/>
<error line="38" column="18" severity="error" message="Variable &apos;INPUT_FILE&apos; must be private and have accessor methods." source="com.puppycrawl.tools.checkstyle.checks.design.VisibilityModifierCheck"/>
<error line="39" column="18" severity="error" message="Name &apos;OUTPUT_DIR&apos; must match pattern &apos;^[a-z][a-zA-Z0-9]*$&apos;." source="com.puppycrawl.tools.checkstyle.checks.naming.MemberNameCheck"/>
<error line="39" column="18" severity="error" message="Variable &apos;OUTPUT_DIR&apos; must be private and have accessor methods." source="com.puppycrawl.tools.checkstyle.checks.design.VisibilityModifierCheck"/>
<error line="41" column="20" severity="error" message="Variable &apos;tenSecondsTask&apos; must be private and have accessor methods." source="com.puppycrawl.tools.checkstyle.checks.design.VisibilityModifierCheck"/>
<error line="42" column="40" severity="error" message="&apos;{&apos; is followed by whitespace." source="com.puppycrawl.tools.checkstyle.checks.whitespace.NoWhitespaceAfterCheck"/>
<error line="50" column="22" severity="error" message="Variable &apos;args&apos; must be private and have accessor methods." source="com.puppycrawl.tools.checkstyle.checks.design.VisibilityModifierCheck"/>
<error line="50" column="42" severity="error" message="&apos;{&apos; is followed by whitespace." source="com.puppycrawl.tools.checkstyle.checks.whitespace.NoWhitespaceAfterCheck"/>
</file>
<file name="/home/jenkins/jenkins-home/workspace/hadoop-multibranch_PR-3259/ubuntu-focal/src/hadoop-tools/hadoop-streaming/src/test/java/org/apache/hadoop/streaming/TestStreamXmlRecordReader.java">
<error line="25" severity="error" message="First sentence should end with a period." source="com.puppycrawl.tools.checkstyle.checks.javadoc.JavadocStyleCheck"/>
<error line="43" column="3" severity="error" message="&apos;{&apos; at column 3 should be on the previous line." source="com.puppycrawl.tools.checkstyle.checks.blocks.LeftCurlyCheck"/>
</file>
<file name="/home/jenkins/jenkins-home/workspace/hadoop-multibranch_PR-3259/ubuntu-focal/src/hadoop-tools/hadoop-streaming/src/test/java/org/apache/hadoop/streaming/RawBytesMapApp.java">
<error line="50" column="64" severity="error" message="&apos;,&apos; is not followed by whitespace." source="com.puppycrawl.tools.checkstyle.checks.whitespace.WhitespaceAfterCheck"/>
</file>
<file name="/home/jenkins/jenkins-home/workspace/hadoop-multibranch_PR-3259/ubuntu-focal/src/hadoop-tools/hadoop-streaming/src/test/java/org/apache/hadoop/streaming/TestStreamJob.java">
</file>
<file name="/home/jenkins/jenkins-home/workspace/hadoop-multibranch_PR-3259/ubuntu-focal/src/hadoop-tools/hadoop-streaming/src/test/java/org/apache/hadoop/streaming/TestStreamDataProtocol.java">
<error line="23" column="8" severity="error" message="Unused import - org.apache.hadoop.conf.Configuration." source="com.puppycrawl.tools.checkstyle.checks.imports.UnusedImportsCheck"/>
<error line="24" column="8" severity="error" message="Unused import - org.apache.hadoop.fs.FileSystem." source="com.puppycrawl.tools.checkstyle.checks.imports.UnusedImportsCheck"/>
<error line="26" column="8" severity="error" message="Unused import - org.apache.hadoop.fs.Path." source="com.puppycrawl.tools.checkstyle.checks.imports.UnusedImportsCheck"/>
<error line="36" column="1" severity="error" message="&apos;{&apos; at column 1 should be on the previous line." source="com.puppycrawl.tools.checkstyle.checks.blocks.LeftCurlyCheck"/>
<error line="40" column="18" severity="error" message="Name &apos;INPUT_FILE&apos; must match pattern &apos;^[a-z][a-zA-Z0-9]*$&apos;." source="com.puppycrawl.tools.checkstyle.checks.naming.MemberNameCheck"/>
<error line="40" column="18" severity="error" message="Variable &apos;INPUT_FILE&apos; must be private and have accessor methods." source="com.puppycrawl.tools.checkstyle.checks.design.VisibilityModifierCheck"/>
<error line="41" column="18" severity="error" message="Name &apos;OUTPUT_DIR&apos; must match pattern &apos;^[a-z][a-zA-Z0-9]*$&apos;." source="com.puppycrawl.tools.checkstyle.checks.naming.MemberNameCheck"/>
<error line="41" column="18" severity="error" message="Variable &apos;OUTPUT_DIR&apos; must be private and have accessor methods." source="com.puppycrawl.tools.checkstyle.checks.design.VisibilityModifierCheck"/>
<error line="42" severity="error" message="Line is longer than 100 characters (found 222)." source="com.puppycrawl.tools.checkstyle.checks.sizes.LineLengthCheck"/>
<error line="42" column="20" severity="error" message="Variable &apos;input&apos; must be private and have accessor methods." source="com.puppycrawl.tools.checkstyle.checks.design.VisibilityModifierCheck"/>
<error line="44" column="20" severity="error" message="Variable &apos;map&apos; must be private and have accessor methods." source="com.puppycrawl.tools.checkstyle.checks.design.VisibilityModifierCheck"/>
<error line="46" column="20" severity="error" message="Variable &apos;reduce&apos; must be private and have accessor methods." source="com.puppycrawl.tools.checkstyle.checks.design.VisibilityModifierCheck"/>
<error line="47" severity="error" message="Line is longer than 100 characters (found 164)." source="com.puppycrawl.tools.checkstyle.checks.sizes.LineLengthCheck"/>
<error line="47" column="20" severity="error" message="Variable &apos;outputExpect&apos; must be private and have accessor methods." source="com.puppycrawl.tools.checkstyle.checks.design.VisibilityModifierCheck"/>
<error line="52" column="3" severity="error" message="&apos;{&apos; at column 3 should be on the previous line." source="com.puppycrawl.tools.checkstyle.checks.blocks.LeftCurlyCheck"/>
<error line="59" column="3" severity="error" message="&apos;{&apos; at column 3 should be on the previous line." source="com.puppycrawl.tools.checkstyle.checks.blocks.LeftCurlyCheck"/>
<error line="68" severity="error" message="&apos;array initialization&apos; child has incorrect indentation level 6, expected level should be 8." source="com.puppycrawl.tools.checkstyle.checks.indentation.IndentationCheck"/>
<error line="69" severity="error" message="&apos;array initialization&apos; child has incorrect indentation level 6, expected level should be 8." source="com.puppycrawl.tools.checkstyle.checks.indentation.IndentationCheck"/>
<error line="70" severity="error" message="&apos;array initialization&apos; child has incorrect indentation level 6, expected level should be 8." source="com.puppycrawl.tools.checkstyle.checks.indentation.IndentationCheck"/>
<error line="71" severity="error" message="&apos;array initialization&apos; child has incorrect indentation level 6, expected level should be 8." source="com.puppycrawl.tools.checkstyle.checks.indentation.IndentationCheck"/>
<error line="72" severity="error" message="&apos;array initialization&apos; child has incorrect indentation level 6, expected level should be 8." source="com.puppycrawl.tools.checkstyle.checks.indentation.IndentationCheck"/>
<error line="73" severity="error" message="&apos;array initialization&apos; child has incorrect indentation level 6, expected level should be 8." source="com.puppycrawl.tools.checkstyle.checks.indentation.IndentationCheck"/>
<error line="74" severity="error" message="&apos;array initialization&apos; child has incorrect indentation level 6, expected level should be 8." source="com.puppycrawl.tools.checkstyle.checks.indentation.IndentationCheck"/>
<error line="75" severity="error" message="&apos;array initialization&apos; child has incorrect indentation level 6, expected level should be 8." source="com.puppycrawl.tools.checkstyle.checks.indentation.IndentationCheck"/>
<error line="76" severity="error" message="&apos;array initialization&apos; child has incorrect indentation level 6, expected level should be 8." source="com.puppycrawl.tools.checkstyle.checks.indentation.IndentationCheck"/>
<error line="77" severity="error" message="&apos;array initialization&apos; child has incorrect indentation level 6, expected level should be 8." source="com.puppycrawl.tools.checkstyle.checks.indentation.IndentationCheck"/>
<error line="78" severity="error" message="&apos;array initialization&apos; child has incorrect indentation level 6, expected level should be 8." source="com.puppycrawl.tools.checkstyle.checks.indentation.IndentationCheck"/>
<error line="79" severity="error" message="&apos;array initialization&apos; child has incorrect indentation level 6, expected level should be 8." source="com.puppycrawl.tools.checkstyle.checks.indentation.IndentationCheck"/>
<error line="79" column="72" severity="error" message="&apos;,&apos; is not followed by whitespace." source="com.puppycrawl.tools.checkstyle.checks.whitespace.WhitespaceAfterCheck"/>
<error line="85" column="3" severity="error" message="&apos;{&apos; at column 3 should be on the previous line." source="com.puppycrawl.tools.checkstyle.checks.blocks.LeftCurlyCheck"/>
<error line="113" column="3" severity="error" message="&apos;{&apos; at column 3 should be on the previous line." source="com.puppycrawl.tools.checkstyle.checks.blocks.LeftCurlyCheck"/>
</file>
<file name="/home/jenkins/jenkins-home/workspace/hadoop-multibranch_PR-3259/ubuntu-focal/src/hadoop-tools/hadoop-streaming/src/test/java/org/apache/hadoop/streaming/TestStreamXmlMultipleRecords.java">
<error line="40" column="1" severity="error" message="&apos;{&apos; at column 1 should be on the previous line." source="com.puppycrawl.tools.checkstyle.checks.blocks.LeftCurlyCheck"/>
<error line="114" column="5" severity="error" message="&apos;}&apos; at column 5 should be on the same line as the next part of a multi-block statement (one that directly contains multiple blocks: if/else-if/else, do/while or try/catch/finally)." source="com.puppycrawl.tools.checkstyle.checks.blocks.RightCurlyCheck"/>
<error line="134" column="5" severity="error" message="&apos;}&apos; at column 5 should be on the same line as the next part of a multi-block statement (one that directly contains multiple blocks: if/else-if/else, do/while or try/catch/finally)." source="com.puppycrawl.tools.checkstyle.checks.blocks.RightCurlyCheck"/>
<error line="153" column="5" severity="error" message="&apos;}&apos; at column 5 should be on the same line as the next part of a multi-block statement (one that directly contains multiple blocks: if/else-if/else, do/while or try/catch/finally)." source="com.puppycrawl.tools.checkstyle.checks.blocks.RightCurlyCheck"/>
<error line="173" column="5" severity="error" message="&apos;}&apos; at column 5 should be on the same line as the next part of a multi-block statement (one that directly contains multiple blocks: if/else-if/else, do/while or try/catch/finally)." source="com.puppycrawl.tools.checkstyle.checks.blocks.RightCurlyCheck"/>
</file>
<file name="/home/jenkins/jenkins-home/workspace/hadoop-multibranch_PR-3259/ubuntu-focal/src/hadoop-tools/hadoop-streaming/src/test/java/org/apache/hadoop/streaming/TestStreamingCombiner.java">
<error line="30" column="20" severity="error" message="Variable &apos;combine&apos; must be private and have accessor methods." source="com.puppycrawl.tools.checkstyle.checks.design.VisibilityModifierCheck"/>
</file>
<file name="/home/jenkins/jenkins-home/workspace/hadoop-multibranch_PR-3259/ubuntu-focal/src/hadoop-tools/hadoop-streaming/src/test/java/org/apache/hadoop/streaming/OutputOnlyApp.java">
<error line="27" column="1" severity="error" message="Utility classes should not have a public or default constructor." source="com.puppycrawl.tools.checkstyle.checks.design.HideUtilityClassConstructorCheck"/>
</file>
<file name="/home/jenkins/jenkins-home/workspace/hadoop-multibranch_PR-3259/ubuntu-focal/src/hadoop-tools/hadoop-streaming/src/test/java/org/apache/hadoop/streaming/TestMultipleCachefiles.java">
<error line="41" severity="error" message="First sentence should end with a period." source="com.puppycrawl.tools.checkstyle.checks.javadoc.JavadocStyleCheck"/>
<error line="46" column="1" severity="error" message="&apos;{&apos; at column 1 should be on the previous line." source="com.puppycrawl.tools.checkstyle.checks.blocks.LeftCurlyCheck"/>
<error line="47" column="10" severity="error" message="Name &apos;INPUT_FILE&apos; must match pattern &apos;^[a-z][a-zA-Z0-9]*$&apos;." source="com.puppycrawl.tools.checkstyle.checks.naming.MemberNameCheck"/>
<error line="47" column="10" severity="error" message="Variable &apos;INPUT_FILE&apos; must be private and have accessor methods." source="com.puppycrawl.tools.checkstyle.checks.design.VisibilityModifierCheck"/>
<error line="48" column="10" severity="error" message="Name &apos;OUTPUT_DIR&apos; must match pattern &apos;^[a-z][a-zA-Z0-9]*$&apos;." source="com.puppycrawl.tools.checkstyle.checks.naming.MemberNameCheck"/>
<error line="48" column="10" severity="error" message="Variable &apos;OUTPUT_DIR&apos; must be private and have accessor methods." source="com.puppycrawl.tools.checkstyle.checks.design.VisibilityModifierCheck"/>
<error line="49" column="10" severity="error" message="Name &apos;CACHE_FILE&apos; must match pattern &apos;^[a-z][a-zA-Z0-9]*$&apos;." source="com.puppycrawl.tools.checkstyle.checks.naming.MemberNameCheck"/>
<error line="49" column="10" severity="error" message="Variable &apos;CACHE_FILE&apos; must be private and have accessor methods." source="com.puppycrawl.tools.checkstyle.checks.design.VisibilityModifierCheck"/>
<error line="50" column="10" severity="error" message="Name &apos;CACHE_FILE_2&apos; must match pattern &apos;^[a-z][a-zA-Z0-9]*$&apos;." source="com.puppycrawl.tools.checkstyle.checks.naming.MemberNameCheck"/>
<error line="50" column="10" severity="error" message="Variable &apos;CACHE_FILE_2&apos; must be private and have accessor methods." source="com.puppycrawl.tools.checkstyle.checks.design.VisibilityModifierCheck"/>
<error line="51" column="10" severity="error" message="Variable &apos;input&apos; must be private and have accessor methods." source="com.puppycrawl.tools.checkstyle.checks.design.VisibilityModifierCheck"/>
<error line="52" column="10" severity="error" message="Variable &apos;map&apos; must be private and have accessor methods." source="com.puppycrawl.tools.checkstyle.checks.design.VisibilityModifierCheck"/>
<error line="53" column="10" severity="error" message="Variable &apos;reduce&apos; must be private and have accessor methods." source="com.puppycrawl.tools.checkstyle.checks.design.VisibilityModifierCheck"/>
<error line="54" column="10" severity="error" message="Variable &apos;mapString&apos; must be private and have accessor methods." source="com.puppycrawl.tools.checkstyle.checks.design.VisibilityModifierCheck"/>
<error line="55" column="10" severity="error" message="Variable &apos;mapString2&apos; must be private and have accessor methods." source="com.puppycrawl.tools.checkstyle.checks.design.VisibilityModifierCheck"/>
<error line="56" column="10" severity="error" message="Variable &apos;cacheString&apos; must be private and have accessor methods." source="com.puppycrawl.tools.checkstyle.checks.design.VisibilityModifierCheck"/>
<error line="57" column="10" severity="error" message="Variable &apos;cacheString2&apos; must be private and have accessor methods." source="com.puppycrawl.tools.checkstyle.checks.design.VisibilityModifierCheck"/>
<error line="58" column="13" severity="error" message="Variable &apos;job&apos; must be private and have accessor methods." source="com.puppycrawl.tools.checkstyle.checks.design.VisibilityModifierCheck"/>
<error line="61" column="3" severity="error" message="&apos;{&apos; at column 3 should be on the previous line." source="com.puppycrawl.tools.checkstyle.checks.blocks.LeftCurlyCheck"/>
<error line="66" column="3" severity="error" message="&apos;{&apos; at column 3 should be on the previous line." source="com.puppycrawl.tools.checkstyle.checks.blocks.LeftCurlyCheck"/>
<error line="84" column="18" severity="error" message="Array brackets at illegal position." source="com.puppycrawl.tools.checkstyle.checks.ArrayTypeStyleCheck"/>
<error line="85" severity="error" message="&apos;array initialization&apos; child has incorrect indentation level 8, expected level should be 10." source="com.puppycrawl.tools.checkstyle.checks.indentation.IndentationCheck"/>
<error line="86" severity="error" message="&apos;array initialization&apos; child has incorrect indentation level 8, expected level should be 10." source="com.puppycrawl.tools.checkstyle.checks.indentation.IndentationCheck"/>
<error line="87" severity="error" message="&apos;array initialization&apos; child has incorrect indentation level 8, expected level should be 10." source="com.puppycrawl.tools.checkstyle.checks.indentation.IndentationCheck"/>
<error line="88" severity="error" message="&apos;array initialization&apos; child has incorrect indentation level 8, expected level should be 10." source="com.puppycrawl.tools.checkstyle.checks.indentation.IndentationCheck"/>
<error line="89" severity="error" message="&apos;array initialization&apos; child has incorrect indentation level 8, expected level should be 10." source="com.puppycrawl.tools.checkstyle.checks.indentation.IndentationCheck"/>
<error line="89" column="74" severity="error" message="&apos;,&apos; is not followed by whitespace." source="com.puppycrawl.tools.checkstyle.checks.whitespace.WhitespaceAfterCheck"/>
<error line="90" severity="error" message="&apos;array initialization&apos; child has incorrect indentation level 8, expected level should be 10." source="com.puppycrawl.tools.checkstyle.checks.indentation.IndentationCheck"/>
<error line="96" severity="error" message="&apos;array initialization&apos; child has incorrect indentation level 8, expected level should be 10." source="com.puppycrawl.tools.checkstyle.checks.indentation.IndentationCheck"/>
<error line="102" severity="error" message="&apos;array initialization&apos; child has incorrect indentation level 8, expected level should be 10." source="com.puppycrawl.tools.checkstyle.checks.indentation.IndentationCheck"/>
<error line="103" severity="error" message="&apos;array initialization&apos; child has incorrect indentation level 8, expected level should be 10." source="com.puppycrawl.tools.checkstyle.checks.indentation.IndentationCheck"/>
<error line="104" severity="error" message="&apos;array initialization&apos; child has incorrect indentation level 8, expected level should be 10." source="com.puppycrawl.tools.checkstyle.checks.indentation.IndentationCheck"/>
<error line="138" severity="error" message="&apos;new&apos; has incorrect indentation level 10, expected level should be 12." source="com.puppycrawl.tools.checkstyle.checks.indentation.IndentationCheck"/>
<error line="147" column="24" severity="error" message="&apos;{&apos; at column 24 should have line break after." source="com.puppycrawl.tools.checkstyle.checks.blocks.LeftCurlyCheck"/>
<error line="148" column="23" severity="error" message="&apos;{&apos; at column 23 should have line break after." source="com.puppycrawl.tools.checkstyle.checks.blocks.LeftCurlyCheck"/>
<error line="148" column="38" severity="error" message="&apos;;&apos; is not followed by whitespace." source="com.puppycrawl.tools.checkstyle.checks.whitespace.WhitespaceAfterCheck"/>
<error line="153" column="3" severity="error" message="&apos;{&apos; at column 3 should be on the previous line." source="com.puppycrawl.tools.checkstyle.checks.blocks.LeftCurlyCheck"/>
</file>
<file name="/home/jenkins/jenkins-home/workspace/hadoop-multibranch_PR-3259/ubuntu-focal/src/hadoop-tools/hadoop-streaming/src/test/java/org/apache/hadoop/streaming/io/TestKeyOnlyTextOutputReader.java">
<error line="54" column="5" severity="error" message="Redundant &apos;public&apos; modifier." source="com.puppycrawl.tools.checkstyle.checks.modifier.RedundantModifierCheck"/>
</file>
<file name="/home/jenkins/jenkins-home/workspace/hadoop-multibranch_PR-3259/ubuntu-focal/src/hadoop-tools/hadoop-streaming/src/test/java/org/apache/hadoop/streaming/ValueCountReduce.java">
<error line="22" column="8" severity="error" message="Unused import - java.util.Date." source="com.puppycrawl.tools.checkstyle.checks.imports.UnusedImportsCheck"/>
<error line="28" column="8" severity="error" message="Unused import - org.apache.hadoop.io.WritableComparable." source="com.puppycrawl.tools.checkstyle.checks.imports.UnusedImportsCheck"/>
<error line="44" severity="error" message="Line is longer than 100 characters (found 106)." source="com.puppycrawl.tools.checkstyle.checks.sizes.LineLengthCheck"/>
</file>
<file name="/home/jenkins/jenkins-home/workspace/hadoop-multibranch_PR-3259/ubuntu-focal/src/hadoop-tools/hadoop-streaming/src/test/java/org/apache/hadoop/streaming/TestStreaming.java">
<error line="42" column="1" severity="error" message="&apos;{&apos; at column 1 should be on the previous line." source="com.puppycrawl.tools.checkstyle.checks.blocks.LeftCurlyCheck"/>
<error line="51" severity="error" message="&apos;&quot;cmd /c &quot;&apos; has incorrect indentation level 4, expected level should be 6." source="com.puppycrawl.tools.checkstyle.checks.indentation.IndentationCheck"/>
<error line="59" severity="error" message="&apos;&quot;cmd /c &quot;&apos; has incorrect indentation level 4, expected level should be 6." source="com.puppycrawl.tools.checkstyle.checks.indentation.IndentationCheck"/>
<error line="60" severity="error" message="&apos;&quot;xargs cat&quot;&apos; has incorrect indentation level 4, expected level should be 6." source="com.puppycrawl.tools.checkstyle.checks.indentation.IndentationCheck"/>
<error line="64" column="18" severity="error" message="Name &apos;TEST_DIR&apos; must match pattern &apos;^[a-z][a-zA-Z0-9]*$&apos;." source="com.puppycrawl.tools.checkstyle.checks.naming.MemberNameCheck"/>
<error line="64" column="18" severity="error" message="Variable &apos;TEST_DIR&apos; must be private and have accessor methods." source="com.puppycrawl.tools.checkstyle.checks.design.VisibilityModifierCheck"/>
<error line="65" column="18" severity="error" message="Name &apos;INPUT_FILE&apos; must match pattern &apos;^[a-z][a-zA-Z0-9]*$&apos;." source="com.puppycrawl.tools.checkstyle.checks.naming.MemberNameCheck"/>
<error line="65" column="18" severity="error" message="Variable &apos;INPUT_FILE&apos; must be private and have accessor methods." source="com.puppycrawl.tools.checkstyle.checks.design.VisibilityModifierCheck"/>
<error line="66" column="18" severity="error" message="Name &apos;OUTPUT_DIR&apos; must match pattern &apos;^[a-z][a-zA-Z0-9]*$&apos;." source="com.puppycrawl.tools.checkstyle.checks.naming.MemberNameCheck"/>
<error line="66" column="18" severity="error" message="Variable &apos;OUTPUT_DIR&apos; must be private and have accessor methods." source="com.puppycrawl.tools.checkstyle.checks.design.VisibilityModifierCheck"/>
<error line="67" column="20" severity="error" message="Variable &apos;inputFile&apos; must be private and have accessor methods." source="com.puppycrawl.tools.checkstyle.checks.design.VisibilityModifierCheck"/>
<error line="68" column="20" severity="error" message="Variable &apos;outDir&apos; must be private and have accessor methods." source="com.puppycrawl.tools.checkstyle.checks.design.VisibilityModifierCheck"/>
<error line="69" column="20" severity="error" message="Variable &apos;input&apos; must be private and have accessor methods." source="com.puppycrawl.tools.checkstyle.checks.design.VisibilityModifierCheck"/>
<error line="71" column="20" severity="error" message="Variable &apos;map&apos; must be private and have accessor methods." source="com.puppycrawl.tools.checkstyle.checks.design.VisibilityModifierCheck"/>
<error line="74" column="20" severity="error" message="Variable &apos;reduce&apos; must be private and have accessor methods." source="com.puppycrawl.tools.checkstyle.checks.design.VisibilityModifierCheck"/>
<error line="75" severity="error" message="Line is longer than 100 characters (found 105)." source="com.puppycrawl.tools.checkstyle.checks.sizes.LineLengthCheck"/>
<error line="75" column="20" severity="error" message="Variable &apos;outputExpect&apos; must be private and have accessor methods." source="com.puppycrawl.tools.checkstyle.checks.design.VisibilityModifierCheck"/>
<error line="77" column="31" severity="error" message="Variable &apos;args&apos; must be private and have accessor methods." source="com.puppycrawl.tools.checkstyle.checks.design.VisibilityModifierCheck"/>
<error line="78" column="23" severity="error" message="Variable &apos;job&apos; must be private and have accessor methods." source="com.puppycrawl.tools.checkstyle.checks.design.VisibilityModifierCheck"/>
<error line="81" column="3" severity="error" message="&apos;{&apos; at column 3 should be on the previous line." source="com.puppycrawl.tools.checkstyle.checks.blocks.LeftCurlyCheck"/>
<error line="120" column="3" severity="error" message="&apos;{&apos; at column 3 should be on the previous line." source="com.puppycrawl.tools.checkstyle.checks.blocks.LeftCurlyCheck"/>
<error line="122" severity="error" message="&apos;INPUT_FILE&apos; has incorrect indentation level 6, expected level should be 8." source="com.puppycrawl.tools.checkstyle.checks.indentation.IndentationCheck"/>
<error line="133" column="23" severity="error" message="&apos;;&apos; is not followed by whitespace." source="com.puppycrawl.tools.checkstyle.checks.whitespace.WhitespaceAfterCheck"/>
<error line="134" column="24" severity="error" message="&apos;;&apos; is not followed by whitespace." source="com.puppycrawl.tools.checkstyle.checks.whitespace.WhitespaceAfterCheck"/>
<error line="135" column="24" severity="error" message="&apos;;&apos; is not followed by whitespace." source="com.puppycrawl.tools.checkstyle.checks.whitespace.WhitespaceAfterCheck"/>
<error line="136" column="25" severity="error" message="&apos;;&apos; is not followed by whitespace." source="com.puppycrawl.tools.checkstyle.checks.whitespace.WhitespaceAfterCheck"/>
<error line="140" column="67" severity="error" message="&apos;,&apos; is not followed by whitespace." source="com.puppycrawl.tools.checkstyle.checks.whitespace.WhitespaceAfterCheck"/>
<error line="142" column="15" severity="error" message="Array brackets at illegal position." source="com.puppycrawl.tools.checkstyle.checks.ArrayTypeStyleCheck"/>
<error line="142" column="31" severity="error" message="&apos;String&apos; is followed by whitespace." source="com.puppycrawl.tools.checkstyle.checks.whitespace.NoWhitespaceAfterCheck"/>
<error line="174" severity="error" message="Line is longer than 100 characters (found 128)." source="com.puppycrawl.tools.checkstyle.checks.sizes.LineLengthCheck"/>
<error line="180" severity="error" message="First sentence should end with a period." source="com.puppycrawl.tools.checkstyle.checks.javadoc.JavadocStyleCheck"/>
<error line="198" column="3" severity="error" message="&apos;{&apos; at column 3 should be on the previous line." source="com.puppycrawl.tools.checkstyle.checks.blocks.LeftCurlyCheck"/>
</file>
<file name="/home/jenkins/jenkins-home/workspace/hadoop-multibranch_PR-3259/ubuntu-focal/src/hadoop-tools/hadoop-streaming/src/test/java/org/apache/hadoop/streaming/TestSymLink.java">
<error line="39" column="8" severity="error" message="Unused import - org.apache.hadoop.mapreduce.server.jobtracker.JTConfig." source="com.puppycrawl.tools.checkstyle.checks.imports.UnusedImportsCheck"/>
<error line="40" severity="error" message="First sentence should end with a period." source="com.puppycrawl.tools.checkstyle.checks.javadoc.JavadocStyleCheck"/>
<error line="45" column="1" severity="error" message="&apos;{&apos; at column 1 should be on the previous line." source="com.puppycrawl.tools.checkstyle.checks.blocks.LeftCurlyCheck"/>
<error line="46" column="10" severity="error" message="Name &apos;INPUT_FILE&apos; must match pattern &apos;^[a-z][a-zA-Z0-9]*$&apos;." source="com.puppycrawl.tools.checkstyle.checks.naming.MemberNameCheck"/>
<error line="46" column="10" severity="error" message="Variable &apos;INPUT_FILE&apos; must be private and have accessor methods." source="com.puppycrawl.tools.checkstyle.checks.design.VisibilityModifierCheck"/>
<error line="47" column="10" severity="error" message="Name &apos;OUTPUT_DIR&apos; must match pattern &apos;^[a-z][a-zA-Z0-9]*$&apos;." source="com.puppycrawl.tools.checkstyle.checks.naming.MemberNameCheck"/>
<error line="47" column="10" severity="error" message="Variable &apos;OUTPUT_DIR&apos; must be private and have accessor methods." source="com.puppycrawl.tools.checkstyle.checks.design.VisibilityModifierCheck"/>
<error line="48" column="10" severity="error" message="Name &apos;CACHE_FILE&apos; must match pattern &apos;^[a-z][a-zA-Z0-9]*$&apos;." source="com.puppycrawl.tools.checkstyle.checks.naming.MemberNameCheck"/>
<error line="48" column="10" severity="error" message="Variable &apos;CACHE_FILE&apos; must be private and have accessor methods." source="com.puppycrawl.tools.checkstyle.checks.design.VisibilityModifierCheck"/>
<error line="49" column="10" severity="error" message="Variable &apos;input&apos; must be private and have accessor methods." source="com.puppycrawl.tools.checkstyle.checks.design.VisibilityModifierCheck"/>
<error line="50" column="10" severity="error" message="Variable &apos;map&apos; must be private and have accessor methods." source="com.puppycrawl.tools.checkstyle.checks.design.VisibilityModifierCheck"/>
<error line="51" column="10" severity="error" message="Variable &apos;reduce&apos; must be private and have accessor methods." source="com.puppycrawl.tools.checkstyle.checks.design.VisibilityModifierCheck"/>
<error line="52" column="10" severity="error" message="Variable &apos;mapString&apos; must be private and have accessor methods." source="com.puppycrawl.tools.checkstyle.checks.design.VisibilityModifierCheck"/>
<error line="53" column="10" severity="error" message="Variable &apos;cacheString&apos; must be private and have accessor methods." source="com.puppycrawl.tools.checkstyle.checks.design.VisibilityModifierCheck"/>
<error line="54" column="13" severity="error" message="Variable &apos;job&apos; must be private and have accessor methods." source="com.puppycrawl.tools.checkstyle.checks.design.VisibilityModifierCheck"/>
<error line="58" column="3" severity="error" message="&apos;{&apos; at column 3 should be on the previous line." source="com.puppycrawl.tools.checkstyle.checks.blocks.LeftCurlyCheck"/>
<error line="77" column="18" severity="error" message="Array brackets at illegal position." source="com.puppycrawl.tools.checkstyle.checks.ArrayTypeStyleCheck"/>
<error line="78" severity="error" message="&apos;array initialization&apos; child has incorrect indentation level 8, expected level should be 10." source="com.puppycrawl.tools.checkstyle.checks.indentation.IndentationCheck"/>
<error line="79" severity="error" message="&apos;array initialization&apos; child has incorrect indentation level 8, expected level should be 10." source="com.puppycrawl.tools.checkstyle.checks.indentation.IndentationCheck"/>
<error line="80" severity="error" message="&apos;array initialization&apos; child has incorrect indentation level 8, expected level should be 10." source="com.puppycrawl.tools.checkstyle.checks.indentation.IndentationCheck"/>
<error line="81" severity="error" message="&apos;array initialization&apos; child has incorrect indentation level 8, expected level should be 10." source="com.puppycrawl.tools.checkstyle.checks.indentation.IndentationCheck"/>
<error line="82" severity="error" message="&apos;array initialization&apos; child has incorrect indentation level 8, expected level should be 10." source="com.puppycrawl.tools.checkstyle.checks.indentation.IndentationCheck"/>
<error line="82" column="74" severity="error" message="&apos;,&apos; is not followed by whitespace." source="com.puppycrawl.tools.checkstyle.checks.whitespace.WhitespaceAfterCheck"/>
<error line="83" severity="error" message="&apos;array initialization&apos; child has incorrect indentation level 8, expected level should be 10." source="com.puppycrawl.tools.checkstyle.checks.indentation.IndentationCheck"/>
<error line="89" severity="error" message="&apos;array initialization&apos; child has incorrect indentation level 8, expected level should be 10." source="com.puppycrawl.tools.checkstyle.checks.indentation.IndentationCheck"/>
<error line="95" severity="error" message="&apos;array initialization&apos; child has incorrect indentation level 8, expected level should be 10." source="com.puppycrawl.tools.checkstyle.checks.indentation.IndentationCheck"/>
<error line="96" severity="error" message="&apos;array initialization&apos; child has incorrect indentation level 8, expected level should be 10." source="com.puppycrawl.tools.checkstyle.checks.indentation.IndentationCheck"/>
<error line="125" severity="error" message="&apos;new&apos; has incorrect indentation level 10, expected level should be 12." source="com.puppycrawl.tools.checkstyle.checks.indentation.IndentationCheck"/>
<error line="131" column="24" severity="error" message="&apos;{&apos; at column 24 should have line break after." source="com.puppycrawl.tools.checkstyle.checks.blocks.LeftCurlyCheck"/>
<error line="132" column="23" severity="error" message="&apos;{&apos; at column 23 should have line break after." source="com.puppycrawl.tools.checkstyle.checks.blocks.LeftCurlyCheck"/>
<error line="132" column="38" severity="error" message="&apos;;&apos; is not followed by whitespace." source="com.puppycrawl.tools.checkstyle.checks.whitespace.WhitespaceAfterCheck"/>
<error line="138" column="3" severity="error" message="&apos;{&apos; at column 3 should be on the previous line." source="com.puppycrawl.tools.checkstyle.checks.blocks.LeftCurlyCheck"/>
</file>
<file name="/home/jenkins/jenkins-home/workspace/hadoop-multibranch_PR-3259/ubuntu-focal/src/hadoop-tools/hadoop-streaming/src/test/java/org/apache/hadoop/streaming/TestFileArgs.java">
<error line="40" column="1" severity="error" message="&apos;{&apos; at column 1 should be on the previous line." source="com.puppycrawl.tools.checkstyle.checks.blocks.LeftCurlyCheck"/>
<error line="48" severity="error" message="&apos;&quot;job.jar\t\nsidefile\t\n&quot;&apos; has incorrect indentation level 4, expected level should be 6." source="com.puppycrawl.tools.checkstyle.checks.indentation.IndentationCheck"/>
<error line="51" severity="error" message="&apos;&quot;/bin/ls&quot;&apos; has incorrect indentation level 4, expected level should be 6." source="com.puppycrawl.tools.checkstyle.checks.indentation.IndentationCheck"/>
<error line="54" column="3" severity="error" message="&apos;{&apos; at column 3 should be on the previous line." source="com.puppycrawl.tools.checkstyle.checks.blocks.LeftCurlyCheck"/>
</file>
<file name="/home/jenkins/jenkins-home/workspace/hadoop-multibranch_PR-3259/ubuntu-focal/src/hadoop-tools/hadoop-streaming/src/test/java/org/apache/hadoop/streaming/TestRawBytesStreaming.java">
<error line="34" column="18" severity="error" message="Name &apos;INPUT_FILE&apos; must match pattern &apos;^[a-z][a-zA-Z0-9]*$&apos;." source="com.puppycrawl.tools.checkstyle.checks.naming.MemberNameCheck"/>
<error line="34" column="18" severity="error" message="Variable &apos;INPUT_FILE&apos; must be private and have accessor methods." source="com.puppycrawl.tools.checkstyle.checks.design.VisibilityModifierCheck"/>
<error line="35" column="18" severity="error" message="Name &apos;OUTPUT_DIR&apos; must match pattern &apos;^[a-z][a-zA-Z0-9]*$&apos;." source="com.puppycrawl.tools.checkstyle.checks.naming.MemberNameCheck"/>
<error line="35" column="18" severity="error" message="Variable &apos;OUTPUT_DIR&apos; must be private and have accessor methods." source="com.puppycrawl.tools.checkstyle.checks.design.VisibilityModifierCheck"/>
<error line="36" column="20" severity="error" message="Variable &apos;input&apos; must be private and have accessor methods." source="com.puppycrawl.tools.checkstyle.checks.design.VisibilityModifierCheck"/>
<error line="37" column="20" severity="error" message="Variable &apos;map&apos; must be private and have accessor methods." source="com.puppycrawl.tools.checkstyle.checks.design.VisibilityModifierCheck"/>
<error line="38" column="20" severity="error" message="Variable &apos;reduce&apos; must be private and have accessor methods." source="com.puppycrawl.tools.checkstyle.checks.design.VisibilityModifierCheck"/>
<error line="39" severity="error" message="Line is longer than 100 characters (found 105)." source="com.puppycrawl.tools.checkstyle.checks.sizes.LineLengthCheck"/>
<error line="39" column="20" severity="error" message="Variable &apos;outputExpect&apos; must be private and have accessor methods." source="com.puppycrawl.tools.checkstyle.checks.design.VisibilityModifierCheck"/>
<error line="55" severity="error" message="&apos;array initialization&apos; child has incorrect indentation level 6, expected level should be 8." source="com.puppycrawl.tools.checkstyle.checks.indentation.IndentationCheck"/>
<error line="56" severity="error" message="&apos;array initialization&apos; child has incorrect indentation level 6, expected level should be 8." source="com.puppycrawl.tools.checkstyle.checks.indentation.IndentationCheck"/>
<error line="57" severity="error" message="&apos;array initialization&apos; child has incorrect indentation level 6, expected level should be 8." source="com.puppycrawl.tools.checkstyle.checks.indentation.IndentationCheck"/>
<error line="58" severity="error" message="&apos;array initialization&apos; child has incorrect indentation level 6, expected level should be 8." source="com.puppycrawl.tools.checkstyle.checks.indentation.IndentationCheck"/>
<error line="59" severity="error" message="&apos;array initialization&apos; child has incorrect indentation level 6, expected level should be 8." source="com.puppycrawl.tools.checkstyle.checks.indentation.IndentationCheck"/>
<error line="60" severity="error" message="&apos;array initialization&apos; child has incorrect indentation level 6, expected level should be 8." source="com.puppycrawl.tools.checkstyle.checks.indentation.IndentationCheck"/>
<error line="60" column="72" severity="error" message="&apos;,&apos; is not followed by whitespace." source="com.puppycrawl.tools.checkstyle.checks.whitespace.WhitespaceAfterCheck"/>
<error line="61" severity="error" message="&apos;array initialization&apos; child has incorrect indentation level 6, expected level should be 8." source="com.puppycrawl.tools.checkstyle.checks.indentation.IndentationCheck"/>
<error line="62" severity="error" message="&apos;array initialization&apos; child has incorrect indentation level 6, expected level should be 8." source="com.puppycrawl.tools.checkstyle.checks.indentation.IndentationCheck"/>
<error line="63" severity="error" message="&apos;array initialization&apos; child has incorrect indentation level 6, expected level should be 8." source="com.puppycrawl.tools.checkstyle.checks.indentation.IndentationCheck"/>
</file>
<file name="/home/jenkins/jenkins-home/workspace/hadoop-multibranch_PR-3259/ubuntu-focal/src/hadoop-tools/hadoop-streaming/src/test/java/org/apache/hadoop/streaming/TestStreamingSeparator.java">
<error line="26" column="8" severity="error" message="Unused import - org.apache.hadoop.conf.Configuration." source="com.puppycrawl.tools.checkstyle.checks.imports.UnusedImportsCheck"/>
<error line="27" column="8" severity="error" message="Unused import - org.apache.hadoop.fs.FileSystem." source="com.puppycrawl.tools.checkstyle.checks.imports.UnusedImportsCheck"/>
<error line="29" column="8" severity="error" message="Unused import - org.apache.hadoop.fs.Path." source="com.puppycrawl.tools.checkstyle.checks.imports.UnusedImportsCheck"/>
<error line="35" column="1" severity="error" message="&apos;{&apos; at column 1 should be on the previous line." source="com.puppycrawl.tools.checkstyle.checks.blocks.LeftCurlyCheck"/>
<error line="39" column="18" severity="error" message="Name &apos;INPUT_FILE&apos; must match pattern &apos;^[a-z][a-zA-Z0-9]*$&apos;." source="com.puppycrawl.tools.checkstyle.checks.naming.MemberNameCheck"/>
<error line="39" column="18" severity="error" message="Variable &apos;INPUT_FILE&apos; must be private and have accessor methods." source="com.puppycrawl.tools.checkstyle.checks.design.VisibilityModifierCheck"/>
<error line="40" column="18" severity="error" message="Name &apos;OUTPUT_DIR&apos; must match pattern &apos;^[a-z][a-zA-Z0-9]*$&apos;." source="com.puppycrawl.tools.checkstyle.checks.naming.MemberNameCheck"/>
<error line="40" column="18" severity="error" message="Variable &apos;OUTPUT_DIR&apos; must be private and have accessor methods." source="com.puppycrawl.tools.checkstyle.checks.design.VisibilityModifierCheck"/>
<error line="41" column="20" severity="error" message="Variable &apos;input&apos; must be private and have accessor methods." source="com.puppycrawl.tools.checkstyle.checks.design.VisibilityModifierCheck"/>
<error line="45" column="20" severity="error" message="Variable &apos;map&apos; must be private and have accessor methods." source="com.puppycrawl.tools.checkstyle.checks.design.VisibilityModifierCheck"/>
<error line="49" column="20" severity="error" message="Variable &apos;reduce&apos; must be private and have accessor methods." source="com.puppycrawl.tools.checkstyle.checks.design.VisibilityModifierCheck"/>
<error line="52" column="20" severity="error" message="Variable &apos;outputExpect&apos; must be private and have accessor methods." source="com.puppycrawl.tools.checkstyle.checks.design.VisibilityModifierCheck"/>
<error line="57" column="3" severity="error" message="&apos;{&apos; at column 3 should be on the previous line." source="com.puppycrawl.tools.checkstyle.checks.blocks.LeftCurlyCheck"/>
<error line="64" column="3" severity="error" message="&apos;{&apos; at column 3 should be on the previous line." source="com.puppycrawl.tools.checkstyle.checks.blocks.LeftCurlyCheck"/>
<error line="73" severity="error" message="&apos;array initialization&apos; child has incorrect indentation level 6, expected level should be 8." source="com.puppycrawl.tools.checkstyle.checks.indentation.IndentationCheck"/>
<error line="74" severity="error" message="&apos;array initialization&apos; child has incorrect indentation level 6, expected level should be 8." source="com.puppycrawl.tools.checkstyle.checks.indentation.IndentationCheck"/>
<error line="75" severity="error" message="&apos;array initialization&apos; child has incorrect indentation level 6, expected level should be 8." source="com.puppycrawl.tools.checkstyle.checks.indentation.IndentationCheck"/>
<error line="76" severity="error" message="&apos;array initialization&apos; child has incorrect indentation level 6, expected level should be 8." source="com.puppycrawl.tools.checkstyle.checks.indentation.IndentationCheck"/>
<error line="77" severity="error" message="&apos;array initialization&apos; child has incorrect indentation level 6, expected level should be 8." source="com.puppycrawl.tools.checkstyle.checks.indentation.IndentationCheck"/>
<error line="78" severity="error" message="&apos;array initialization&apos; child has incorrect indentation level 6, expected level should be 8." source="com.puppycrawl.tools.checkstyle.checks.indentation.IndentationCheck"/>
<error line="78" column="72" severity="error" message="&apos;,&apos; is not followed by whitespace." source="com.puppycrawl.tools.checkstyle.checks.whitespace.WhitespaceAfterCheck"/>
<error line="79" severity="error" message="&apos;array initialization&apos; child has incorrect indentation level 6, expected level should be 8." source="com.puppycrawl.tools.checkstyle.checks.indentation.IndentationCheck"/>
<error line="80" severity="error" message="&apos;array initialization&apos; child has incorrect indentation level 6, expected level should be 8." source="com.puppycrawl.tools.checkstyle.checks.indentation.IndentationCheck"/>
<error line="81" severity="error" message="&apos;array initialization&apos; child has incorrect indentation level 6, expected level should be 8." source="com.puppycrawl.tools.checkstyle.checks.indentation.IndentationCheck"/>
<error line="82" severity="error" message="&apos;array initialization&apos; child has incorrect indentation level 6, expected level should be 8." source="com.puppycrawl.tools.checkstyle.checks.indentation.IndentationCheck"/>
<error line="83" severity="error" message="&apos;array initialization&apos; child has incorrect indentation level 6, expected level should be 8." source="com.puppycrawl.tools.checkstyle.checks.indentation.IndentationCheck"/>
<error line="84" severity="error" message="&apos;array initialization&apos; child has incorrect indentation level 6, expected level should be 8." source="com.puppycrawl.tools.checkstyle.checks.indentation.IndentationCheck"/>
<error line="85" severity="error" message="&apos;array initialization&apos; child has incorrect indentation level 6, expected level should be 8." source="com.puppycrawl.tools.checkstyle.checks.indentation.IndentationCheck"/>
<error line="91" column="3" severity="error" message="&apos;{&apos; at column 3 should be on the previous line." source="com.puppycrawl.tools.checkstyle.checks.blocks.LeftCurlyCheck"/>
<error line="118" column="3" severity="error" message="&apos;{&apos; at column 3 should be on the previous line." source="com.puppycrawl.tools.checkstyle.checks.blocks.LeftCurlyCheck"/>
</file>
<file name="/home/jenkins/jenkins-home/workspace/hadoop-multibranch_PR-3259/ubuntu-focal/src/hadoop-tools/hadoop-streaming/src/test/java/org/apache/hadoop/streaming/TestStreamingStderr.java">
<error line="23" column="8" severity="error" message="Unused import - org.apache.hadoop.conf.Configuration." source="com.puppycrawl.tools.checkstyle.checks.imports.UnusedImportsCheck"/>
<error line="24" column="8" severity="error" message="Unused import - org.apache.hadoop.fs.FileSystem." source="com.puppycrawl.tools.checkstyle.checks.imports.UnusedImportsCheck"/>
<error line="25" column="8" severity="error" message="Unused import - org.apache.hadoop.fs.Path." source="com.puppycrawl.tools.checkstyle.checks.imports.UnusedImportsCheck"/>
<error line="36" column="1" severity="error" message="&apos;{&apos; at column 1 should be on the previous line." source="com.puppycrawl.tools.checkstyle.checks.blocks.LeftCurlyCheck"/>
<error line="43" severity="error" message="Line is longer than 100 characters (found 101)." source="com.puppycrawl.tools.checkstyle.checks.sizes.LineLengthCheck"/>
<error line="45" severity="error" message="&apos;array initialization&apos; child has incorrect indentation level 6, expected level should be 8." source="com.puppycrawl.tools.checkstyle.checks.indentation.IndentationCheck"/>
<error line="46" severity="error" message="&apos;array initialization&apos; child has incorrect indentation level 6, expected level should be 8." source="com.puppycrawl.tools.checkstyle.checks.indentation.IndentationCheck"/>
<error line="47" severity="error" message="&apos;array initialization&apos; child has incorrect indentation level 6, expected level should be 8." source="com.puppycrawl.tools.checkstyle.checks.indentation.IndentationCheck"/>
<error line="51" severity="error" message="&apos;array initialization&apos; child has incorrect indentation level 6, expected level should be 8." source="com.puppycrawl.tools.checkstyle.checks.indentation.IndentationCheck"/>
<error line="52" severity="error" message="&apos;array initialization&apos; child has incorrect indentation level 6, expected level should be 8." source="com.puppycrawl.tools.checkstyle.checks.indentation.IndentationCheck"/>
<error line="53" severity="error" message="&apos;array initialization&apos; child has incorrect indentation level 6, expected level should be 8." source="com.puppycrawl.tools.checkstyle.checks.indentation.IndentationCheck"/>
<error line="54" severity="error" message="&apos;array initialization&apos; child has incorrect indentation level 6, expected level should be 8." source="com.puppycrawl.tools.checkstyle.checks.indentation.IndentationCheck"/>
<error line="54" column="72" severity="error" message="&apos;,&apos; is not followed by whitespace." source="com.puppycrawl.tools.checkstyle.checks.whitespace.WhitespaceAfterCheck"/>
<error line="77" severity="error" message="&apos;throws&apos; has incorrect indentation level 4, expected level should be 6." source="com.puppycrawl.tools.checkstyle.checks.indentation.IndentationCheck"/>
<error line="83" severity="error" message="Line is longer than 100 characters (found 101)." source="com.puppycrawl.tools.checkstyle.checks.sizes.LineLengthCheck"/>
</file>
<file name="/home/jenkins/jenkins-home/workspace/hadoop-multibranch_PR-3259/ubuntu-focal/src/hadoop-tools/hadoop-streaming/src/test/java/org/apache/hadoop/streaming/TrAppReduce.java">
<error line="23" column="1" severity="error" message="Redundant import from the same package - org.apache.hadoop.streaming.Environment." source="com.puppycrawl.tools.checkstyle.checks.imports.RedundantImportCheck"/>
<error line="31" column="1" severity="error" message="&apos;{&apos; at column 1 should be on the previous line." source="com.puppycrawl.tools.checkstyle.checks.blocks.LeftCurlyCheck"/>
<error line="34" column="3" severity="error" message="&apos;{&apos; at column 3 should be on the previous line." source="com.puppycrawl.tools.checkstyle.checks.blocks.LeftCurlyCheck"/>
<error line="40" column="3" severity="error" message="&apos;{&apos; at column 3 should be on the previous line." source="com.puppycrawl.tools.checkstyle.checks.blocks.LeftCurlyCheck"/>
<error line="64" column="3" severity="error" message="&apos;{&apos; at column 3 should be on the previous line." source="com.puppycrawl.tools.checkstyle.checks.blocks.LeftCurlyCheck"/>
<error line="73" column="3" severity="error" message="&apos;{&apos; at column 3 should be on the previous line." source="com.puppycrawl.tools.checkstyle.checks.blocks.LeftCurlyCheck"/>
<error line="82" column="3" severity="error" message="&apos;{&apos; at column 3 should be on the previous line." source="com.puppycrawl.tools.checkstyle.checks.blocks.LeftCurlyCheck"/>
<error line="94" column="3" severity="error" message="&apos;{&apos; at column 3 should be on the previous line." source="com.puppycrawl.tools.checkstyle.checks.blocks.LeftCurlyCheck"/>
<error line="101" column="24" severity="error" message="Name &apos;CUnescape&apos; must match pattern &apos;^[a-z][a-zA-Z0-9]*$&apos;." source="com.puppycrawl.tools.checkstyle.checks.naming.MethodNameCheck"/>
<error line="102" column="3" severity="error" message="&apos;{&apos; at column 3 should be on the previous line." source="com.puppycrawl.tools.checkstyle.checks.blocks.LeftCurlyCheck"/>
<error line="109" column="8" severity="error" message="Variable &apos;find&apos; must be private and have accessor methods." source="com.puppycrawl.tools.checkstyle.checks.design.VisibilityModifierCheck"/>
<error line="110" column="8" severity="error" message="Variable &apos;replace&apos; must be private and have accessor methods." source="com.puppycrawl.tools.checkstyle.checks.design.VisibilityModifierCheck"/>
<error line="111" column="15" severity="error" message="Variable &apos;env&apos; must be private and have accessor methods." source="com.puppycrawl.tools.checkstyle.checks.design.VisibilityModifierCheck"/>
</file>
<file name="/home/jenkins/jenkins-home/workspace/hadoop-multibranch_PR-3259/ubuntu-focal/src/hadoop-tools/hadoop-streaming/src/test/java/org/apache/hadoop/streaming/TestMultipleArchiveFiles.java">
<error line="38" severity="error" message="First sentence should end with a period." source="com.puppycrawl.tools.checkstyle.checks.javadoc.JavadocStyleCheck"/>
<error line="44" column="1" severity="error" message="&apos;{&apos; at column 1 should be on the previous line." source="com.puppycrawl.tools.checkstyle.checks.blocks.LeftCurlyCheck"/>
<error line="48" column="18" severity="error" message="Name &apos;INPUT_DIR&apos; must match pattern &apos;^[a-z][a-zA-Z0-9]*$&apos;." source="com.puppycrawl.tools.checkstyle.checks.naming.MemberNameCheck"/>
<error line="49" column="18" severity="error" message="Name &apos;INPUT_FILE&apos; must match pattern &apos;^[a-z][a-zA-Z0-9]*$&apos;." source="com.puppycrawl.tools.checkstyle.checks.naming.MemberNameCheck"/>
<error line="50" column="18" severity="error" message="Name &apos;CACHE_ARCHIVE_1&apos; must match pattern &apos;^[a-z][a-zA-Z0-9]*$&apos;." source="com.puppycrawl.tools.checkstyle.checks.naming.MemberNameCheck"/>
<error line="51" column="16" severity="error" message="Name &apos;CACHE_FILE_1&apos; must match pattern &apos;^[a-z][a-zA-Z0-9]*$&apos;." source="com.puppycrawl.tools.checkstyle.checks.naming.MemberNameCheck"/>
<error line="52" column="18" severity="error" message="Name &apos;CACHE_ARCHIVE_2&apos; must match pattern &apos;^[a-z][a-zA-Z0-9]*$&apos;." source="com.puppycrawl.tools.checkstyle.checks.naming.MemberNameCheck"/>
<error line="53" column="16" severity="error" message="Name &apos;CACHE_FILE_2&apos; must match pattern &apos;^[a-z][a-zA-Z0-9]*$&apos;." source="com.puppycrawl.tools.checkstyle.checks.naming.MemberNameCheck"/>
<error line="55" column="18" severity="error" message="Name &apos;OUTPUT_DIR&apos; must match pattern &apos;^[a-z][a-zA-Z0-9]*$&apos;." source="com.puppycrawl.tools.checkstyle.checks.naming.MemberNameCheck"/>
<error line="84" column="3" severity="error" message="&apos;{&apos; at column 3 should be on the previous line." source="com.puppycrawl.tools.checkstyle.checks.blocks.LeftCurlyCheck"/>
<error line="88" severity="error" message="&apos;+&apos; has incorrect indentation level 6, expected level should be 8." source="com.puppycrawl.tools.checkstyle.checks.indentation.IndentationCheck"/>
</file>
<file name="/home/jenkins/jenkins-home/workspace/hadoop-multibranch_PR-3259/ubuntu-focal/src/hadoop-tools/hadoop-streaming/src/test/java/org/apache/hadoop/streaming/TestUnconsumedInput.java">
<error line="30" column="8" severity="error" message="Unused import - org.apache.hadoop.fs.FileSystem." source="com.puppycrawl.tools.checkstyle.checks.imports.UnusedImportsCheck"/>
<error line="32" column="8" severity="error" message="Unused import - org.apache.hadoop.fs.Path." source="com.puppycrawl.tools.checkstyle.checks.imports.UnusedImportsCheck"/>
<error line="33" column="8" severity="error" message="Unused import - org.apache.hadoop.hdfs.HdfsConfiguration." source="com.puppycrawl.tools.checkstyle.checks.imports.UnusedImportsCheck"/>
<error line="34" column="8" severity="error" message="Unused import - org.apache.hadoop.hdfs.MiniDFSCluster." source="com.puppycrawl.tools.checkstyle.checks.imports.UnusedImportsCheck"/>
<error line="38" column="23" severity="error" message="Name &apos;EXPECTED_OUTPUT_SIZE&apos; must match pattern &apos;^[a-z][a-zA-Z0-9]*$&apos;." source="com.puppycrawl.tools.checkstyle.checks.naming.MemberNameCheck"/>
<error line="38" column="23" severity="error" message="Variable &apos;EXPECTED_OUTPUT_SIZE&apos; must be private and have accessor methods." source="com.puppycrawl.tools.checkstyle.checks.design.VisibilityModifierCheck"/>
<error line="39" column="18" severity="error" message="Name &apos;INPUT_FILE&apos; must match pattern &apos;^[a-z][a-zA-Z0-9]*$&apos;." source="com.puppycrawl.tools.checkstyle.checks.naming.MemberNameCheck"/>
<error line="39" column="18" severity="error" message="Variable &apos;INPUT_FILE&apos; must be private and have accessor methods." source="com.puppycrawl.tools.checkstyle.checks.design.VisibilityModifierCheck"/>
<error line="40" column="18" severity="error" message="Name &apos;OUTPUT_DIR&apos; must match pattern &apos;^[a-z][a-zA-Z0-9]*$&apos;." source="com.puppycrawl.tools.checkstyle.checks.naming.MemberNameCheck"/>
<error line="40" column="18" severity="error" message="Variable &apos;OUTPUT_DIR&apos; must be private and have accessor methods." source="com.puppycrawl.tools.checkstyle.checks.design.VisibilityModifierCheck"/>
<error line="42" column="20" severity="error" message="Variable &apos;input&apos; must be private and have accessor methods." source="com.puppycrawl.tools.checkstyle.checks.design.VisibilityModifierCheck"/>
<error line="43" column="20" severity="error" message="Variable &apos;map&apos; must be private and have accessor methods." source="com.puppycrawl.tools.checkstyle.checks.design.VisibilityModifierCheck"/>
<error line="49" column="3" severity="error" message="&apos;{&apos; at column 3 should be on the previous line." source="com.puppycrawl.tools.checkstyle.checks.blocks.LeftCurlyCheck"/>
<error line="56" column="3" severity="error" message="&apos;{&apos; at column 3 should be on the previous line." source="com.puppycrawl.tools.checkstyle.checks.blocks.LeftCurlyCheck"/>
<error line="57" severity="error" message="&apos;method def&apos; child has incorrect indentation level 6, expected level should be 4." source="com.puppycrawl.tools.checkstyle.checks.indentation.IndentationCheck"/>
<error line="59" severity="error" message="&apos;for&apos; has incorrect indentation level 6, expected level should be 4." source="com.puppycrawl.tools.checkstyle.checks.indentation.IndentationCheck"/>
<error line="60" severity="error" message="&apos;for&apos; child has incorrect indentation level 8, expected level should be 6." source="com.puppycrawl.tools.checkstyle.checks.indentation.IndentationCheck"/>
<error line="61" severity="error" message="&apos;for rcurly&apos; has incorrect indentation level 6, expected level should be 4." source="com.puppycrawl.tools.checkstyle.checks.indentation.IndentationCheck"/>
<error line="62" severity="error" message="&apos;method def&apos; child has incorrect indentation level 6, expected level should be 4." source="com.puppycrawl.tools.checkstyle.checks.indentation.IndentationCheck"/>
<error line="67" severity="error" message="&apos;array initialization&apos; child has incorrect indentation level 6, expected level should be 8." source="com.puppycrawl.tools.checkstyle.checks.indentation.IndentationCheck"/>
<error line="68" severity="error" message="&apos;array initialization&apos; child has incorrect indentation level 6, expected level should be 8." source="com.puppycrawl.tools.checkstyle.checks.indentation.IndentationCheck"/>
<error line="69" severity="error" message="&apos;array initialization&apos; child has incorrect indentation level 6, expected level should be 8." source="com.puppycrawl.tools.checkstyle.checks.indentation.IndentationCheck"/>
<error line="70" severity="error" message="&apos;array initialization&apos; child has incorrect indentation level 6, expected level should be 8." source="com.puppycrawl.tools.checkstyle.checks.indentation.IndentationCheck"/>
<error line="71" severity="error" message="&apos;array initialization&apos; child has incorrect indentation level 6, expected level should be 8." source="com.puppycrawl.tools.checkstyle.checks.indentation.IndentationCheck"/>
<error line="72" severity="error" message="&apos;array initialization&apos; child has incorrect indentation level 6, expected level should be 8." source="com.puppycrawl.tools.checkstyle.checks.indentation.IndentationCheck"/>
<error line="73" severity="error" message="&apos;array initialization&apos; child has incorrect indentation level 6, expected level should be 8." source="com.puppycrawl.tools.checkstyle.checks.indentation.IndentationCheck"/>
<error line="73" column="72" severity="error" message="&apos;,&apos; is not followed by whitespace." source="com.puppycrawl.tools.checkstyle.checks.whitespace.WhitespaceAfterCheck"/>
<error line="79" column="3" severity="error" message="&apos;{&apos; at column 3 should be on the previous line." source="com.puppycrawl.tools.checkstyle.checks.blocks.LeftCurlyCheck"/>
</file>
<file name="/home/jenkins/jenkins-home/workspace/hadoop-multibranch_PR-3259/ubuntu-focal/src/hadoop-tools/hadoop-streaming/src/test/java/org/apache/hadoop/streaming/TestStreamingBadRecords.java">
<error line="52" column="1" severity="error" message="&apos;{&apos; at column 1 should be on the previous line." source="com.puppycrawl.tools.checkstyle.checks.blocks.LeftCurlyCheck"/>
<error line="55" severity="error" message="&apos;LoggerFactory&apos; has incorrect indentation level 4, expected level should be 6." source="com.puppycrawl.tools.checkstyle.checks.indentation.IndentationCheck"/>
<error line="58" severity="error" message="&apos;Arrays&apos; has incorrect indentation level 4, expected level should be 6." source="com.puppycrawl.tools.checkstyle.checks.indentation.IndentationCheck"/>
<error line="58" column="27" severity="error" message="&apos;,&apos; is not followed by whitespace." source="com.puppycrawl.tools.checkstyle.checks.whitespace.WhitespaceAfterCheck"/>
<error line="58" column="36" severity="error" message="&apos;,&apos; is not followed by whitespace." source="com.puppycrawl.tools.checkstyle.checks.whitespace.WhitespaceAfterCheck"/>
<error line="61" severity="error" message="&apos;Arrays&apos; has incorrect indentation level 4, expected level should be 6." source="com.puppycrawl.tools.checkstyle.checks.indentation.IndentationCheck"/>
<error line="61" column="27" severity="error" message="&apos;,&apos; is not followed by whitespace." source="com.puppycrawl.tools.checkstyle.checks.whitespace.WhitespaceAfterCheck"/>
<error line="63" column="31" severity="error" message="Name &apos;badMapper&apos; must match pattern &apos;^[A-Z][A-Z0-9]*(_[A-Z0-9]+)*$&apos;." source="com.puppycrawl.tools.checkstyle.checks.naming.ConstantNameCheck"/>
<error line="64" severity="error" message="&apos;UtilTest&apos; has incorrect indentation level 4, expected level should be 6." source="com.puppycrawl.tools.checkstyle.checks.indentation.IndentationCheck"/>
<error line="65" column="31" severity="error" message="Name &apos;badReducer&apos; must match pattern &apos;^[A-Z][A-Z0-9]*(_[A-Z0-9]+)*$&apos;." source="com.puppycrawl.tools.checkstyle.checks.naming.ConstantNameCheck"/>
<error line="66" severity="error" message="&apos;UtilTest&apos; has incorrect indentation level 4, expected level should be 6." source="com.puppycrawl.tools.checkstyle.checks.indentation.IndentationCheck"/>
<error line="75" column="3" severity="error" message="&apos;{&apos; at column 3 should be on the previous line." source="com.puppycrawl.tools.checkstyle.checks.blocks.LeftCurlyCheck"/>
<error line="95" column="16" severity="error" message="&apos;;&apos; is not followed by whitespace." source="com.puppycrawl.tools.checkstyle.checks.whitespace.WhitespaceAfterCheck"/>
<error line="95" column="29" severity="error" message="&apos;;&apos; is not followed by whitespace." source="com.puppycrawl.tools.checkstyle.checks.whitespace.WhitespaceAfterCheck"/>
<error line="98" column="18" severity="error" message="&apos;;&apos; is not followed by whitespace." source="com.puppycrawl.tools.checkstyle.checks.whitespace.WhitespaceAfterCheck"/>
<error line="98" column="35" severity="error" message="&apos;;&apos; is not followed by whitespace." source="com.puppycrawl.tools.checkstyle.checks.whitespace.WhitespaceAfterCheck"/>
<error line="106" severity="error" message="&apos;throws&apos; has incorrect indentation level 4, expected level should be 6." source="com.puppycrawl.tools.checkstyle.checks.indentation.IndentationCheck"/>
<error line="115" column="23" severity="error" message="&apos;,&apos; is not followed by whitespace." source="com.puppycrawl.tools.checkstyle.checks.whitespace.WhitespaceAfterCheck"/>
<error line="119" column="23" severity="error" message="&apos;,&apos; is not followed by whitespace." source="com.puppycrawl.tools.checkstyle.checks.whitespace.WhitespaceAfterCheck"/>
<error line="121" column="23" severity="error" message="&apos;,&apos; is not followed by whitespace." source="com.puppycrawl.tools.checkstyle.checks.whitespace.WhitespaceAfterCheck"/>
<error line="125" column="23" severity="error" message="&apos;,&apos; is not followed by whitespace." source="com.puppycrawl.tools.checkstyle.checks.whitespace.WhitespaceAfterCheck"/>
<error line="127" column="23" severity="error" message="&apos;,&apos; is not followed by whitespace." source="com.puppycrawl.tools.checkstyle.checks.whitespace.WhitespaceAfterCheck"/>
<error line="129" column="23" severity="error" message="&apos;,&apos; is not followed by whitespace." source="com.puppycrawl.tools.checkstyle.checks.whitespace.WhitespaceAfterCheck"/>
<error line="131" column="23" severity="error" message="&apos;,&apos; is not followed by whitespace." source="com.puppycrawl.tools.checkstyle.checks.whitespace.WhitespaceAfterCheck"/>
<error line="133" column="23" severity="error" message="&apos;,&apos; is not followed by whitespace." source="com.puppycrawl.tools.checkstyle.checks.whitespace.WhitespaceAfterCheck"/>
<error line="262" column="13" severity="error" message="Variable &apos;isReducer&apos; must be private and have accessor methods." source="com.puppycrawl.tools.checkstyle.checks.design.VisibilityModifierCheck"/>
<error line="264" column="5" severity="error" message="Redundant &apos;public&apos; modifier." source="com.puppycrawl.tools.checkstyle.checks.modifier.RedundantModifierCheck"/>
<error line="298" column="5" severity="error" message="Redundant &apos;public&apos; modifier." source="com.puppycrawl.tools.checkstyle.checks.modifier.RedundantModifierCheck"/>
<error line="310" column="7" severity="error" message="&apos;}&apos; at column 7 should be on the same line as the next part of a multi-block statement (one that directly contains multiple blocks: if/else-if/else, do/while or try/catch/finally)." source="com.puppycrawl.tools.checkstyle.checks.blocks.RightCurlyCheck"/>
<error line="314" column="7" severity="error" message="&apos;}&apos; at column 7 should be on the same line as the next part of a multi-block statement (one that directly contains multiple blocks: if/else-if/else, do/while or try/catch/finally)." source="com.puppycrawl.tools.checkstyle.checks.blocks.RightCurlyCheck"/>
</file>
<file name="/home/jenkins/jenkins-home/workspace/hadoop-multibranch_PR-3259/ubuntu-focal/src/hadoop-tools/hadoop-streaming/src/test/java/org/apache/hadoop/streaming/RawBytesReduceApp.java">
</file>
<file name="/home/jenkins/jenkins-home/workspace/hadoop-multibranch_PR-3259/ubuntu-focal/src/hadoop-tools/hadoop-streaming/src/test/java/org/apache/hadoop/streaming/mapreduce/TestStreamXmlRecordReader.java">
<error line="44" severity="error" message="First sentence should end with a period." source="com.puppycrawl.tools.checkstyle.checks.javadoc.JavadocStyleCheck"/>
<error line="51" column="16" severity="error" message="Name &apos;INPUT_FILE&apos; must match pattern &apos;^[a-z][a-zA-Z0-9]*$&apos;." source="com.puppycrawl.tools.checkstyle.checks.naming.MemberNameCheck"/>
<error line="54" column="8" severity="error" message="Name &apos;OUTPUT_DIR&apos; must match pattern &apos;^[a-z][a-zA-Z0-9]*$&apos;." source="com.puppycrawl.tools.checkstyle.checks.naming.MemberNameCheck"/>
<error line="54" column="8" severity="error" message="Variable &apos;OUTPUT_DIR&apos; must be private and have accessor methods." source="com.puppycrawl.tools.checkstyle.checks.design.VisibilityModifierCheck"/>
<error line="55" column="14" severity="error" message="Variable &apos;fs&apos; must be private and have accessor methods." source="com.puppycrawl.tools.checkstyle.checks.design.VisibilityModifierCheck"/>
<error line="84" column="49" severity="error" message="&apos;fs&apos; hides a field." source="com.puppycrawl.tools.checkstyle.checks.coding.HiddenFieldCheck"/>
</file>
<file name="/home/jenkins/jenkins-home/workspace/hadoop-multibranch_PR-3259/ubuntu-focal/src/hadoop-tools/hadoop-streaming/src/test/java/org/apache/hadoop/streaming/DelayEchoApp.java">
</file>
<file name="/home/jenkins/jenkins-home/workspace/hadoop-multibranch_PR-3259/ubuntu-focal/src/hadoop-tools/hadoop-streaming/src/test/java/org/apache/hadoop/streaming/TestAutoInputFormat.java">
<error line="37" column="1" severity="error" message="Redundant import from the same package - org.apache.hadoop.streaming.AutoInputFormat." source="com.puppycrawl.tools.checkstyle.checks.imports.RedundantImportCheck"/>
<error line="52" column="20" severity="error" message="&apos;(&apos; is followed by whitespace." source="com.puppycrawl.tools.checkstyle.checks.whitespace.ParenPadCheck"/>
<error line="76" severity="error" message="&apos;seqFile&apos; has incorrect indentation level 6, expected level should be 8." source="com.puppycrawl.tools.checkstyle.checks.indentation.IndentationCheck"/>
<error line="98" severity="error" message="&apos;.&apos; has incorrect indentation level 14, expected level should be 16." source="com.puppycrawl.tools.checkstyle.checks.indentation.IndentationCheck"/>
<error line="102" severity="error" message="&apos;.&apos; has incorrect indentation level 14, expected level should be 16." source="com.puppycrawl.tools.checkstyle.checks.indentation.IndentationCheck"/>
</file>
<file name="/home/jenkins/jenkins-home/workspace/hadoop-multibranch_PR-3259/ubuntu-focal/src/hadoop-tools/hadoop-streaming/src/test/java/org/apache/hadoop/streaming/TestMRFramework.java">
</file>
<file name="/home/jenkins/jenkins-home/workspace/hadoop-multibranch_PR-3259/ubuntu-focal/src/hadoop-tools/hadoop-streaming/src/test/java/org/apache/hadoop/streaming/TestDumpTypedBytes.java">
<error line="31" column="1" severity="error" message="Redundant import from the same package - org.apache.hadoop.streaming.DumpTypedBytes." source="com.puppycrawl.tools.checkstyle.checks.imports.RedundantImportCheck"/>
<error line="56" severity="error" message="&apos;root&apos; has incorrect indentation level 8, expected level should be 10." source="com.puppycrawl.tools.checkstyle.checks.indentation.IndentationCheck"/>
<error line="79" severity="error" message="&apos;Integer&apos; has incorrect indentation level 10, expected level should be 12." source="com.puppycrawl.tools.checkstyle.checks.indentation.IndentationCheck"/>
</file>
<file name="/home/jenkins/jenkins-home/workspace/hadoop-multibranch_PR-3259/ubuntu-focal/src/hadoop-tools/hadoop-streaming/src/test/java/org/apache/hadoop/streaming/TestStreamingCounters.java">
</file>
<file name="/home/jenkins/jenkins-home/workspace/hadoop-multibranch_PR-3259/ubuntu-focal/src/hadoop-tools/hadoop-streaming/src/test/java/org/apache/hadoop/streaming/TypedBytesMapApp.java">
<error line="55" column="68" severity="error" message="&apos;,&apos; is not followed by whitespace." source="com.puppycrawl.tools.checkstyle.checks.whitespace.WhitespaceAfterCheck"/>
</file>
<file name="/home/jenkins/jenkins-home/workspace/hadoop-multibranch_PR-3259/ubuntu-focal/src/hadoop-tools/hadoop-streaming/src/test/java/org/apache/hadoop/streaming/TrApp.java">
<error line="23" column="1" severity="error" message="Redundant import from the same package - org.apache.hadoop.streaming.Environment." source="com.puppycrawl.tools.checkstyle.checks.imports.RedundantImportCheck"/>
<error line="31" column="1" severity="error" message="&apos;{&apos; at column 1 should be on the previous line." source="com.puppycrawl.tools.checkstyle.checks.blocks.LeftCurlyCheck"/>
<error line="34" column="3" severity="error" message="&apos;{&apos; at column 3 should be on the previous line." source="com.puppycrawl.tools.checkstyle.checks.blocks.LeftCurlyCheck"/>
<error line="40" column="3" severity="error" message="&apos;{&apos; at column 3 should be on the previous line." source="com.puppycrawl.tools.checkstyle.checks.blocks.LeftCurlyCheck"/>
<error line="67" column="3" severity="error" message="&apos;{&apos; at column 3 should be on the previous line." source="com.puppycrawl.tools.checkstyle.checks.blocks.LeftCurlyCheck"/>
<error line="76" column="3" severity="error" message="&apos;{&apos; at column 3 should be on the previous line." source="com.puppycrawl.tools.checkstyle.checks.blocks.LeftCurlyCheck"/>
<error line="85" column="3" severity="error" message="&apos;{&apos; at column 3 should be on the previous line." source="com.puppycrawl.tools.checkstyle.checks.blocks.LeftCurlyCheck"/>
<error line="98" column="3" severity="error" message="&apos;{&apos; at column 3 should be on the previous line." source="com.puppycrawl.tools.checkstyle.checks.blocks.LeftCurlyCheck"/>
<error line="105" column="24" severity="error" message="Name &apos;CUnescape&apos; must match pattern &apos;^[a-z][a-zA-Z0-9]*$&apos;." source="com.puppycrawl.tools.checkstyle.checks.naming.MethodNameCheck"/>
<error line="106" column="3" severity="error" message="&apos;{&apos; at column 3 should be on the previous line." source="com.puppycrawl.tools.checkstyle.checks.blocks.LeftCurlyCheck"/>
<error line="113" column="8" severity="error" message="Variable &apos;find&apos; must be private and have accessor methods." source="com.puppycrawl.tools.checkstyle.checks.design.VisibilityModifierCheck"/>
<error line="114" column="8" severity="error" message="Variable &apos;replace&apos; must be private and have accessor methods." source="com.puppycrawl.tools.checkstyle.checks.design.VisibilityModifierCheck"/>
<error line="115" column="15" severity="error" message="Variable &apos;env&apos; must be private and have accessor methods." source="com.puppycrawl.tools.checkstyle.checks.design.VisibilityModifierCheck"/>
</file>
<file name="/home/jenkins/jenkins-home/workspace/hadoop-multibranch_PR-3259/ubuntu-focal/src/hadoop-tools/hadoop-streaming/src/test/java/org/apache/hadoop/streaming/StreamAggregate.java">
<error line="23" column="1" severity="error" message="Redundant import from the same package - org.apache.hadoop.streaming.Environment." source="com.puppycrawl.tools.checkstyle.checks.imports.RedundantImportCheck"/>
<error line="23" column="8" severity="error" message="Unused import - org.apache.hadoop.streaming.Environment." source="com.puppycrawl.tools.checkstyle.checks.imports.UnusedImportsCheck"/>
<error line="30" column="1" severity="error" message="&apos;{&apos; at column 1 should be on the previous line." source="com.puppycrawl.tools.checkstyle.checks.blocks.LeftCurlyCheck"/>
<error line="33" column="3" severity="error" message="&apos;{&apos; at column 3 should be on the previous line." source="com.puppycrawl.tools.checkstyle.checks.blocks.LeftCurlyCheck"/>
<error line="38" column="3" severity="error" message="&apos;{&apos; at column 3 should be on the previous line." source="com.puppycrawl.tools.checkstyle.checks.blocks.LeftCurlyCheck"/>
<error line="44" column="14" severity="error" message="&apos;String&apos; is followed by whitespace." source="com.puppycrawl.tools.checkstyle.checks.whitespace.NoWhitespaceAfterCheck"/>
<error line="53" column="3" severity="error" message="&apos;{&apos; at column 3 should be on the previous line." source="com.puppycrawl.tools.checkstyle.checks.blocks.LeftCurlyCheck"/>
</file>
<file name="/home/jenkins/jenkins-home/workspace/hadoop-multibranch_PR-3259/ubuntu-focal/src/hadoop-tools/hadoop-streaming/src/test/java/org/apache/hadoop/streaming/TestStreamReduceNone.java">
<error line="23" column="8" severity="error" message="Unused import - org.apache.hadoop.conf.Configuration." source="com.puppycrawl.tools.checkstyle.checks.imports.UnusedImportsCheck"/>
<error line="24" column="8" severity="error" message="Unused import - org.apache.hadoop.fs.FileSystem." source="com.puppycrawl.tools.checkstyle.checks.imports.UnusedImportsCheck"/>
<error line="26" column="8" severity="error" message="Unused import - org.apache.hadoop.fs.Path." source="com.puppycrawl.tools.checkstyle.checks.imports.UnusedImportsCheck"/>
<error line="38" column="1" severity="error" message="&apos;{&apos; at column 1 should be on the previous line." source="com.puppycrawl.tools.checkstyle.checks.blocks.LeftCurlyCheck"/>
<error line="39" column="18" severity="error" message="Name &apos;INPUT_FILE&apos; must match pattern &apos;^[a-z][a-zA-Z0-9]*$&apos;." source="com.puppycrawl.tools.checkstyle.checks.naming.MemberNameCheck"/>
<error line="39" column="18" severity="error" message="Variable &apos;INPUT_FILE&apos; must be private and have accessor methods." source="com.puppycrawl.tools.checkstyle.checks.design.VisibilityModifierCheck"/>
<error line="40" column="18" severity="error" message="Name &apos;OUTPUT_DIR&apos; must match pattern &apos;^[a-z][a-zA-Z0-9]*$&apos;." source="com.puppycrawl.tools.checkstyle.checks.naming.MemberNameCheck"/>
<error line="40" column="18" severity="error" message="Variable &apos;OUTPUT_DIR&apos; must be private and have accessor methods." source="com.puppycrawl.tools.checkstyle.checks.design.VisibilityModifierCheck"/>
<error line="41" column="20" severity="error" message="Variable &apos;input&apos; must be private and have accessor methods." source="com.puppycrawl.tools.checkstyle.checks.design.VisibilityModifierCheck"/>
<error line="43" column="20" severity="error" message="Variable &apos;map&apos; must be private and have accessor methods." source="com.puppycrawl.tools.checkstyle.checks.design.VisibilityModifierCheck"/>
<error line="44" severity="error" message="Line is longer than 100 characters (found 112)." source="com.puppycrawl.tools.checkstyle.checks.sizes.LineLengthCheck"/>
<error line="44" column="20" severity="error" message="Variable &apos;outputExpect&apos; must be private and have accessor methods." source="com.puppycrawl.tools.checkstyle.checks.design.VisibilityModifierCheck"/>
<error line="49" column="3" severity="error" message="&apos;{&apos; at column 3 should be on the previous line." source="com.puppycrawl.tools.checkstyle.checks.blocks.LeftCurlyCheck"/>
<error line="56" column="3" severity="error" message="&apos;{&apos; at column 3 should be on the previous line." source="com.puppycrawl.tools.checkstyle.checks.blocks.LeftCurlyCheck"/>
<error line="65" severity="error" message="&apos;array initialization&apos; child has incorrect indentation level 6, expected level should be 8." source="com.puppycrawl.tools.checkstyle.checks.indentation.IndentationCheck"/>
<error line="66" severity="error" message="&apos;array initialization&apos; child has incorrect indentation level 6, expected level should be 8." source="com.puppycrawl.tools.checkstyle.checks.indentation.IndentationCheck"/>
<error line="67" severity="error" message="&apos;array initialization&apos; child has incorrect indentation level 6, expected level should be 8." source="com.puppycrawl.tools.checkstyle.checks.indentation.IndentationCheck"/>
<error line="68" severity="error" message="&apos;array initialization&apos; child has incorrect indentation level 6, expected level should be 8." source="com.puppycrawl.tools.checkstyle.checks.indentation.IndentationCheck"/>
<error line="69" severity="error" message="&apos;array initialization&apos; child has incorrect indentation level 6, expected level should be 8." source="com.puppycrawl.tools.checkstyle.checks.indentation.IndentationCheck"/>
<error line="70" severity="error" message="&apos;array initialization&apos; child has incorrect indentation level 6, expected level should be 8." source="com.puppycrawl.tools.checkstyle.checks.indentation.IndentationCheck"/>
<error line="71" severity="error" message="&apos;array initialization&apos; child has incorrect indentation level 6, expected level should be 8." source="com.puppycrawl.tools.checkstyle.checks.indentation.IndentationCheck"/>
<error line="72" severity="error" message="&apos;array initialization&apos; child has incorrect indentation level 6, expected level should be 8." source="com.puppycrawl.tools.checkstyle.checks.indentation.IndentationCheck"/>
<error line="72" column="72" severity="error" message="&apos;,&apos; is not followed by whitespace." source="com.puppycrawl.tools.checkstyle.checks.whitespace.WhitespaceAfterCheck"/>
<error line="78" column="3" severity="error" message="&apos;{&apos; at column 3 should be on the previous line." source="com.puppycrawl.tools.checkstyle.checks.blocks.LeftCurlyCheck"/>
<error line="106" column="3" severity="error" message="&apos;{&apos; at column 3 should be on the previous line." source="com.puppycrawl.tools.checkstyle.checks.blocks.LeftCurlyCheck"/>
</file>
<file name="/home/jenkins/jenkins-home/workspace/hadoop-multibranch_PR-3259/ubuntu-focal/src/hadoop-tools/hadoop-streaming/src/test/java/org/apache/hadoop/streaming/TestGzipInput.java">
<error line="30" column="1" severity="error" message="&apos;{&apos; at column 1 should be on the previous line." source="com.puppycrawl.tools.checkstyle.checks.blocks.LeftCurlyCheck"/>
<error line="37" column="3" severity="error" message="&apos;{&apos; at column 3 should be on the previous line." source="com.puppycrawl.tools.checkstyle.checks.blocks.LeftCurlyCheck"/>
<error line="39" severity="error" message="&apos;new&apos; has incorrect indentation level 6, expected level should be 8." source="com.puppycrawl.tools.checkstyle.checks.indentation.IndentationCheck"/>
</file>
<file name="/home/jenkins/jenkins-home/workspace/hadoop-multibranch_PR-3259/ubuntu-focal/src/hadoop-tools/hadoop-streaming/src/test/java/org/apache/hadoop/streaming/TestLoadTypedBytes.java">
<error line="77" severity="error" message="&apos;Integer&apos; has incorrect indentation level 10, expected level should be 12." source="com.puppycrawl.tools.checkstyle.checks.indentation.IndentationCheck"/>
</file>
<file name="/home/jenkins/jenkins-home/workspace/hadoop-multibranch_PR-3259/ubuntu-focal/src/hadoop-tools/hadoop-streaming/src/test/java/org/apache/hadoop/streaming/TypedBytesReduceApp.java">
</file>
<file name="/home/jenkins/jenkins-home/workspace/hadoop-multibranch_PR-3259/ubuntu-focal/src/hadoop-tools/hadoop-streaming/src/test/java/org/apache/hadoop/streaming/TestStreamingKeyValue.java">
<error line="34" column="1" severity="error" message="&apos;{&apos; at column 1 should be on the previous line." source="com.puppycrawl.tools.checkstyle.checks.blocks.LeftCurlyCheck"/>
<error line="35" column="18" severity="error" message="Name &apos;INPUT_FILE&apos; must match pattern &apos;^[a-z][a-zA-Z0-9]*$&apos;." source="com.puppycrawl.tools.checkstyle.checks.naming.MemberNameCheck"/>
<error line="35" column="18" severity="error" message="Variable &apos;INPUT_FILE&apos; must be private and have accessor methods." source="com.puppycrawl.tools.checkstyle.checks.design.VisibilityModifierCheck"/>
<error line="36" column="18" severity="error" message="Name &apos;OUTPUT_DIR&apos; must match pattern &apos;^[a-z][a-zA-Z0-9]*$&apos;." source="com.puppycrawl.tools.checkstyle.checks.naming.MemberNameCheck"/>
<error line="36" column="18" severity="error" message="Variable &apos;OUTPUT_DIR&apos; must be private and have accessor methods." source="com.puppycrawl.tools.checkstyle.checks.design.VisibilityModifierCheck"/>
<error line="42" column="20" severity="error" message="Variable &apos;input&apos; must be private and have accessor methods." source="com.puppycrawl.tools.checkstyle.checks.design.VisibilityModifierCheck"/>
<error line="43" severity="error" message="&apos;&quot;roses are \tred\t\n\tviolets are blue\nbunnies are pink\n&quot;&apos; has incorrect indentation level 4, expected level should be 6." source="com.puppycrawl.tools.checkstyle.checks.indentation.IndentationCheck"/>
<error line="44" severity="error" message="&apos;&quot;this is for testing a big\tinput line\n&quot;&apos; has incorrect indentation level 4, expected level should be 6." source="com.puppycrawl.tools.checkstyle.checks.indentation.IndentationCheck"/>
<error line="45" severity="error" message="&apos;&quot;small input\n&quot;&apos; has incorrect indentation level 4, expected level should be 6." source="com.puppycrawl.tools.checkstyle.checks.indentation.IndentationCheck"/>
<error line="46" column="20" severity="error" message="Variable &apos;outputWithoutKey&apos; must be private and have accessor methods." source="com.puppycrawl.tools.checkstyle.checks.design.VisibilityModifierCheck"/>
<error line="47" severity="error" message="&apos;&quot;\tviolets are blue\nbunnies are pink\t\n&quot;&apos; has incorrect indentation level 4, expected level should be 6." source="com.puppycrawl.tools.checkstyle.checks.indentation.IndentationCheck"/>
<error line="48" severity="error" message="&apos;&quot;roses are \tred\t\n&quot;&apos; has incorrect indentation level 4, expected level should be 6." source="com.puppycrawl.tools.checkstyle.checks.indentation.IndentationCheck"/>
<error line="49" severity="error" message="&apos;&quot;small input\t\n&quot;&apos; has incorrect indentation level 4, expected level should be 6." source="com.puppycrawl.tools.checkstyle.checks.indentation.IndentationCheck"/>
<error line="50" severity="error" message="&apos;&quot;this is for testing a big\tinput line\n&quot;&apos; has incorrect indentation level 4, expected level should be 6." source="com.puppycrawl.tools.checkstyle.checks.indentation.IndentationCheck"/>
<error line="51" column="20" severity="error" message="Variable &apos;outputWithKey&apos; must be private and have accessor methods." source="com.puppycrawl.tools.checkstyle.checks.design.VisibilityModifierCheck"/>
<error line="52" severity="error" message="&apos;&quot;0\troses are \tred\t\n&quot;&apos; has incorrect indentation level 4, expected level should be 6." source="com.puppycrawl.tools.checkstyle.checks.indentation.IndentationCheck"/>
<error line="53" severity="error" message="&apos;&quot;16\t\tviolets are blue\n&quot;&apos; has incorrect indentation level 4, expected level should be 6." source="com.puppycrawl.tools.checkstyle.checks.indentation.IndentationCheck"/>
<error line="54" severity="error" message="&apos;&quot;34\tbunnies are pink\n&quot;&apos; has incorrect indentation level 4, expected level should be 6." source="com.puppycrawl.tools.checkstyle.checks.indentation.IndentationCheck"/>
<error line="55" severity="error" message="&apos;&quot;51\tthis is for testing a big\tinput line\n&quot;&apos; has incorrect indentation level 4, expected level should be 6." source="com.puppycrawl.tools.checkstyle.checks.indentation.IndentationCheck"/>
<error line="56" severity="error" message="&apos;&quot;88\tsmall input\n&quot;&apos; has incorrect indentation level 4, expected level should be 6." source="com.puppycrawl.tools.checkstyle.checks.indentation.IndentationCheck"/>
<error line="61" column="3" severity="error" message="&apos;{&apos; at column 3 should be on the previous line." source="com.puppycrawl.tools.checkstyle.checks.blocks.LeftCurlyCheck"/>
<error line="68" column="3" severity="error" message="&apos;{&apos; at column 3 should be on the previous line." source="com.puppycrawl.tools.checkstyle.checks.blocks.LeftCurlyCheck"/>
<error line="70" severity="error" message="&apos;new&apos; has incorrect indentation level 7, expected level should be 8." source="com.puppycrawl.tools.checkstyle.checks.indentation.IndentationCheck"/>
<error line="77" severity="error" message="&apos;array initialization&apos; child has incorrect indentation level 6, expected level should be 8." source="com.puppycrawl.tools.checkstyle.checks.indentation.IndentationCheck"/>
<error line="78" severity="error" message="&apos;array initialization&apos; child has incorrect indentation level 6, expected level should be 8." source="com.puppycrawl.tools.checkstyle.checks.indentation.IndentationCheck"/>
<error line="79" severity="error" message="&apos;array initialization&apos; child has incorrect indentation level 6, expected level should be 8." source="com.puppycrawl.tools.checkstyle.checks.indentation.IndentationCheck"/>
<error line="80" severity="error" message="&apos;array initialization&apos; child has incorrect indentation level 6, expected level should be 8." source="com.puppycrawl.tools.checkstyle.checks.indentation.IndentationCheck"/>
<error line="81" severity="error" message="&apos;array initialization&apos; child has incorrect indentation level 6, expected level should be 8." source="com.puppycrawl.tools.checkstyle.checks.indentation.IndentationCheck"/>
<error line="82" severity="error" message="&apos;array initialization&apos; child has incorrect indentation level 6, expected level should be 8." source="com.puppycrawl.tools.checkstyle.checks.indentation.IndentationCheck"/>
<error line="82" column="72" severity="error" message="&apos;,&apos; is not followed by whitespace." source="com.puppycrawl.tools.checkstyle.checks.whitespace.WhitespaceAfterCheck"/>
<error line="83" severity="error" message="&apos;array initialization&apos; child has incorrect indentation level 6, expected level should be 8." source="com.puppycrawl.tools.checkstyle.checks.indentation.IndentationCheck"/>
<error line="89" column="3" severity="error" message="&apos;{&apos; at column 3 should be on the previous line." source="com.puppycrawl.tools.checkstyle.checks.blocks.LeftCurlyCheck"/>
<error line="121" column="3" severity="error" message="&apos;{&apos; at column 3 should be on the previous line." source="com.puppycrawl.tools.checkstyle.checks.blocks.LeftCurlyCheck"/>
<error line="130" column="3" severity="error" message="&apos;{&apos; at column 3 should be on the previous line." source="com.puppycrawl.tools.checkstyle.checks.blocks.LeftCurlyCheck"/>
<error line="131" severity="error" message="&apos;method def&apos; child has incorrect indentation level 6, expected level should be 4." source="com.puppycrawl.tools.checkstyle.checks.indentation.IndentationCheck"/>
<error line="135" column="3" severity="error" message="&apos;{&apos; at column 3 should be on the previous line." source="com.puppycrawl.tools.checkstyle.checks.blocks.LeftCurlyCheck"/>
</file>
<file name="/home/jenkins/jenkins-home/workspace/hadoop-multibranch_PR-3259/ubuntu-focal/src/hadoop-tools/hadoop-streaming/src/test/java/org/apache/hadoop/streaming/TestStreamingFailure.java">
<error line="27" severity="error" message="First sentence should end with a period." source="com.puppycrawl.tools.checkstyle.checks.javadoc.JavadocStyleCheck"/>
<error line="34" column="1" severity="error" message="&apos;{&apos; at column 1 should be on the previous line." source="com.puppycrawl.tools.checkstyle.checks.blocks.LeftCurlyCheck"/>
<error line="36" column="18" severity="error" message="Name &apos;INVALID_INPUT_FILE&apos; must match pattern &apos;^[a-z][a-zA-Z0-9]*$&apos;." source="com.puppycrawl.tools.checkstyle.checks.naming.MemberNameCheck"/>
<error line="36" column="18" severity="error" message="Variable &apos;INVALID_INPUT_FILE&apos; must be private and have accessor methods." source="com.puppycrawl.tools.checkstyle.checks.design.VisibilityModifierCheck"/>
<error line="39" column="3" severity="error" message="&apos;{&apos; at column 3 should be on the previous line." source="com.puppycrawl.tools.checkstyle.checks.blocks.LeftCurlyCheck"/>
</file>
<file name="/home/jenkins/jenkins-home/workspace/hadoop-multibranch_PR-3259/ubuntu-focal/src/hadoop-tools/hadoop-streaming/src/test/java/org/apache/hadoop/streaming/FailApp.java">
<error line="29" column="1" severity="error" message="&apos;{&apos; at column 1 should be on the previous line." source="com.puppycrawl.tools.checkstyle.checks.blocks.LeftCurlyCheck"/>
</file>
<file name="/home/jenkins/jenkins-home/workspace/hadoop-multibranch_PR-3259/ubuntu-focal/src/hadoop-tools/hadoop-streaming/src/test/java/org/apache/hadoop/streaming/StderrApp.java">
<error line="27" column="1" severity="error" message="Utility classes should not have a public or default constructor." source="com.puppycrawl.tools.checkstyle.checks.design.HideUtilityClassConstructorCheck"/>
<error line="28" column="1" severity="error" message="&apos;{&apos; at column 1 should be on the previous line." source="com.puppycrawl.tools.checkstyle.checks.blocks.LeftCurlyCheck"/>
<error line="38" severity="error" message="Line is longer than 100 characters (found 110)." source="com.puppycrawl.tools.checkstyle.checks.sizes.LineLengthCheck"/>
</file>
<file name="/home/jenkins/jenkins-home/workspace/hadoop-multibranch_PR-3259/ubuntu-focal/src/hadoop-tools/hadoop-streaming/src/test/java/org/apache/hadoop/streaming/TestStreamingOutputOnlyKeys.java">
</file>
<file name="/home/jenkins/jenkins-home/workspace/hadoop-multibranch_PR-3259/ubuntu-focal/src/hadoop-tools/hadoop-streaming/src/test/java/org/apache/hadoop/streaming/TestStreamAggregate.java">
<error line="34" column="1" severity="error" message="&apos;{&apos; at column 1 should be on the previous line." source="com.puppycrawl.tools.checkstyle.checks.blocks.LeftCurlyCheck"/>
<error line="35" column="18" severity="error" message="Name &apos;INPUT_FILE&apos; must match pattern &apos;^[a-z][a-zA-Z0-9]*$&apos;." source="com.puppycrawl.tools.checkstyle.checks.naming.MemberNameCheck"/>
<error line="35" column="18" severity="error" message="Variable &apos;INPUT_FILE&apos; must be private and have accessor methods." source="com.puppycrawl.tools.checkstyle.checks.design.VisibilityModifierCheck"/>
<error line="36" column="18" severity="error" message="Name &apos;OUTPUT_DIR&apos; must match pattern &apos;^[a-z][a-zA-Z0-9]*$&apos;." source="com.puppycrawl.tools.checkstyle.checks.naming.MemberNameCheck"/>
<error line="36" column="18" severity="error" message="Variable &apos;OUTPUT_DIR&apos; must be private and have accessor methods." source="com.puppycrawl.tools.checkstyle.checks.design.VisibilityModifierCheck"/>
<error line="37" column="20" severity="error" message="Variable &apos;input&apos; must be private and have accessor methods." source="com.puppycrawl.tools.checkstyle.checks.design.VisibilityModifierCheck"/>
<error line="39" column="20" severity="error" message="Variable &apos;map&apos; must be private and have accessor methods." source="com.puppycrawl.tools.checkstyle.checks.design.VisibilityModifierCheck"/>
<error line="41" severity="error" message="Line is longer than 100 characters (found 105)." source="com.puppycrawl.tools.checkstyle.checks.sizes.LineLengthCheck"/>
<error line="41" column="20" severity="error" message="Variable &apos;outputExpect&apos; must be private and have accessor methods." source="com.puppycrawl.tools.checkstyle.checks.design.VisibilityModifierCheck"/>
<error line="46" column="3" severity="error" message="&apos;{&apos; at column 3 should be on the previous line." source="com.puppycrawl.tools.checkstyle.checks.blocks.LeftCurlyCheck"/>
<error line="53" column="3" severity="error" message="&apos;{&apos; at column 3 should be on the previous line." source="com.puppycrawl.tools.checkstyle.checks.blocks.LeftCurlyCheck"/>
<error line="62" severity="error" message="&apos;array initialization&apos; child has incorrect indentation level 6, expected level should be 8." source="com.puppycrawl.tools.checkstyle.checks.indentation.IndentationCheck"/>
<error line="63" severity="error" message="&apos;array initialization&apos; child has incorrect indentation level 6, expected level should be 8." source="com.puppycrawl.tools.checkstyle.checks.indentation.IndentationCheck"/>
<error line="64" severity="error" message="&apos;array initialization&apos; child has incorrect indentation level 6, expected level should be 8." source="com.puppycrawl.tools.checkstyle.checks.indentation.IndentationCheck"/>
<error line="65" severity="error" message="&apos;array initialization&apos; child has incorrect indentation level 6, expected level should be 8." source="com.puppycrawl.tools.checkstyle.checks.indentation.IndentationCheck"/>
<error line="66" severity="error" message="&apos;array initialization&apos; child has incorrect indentation level 6, expected level should be 8." source="com.puppycrawl.tools.checkstyle.checks.indentation.IndentationCheck"/>
<error line="67" severity="error" message="&apos;array initialization&apos; child has incorrect indentation level 6, expected level should be 8." source="com.puppycrawl.tools.checkstyle.checks.indentation.IndentationCheck"/>
<error line="67" column="72" severity="error" message="&apos;,&apos; is not followed by whitespace." source="com.puppycrawl.tools.checkstyle.checks.whitespace.WhitespaceAfterCheck"/>
<error line="99" column="3" severity="error" message="&apos;{&apos; at column 3 should be on the previous line." source="com.puppycrawl.tools.checkstyle.checks.blocks.LeftCurlyCheck"/>
</file>
<file name="/home/jenkins/jenkins-home/workspace/hadoop-multibranch_PR-3259/ubuntu-focal/src/hadoop-tools/hadoop-streaming/src/test/java/org/apache/hadoop/streaming/UniqApp.java">
<error line="22" column="8" severity="error" message="Unused import - java.util.Date." source="com.puppycrawl.tools.checkstyle.checks.imports.UnusedImportsCheck"/>
<error line="30" column="1" severity="error" message="&apos;{&apos; at column 1 should be on the previous line." source="com.puppycrawl.tools.checkstyle.checks.blocks.LeftCurlyCheck"/>
<error line="33" column="3" severity="error" message="&apos;{&apos; at column 3 should be on the previous line." source="com.puppycrawl.tools.checkstyle.checks.blocks.LeftCurlyCheck"/>
<error line="37" column="3" severity="error" message="&apos;{&apos; at column 3 should be on the previous line." source="com.puppycrawl.tools.checkstyle.checks.blocks.LeftCurlyCheck"/>
<error line="50" column="3" severity="error" message="&apos;{&apos; at column 3 should be on the previous line." source="com.puppycrawl.tools.checkstyle.checks.blocks.LeftCurlyCheck"/>
<error line="56" column="10" severity="error" message="Variable &apos;header&apos; must be private and have accessor methods." source="com.puppycrawl.tools.checkstyle.checks.design.VisibilityModifierCheck"/>
</file>
<file name="/home/jenkins/jenkins-home/workspace/hadoop-multibranch_PR-3259/ubuntu-focal/src/hadoop-tools/hadoop-streaming/src/test/java/org/apache/hadoop/streaming/TestStreamingStatus.java">
<error line="58" column="27" severity="error" message="Name &apos;TEST_ROOT_DIR&apos; must match pattern &apos;^[a-z][a-zA-Z0-9]*$&apos;." source="com.puppycrawl.tools.checkstyle.checks.naming.StaticVariableNameCheck"/>
<error line="58" column="27" severity="error" message="Variable &apos;TEST_ROOT_DIR&apos; must be private and have accessor methods." source="com.puppycrawl.tools.checkstyle.checks.design.VisibilityModifierCheck"/>
<error line="59" severity="error" message="&apos;new&apos; has incorrect indentation level 4, expected level should be 6." source="com.puppycrawl.tools.checkstyle.checks.indentation.IndentationCheck"/>
<error line="59" column="50" severity="error" message="&apos;,&apos; is not followed by whitespace." source="com.puppycrawl.tools.checkstyle.checks.whitespace.WhitespaceAfterCheck"/>
<error line="60" severity="error" message="&apos;TestStreamingStatus&apos; has incorrect indentation level 4, expected level should be 6." source="com.puppycrawl.tools.checkstyle.checks.indentation.IndentationCheck"/>
<error line="61" severity="error" message="&apos;.&apos; has incorrect indentation level 4, expected level should be 6." source="com.puppycrawl.tools.checkstyle.checks.indentation.IndentationCheck"/>
<error line="62" column="20" severity="error" message="Name &apos;INPUT_FILE&apos; must match pattern &apos;^[a-z][a-zA-Z0-9]*$&apos;." source="com.puppycrawl.tools.checkstyle.checks.naming.MemberNameCheck"/>
<error line="62" column="20" severity="error" message="Variable &apos;INPUT_FILE&apos; must be private and have accessor methods." source="com.puppycrawl.tools.checkstyle.checks.design.VisibilityModifierCheck"/>
<error line="63" column="20" severity="error" message="Name &apos;OUTPUT_DIR&apos; must match pattern &apos;^[a-z][a-zA-Z0-9]*$&apos;." source="com.puppycrawl.tools.checkstyle.checks.naming.MemberNameCheck"/>
<error line="63" column="20" severity="error" message="Variable &apos;OUTPUT_DIR&apos; must be private and have accessor methods." source="com.puppycrawl.tools.checkstyle.checks.design.VisibilityModifierCheck"/>
<error line="64" column="20" severity="error" message="Variable &apos;input&apos; must be private and have accessor methods." source="com.puppycrawl.tools.checkstyle.checks.design.VisibilityModifierCheck"/>
<error line="65" column="20" severity="error" message="Variable &apos;map&apos; must be private and have accessor methods." source="com.puppycrawl.tools.checkstyle.checks.design.VisibilityModifierCheck"/>
<error line="66" column="20" severity="error" message="Variable &apos;reduce&apos; must be private and have accessor methods." source="com.puppycrawl.tools.checkstyle.checks.design.VisibilityModifierCheck"/>
<error line="68" column="20" severity="error" message="Variable &apos;scriptFile&apos; must be private and have accessor methods." source="com.puppycrawl.tools.checkstyle.checks.design.VisibilityModifierCheck"/>
<error line="69" column="20" severity="error" message="Variable &apos;scriptFileName&apos; must be private and have accessor methods." source="com.puppycrawl.tools.checkstyle.checks.design.VisibilityModifierCheck"/>
<error line="72" column="10" severity="error" message="Variable &apos;expectedStderr&apos; must be private and have accessor methods." source="com.puppycrawl.tools.checkstyle.checks.design.VisibilityModifierCheck"/>
<error line="74" column="10" severity="error" message="Variable &apos;expectedOutput&apos; must be private and have accessor methods." source="com.puppycrawl.tools.checkstyle.checks.design.VisibilityModifierCheck"/>
<error line="74" column="31" severity="error" message="&apos;;&apos; is not followed by whitespace." source="com.puppycrawl.tools.checkstyle.checks.whitespace.WhitespaceAfterCheck"/>
<error line="75" column="10" severity="error" message="Variable &apos;expectedStatus&apos; must be private and have accessor methods." source="com.puppycrawl.tools.checkstyle.checks.design.VisibilityModifierCheck"/>
<error line="85" column="20" severity="error" message="Variable &apos;script&apos; must be private and have accessor methods." source="com.puppycrawl.tools.checkstyle.checks.design.VisibilityModifierCheck"/>
<error line="86" severity="error" message="&apos;&quot;#!/usr/bin/perl\n&quot;&apos; has incorrect indentation level 4, expected level should be 6." source="com.puppycrawl.tools.checkstyle.checks.indentation.IndentationCheck"/>
<error line="87" severity="error" message="&apos;&quot;print STDERR \&quot;reporter:status:&quot;&apos; has incorrect indentation level 4, expected level should be 6." source="com.puppycrawl.tools.checkstyle.checks.indentation.IndentationCheck"/>
<error line="88" severity="error" message="&apos;&quot;print STDERR \&quot;reporter:counter:myOwnCounterGroup,myOwnCounter,1\\n\&quot;;\n&quot;&apos; has incorrect indentation level 4, expected level should be 6." source="com.puppycrawl.tools.checkstyle.checks.indentation.IndentationCheck"/>
<error line="89" severity="error" message="&apos;&quot;print STDERR \&quot;my error msg before consuming input\\n\&quot;;\n&quot;&apos; has incorrect indentation level 4, expected level should be 6." source="com.puppycrawl.tools.checkstyle.checks.indentation.IndentationCheck"/>
<error line="90" severity="error" message="&apos;&quot;for($count = 1500; $count &gt;= 1; $count--) {print STDOUT \&quot;$count \&quot;;}&quot;&apos; has incorrect indentation level 4, expected level should be 6." source="com.puppycrawl.tools.checkstyle.checks.indentation.IndentationCheck"/>
<error line="91" severity="error" message="&apos;&quot;while(&lt;STDIN&gt;) {chomp;}\n&quot;&apos; has incorrect indentation level 4, expected level should be 6." source="com.puppycrawl.tools.checkstyle.checks.indentation.IndentationCheck"/>
<error line="92" severity="error" message="&apos;&quot;print STDERR \&quot;my error msg after consuming input\\n\&quot;;\n&quot;&apos; has incorrect indentation level 4, expected level should be 6." source="com.puppycrawl.tools.checkstyle.checks.indentation.IndentationCheck"/>
<error line="93" severity="error" message="&apos;&quot;print STDERR \&quot;reporter:counter:myOwnCounterGroup,myOwnCounter,1\\n\&quot;;\n&quot;&apos; has incorrect indentation level 4, expected level should be 6." source="com.puppycrawl.tools.checkstyle.checks.indentation.IndentationCheck"/>
<error line="96" column="14" severity="error" message="Variable &apos;fs&apos; must be private and have accessor methods." source="com.puppycrawl.tools.checkstyle.checks.design.VisibilityModifierCheck"/>
<error line="97" column="11" severity="error" message="Variable &apos;conf&apos; must be private and have accessor methods." source="com.puppycrawl.tools.checkstyle.checks.design.VisibilityModifierCheck"/>
<error line="146" column="14" severity="error" message="&apos;script&apos; hides a field." source="com.puppycrawl.tools.checkstyle.checks.coding.HiddenFieldCheck"/>
<error line="157" column="3" severity="error" message="&apos;{&apos; at column 3 should be on the previous line." source="com.puppycrawl.tools.checkstyle.checks.blocks.LeftCurlyCheck"/>
<error line="177" column="36" severity="error" message="&apos;fs&apos; hides a field." source="com.puppycrawl.tools.checkstyle.checks.coding.HiddenFieldCheck"/>
<error line="177" column="47" severity="error" message="&apos;input&apos; hides a field." source="com.puppycrawl.tools.checkstyle.checks.coding.HiddenFieldCheck"/>
<error line="185" column="42" severity="error" message="&apos;fs&apos; hides a field." source="com.puppycrawl.tools.checkstyle.checks.coding.HiddenFieldCheck"/>
<error line="193" column="32" severity="error" message="&apos;fs&apos; hides a field." source="com.puppycrawl.tools.checkstyle.checks.coding.HiddenFieldCheck"/>
<error line="221" column="25" severity="error" message="&apos;;&apos; is not followed by whitespace." source="com.puppycrawl.tools.checkstyle.checks.whitespace.WhitespaceAfterCheck"/>
<error line="222" column="24" severity="error" message="&apos;;&apos; is not followed by whitespace." source="com.puppycrawl.tools.checkstyle.checks.whitespace.WhitespaceAfterCheck"/>
<error line="234" severity="error" message="&apos;method def&apos; child has incorrect indentation level 6, expected level should be 4." source="com.puppycrawl.tools.checkstyle.checks.indentation.IndentationCheck"/>
<error line="237" severity="error" message="&apos;method def&apos; child has incorrect indentation level 6, expected level should be 4." source="com.puppycrawl.tools.checkstyle.checks.indentation.IndentationCheck"/>
<error line="238" severity="error" message="&apos;method def&apos; child has incorrect indentation level 6, expected level should be 4." source="com.puppycrawl.tools.checkstyle.checks.indentation.IndentationCheck"/>
<error line="239" severity="error" message="&apos;method def&apos; child has incorrect indentation level 6, expected level should be 4." source="com.puppycrawl.tools.checkstyle.checks.indentation.IndentationCheck"/>
<error line="240" severity="error" message="&apos;method def&apos; child has incorrect indentation level 6, expected level should be 4." source="com.puppycrawl.tools.checkstyle.checks.indentation.IndentationCheck"/>
<error line="243" severity="error" message="&apos;method def&apos; child has incorrect indentation level 6, expected level should be 4." source="com.puppycrawl.tools.checkstyle.checks.indentation.IndentationCheck"/>
<error line="244" severity="error" message="&apos;method def&apos; child has incorrect indentation level 6, expected level should be 4." source="com.puppycrawl.tools.checkstyle.checks.indentation.IndentationCheck"/>
<error line="245" severity="error" message="&apos;method def&apos; child has incorrect indentation level 6, expected level should be 4." source="com.puppycrawl.tools.checkstyle.checks.indentation.IndentationCheck"/>
<error line="246" severity="error" message="&apos;method def&apos; child has incorrect indentation level 6, expected level should be 4." source="com.puppycrawl.tools.checkstyle.checks.indentation.IndentationCheck"/>
<error line="304" column="40" severity="error" message="&apos;conf&apos; hides a field." source="com.puppycrawl.tools.checkstyle.checks.coding.HiddenFieldCheck"/>
</file>
<file name="/home/jenkins/jenkins-home/workspace/hadoop-multibranch_PR-3259/ubuntu-focal/src/hadoop-tools/hadoop-streaming/src/test/java/org/apache/hadoop/streaming/TestStreamingOutputKeyValueTypes.java">
<error line="81" severity="error" message="&apos;extends&apos; has incorrect indentation level 2, expected level should be 6." source="com.puppycrawl.tools.checkstyle.checks.indentation.IndentationCheck"/>
<error line="184" column="24" severity="error" message="&apos;;&apos; is not followed by whitespace." source="com.puppycrawl.tools.checkstyle.checks.whitespace.WhitespaceAfterCheck"/>
<error line="188" column="67" severity="error" message="&apos;,&apos; is not followed by whitespace." source="com.puppycrawl.tools.checkstyle.checks.whitespace.WhitespaceAfterCheck"/>
<error line="189" column="29" severity="error" message="&apos;;&apos; is not followed by whitespace." source="com.puppycrawl.tools.checkstyle.checks.whitespace.WhitespaceAfterCheck"/>
</file>
<file name="/home/jenkins/jenkins-home/workspace/hadoop-multibranch_PR-3259/ubuntu-focal/src/hadoop-tools/hadoop-streaming/src/test/java/org/apache/hadoop/streaming/TestClassWithNoPackage.java">
<error line="23" column="8" severity="error" message="Unused import - java.net.MalformedURLException." source="com.puppycrawl.tools.checkstyle.checks.imports.UnusedImportsCheck"/>
<error line="35" column="1" severity="error" message="&apos;{&apos; at column 1 should be on the previous line." source="com.puppycrawl.tools.checkstyle.checks.blocks.LeftCurlyCheck"/>
<error line="38" column="12" severity="error" message="Name &apos;NAME&apos; must match pattern &apos;^[a-z][a-zA-Z0-9]*$&apos;." source="com.puppycrawl.tools.checkstyle.checks.naming.LocalVariableNameCheck"/>
<error line="40" column="12" severity="error" message="Name &apos;JAR&apos; must match pattern &apos;^[a-z][a-zA-Z0-9]*$&apos;." source="com.puppycrawl.tools.checkstyle.checks.naming.LocalVariableNameCheck"/>
<error line="52" column="3" severity="error" message="&apos;{&apos; at column 3 should be on the previous line." source="com.puppycrawl.tools.checkstyle.checks.blocks.LeftCurlyCheck"/>
</file>
<file name="/home/jenkins/jenkins-home/workspace/hadoop-multibranch_PR-3259/ubuntu-focal/src/hadoop-tools/hadoop-streaming/src/test/java/org/apache/hadoop/streaming/TestStreamingExitStatus.java">
<error line="27" column="8" severity="error" message="Unused import - org.apache.hadoop.conf.Configuration." source="com.puppycrawl.tools.checkstyle.checks.imports.UnusedImportsCheck"/>
<error line="28" column="8" severity="error" message="Unused import - org.apache.hadoop.fs.FileSystem." source="com.puppycrawl.tools.checkstyle.checks.imports.UnusedImportsCheck"/>
<error line="29" column="8" severity="error" message="Unused import - org.apache.hadoop.fs.Path." source="com.puppycrawl.tools.checkstyle.checks.imports.UnusedImportsCheck"/>
<error line="37" column="1" severity="error" message="&apos;{&apos; at column 1 should be on the previous line." source="com.puppycrawl.tools.checkstyle.checks.blocks.LeftCurlyCheck"/>
<error line="38" column="18" severity="error" message="Name &apos;TEST_DIR&apos; must match pattern &apos;^[a-z][a-zA-Z0-9]*$&apos;." source="com.puppycrawl.tools.checkstyle.checks.naming.MemberNameCheck"/>
<error line="38" column="18" severity="error" message="Variable &apos;TEST_DIR&apos; must be private and have accessor methods." source="com.puppycrawl.tools.checkstyle.checks.design.VisibilityModifierCheck"/>
<error line="39" severity="error" message="&apos;new&apos; has incorrect indentation level 4, expected level should be 6." source="com.puppycrawl.tools.checkstyle.checks.indentation.IndentationCheck"/>
<error line="40" column="18" severity="error" message="Name &apos;INPUT_FILE&apos; must match pattern &apos;^[a-z][a-zA-Z0-9]*$&apos;." source="com.puppycrawl.tools.checkstyle.checks.naming.MemberNameCheck"/>
<error line="40" column="18" severity="error" message="Variable &apos;INPUT_FILE&apos; must be private and have accessor methods." source="com.puppycrawl.tools.checkstyle.checks.design.VisibilityModifierCheck"/>
<error line="41" column="18" severity="error" message="Name &apos;OUTPUT_DIR&apos; must match pattern &apos;^[a-z][a-zA-Z0-9]*$&apos;." source="com.puppycrawl.tools.checkstyle.checks.naming.MemberNameCheck"/>
<error line="41" column="18" severity="error" message="Variable &apos;OUTPUT_DIR&apos; must be private and have accessor methods." source="com.puppycrawl.tools.checkstyle.checks.design.VisibilityModifierCheck"/>
<error line="43" column="20" severity="error" message="Variable &apos;failingTask&apos; must be private and have accessor methods." source="com.puppycrawl.tools.checkstyle.checks.design.VisibilityModifierCheck"/>
<error line="44" column="20" severity="error" message="Variable &apos;echoTask&apos; must be private and have accessor methods." source="com.puppycrawl.tools.checkstyle.checks.design.VisibilityModifierCheck"/>
<error line="54" severity="error" message="&apos;array initialization&apos; child has incorrect indentation level 6, expected level should be 8." source="com.puppycrawl.tools.checkstyle.checks.indentation.IndentationCheck"/>
<error line="55" severity="error" message="&apos;array initialization&apos; child has incorrect indentation level 6, expected level should be 8." source="com.puppycrawl.tools.checkstyle.checks.indentation.IndentationCheck"/>
<error line="56" severity="error" message="&apos;array initialization&apos; child has incorrect indentation level 6, expected level should be 8." source="com.puppycrawl.tools.checkstyle.checks.indentation.IndentationCheck"/>
<error line="57" severity="error" message="&apos;array initialization&apos; child has incorrect indentation level 6, expected level should be 8." source="com.puppycrawl.tools.checkstyle.checks.indentation.IndentationCheck"/>
<error line="58" severity="error" message="&apos;array initialization&apos; child has incorrect indentation level 6, expected level should be 8." source="com.puppycrawl.tools.checkstyle.checks.indentation.IndentationCheck"/>
<error line="59" severity="error" message="&apos;array initialization&apos; child has incorrect indentation level 6, expected level should be 8." source="com.puppycrawl.tools.checkstyle.checks.indentation.IndentationCheck"/>
<error line="60" severity="error" message="&apos;array initialization&apos; child has incorrect indentation level 6, expected level should be 8." source="com.puppycrawl.tools.checkstyle.checks.indentation.IndentationCheck"/>
<error line="60" column="72" severity="error" message="&apos;,&apos; is not followed by whitespace." source="com.puppycrawl.tools.checkstyle.checks.whitespace.WhitespaceAfterCheck"/>
<error line="61" severity="error" message="&apos;array initialization&apos; child has incorrect indentation level 6, expected level should be 8." source="com.puppycrawl.tools.checkstyle.checks.indentation.IndentationCheck"/>
</file>
<file name="/home/jenkins/jenkins-home/workspace/hadoop-multibranch_PR-3259/ubuntu-focal/src/hadoop-tools/hadoop-streaming/src/test/java/org/apache/hadoop/streaming/UtilTest.java">
<error line="49" severity="error" message="&apos;if&apos; construct must use &apos;{}&apos;s." source="com.puppycrawl.tools.checkstyle.checks.blocks.NeedBracesCheck"/>
<error line="53" column="1" severity="error" message="File contains tab characters (this is the first instance)." source="com.puppycrawl.tools.checkstyle.checks.whitespace.FileTabCharacterCheck"/>
<error line="61" column="3" severity="error" message="Redundant &apos;public&apos; modifier." source="com.puppycrawl.tools.checkstyle.checks.modifier.RedundantModifierCheck"/>
<error line="72" severity="error" message="Line is longer than 100 characters (found 107)." source="com.puppycrawl.tools.checkstyle.checks.sizes.LineLengthCheck"/>
<error line="77" column="3" severity="error" message="&apos;{&apos; at column 3 should be on the previous line." source="com.puppycrawl.tools.checkstyle.checks.blocks.LeftCurlyCheck"/>
<error line="127" severity="error" message="&apos;new&apos; has incorrect indentation level 6, expected level should be 8." source="com.puppycrawl.tools.checkstyle.checks.indentation.IndentationCheck"/>
<error line="127" column="20" severity="error" message="&apos;{&apos; is followed by whitespace." source="com.puppycrawl.tools.checkstyle.checks.whitespace.NoWhitespaceAfterCheck"/>
<error line="132" column="7" severity="error" message="&apos;}&apos; at column 7 should be on the same line as the next part of a multi-block statement (one that directly contains multiple blocks: if/else-if/else, do/while or try/catch/finally)." source="com.puppycrawl.tools.checkstyle.checks.blocks.RightCurlyCheck"/>
<error line="142" column="18" severity="error" message="Name &apos;userDir_&apos; must match pattern &apos;^[a-z][a-zA-Z0-9]*$&apos;." source="com.puppycrawl.tools.checkstyle.checks.naming.MemberNameCheck"/>
<error line="143" column="18" severity="error" message="Name &apos;antTestDir_&apos; must match pattern &apos;^[a-z][a-zA-Z0-9]*$&apos;." source="com.puppycrawl.tools.checkstyle.checks.naming.MemberNameCheck"/>
<error line="144" column="18" severity="error" message="Name &apos;testName_&apos; must match pattern &apos;^[a-z][a-zA-Z0-9]*$&apos;." source="com.puppycrawl.tools.checkstyle.checks.naming.MemberNameCheck"/>
</file>
<file name="/home/jenkins/jenkins-home/workspace/hadoop-multibranch_PR-3259/ubuntu-focal/src/hadoop-tools/hadoop-streaming/src/test/java/org/apache/hadoop/typedbytes/TestTypedBytesWritable.java">
</file>
<file name="/home/jenkins/jenkins-home/workspace/hadoop-multibranch_PR-3259/ubuntu-focal/src/hadoop-tools/hadoop-streaming/src/test/java/ClassWithNoPackage.java">
</file>
</checkstyle>
