<?xml version="1.0" encoding="UTF-8"?>
<checkstyle version="8.29">
<file name="/home/jenkins/jenkins-home/workspace/hadoop-multibranch_PR-3259/ubuntu-focal/src/hadoop-yarn-project/hadoop-yarn/hadoop-yarn-server/hadoop-yarn-server-timelineservice/src/main/java/org/apache/hadoop/yarn/server/timelineservice/collector/PerNodeTimelineCollectorsAuxService.java">
<error line="263" column="5" severity="error" message="Redundant &apos;public&apos; modifier." source="com.puppycrawl.tools.checkstyle.checks.modifier.RedundantModifierCheck"/>
</file>
<file name="/home/jenkins/jenkins-home/workspace/hadoop-multibranch_PR-3259/ubuntu-focal/src/hadoop-yarn-project/hadoop-yarn/hadoop-yarn-server/hadoop-yarn-server-timelineservice/src/main/java/org/apache/hadoop/yarn/server/timelineservice/collector/TimelineCollectorManager.java">
<error line="260" column="5" severity="error" message="Redundant &apos;public&apos; modifier." source="com.puppycrawl.tools.checkstyle.checks.modifier.RedundantModifierCheck"/>
</file>
<file name="/home/jenkins/jenkins-home/workspace/hadoop-multibranch_PR-3259/ubuntu-focal/src/hadoop-yarn-project/hadoop-yarn/hadoop-yarn-server/hadoop-yarn-server-timelineservice/src/main/java/org/apache/hadoop/yarn/server/timelineservice/collector/AppLevelTimelineCollector.java">
</file>
<file name="/home/jenkins/jenkins-home/workspace/hadoop-multibranch_PR-3259/ubuntu-focal/src/hadoop-yarn-project/hadoop-yarn/hadoop-yarn-server/hadoop-yarn-server-timelineservice/src/main/java/org/apache/hadoop/yarn/server/timelineservice/collector/TimelineCollectorContext.java">
</file>
<file name="/home/jenkins/jenkins-home/workspace/hadoop-multibranch_PR-3259/ubuntu-focal/src/hadoop-yarn-project/hadoop-yarn/hadoop-yarn-server/hadoop-yarn-server-timelineservice/src/main/java/org/apache/hadoop/yarn/server/timelineservice/collector/TimelineCollector.java">
</file>
<file name="/home/jenkins/jenkins-home/workspace/hadoop-multibranch_PR-3259/ubuntu-focal/src/hadoop-yarn-project/hadoop-yarn/hadoop-yarn-server/hadoop-yarn-server-timelineservice/src/main/java/org/apache/hadoop/yarn/server/timelineservice/collector/package-info.java">
</file>
<file name="/home/jenkins/jenkins-home/workspace/hadoop-multibranch_PR-3259/ubuntu-focal/src/hadoop-yarn-project/hadoop-yarn/hadoop-yarn-server/hadoop-yarn-server-timelineservice/src/main/java/org/apache/hadoop/yarn/server/timelineservice/collector/NodeTimelineCollectorManager.java">
</file>
<file name="/home/jenkins/jenkins-home/workspace/hadoop-multibranch_PR-3259/ubuntu-focal/src/hadoop-yarn-project/hadoop-yarn/hadoop-yarn-server/hadoop-yarn-server-timelineservice/src/main/java/org/apache/hadoop/yarn/server/timelineservice/collector/AppLevelTimelineCollectorWithAgg.java">
</file>
<file name="/home/jenkins/jenkins-home/workspace/hadoop-multibranch_PR-3259/ubuntu-focal/src/hadoop-yarn-project/hadoop-yarn/hadoop-yarn-server/hadoop-yarn-server-timelineservice/src/main/java/org/apache/hadoop/yarn/server/timelineservice/collector/TimelineCollectorWebService.java">
</file>
<file name="/home/jenkins/jenkins-home/workspace/hadoop-multibranch_PR-3259/ubuntu-focal/src/hadoop-yarn-project/hadoop-yarn/hadoop-yarn-server/hadoop-yarn-server-timelineservice/src/main/java/org/apache/hadoop/yarn/server/timelineservice/TimelineContext.java">
</file>
<file name="/home/jenkins/jenkins-home/workspace/hadoop-multibranch_PR-3259/ubuntu-focal/src/hadoop-yarn-project/hadoop-yarn/hadoop-yarn-server/hadoop-yarn-server-timelineservice/src/main/java/org/apache/hadoop/yarn/server/timelineservice/package-info.java">
</file>
<file name="/home/jenkins/jenkins-home/workspace/hadoop-multibranch_PR-3259/ubuntu-focal/src/hadoop-yarn-project/hadoop-yarn/hadoop-yarn-server/hadoop-yarn-server-timelineservice/src/main/java/org/apache/hadoop/yarn/server/timelineservice/storage/TimelineReader.java">
<error line="42" column="3" severity="error" message="Redundant &apos;public&apos; modifier." source="com.puppycrawl.tools.checkstyle.checks.modifier.RedundantModifierCheck"/>
</file>
<file name="/home/jenkins/jenkins-home/workspace/hadoop-multibranch_PR-3259/ubuntu-focal/src/hadoop-yarn-project/hadoop-yarn/hadoop-yarn-server/hadoop-yarn-server-timelineservice/src/main/java/org/apache/hadoop/yarn/server/timelineservice/storage/TimelineStorageMonitor.java">
</file>
<file name="/home/jenkins/jenkins-home/workspace/hadoop-multibranch_PR-3259/ubuntu-focal/src/hadoop-yarn-project/hadoop-yarn/hadoop-yarn-server/hadoop-yarn-server-timelineservice/src/main/java/org/apache/hadoop/yarn/server/timelineservice/storage/OfflineAggregationWriter.java">
</file>
<file name="/home/jenkins/jenkins-home/workspace/hadoop-multibranch_PR-3259/ubuntu-focal/src/hadoop-yarn-project/hadoop-yarn/hadoop-yarn-server/hadoop-yarn-server-timelineservice/src/main/java/org/apache/hadoop/yarn/server/timelineservice/storage/TimelineAggregationTrack.java">
</file>
<file name="/home/jenkins/jenkins-home/workspace/hadoop-multibranch_PR-3259/ubuntu-focal/src/hadoop-yarn-project/hadoop-yarn/hadoop-yarn-server/hadoop-yarn-server-timelineservice/src/main/java/org/apache/hadoop/yarn/server/timelineservice/storage/NoOpTimelineReaderImpl.java">
</file>
<file name="/home/jenkins/jenkins-home/workspace/hadoop-multibranch_PR-3259/ubuntu-focal/src/hadoop-yarn-project/hadoop-yarn/hadoop-yarn-server/hadoop-yarn-server-timelineservice/src/main/java/org/apache/hadoop/yarn/server/timelineservice/storage/package-info.java">
</file>
<file name="/home/jenkins/jenkins-home/workspace/hadoop-multibranch_PR-3259/ubuntu-focal/src/hadoop-yarn-project/hadoop-yarn/hadoop-yarn-server/hadoop-yarn-server-timelineservice/src/main/java/org/apache/hadoop/yarn/server/timelineservice/storage/TimelineWriter.java">
</file>
<file name="/home/jenkins/jenkins-home/workspace/hadoop-multibranch_PR-3259/ubuntu-focal/src/hadoop-yarn-project/hadoop-yarn/hadoop-yarn-server/hadoop-yarn-server-timelineservice/src/main/java/org/apache/hadoop/yarn/server/timelineservice/storage/TimelineSchemaCreator.java">
</file>
<file name="/home/jenkins/jenkins-home/workspace/hadoop-multibranch_PR-3259/ubuntu-focal/src/hadoop-yarn-project/hadoop-yarn/hadoop-yarn-server/hadoop-yarn-server-timelineservice/src/main/java/org/apache/hadoop/yarn/server/timelineservice/storage/common/TimelineStorageUtils.java">
<error line="1" severity="error" message="Missing package-info.java file." source="com.puppycrawl.tools.checkstyle.checks.javadoc.JavadocPackageCheck"/>
</file>
<file name="/home/jenkins/jenkins-home/workspace/hadoop-multibranch_PR-3259/ubuntu-focal/src/hadoop-yarn-project/hadoop-yarn/hadoop-yarn-server/hadoop-yarn-server-timelineservice/src/main/java/org/apache/hadoop/yarn/server/timelineservice/storage/common/TimelineEntityFiltersType.java">
</file>
<file name="/home/jenkins/jenkins-home/workspace/hadoop-multibranch_PR-3259/ubuntu-focal/src/hadoop-yarn-project/hadoop-yarn/hadoop-yarn-server/hadoop-yarn-server-timelineservice/src/main/java/org/apache/hadoop/yarn/server/timelineservice/storage/common/OfflineAggregationInfo.java">
</file>
<file name="/home/jenkins/jenkins-home/workspace/hadoop-multibranch_PR-3259/ubuntu-focal/src/hadoop-yarn-project/hadoop-yarn/hadoop-yarn-server/hadoop-yarn-server-timelineservice/src/main/java/org/apache/hadoop/yarn/server/timelineservice/storage/NoOpTimelineWriterImpl.java">
</file>
<file name="/home/jenkins/jenkins-home/workspace/hadoop-multibranch_PR-3259/ubuntu-focal/src/hadoop-yarn-project/hadoop-yarn/hadoop-yarn-server/hadoop-yarn-server-timelineservice/src/main/java/org/apache/hadoop/yarn/server/timelineservice/storage/SchemaCreator.java">
</file>
<file name="/home/jenkins/jenkins-home/workspace/hadoop-multibranch_PR-3259/ubuntu-focal/src/hadoop-yarn-project/hadoop-yarn/hadoop-yarn-server/hadoop-yarn-server-timelineservice/src/main/java/org/apache/hadoop/yarn/server/timelineservice/storage/FileSystemTimelineReaderImpl.java">
</file>
<file name="/home/jenkins/jenkins-home/workspace/hadoop-multibranch_PR-3259/ubuntu-focal/src/hadoop-yarn-project/hadoop-yarn/hadoop-yarn-server/hadoop-yarn-server-timelineservice/src/main/java/org/apache/hadoop/yarn/server/timelineservice/storage/FileSystemTimelineWriterImpl.java">
<error line="121" column="29" severity="error" message="More than 7 parameters (found 8)." source="com.puppycrawl.tools.checkstyle.checks.sizes.ParameterNumberCheck"/>
</file>
<file name="/home/jenkins/jenkins-home/workspace/hadoop-multibranch_PR-3259/ubuntu-focal/src/hadoop-yarn-project/hadoop-yarn/hadoop-yarn-server/hadoop-yarn-server-timelineservice/src/main/java/org/apache/hadoop/yarn/server/timelineservice/metrics/TimelineReaderMetrics.java">
</file>
<file name="/home/jenkins/jenkins-home/workspace/hadoop-multibranch_PR-3259/ubuntu-focal/src/hadoop-yarn-project/hadoop-yarn/hadoop-yarn-server/hadoop-yarn-server-timelineservice/src/main/java/org/apache/hadoop/yarn/server/timelineservice/metrics/package-info.java">
</file>
<file name="/home/jenkins/jenkins-home/workspace/hadoop-multibranch_PR-3259/ubuntu-focal/src/hadoop-yarn-project/hadoop-yarn/hadoop-yarn-server/hadoop-yarn-server-timelineservice/src/main/java/org/apache/hadoop/yarn/server/timelineservice/metrics/PerNodeAggTimelineCollectorMetrics.java">
</file>
<file name="/home/jenkins/jenkins-home/workspace/hadoop-multibranch_PR-3259/ubuntu-focal/src/hadoop-yarn-project/hadoop-yarn/hadoop-yarn-server/hadoop-yarn-server-timelineservice/src/main/java/org/apache/hadoop/yarn/server/timelineservice/reader/TimelineDataToRetrieve.java">
</file>
<file name="/home/jenkins/jenkins-home/workspace/hadoop-multibranch_PR-3259/ubuntu-focal/src/hadoop-yarn-project/hadoop-yarn/hadoop-yarn-server/hadoop-yarn-server-timelineservice/src/main/java/org/apache/hadoop/yarn/server/timelineservice/reader/TimelineReaderContext.java">
<error line="43" column="10" severity="error" message="More than 7 parameters (found 8)." source="com.puppycrawl.tools.checkstyle.checks.sizes.ParameterNumberCheck"/>
<error line="50" column="10" severity="error" message="More than 7 parameters (found 9)." source="com.puppycrawl.tools.checkstyle.checks.sizes.ParameterNumberCheck"/>
</file>
<file name="/home/jenkins/jenkins-home/workspace/hadoop-multibranch_PR-3259/ubuntu-focal/src/hadoop-yarn-project/hadoop-yarn/hadoop-yarn-server/hadoop-yarn-server-timelineservice/src/main/java/org/apache/hadoop/yarn/server/timelineservice/reader/TimelineParserForRelationFilters.java">
<error line="38" column="3" severity="error" message="Redundant &apos;public&apos; modifier." source="com.puppycrawl.tools.checkstyle.checks.modifier.RedundantModifierCheck"/>
</file>
<file name="/home/jenkins/jenkins-home/workspace/hadoop-multibranch_PR-3259/ubuntu-focal/src/hadoop-yarn-project/hadoop-yarn/hadoop-yarn-server/hadoop-yarn-server-timelineservice/src/main/java/org/apache/hadoop/yarn/server/timelineservice/reader/TimelineEntityFilters.java">
<error line="130" column="11" severity="error" message="More than 7 parameters (found 10)." source="com.puppycrawl.tools.checkstyle.checks.sizes.ParameterNumberCheck"/>
</file>
<file name="/home/jenkins/jenkins-home/workspace/hadoop-multibranch_PR-3259/ubuntu-focal/src/hadoop-yarn-project/hadoop-yarn/hadoop-yarn-server/hadoop-yarn-server-timelineservice/src/main/java/org/apache/hadoop/yarn/server/timelineservice/reader/TimelineParseConstants.java">
</file>
<file name="/home/jenkins/jenkins-home/workspace/hadoop-multibranch_PR-3259/ubuntu-focal/src/hadoop-yarn-project/hadoop-yarn/hadoop-yarn-server/hadoop-yarn-server-timelineservice/src/main/java/org/apache/hadoop/yarn/server/timelineservice/reader/TimelineParserForExistFilters.java">
<error line="36" column="3" severity="error" message="Redundant &apos;public&apos; modifier." source="com.puppycrawl.tools.checkstyle.checks.modifier.RedundantModifierCheck"/>
</file>
<file name="/home/jenkins/jenkins-home/workspace/hadoop-multibranch_PR-3259/ubuntu-focal/src/hadoop-yarn-project/hadoop-yarn/hadoop-yarn-server/hadoop-yarn-server-timelineservice/src/main/java/org/apache/hadoop/yarn/server/timelineservice/reader/TimelineParserForCompareExpr.java">
<error line="79" column="3" severity="error" message="Redundant &apos;public&apos; modifier." source="com.puppycrawl.tools.checkstyle.checks.modifier.RedundantModifierCheck"/>
</file>
<file name="/home/jenkins/jenkins-home/workspace/hadoop-multibranch_PR-3259/ubuntu-focal/src/hadoop-yarn-project/hadoop-yarn/hadoop-yarn-server/hadoop-yarn-server-timelineservice/src/main/java/org/apache/hadoop/yarn/server/timelineservice/reader/TimelineFromIdConverter.java">
<error line="23" severity="error" message="First sentence should end with a period." source="com.puppycrawl.tools.checkstyle.checks.javadoc.JavadocStyleCheck"/>
</file>
<file name="/home/jenkins/jenkins-home/workspace/hadoop-multibranch_PR-3259/ubuntu-focal/src/hadoop-yarn-project/hadoop-yarn/hadoop-yarn-server/hadoop-yarn-server-timelineservice/src/main/java/org/apache/hadoop/yarn/server/timelineservice/reader/TimelineParserForNumericFilters.java">
<error line="38" column="3" severity="error" message="Redundant &apos;public&apos; modifier." source="com.puppycrawl.tools.checkstyle.checks.modifier.RedundantModifierCheck"/>
</file>
<file name="/home/jenkins/jenkins-home/workspace/hadoop-multibranch_PR-3259/ubuntu-focal/src/hadoop-yarn-project/hadoop-yarn/hadoop-yarn-server/hadoop-yarn-server-timelineservice/src/main/java/org/apache/hadoop/yarn/server/timelineservice/reader/TimelineUIDConverter.java">
</file>
<file name="/home/jenkins/jenkins-home/workspace/hadoop-multibranch_PR-3259/ubuntu-focal/src/hadoop-yarn-project/hadoop-yarn/hadoop-yarn-server/hadoop-yarn-server-timelineservice/src/main/java/org/apache/hadoop/yarn/server/timelineservice/reader/TimelineParserForDataToRetrieve.java">
</file>
<file name="/home/jenkins/jenkins-home/workspace/hadoop-multibranch_PR-3259/ubuntu-focal/src/hadoop-yarn-project/hadoop-yarn/hadoop-yarn-server/hadoop-yarn-server-timelineservice/src/main/java/org/apache/hadoop/yarn/server/timelineservice/reader/TimelineReaderWebServicesUtils.java">
<error line="52" column="32" severity="error" message="More than 7 parameters (found 8)." source="com.puppycrawl.tools.checkstyle.checks.sizes.ParameterNumberCheck"/>
<error line="60" column="32" severity="error" message="More than 7 parameters (found 9)." source="com.puppycrawl.tools.checkstyle.checks.sizes.ParameterNumberCheck"/>
<error line="85" column="32" severity="error" message="More than 7 parameters (found 10)." source="com.puppycrawl.tools.checkstyle.checks.sizes.ParameterNumberCheck"/>
<error line="112" column="32" severity="error" message="More than 7 parameters (found 10)." source="com.puppycrawl.tools.checkstyle.checks.sizes.ParameterNumberCheck"/>
</file>
<file name="/home/jenkins/jenkins-home/workspace/hadoop-multibranch_PR-3259/ubuntu-focal/src/hadoop-yarn-project/hadoop-yarn/hadoop-yarn-server/hadoop-yarn-server-timelineservice/src/main/java/org/apache/hadoop/yarn/server/timelineservice/reader/package-info.java">
</file>
<file name="/home/jenkins/jenkins-home/workspace/hadoop-multibranch_PR-3259/ubuntu-focal/src/hadoop-yarn-project/hadoop-yarn/hadoop-yarn-server/hadoop-yarn-server-timelineservice/src/main/java/org/apache/hadoop/yarn/server/timelineservice/reader/TimelineReaderWebServices.java">
<error line="246" severity="error" message="&apos;else&apos; child has incorrect indentation level 7, expected level should be 6." source="com.puppycrawl.tools.checkstyle.checks.indentation.IndentationCheck"/>
<error line="248" severity="error" message="&apos;else&apos; child has incorrect indentation level 7, expected level should be 6." source="com.puppycrawl.tools.checkstyle.checks.indentation.IndentationCheck"/>
<error line="333" column="30" severity="error" message="More than 7 parameters (found 20)." source="com.puppycrawl.tools.checkstyle.checks.sizes.ParameterNumberCheck"/>
<error line="491" column="30" severity="error" message="More than 7 parameters (found 23)." source="com.puppycrawl.tools.checkstyle.checks.sizes.ParameterNumberCheck"/>
<error line="614" column="30" severity="error" message="More than 7 parameters (found 24)." source="com.puppycrawl.tools.checkstyle.checks.sizes.ParameterNumberCheck"/>
<error line="728" column="25" severity="error" message="More than 7 parameters (found 9)." source="com.puppycrawl.tools.checkstyle.checks.sizes.ParameterNumberCheck"/>
<error line="838" column="25" severity="error" message="More than 7 parameters (found 15)." source="com.puppycrawl.tools.checkstyle.checks.sizes.ParameterNumberCheck"/>
<error line="918" column="25" severity="error" message="More than 7 parameters (found 16)." source="com.puppycrawl.tools.checkstyle.checks.sizes.ParameterNumberCheck"/>
<error line="1210" column="30" severity="error" message="More than 7 parameters (found 9)." source="com.puppycrawl.tools.checkstyle.checks.sizes.ParameterNumberCheck"/>
<error line="1307" column="30" severity="error" message="More than 7 parameters (found 10)." source="com.puppycrawl.tools.checkstyle.checks.sizes.ParameterNumberCheck"/>
<error line="1367" column="30" severity="error" message="More than 7 parameters (found 11)." source="com.puppycrawl.tools.checkstyle.checks.sizes.ParameterNumberCheck"/>
<error line="1610" column="25" severity="error" message="More than 7 parameters (found 9)." source="com.puppycrawl.tools.checkstyle.checks.sizes.ParameterNumberCheck"/>
<error line="1714" column="25" severity="error" message="More than 7 parameters (found 12)." source="com.puppycrawl.tools.checkstyle.checks.sizes.ParameterNumberCheck"/>
<error line="1785" column="25" severity="error" message="More than 7 parameters (found 13)." source="com.puppycrawl.tools.checkstyle.checks.sizes.ParameterNumberCheck"/>
<error line="1917" column="30" severity="error" message="More than 7 parameters (found 19)." source="com.puppycrawl.tools.checkstyle.checks.sizes.ParameterNumberCheck"/>
<error line="2064" column="30" severity="error" message="More than 7 parameters (found 21)." source="com.puppycrawl.tools.checkstyle.checks.sizes.ParameterNumberCheck"/>
<error line="2177" column="30" severity="error" message="More than 7 parameters (found 22)." source="com.puppycrawl.tools.checkstyle.checks.sizes.ParameterNumberCheck"/>
<error line="2287" column="30" severity="error" message="More than 7 parameters (found 20)." source="com.puppycrawl.tools.checkstyle.checks.sizes.ParameterNumberCheck"/>
<error line="2396" column="30" severity="error" message="More than 7 parameters (found 21)." source="com.puppycrawl.tools.checkstyle.checks.sizes.ParameterNumberCheck"/>
<error line="2520" column="30" severity="error" message="More than 7 parameters (found 22)." source="com.puppycrawl.tools.checkstyle.checks.sizes.ParameterNumberCheck"/>
<error line="2644" column="30" severity="error" message="More than 7 parameters (found 23)." source="com.puppycrawl.tools.checkstyle.checks.sizes.ParameterNumberCheck"/>
<error line="2738" column="25" severity="error" message="More than 7 parameters (found 14)." source="com.puppycrawl.tools.checkstyle.checks.sizes.ParameterNumberCheck"/>
<error line="2819" column="25" severity="error" message="More than 7 parameters (found 15)." source="com.puppycrawl.tools.checkstyle.checks.sizes.ParameterNumberCheck"/>
<error line="2936" column="30" severity="error" message="More than 7 parameters (found 23)." source="com.puppycrawl.tools.checkstyle.checks.sizes.ParameterNumberCheck"/>
<error line="3062" column="30" severity="error" message="More than 7 parameters (found 24)." source="com.puppycrawl.tools.checkstyle.checks.sizes.ParameterNumberCheck"/>
<error line="3169" column="25" severity="error" message="More than 7 parameters (found 14)." source="com.puppycrawl.tools.checkstyle.checks.sizes.ParameterNumberCheck"/>
<error line="3250" column="25" severity="error" message="More than 7 parameters (found 15)." source="com.puppycrawl.tools.checkstyle.checks.sizes.ParameterNumberCheck"/>
<error line="3381" column="30" severity="error" message="More than 7 parameters (found 20)." source="com.puppycrawl.tools.checkstyle.checks.sizes.ParameterNumberCheck"/>
<error line="3412" column="30" severity="error" message="More than 7 parameters (found 21)." source="com.puppycrawl.tools.checkstyle.checks.sizes.ParameterNumberCheck"/>
<error line="3458" column="44" severity="error" message="&apos;,&apos; is not followed by whitespace." source="com.puppycrawl.tools.checkstyle.checks.whitespace.WhitespaceAfterCheck"/>
<error line="3479" column="30" severity="error" message="More than 7 parameters (found 12)." source="com.puppycrawl.tools.checkstyle.checks.sizes.ParameterNumberCheck"/>
<error line="3498" column="30" severity="error" message="More than 7 parameters (found 13)." source="com.puppycrawl.tools.checkstyle.checks.sizes.ParameterNumberCheck"/>
<error line="3531" column="44" severity="error" message="&apos;,&apos; is not followed by whitespace." source="com.puppycrawl.tools.checkstyle.checks.whitespace.WhitespaceAfterCheck"/>
</file>
<file name="/home/jenkins/jenkins-home/workspace/hadoop-multibranch_PR-3259/ubuntu-focal/src/hadoop-yarn-project/hadoop-yarn/hadoop-yarn-server/hadoop-yarn-server-timelineservice/src/main/java/org/apache/hadoop/yarn/server/timelineservice/reader/TimelineParserForKVFilters.java">
<error line="38" column="3" severity="error" message="Redundant &apos;public&apos; modifier." source="com.puppycrawl.tools.checkstyle.checks.modifier.RedundantModifierCheck"/>
</file>
<file name="/home/jenkins/jenkins-home/workspace/hadoop-multibranch_PR-3259/ubuntu-focal/src/hadoop-yarn-project/hadoop-yarn/hadoop-yarn-server/hadoop-yarn-server-timelineservice/src/main/java/org/apache/hadoop/yarn/server/timelineservice/reader/TimelineParserForEqualityExpr.java">
<error line="77" column="3" severity="error" message="Redundant &apos;public&apos; modifier." source="com.puppycrawl.tools.checkstyle.checks.modifier.RedundantModifierCheck"/>
</file>
<file name="/home/jenkins/jenkins-home/workspace/hadoop-multibranch_PR-3259/ubuntu-focal/src/hadoop-yarn-project/hadoop-yarn/hadoop-yarn-server/hadoop-yarn-server-timelineservice/src/main/java/org/apache/hadoop/yarn/server/timelineservice/reader/TimelineReaderServer.java">
</file>
<file name="/home/jenkins/jenkins-home/workspace/hadoop-multibranch_PR-3259/ubuntu-focal/src/hadoop-yarn-project/hadoop-yarn/hadoop-yarn-server/hadoop-yarn-server-timelineservice/src/main/java/org/apache/hadoop/yarn/server/timelineservice/reader/TimelineReaderUtils.java">
</file>
<file name="/home/jenkins/jenkins-home/workspace/hadoop-multibranch_PR-3259/ubuntu-focal/src/hadoop-yarn-project/hadoop-yarn/hadoop-yarn-server/hadoop-yarn-server-timelineservice/src/main/java/org/apache/hadoop/yarn/server/timelineservice/reader/filter/TimelineCompareFilter.java">
</file>
<file name="/home/jenkins/jenkins-home/workspace/hadoop-multibranch_PR-3259/ubuntu-focal/src/hadoop-yarn-project/hadoop-yarn/hadoop-yarn-server/hadoop-yarn-server-timelineservice/src/main/java/org/apache/hadoop/yarn/server/timelineservice/reader/filter/TimelineFilter.java">
</file>
<file name="/home/jenkins/jenkins-home/workspace/hadoop-multibranch_PR-3259/ubuntu-focal/src/hadoop-yarn-project/hadoop-yarn/hadoop-yarn-server/hadoop-yarn-server-timelineservice/src/main/java/org/apache/hadoop/yarn/server/timelineservice/reader/filter/TimelineKeyValueFilter.java">
</file>
<file name="/home/jenkins/jenkins-home/workspace/hadoop-multibranch_PR-3259/ubuntu-focal/src/hadoop-yarn-project/hadoop-yarn/hadoop-yarn-server/hadoop-yarn-server-timelineservice/src/main/java/org/apache/hadoop/yarn/server/timelineservice/reader/filter/package-info.java">
</file>
<file name="/home/jenkins/jenkins-home/workspace/hadoop-multibranch_PR-3259/ubuntu-focal/src/hadoop-yarn-project/hadoop-yarn/hadoop-yarn-server/hadoop-yarn-server-timelineservice/src/main/java/org/apache/hadoop/yarn/server/timelineservice/reader/filter/TimelineExistsFilter.java">
</file>
<file name="/home/jenkins/jenkins-home/workspace/hadoop-multibranch_PR-3259/ubuntu-focal/src/hadoop-yarn-project/hadoop-yarn/hadoop-yarn-server/hadoop-yarn-server-timelineservice/src/main/java/org/apache/hadoop/yarn/server/timelineservice/reader/filter/TimelineKeyValuesFilter.java">
</file>
<file name="/home/jenkins/jenkins-home/workspace/hadoop-multibranch_PR-3259/ubuntu-focal/src/hadoop-yarn-project/hadoop-yarn/hadoop-yarn-server/hadoop-yarn-server-timelineservice/src/main/java/org/apache/hadoop/yarn/server/timelineservice/reader/filter/TimelineFilterList.java">
</file>
<file name="/home/jenkins/jenkins-home/workspace/hadoop-multibranch_PR-3259/ubuntu-focal/src/hadoop-yarn-project/hadoop-yarn/hadoop-yarn-server/hadoop-yarn-server-timelineservice/src/main/java/org/apache/hadoop/yarn/server/timelineservice/reader/filter/TimelinePrefixFilter.java">
</file>
<file name="/home/jenkins/jenkins-home/workspace/hadoop-multibranch_PR-3259/ubuntu-focal/src/hadoop-yarn-project/hadoop-yarn/hadoop-yarn-server/hadoop-yarn-server-timelineservice/src/main/java/org/apache/hadoop/yarn/server/timelineservice/reader/filter/TimelineCompareOp.java">
</file>
<file name="/home/jenkins/jenkins-home/workspace/hadoop-multibranch_PR-3259/ubuntu-focal/src/hadoop-yarn-project/hadoop-yarn/hadoop-yarn-server/hadoop-yarn-server-timelineservice/src/main/java/org/apache/hadoop/yarn/server/timelineservice/reader/security/TimelineReaderWhitelistAuthorizationFilter.java">
</file>
<file name="/home/jenkins/jenkins-home/workspace/hadoop-multibranch_PR-3259/ubuntu-focal/src/hadoop-yarn-project/hadoop-yarn/hadoop-yarn-server/hadoop-yarn-server-timelineservice/src/main/java/org/apache/hadoop/yarn/server/timelineservice/reader/security/TimelineReaderWhitelistAuthorizationFilterInitializer.java">
</file>
<file name="/home/jenkins/jenkins-home/workspace/hadoop-multibranch_PR-3259/ubuntu-focal/src/hadoop-yarn-project/hadoop-yarn/hadoop-yarn-server/hadoop-yarn-server-timelineservice/src/main/java/org/apache/hadoop/yarn/server/timelineservice/reader/security/package-info.java">
</file>
<file name="/home/jenkins/jenkins-home/workspace/hadoop-multibranch_PR-3259/ubuntu-focal/src/hadoop-yarn-project/hadoop-yarn/hadoop-yarn-server/hadoop-yarn-server-timelineservice/src/main/java/org/apache/hadoop/yarn/server/timelineservice/reader/security/TimelineReaderAuthenticationFilterInitializer.java">
</file>
<file name="/home/jenkins/jenkins-home/workspace/hadoop-multibranch_PR-3259/ubuntu-focal/src/hadoop-yarn-project/hadoop-yarn/hadoop-yarn-server/hadoop-yarn-server-timelineservice/src/main/java/org/apache/hadoop/yarn/server/timelineservice/reader/TimelineReaderManager.java">
</file>
<file name="/home/jenkins/jenkins-home/workspace/hadoop-multibranch_PR-3259/ubuntu-focal/src/hadoop-yarn-project/hadoop-yarn/hadoop-yarn-server/hadoop-yarn-server-timelineservice/src/main/java/org/apache/hadoop/yarn/server/timelineservice/reader/TimelineParser.java">
</file>
<file name="/home/jenkins/jenkins-home/workspace/hadoop-multibranch_PR-3259/ubuntu-focal/src/hadoop-yarn-project/hadoop-yarn/hadoop-yarn-server/hadoop-yarn-server-timelineservice/src/main/java/org/apache/hadoop/yarn/server/timelineservice/reader/TimelineParseException.java">
<error line="29" column="3" severity="error" message="Redundant &apos;public&apos; modifier." source="com.puppycrawl.tools.checkstyle.checks.modifier.RedundantModifierCheck"/>
<error line="33" column="3" severity="error" message="Redundant &apos;public&apos; modifier." source="com.puppycrawl.tools.checkstyle.checks.modifier.RedundantModifierCheck"/>
</file>
<file name="/home/jenkins/jenkins-home/workspace/hadoop-multibranch_PR-3259/ubuntu-focal/src/hadoop-yarn-project/hadoop-yarn/hadoop-yarn-server/hadoop-yarn-server-timelineservice/src/main/java/org/apache/hadoop/yarn/server/timelineservice/security/TimelineV2DelegationTokenSecretManagerService.java">
</file>
<file name="/home/jenkins/jenkins-home/workspace/hadoop-multibranch_PR-3259/ubuntu-focal/src/hadoop-yarn-project/hadoop-yarn/hadoop-yarn-server/hadoop-yarn-server-timelineservice/src/main/java/org/apache/hadoop/yarn/server/timelineservice/security/CollectorNodemanagerSecurityInfo.java">
</file>
<file name="/home/jenkins/jenkins-home/workspace/hadoop-multibranch_PR-3259/ubuntu-focal/src/hadoop-yarn-project/hadoop-yarn/hadoop-yarn-server/hadoop-yarn-server-timelineservice/src/main/java/org/apache/hadoop/yarn/server/timelineservice/security/package-info.java">
</file>
<file name="/home/jenkins/jenkins-home/workspace/hadoop-multibranch_PR-3259/ubuntu-focal/src/hadoop-yarn-project/hadoop-yarn/hadoop-yarn-server/hadoop-yarn-server-timelineservice/src/test/java/org/apache/hadoop/yarn/server/timelineservice/collector/TestPerNodeTimelineCollectorsAuxService.java">
</file>
<file name="/home/jenkins/jenkins-home/workspace/hadoop-multibranch_PR-3259/ubuntu-focal/src/hadoop-yarn-project/hadoop-yarn/hadoop-yarn-server/hadoop-yarn-server-timelineservice/src/test/java/org/apache/hadoop/yarn/server/timelineservice/collector/TestPerNodeAggTimelineCollectorMetrics.java">
</file>
<file name="/home/jenkins/jenkins-home/workspace/hadoop-multibranch_PR-3259/ubuntu-focal/src/hadoop-yarn-project/hadoop-yarn/hadoop-yarn-server/hadoop-yarn-server-timelineservice/src/test/java/org/apache/hadoop/yarn/server/timelineservice/collector/TestAppLevelTimelineCollector.java">
</file>
<file name="/home/jenkins/jenkins-home/workspace/hadoop-multibranch_PR-3259/ubuntu-focal/src/hadoop-yarn-project/hadoop-yarn/hadoop-yarn-server/hadoop-yarn-server-timelineservice/src/test/java/org/apache/hadoop/yarn/server/timelineservice/collector/TestNMTimelineCollectorManager.java">
</file>
<file name="/home/jenkins/jenkins-home/workspace/hadoop-multibranch_PR-3259/ubuntu-focal/src/hadoop-yarn-project/hadoop-yarn/hadoop-yarn-server/hadoop-yarn-server-timelineservice/src/test/java/org/apache/hadoop/yarn/server/timelineservice/collector/TestTimelineCollector.java">
</file>
<file name="/home/jenkins/jenkins-home/workspace/hadoop-multibranch_PR-3259/ubuntu-focal/src/hadoop-yarn-project/hadoop-yarn/hadoop-yarn-server/hadoop-yarn-server-timelineservice/src/test/java/org/apache/hadoop/yarn/server/timelineservice/collector/TestTimelineCollectorManager.java">
</file>
<file name="/home/jenkins/jenkins-home/workspace/hadoop-multibranch_PR-3259/ubuntu-focal/src/hadoop-yarn-project/hadoop-yarn/hadoop-yarn-server/hadoop-yarn-server-timelineservice/src/test/java/org/apache/hadoop/yarn/server/timelineservice/storage/TestTimelineSchemaCreator.java">
</file>
<file name="/home/jenkins/jenkins-home/workspace/hadoop-multibranch_PR-3259/ubuntu-focal/src/hadoop-yarn-project/hadoop-yarn/hadoop-yarn-server/hadoop-yarn-server-timelineservice/src/test/java/org/apache/hadoop/yarn/server/timelineservice/storage/DummyTimelineSchemaCreator.java">
</file>
<file name="/home/jenkins/jenkins-home/workspace/hadoop-multibranch_PR-3259/ubuntu-focal/src/hadoop-yarn-project/hadoop-yarn/hadoop-yarn-server/hadoop-yarn-server-timelineservice/src/test/java/org/apache/hadoop/yarn/server/timelineservice/storage/TestFileSystemTimelineReaderImpl.java">
<error line="123" column="3" severity="error" message="Method length is 183 lines (max allowed is 150)." source="com.puppycrawl.tools.checkstyle.checks.sizes.MethodLengthCheck"/>
<error line="483" column="3" severity="error" message="Method length is 323 lines (max allowed is 150)." source="com.puppycrawl.tools.checkstyle.checks.sizes.MethodLengthCheck"/>
</file>
<file name="/home/jenkins/jenkins-home/workspace/hadoop-multibranch_PR-3259/ubuntu-focal/src/hadoop-yarn-project/hadoop-yarn/hadoop-yarn-server/hadoop-yarn-server-timelineservice/src/test/java/org/apache/hadoop/yarn/server/timelineservice/storage/TestFileSystemTimelineWriterImpl.java">
</file>
<file name="/home/jenkins/jenkins-home/workspace/hadoop-multibranch_PR-3259/ubuntu-focal/src/hadoop-yarn-project/hadoop-yarn/hadoop-yarn-server/hadoop-yarn-server-timelineservice/src/test/java/org/apache/hadoop/yarn/server/timelineservice/reader/TestTimelineReaderMetrics.java">
</file>
<file name="/home/jenkins/jenkins-home/workspace/hadoop-multibranch_PR-3259/ubuntu-focal/src/hadoop-yarn-project/hadoop-yarn/hadoop-yarn-server/hadoop-yarn-server-timelineservice/src/test/java/org/apache/hadoop/yarn/server/timelineservice/reader/TestTimelineReaderWebServicesBasicAcl.java">
<error line="72" column="19" severity="error" message="&apos;config&apos; hides a field." source="com.puppycrawl.tools.checkstyle.checks.coding.HiddenFieldCheck"/>
</file>
<file name="/home/jenkins/jenkins-home/workspace/hadoop-multibranch_PR-3259/ubuntu-focal/src/hadoop-yarn-project/hadoop-yarn/hadoop-yarn-server/hadoop-yarn-server-timelineservice/src/test/java/org/apache/hadoop/yarn/server/timelineservice/reader/TestTimelineReaderUtils.java">
</file>
<file name="/home/jenkins/jenkins-home/workspace/hadoop-multibranch_PR-3259/ubuntu-focal/src/hadoop-yarn-project/hadoop-yarn/hadoop-yarn-server/hadoop-yarn-server-timelineservice/src/test/java/org/apache/hadoop/yarn/server/timelineservice/reader/TestTimelineReaderWhitelistAuthorizationFilter.java">
</file>
<file name="/home/jenkins/jenkins-home/workspace/hadoop-multibranch_PR-3259/ubuntu-focal/src/hadoop-yarn-project/hadoop-yarn/hadoop-yarn-server/hadoop-yarn-server-timelineservice/src/test/java/org/apache/hadoop/yarn/server/timelineservice/reader/TestTimelineUIDConverter.java">
</file>
<file name="/home/jenkins/jenkins-home/workspace/hadoop-multibranch_PR-3259/ubuntu-focal/src/hadoop-yarn-project/hadoop-yarn/hadoop-yarn-server/hadoop-yarn-server-timelineservice/src/test/java/org/apache/hadoop/yarn/server/timelineservice/reader/TestTimelineReaderServer.java">
</file>
<file name="/home/jenkins/jenkins-home/workspace/hadoop-multibranch_PR-3259/ubuntu-focal/src/hadoop-yarn-project/hadoop-yarn/hadoop-yarn-server/hadoop-yarn-server-timelineservice/src/test/java/org/apache/hadoop/yarn/server/timelineservice/reader/TestTimelineReaderWebServicesACL.java">
</file>
<file name="/home/jenkins/jenkins-home/workspace/hadoop-multibranch_PR-3259/ubuntu-focal/src/hadoop-yarn-project/hadoop-yarn/hadoop-yarn-server/hadoop-yarn-server-timelineservice/src/test/java/org/apache/hadoop/yarn/server/timelineservice/reader/TestTimelineReaderWebServicesUtils.java">
<error line="47" column="3" severity="error" message="Method length is 309 lines (max allowed is 150)." source="com.puppycrawl.tools.checkstyle.checks.sizes.MethodLengthCheck"/>
<error line="549" column="3" severity="error" message="Method length is 164 lines (max allowed is 150)." source="com.puppycrawl.tools.checkstyle.checks.sizes.MethodLengthCheck"/>
</file>
<file name="/home/jenkins/jenkins-home/workspace/hadoop-multibranch_PR-3259/ubuntu-focal/src/hadoop-yarn-project/hadoop-yarn/hadoop-yarn-server/hadoop-yarn-server-timelineservice/src/test/java/org/apache/hadoop/yarn/server/timelineservice/reader/TestTimelineReaderWebServices.java">
<error line="787" severity="error" message="&apos;+&apos; has incorrect indentation level 6, expected level should be 10." source="com.puppycrawl.tools.checkstyle.checks.indentation.IndentationCheck"/>
</file>
</checkstyle>
