<?xml version="1.0" encoding="UTF-8"?>
<checkstyle version="8.29">
<file name="/home/jenkins/jenkins-home/workspace/hadoop-multibranch_PR-3259/ubuntu-focal/src/hadoop-yarn-project/hadoop-yarn/hadoop-yarn-server/hadoop-yarn-server-applicationhistoryservice/src/main/java/org/apache/hadoop/yarn/server/timeline/TimelineReader.java">
<error line="58" column="3" severity="error" message="Redundant &apos;final&apos; modifier." source="com.puppycrawl.tools.checkstyle.checks.modifier.RedundantModifierCheck"/>
<error line="107" column="20" severity="error" message="More than 7 parameters (found 10)." source="com.puppycrawl.tools.checkstyle.checks.sizes.ParameterNumberCheck"/>
</file>
<file name="/home/jenkins/jenkins-home/workspace/hadoop-multibranch_PR-3259/ubuntu-focal/src/hadoop-yarn-project/hadoop-yarn/hadoop-yarn-server/hadoop-yarn-server-applicationhistoryservice/src/main/java/org/apache/hadoop/yarn/server/timeline/TimelineStore.java">
</file>
<file name="/home/jenkins/jenkins-home/workspace/hadoop-multibranch_PR-3259/ubuntu-focal/src/hadoop-yarn-project/hadoop-yarn/hadoop-yarn-server/hadoop-yarn-server-applicationhistoryservice/src/main/java/org/apache/hadoop/yarn/server/timeline/MemoryTimelineStore.java">
<error line="45" column="15" severity="error" message="Variable &apos;internalMap&apos; must be private and have accessor methods." source="com.puppycrawl.tools.checkstyle.checks.design.VisibilityModifierCheck"/>
<error line="64" severity="error" message="&apos;valueSetIterator&apos; has incorrect indentation level 4, expected level should be 8." source="com.puppycrawl.tools.checkstyle.checks.indentation.IndentationCheck"/>
</file>
<file name="/home/jenkins/jenkins-home/workspace/hadoop-multibranch_PR-3259/ubuntu-focal/src/hadoop-yarn-project/hadoop-yarn/hadoop-yarn-server/hadoop-yarn-server-applicationhistoryservice/src/main/java/org/apache/hadoop/yarn/server/timeline/NameValuePair.java">
<error line="30" column="10" severity="error" message="Variable &apos;name&apos; must be private and have accessor methods." source="com.puppycrawl.tools.checkstyle.checks.design.VisibilityModifierCheck"/>
<error line="31" column="10" severity="error" message="Variable &apos;value&apos; must be private and have accessor methods." source="com.puppycrawl.tools.checkstyle.checks.design.VisibilityModifierCheck"/>
</file>
<file name="/home/jenkins/jenkins-home/workspace/hadoop-multibranch_PR-3259/ubuntu-focal/src/hadoop-yarn-project/hadoop-yarn/hadoop-yarn-server/hadoop-yarn-server-applicationhistoryservice/src/main/java/org/apache/hadoop/yarn/server/timeline/webapp/TimelineWebServices.java">
<error line="1" severity="error" message="Missing package-info.java file." source="com.puppycrawl.tools.checkstyle.checks.javadoc.JavadocPackageCheck"/>
<error line="107" column="27" severity="error" message="More than 7 parameters (found 11)." source="com.puppycrawl.tools.checkstyle.checks.sizes.ParameterNumberCheck"/>
<error line="191" column="25" severity="error" message="More than 7 parameters (found 8)." source="com.puppycrawl.tools.checkstyle.checks.sizes.ParameterNumberCheck"/>
</file>
<file name="/home/jenkins/jenkins-home/workspace/hadoop-multibranch_PR-3259/ubuntu-focal/src/hadoop-yarn-project/hadoop-yarn/hadoop-yarn-server/hadoop-yarn-server-applicationhistoryservice/src/main/java/org/apache/hadoop/yarn/server/timeline/webapp/CrossOriginFilterInitializer.java">
</file>
<file name="/home/jenkins/jenkins-home/workspace/hadoop-multibranch_PR-3259/ubuntu-focal/src/hadoop-yarn-project/hadoop-yarn/hadoop-yarn-server/hadoop-yarn-server-applicationhistoryservice/src/main/java/org/apache/hadoop/yarn/server/timeline/TimelineStoreMapAdapter.java">
<error line="24" severity="error" message="First sentence should end with a period." source="com.puppycrawl.tools.checkstyle.checks.javadoc.JavadocStyleCheck"/>
<error line="36" severity="error" message="First sentence should end with a period." source="com.puppycrawl.tools.checkstyle.checks.javadoc.JavadocStyleCheck"/>
<error line="43" severity="error" message="First sentence should end with a period." source="com.puppycrawl.tools.checkstyle.checks.javadoc.JavadocStyleCheck"/>
</file>
<file name="/home/jenkins/jenkins-home/workspace/hadoop-multibranch_PR-3259/ubuntu-focal/src/hadoop-yarn-project/hadoop-yarn/hadoop-yarn-server/hadoop-yarn-server-applicationhistoryservice/src/main/java/org/apache/hadoop/yarn/server/timeline/recovery/MemoryTimelineStateStore.java">
<error line="1" severity="error" message="Missing package-info.java file." source="com.puppycrawl.tools.checkstyle.checks.javadoc.JavadocPackageCheck"/>
<error line="26" severity="error" message="First sentence should end with a period." source="com.puppycrawl.tools.checkstyle.checks.javadoc.JavadocStyleCheck"/>
</file>
<file name="/home/jenkins/jenkins-home/workspace/hadoop-multibranch_PR-3259/ubuntu-focal/src/hadoop-yarn-project/hadoop-yarn/hadoop-yarn-server/hadoop-yarn-server-applicationhistoryservice/src/main/java/org/apache/hadoop/yarn/server/timeline/recovery/LeveldbTimelineStateStore.java">
</file>
<file name="/home/jenkins/jenkins-home/workspace/hadoop-multibranch_PR-3259/ubuntu-focal/src/hadoop-yarn-project/hadoop-yarn/hadoop-yarn-server/hadoop-yarn-server-applicationhistoryservice/src/main/java/org/apache/hadoop/yarn/server/timeline/recovery/TimelineStateStore.java">
<error line="44" column="9" severity="error" message="Variable &apos;latestSequenceNumber&apos; must be private and have accessor methods." source="com.puppycrawl.tools.checkstyle.checks.design.VisibilityModifierCheck"/>
<error line="45" column="50" severity="error" message="Variable &apos;tokenState&apos; must be private and have accessor methods." source="com.puppycrawl.tools.checkstyle.checks.design.VisibilityModifierCheck"/>
<error line="47" column="24" severity="error" message="Variable &apos;tokenMasterKeyState&apos; must be private and have accessor methods." source="com.puppycrawl.tools.checkstyle.checks.design.VisibilityModifierCheck"/>
<error line="70" severity="error" message="First sentence should end with a period." source="com.puppycrawl.tools.checkstyle.checks.javadoc.JavadocStyleCheck"/>
<error line="81" severity="error" message="First sentence should end with a period." source="com.puppycrawl.tools.checkstyle.checks.javadoc.JavadocStyleCheck"/>
</file>
<file name="/home/jenkins/jenkins-home/workspace/hadoop-multibranch_PR-3259/ubuntu-focal/src/hadoop-yarn-project/hadoop-yarn/hadoop-yarn-server/hadoop-yarn-server-applicationhistoryservice/src/main/java/org/apache/hadoop/yarn/server/timeline/recovery/records/TimelineDelegationTokenIdentifierData.java">
<error line="1" severity="error" message="Missing package-info.java file." source="com.puppycrawl.tools.checkstyle.checks.javadoc.JavadocPackageCheck"/>
<error line="30" column="54" severity="error" message="Variable &apos;builder&apos; must be private and have accessor methods." source="com.puppycrawl.tools.checkstyle.checks.design.VisibilityModifierCheck"/>
</file>
<file name="/home/jenkins/jenkins-home/workspace/hadoop-multibranch_PR-3259/ubuntu-focal/src/hadoop-yarn-project/hadoop-yarn/hadoop-yarn-server/hadoop-yarn-server-applicationhistoryservice/src/main/java/org/apache/hadoop/yarn/server/timeline/LeveldbTimelineStore.java">
<error line="277" column="16" severity="error" message="Variable &apos;startTime&apos; must be private and have accessor methods." source="com.puppycrawl.tools.checkstyle.checks.design.VisibilityModifierCheck"/>
<error line="278" column="16" severity="error" message="Variable &apos;insertTime&apos; must be private and have accessor methods." source="com.puppycrawl.tools.checkstyle.checks.design.VisibilityModifierCheck"/>
<error line="280" column="5" severity="error" message="Redundant &apos;public&apos; modifier." source="com.puppycrawl.tools.checkstyle.checks.modifier.RedundantModifierCheck"/>
<error line="290" column="5" severity="error" message="Redundant &apos;public&apos; modifier." source="com.puppycrawl.tools.checkstyle.checks.modifier.RedundantModifierCheck"/>
<error line="380" column="44" severity="error" message="File contains tab characters (this is the first instance)." source="com.puppycrawl.tools.checkstyle.checks.whitespace.FileTabCharacterCheck"/>
<error line="602" column="28" severity="error" message="More than 7 parameters (found 10)." source="com.puppycrawl.tools.checkstyle.checks.sizes.ParameterNumberCheck"/>
<error line="748" severity="error" message="Line is longer than 100 characters (found 109)." source="com.puppycrawl.tools.checkstyle.checks.sizes.LineLengthCheck"/>
<error line="760" column="3" severity="error" message="Method length is 194 lines (max allowed is 150)." source="com.puppycrawl.tools.checkstyle.checks.sizes.MethodLengthCheck"/>
<error line="1767" severity="error" message="&apos;method def&apos; child has incorrect indentation level 11, expected level should be one of the following: 10, 12, 14." source="com.puppycrawl.tools.checkstyle.checks.indentation.IndentationCheck"/>
<error line="1769" severity="error" message="&apos;if&apos; has incorrect indentation level 11, expected level should be one of the following: 10, 12, 14." source="com.puppycrawl.tools.checkstyle.checks.indentation.IndentationCheck"/>
<error line="1770" severity="error" message="&apos;if&apos; child has incorrect indentation level 13, expected level should be one of the following: 12, 14, 16." source="com.puppycrawl.tools.checkstyle.checks.indentation.IndentationCheck"/>
<error line="1772" severity="error" message="&apos;if rcurly&apos; has incorrect indentation level 11, expected level should be one of the following: 10, 12, 14." source="com.puppycrawl.tools.checkstyle.checks.indentation.IndentationCheck"/>
<error line="1773" severity="error" message="&apos;else&apos; child has incorrect indentation level 13, expected level should be one of the following: 12, 14, 16." source="com.puppycrawl.tools.checkstyle.checks.indentation.IndentationCheck"/>
<error line="1774" severity="error" message="&apos;else rcurly&apos; has incorrect indentation level 11, expected level should be one of the following: 10, 12, 14." source="com.puppycrawl.tools.checkstyle.checks.indentation.IndentationCheck"/>
</file>
<file name="/home/jenkins/jenkins-home/workspace/hadoop-multibranch_PR-3259/ubuntu-focal/src/hadoop-yarn-project/hadoop-yarn/hadoop-yarn-server/hadoop-yarn-server-applicationhistoryservice/src/main/java/org/apache/hadoop/yarn/server/timeline/EntityIdentifier.java">
<error line="24" severity="error" message="First sentence should end with a period." source="com.puppycrawl.tools.checkstyle.checks.javadoc.JavadocStyleCheck"/>
<error line="58" severity="error" message="&apos;if&apos; construct must use &apos;{}&apos;s." source="com.puppycrawl.tools.checkstyle.checks.blocks.NeedBracesCheck"/>
<error line="75" severity="error" message="&apos;if&apos; construct must use &apos;{}&apos;s." source="com.puppycrawl.tools.checkstyle.checks.blocks.NeedBracesCheck"/>
<error line="77" severity="error" message="&apos;if&apos; construct must use &apos;{}&apos;s." source="com.puppycrawl.tools.checkstyle.checks.blocks.NeedBracesCheck"/>
<error line="79" severity="error" message="&apos;if&apos; construct must use &apos;{}&apos;s." source="com.puppycrawl.tools.checkstyle.checks.blocks.NeedBracesCheck"/>
<error line="83" severity="error" message="&apos;if&apos; construct must use &apos;{}&apos;s." source="com.puppycrawl.tools.checkstyle.checks.blocks.NeedBracesCheck"/>
<error line="85" severity="error" message="&apos;if&apos; construct must use &apos;{}&apos;s." source="com.puppycrawl.tools.checkstyle.checks.blocks.NeedBracesCheck"/>
<error line="88" severity="error" message="&apos;if&apos; construct must use &apos;{}&apos;s." source="com.puppycrawl.tools.checkstyle.checks.blocks.NeedBracesCheck"/>
<error line="90" severity="error" message="&apos;if&apos; construct must use &apos;{}&apos;s." source="com.puppycrawl.tools.checkstyle.checks.blocks.NeedBracesCheck"/>
</file>
<file name="/home/jenkins/jenkins-home/workspace/hadoop-multibranch_PR-3259/ubuntu-focal/src/hadoop-yarn-project/hadoop-yarn/hadoop-yarn-server/hadoop-yarn-server-applicationhistoryservice/src/main/java/org/apache/hadoop/yarn/server/timeline/package-info.java">
</file>
<file name="/home/jenkins/jenkins-home/workspace/hadoop-multibranch_PR-3259/ubuntu-focal/src/hadoop-yarn-project/hadoop-yarn/hadoop-yarn-server/hadoop-yarn-server-applicationhistoryservice/src/main/java/org/apache/hadoop/yarn/server/timeline/TimelineWriter.java">
<error line="56" severity="error" message="&apos;method def modifier&apos; has incorrect indentation level 3, expected level should be 2." source="com.puppycrawl.tools.checkstyle.checks.indentation.IndentationCheck"/>
</file>
<file name="/home/jenkins/jenkins-home/workspace/hadoop-multibranch_PR-3259/ubuntu-focal/src/hadoop-yarn-project/hadoop-yarn/hadoop-yarn-server/hadoop-yarn-server-applicationhistoryservice/src/main/java/org/apache/hadoop/yarn/server/timeline/RollingLevelDBTimelineStore.java">
<error line="688" column="3" severity="error" message="Method length is 162 lines (max allowed is 150)." source="com.puppycrawl.tools.checkstyle.checks.sizes.MethodLengthCheck"/>
<error line="688" column="28" severity="error" message="More than 7 parameters (found 11)." source="com.puppycrawl.tools.checkstyle.checks.sizes.ParameterNumberCheck"/>
<error line="865" column="3" severity="error" message="Method length is 289 lines (max allowed is 150)." source="com.puppycrawl.tools.checkstyle.checks.sizes.MethodLengthCheck"/>
</file>
<file name="/home/jenkins/jenkins-home/workspace/hadoop-multibranch_PR-3259/ubuntu-focal/src/hadoop-yarn-project/hadoop-yarn/hadoop-yarn-server/hadoop-yarn-server-applicationhistoryservice/src/main/java/org/apache/hadoop/yarn/server/timeline/KeyValueBasedTimelineStore.java">
<error line="67" column="71" severity="error" message="Variable &apos;entities&apos; must be private and have accessor methods." source="com.puppycrawl.tools.checkstyle.checks.design.VisibilityModifierCheck"/>
<error line="68" column="61" severity="error" message="Variable &apos;entityInsertTimes&apos; must be private and have accessor methods." source="com.puppycrawl.tools.checkstyle.checks.design.VisibilityModifierCheck"/>
<error line="69" column="61" severity="error" message="Variable &apos;domainById&apos; must be private and have accessor methods." source="com.puppycrawl.tools.checkstyle.checks.design.VisibilityModifierCheck"/>
<error line="70" column="66" severity="error" message="Variable &apos;domainsByOwner&apos; must be private and have accessor methods." source="com.puppycrawl.tools.checkstyle.checks.design.VisibilityModifierCheck"/>
<error line="77" column="3" severity="error" message="Redundant &apos;public&apos; modifier." source="com.puppycrawl.tools.checkstyle.checks.modifier.RedundantModifierCheck"/>
<error line="81" column="3" severity="error" message="Redundant &apos;public&apos; modifier." source="com.puppycrawl.tools.checkstyle.checks.modifier.RedundantModifierCheck"/>
<error line="310" severity="error" message="&apos;method def&apos; child has incorrect indentation level 9, expected level should be one of the following: 8, 10, 12." source="com.puppycrawl.tools.checkstyle.checks.indentation.IndentationCheck"/>
<error line="312" severity="error" message="&apos;if&apos; has incorrect indentation level 9, expected level should be one of the following: 8, 10, 12." source="com.puppycrawl.tools.checkstyle.checks.indentation.IndentationCheck"/>
<error line="313" severity="error" message="&apos;if&apos; child has incorrect indentation level 11, expected level should be one of the following: 10, 12, 14." source="com.puppycrawl.tools.checkstyle.checks.indentation.IndentationCheck"/>
<error line="315" severity="error" message="&apos;if rcurly&apos; has incorrect indentation level 9, expected level should be one of the following: 8, 10, 12." source="com.puppycrawl.tools.checkstyle.checks.indentation.IndentationCheck"/>
<error line="316" severity="error" message="&apos;else&apos; child has incorrect indentation level 11, expected level should be one of the following: 10, 12, 14." source="com.puppycrawl.tools.checkstyle.checks.indentation.IndentationCheck"/>
<error line="317" severity="error" message="&apos;else rcurly&apos; has incorrect indentation level 9, expected level should be one of the following: 8, 10, 12." source="com.puppycrawl.tools.checkstyle.checks.indentation.IndentationCheck"/>
</file>
<file name="/home/jenkins/jenkins-home/workspace/hadoop-multibranch_PR-3259/ubuntu-focal/src/hadoop-yarn-project/hadoop-yarn/hadoop-yarn-server/hadoop-yarn-server-applicationhistoryservice/src/main/java/org/apache/hadoop/yarn/server/timeline/GenericObjectMapper.java">
<error line="36" column="1" severity="error" message="Utility classes should not have a public or default constructor." source="com.puppycrawl.tools.checkstyle.checks.design.HideUtilityClassConstructorCheck"/>
<error line="132" column="16" severity="error" message="Should use uppercase &apos;L&apos;." source="com.puppycrawl.tools.checkstyle.checks.UpperEllCheck"/>
</file>
<file name="/home/jenkins/jenkins-home/workspace/hadoop-multibranch_PR-3259/ubuntu-focal/src/hadoop-yarn-project/hadoop-yarn/hadoop-yarn-server/hadoop-yarn-server-applicationhistoryservice/src/main/java/org/apache/hadoop/yarn/server/timeline/TimelineDataManager.java">
<error line="99" column="32" severity="error" message="Variable &apos;ugi&apos; must be private and have accessor methods." source="com.puppycrawl.tools.checkstyle.checks.design.VisibilityModifierCheck"/>
<error line="101" column="5" severity="error" message="Redundant &apos;public&apos; modifier." source="com.puppycrawl.tools.checkstyle.checks.modifier.RedundantModifierCheck"/>
<error line="111" severity="error" message="&apos;+&apos; has incorrect indentation level 10, expected level should be 12." source="com.puppycrawl.tools.checkstyle.checks.indentation.IndentationCheck"/>
<error line="112" severity="error" message="&apos;+&apos; has incorrect indentation level 10, expected level should be 12." source="com.puppycrawl.tools.checkstyle.checks.indentation.IndentationCheck"/>
<error line="113" severity="error" message="&apos;entity&apos; has incorrect indentation level 10, expected level should be 12." source="com.puppycrawl.tools.checkstyle.checks.indentation.IndentationCheck"/>
<error line="126" column="27" severity="error" message="More than 7 parameters (found 10)." source="com.puppycrawl.tools.checkstyle.checks.sizes.ParameterNumberCheck"/>
<error line="158" column="28" severity="error" message="More than 7 parameters (found 10)." source="com.puppycrawl.tools.checkstyle.checks.sizes.ParameterNumberCheck"/>
</file>
<file name="/home/jenkins/jenkins-home/workspace/hadoop-multibranch_PR-3259/ubuntu-focal/src/hadoop-yarn-project/hadoop-yarn/hadoop-yarn-server/hadoop-yarn-server-applicationhistoryservice/src/main/java/org/apache/hadoop/yarn/server/timeline/util/LeveldbUtils.java">
<error line="1" severity="error" message="Missing package-info.java file." source="com.puppycrawl.tools.checkstyle.checks.javadoc.JavadocPackageCheck"/>
<error line="40" column="1" severity="error" message="Utility classes should not have a public or default constructor." source="com.puppycrawl.tools.checkstyle.checks.design.HideUtilityClassConstructorCheck"/>
<error line="195" severity="error" message="First sentence should end with a period." source="com.puppycrawl.tools.checkstyle.checks.javadoc.JavadocStyleCheck"/>
</file>
<file name="/home/jenkins/jenkins-home/workspace/hadoop-multibranch_PR-3259/ubuntu-focal/src/hadoop-yarn-project/hadoop-yarn/hadoop-yarn-server/hadoop-yarn-server-applicationhistoryservice/src/main/java/org/apache/hadoop/yarn/server/timeline/TimelineDataManagerMetrics.java">
<error line="31" column="22" severity="error" message="Variable &apos;getEntitiesOps&apos; must be private and have accessor methods." source="com.puppycrawl.tools.checkstyle.checks.design.VisibilityModifierCheck"/>
<error line="34" column="22" severity="error" message="Variable &apos;getEntitiesTotal&apos; must be private and have accessor methods." source="com.puppycrawl.tools.checkstyle.checks.design.VisibilityModifierCheck"/>
<error line="37" column="15" severity="error" message="Variable &apos;getEntitiesTime&apos; must be private and have accessor methods." source="com.puppycrawl.tools.checkstyle.checks.design.VisibilityModifierCheck"/>
<error line="40" column="22" severity="error" message="Variable &apos;getEntityOps&apos; must be private and have accessor methods." source="com.puppycrawl.tools.checkstyle.checks.design.VisibilityModifierCheck"/>
<error line="43" column="15" severity="error" message="Variable &apos;getEntityTime&apos; must be private and have accessor methods." source="com.puppycrawl.tools.checkstyle.checks.design.VisibilityModifierCheck"/>
<error line="46" column="22" severity="error" message="Variable &apos;getEventsOps&apos; must be private and have accessor methods." source="com.puppycrawl.tools.checkstyle.checks.design.VisibilityModifierCheck"/>
<error line="49" column="22" severity="error" message="Variable &apos;getEventsTotal&apos; must be private and have accessor methods." source="com.puppycrawl.tools.checkstyle.checks.design.VisibilityModifierCheck"/>
<error line="52" column="15" severity="error" message="Variable &apos;getEventsTime&apos; must be private and have accessor methods." source="com.puppycrawl.tools.checkstyle.checks.design.VisibilityModifierCheck"/>
<error line="55" column="22" severity="error" message="Variable &apos;postEntitiesOps&apos; must be private and have accessor methods." source="com.puppycrawl.tools.checkstyle.checks.design.VisibilityModifierCheck"/>
<error line="58" column="22" severity="error" message="Variable &apos;postEntitiesTotal&apos; must be private and have accessor methods." source="com.puppycrawl.tools.checkstyle.checks.design.VisibilityModifierCheck"/>
<error line="61" column="15" severity="error" message="Variable &apos;postEntitiesTime&apos; must be private and have accessor methods." source="com.puppycrawl.tools.checkstyle.checks.design.VisibilityModifierCheck"/>
<error line="64" column="22" severity="error" message="Variable &apos;putDomainOps&apos; must be private and have accessor methods." source="com.puppycrawl.tools.checkstyle.checks.design.VisibilityModifierCheck"/>
<error line="67" column="15" severity="error" message="Variable &apos;putDomainTime&apos; must be private and have accessor methods." source="com.puppycrawl.tools.checkstyle.checks.design.VisibilityModifierCheck"/>
<error line="70" column="22" severity="error" message="Variable &apos;getDomainOps&apos; must be private and have accessor methods." source="com.puppycrawl.tools.checkstyle.checks.design.VisibilityModifierCheck"/>
<error line="73" column="15" severity="error" message="Variable &apos;getDomainTime&apos; must be private and have accessor methods." source="com.puppycrawl.tools.checkstyle.checks.design.VisibilityModifierCheck"/>
<error line="76" column="22" severity="error" message="Variable &apos;getDomainsOps&apos; must be private and have accessor methods." source="com.puppycrawl.tools.checkstyle.checks.design.VisibilityModifierCheck"/>
<error line="79" column="22" severity="error" message="Variable &apos;getDomainsTotal&apos; must be private and have accessor methods." source="com.puppycrawl.tools.checkstyle.checks.design.VisibilityModifierCheck"/>
<error line="82" column="15" severity="error" message="Variable &apos;getDomainsTime&apos; must be private and have accessor methods." source="com.puppycrawl.tools.checkstyle.checks.design.VisibilityModifierCheck"/>
</file>
<file name="/home/jenkins/jenkins-home/workspace/hadoop-multibranch_PR-3259/ubuntu-focal/src/hadoop-yarn-project/hadoop-yarn/hadoop-yarn-server/hadoop-yarn-server-applicationhistoryservice/src/main/java/org/apache/hadoop/yarn/server/timeline/RollingLevelDB.java">
<error line="137" column="5" severity="error" message="Redundant &apos;public&apos; modifier." source="com.puppycrawl.tools.checkstyle.checks.modifier.RedundantModifierCheck"/>
</file>
<file name="/home/jenkins/jenkins-home/workspace/hadoop-multibranch_PR-3259/ubuntu-focal/src/hadoop-yarn-project/hadoop-yarn/hadoop-yarn-server/hadoop-yarn-server-applicationhistoryservice/src/main/java/org/apache/hadoop/yarn/server/timeline/security/TimelineV1DelegationTokenSecretManagerService.java">
<error line="1" severity="error" message="Missing package-info.java file." source="com.puppycrawl.tools.checkstyle.checks.javadoc.JavadocPackageCheck"/>
</file>
<file name="/home/jenkins/jenkins-home/workspace/hadoop-multibranch_PR-3259/ubuntu-focal/src/hadoop-yarn-project/hadoop-yarn/hadoop-yarn-server/hadoop-yarn-server-applicationhistoryservice/src/main/java/org/apache/hadoop/yarn/server/timeline/security/authorize/TimelinePolicyProvider.java">
<error line="1" severity="error" message="Missing package-info.java file." source="com.puppycrawl.tools.checkstyle.checks.javadoc.JavadocPackageCheck"/>
</file>
<file name="/home/jenkins/jenkins-home/workspace/hadoop-multibranch_PR-3259/ubuntu-focal/src/hadoop-yarn-project/hadoop-yarn/hadoop-yarn-server/hadoop-yarn-server-applicationhistoryservice/src/main/java/org/apache/hadoop/yarn/server/timeline/security/TimelineACLsManager.java">
<error line="66" column="46" severity="error" message="&apos;store&apos; hides a field." source="com.puppycrawl.tools.checkstyle.checks.coding.HiddenFieldCheck"/>
<error line="92" severity="error" message="&apos;=&apos; has incorrect indentation level 4, expected level should be 8." source="com.puppycrawl.tools.checkstyle.checks.indentation.IndentationCheck"/>
<error line="174" column="44" severity="error" message="&apos;adminAclsManager&apos; hides a field." source="com.puppycrawl.tools.checkstyle.checks.coding.HiddenFieldCheck"/>
<error line="184" column="5" severity="error" message="Redundant &apos;public&apos; modifier." source="com.puppycrawl.tools.checkstyle.checks.modifier.RedundantModifierCheck"/>
</file>
<file name="/home/jenkins/jenkins-home/workspace/hadoop-multibranch_PR-3259/ubuntu-focal/src/hadoop-yarn-project/hadoop-yarn/hadoop-yarn-server/hadoop-yarn-server-applicationhistoryservice/src/main/java/org/apache/hadoop/yarn/server/applicationhistoryservice/ApplicationHistoryServer.java">
<error line="1" severity="error" message="Missing package-info.java file." source="com.puppycrawl.tools.checkstyle.checks.javadoc.JavadocPackageCheck"/>
<error line="168" severity="error" message="&apos;LOG&apos; has incorrect indentation level 6, expected level should be 8." source="com.puppycrawl.tools.checkstyle.checks.indentation.IndentationCheck"/>
<error line="173" severity="error" message="&apos;new&apos; has incorrect indentation level 8, expected level should be 10." source="com.puppycrawl.tools.checkstyle.checks.indentation.IndentationCheck"/>
<error line="174" severity="error" message="&apos;SHUTDOWN_HOOK_PRIORITY&apos; has incorrect indentation level 8, expected level should be 10." source="com.puppycrawl.tools.checkstyle.checks.indentation.IndentationCheck"/>
<error line="192" column="37" severity="error" message="&apos;historyManager&apos; hides a field." source="com.puppycrawl.tools.checkstyle.checks.coding.HiddenFieldCheck"/>
<error line="282" severity="error" message="&apos;try&apos; child has incorrect indentation level 7, expected level should be 6." source="com.puppycrawl.tools.checkstyle.checks.indentation.IndentationCheck"/>
<error line="284" severity="error" message="&apos;try&apos; child has incorrect indentation level 7, expected level should be 6." source="com.puppycrawl.tools.checkstyle.checks.indentation.IndentationCheck"/>
<error line="286" severity="error" message="&apos;try&apos; child has incorrect indentation level 7, expected level should be 6." source="com.puppycrawl.tools.checkstyle.checks.indentation.IndentationCheck"/>
<error line="300" column="24" severity="error" message="Name &apos;ALL_URLS&apos; must match pattern &apos;^[a-z][a-zA-Z0-9]*$&apos;." source="com.puppycrawl.tools.checkstyle.checks.naming.LocalFinalVariableNameCheck"/>
<error line="313" severity="error" message="&apos;try&apos; child has incorrect indentation level 7, expected level should be 6." source="com.puppycrawl.tools.checkstyle.checks.indentation.IndentationCheck"/>
<error line="314" severity="error" message="&apos;try&apos; child has incorrect indentation level 7, expected level should be 6." source="com.puppycrawl.tools.checkstyle.checks.indentation.IndentationCheck"/>
<error line="315" severity="error" message="&apos;YarnConfiguration&apos; has incorrect indentation level 8, expected level should be 11." source="com.puppycrawl.tools.checkstyle.checks.indentation.IndentationCheck"/>
<error line="316" severity="error" message="&apos;YarnConfiguration&apos; has incorrect indentation level 8, expected level should be 11." source="com.puppycrawl.tools.checkstyle.checks.indentation.IndentationCheck"/>
<error line="317" severity="error" message="&apos;this&apos; has incorrect indentation level 8, expected level should be 11." source="com.puppycrawl.tools.checkstyle.checks.indentation.IndentationCheck"/>
<error line="318" severity="error" message="&apos;try&apos; child has incorrect indentation level 7, expected level should be 6." source="com.puppycrawl.tools.checkstyle.checks.indentation.IndentationCheck"/>
<error line="332" severity="error" message="First sentence should end with a period." source="com.puppycrawl.tools.checkstyle.checks.javadoc.JavadocStyleCheck"/>
</file>
<file name="/home/jenkins/jenkins-home/workspace/hadoop-multibranch_PR-3259/ubuntu-focal/src/hadoop-yarn-project/hadoop-yarn/hadoop-yarn-server/hadoop-yarn-server-applicationhistoryservice/src/main/java/org/apache/hadoop/yarn/server/applicationhistoryservice/ApplicationHistoryWriter.java">
</file>
<file name="/home/jenkins/jenkins-home/workspace/hadoop-multibranch_PR-3259/ubuntu-focal/src/hadoop-yarn-project/hadoop-yarn/hadoop-yarn-server/hadoop-yarn-server-applicationhistoryservice/src/main/java/org/apache/hadoop/yarn/server/applicationhistoryservice/ApplicationHistoryReader.java">
<error line="48" severity="error" message="First sentence should end with a period." source="com.puppycrawl.tools.checkstyle.checks.javadoc.JavadocStyleCheck"/>
</file>
<file name="/home/jenkins/jenkins-home/workspace/hadoop-multibranch_PR-3259/ubuntu-focal/src/hadoop-yarn-project/hadoop-yarn/hadoop-yarn-server/hadoop-yarn-server-applicationhistoryservice/src/main/java/org/apache/hadoop/yarn/server/applicationhistoryservice/webapp/ContainerPage.java">
<error line="1" severity="error" message="Missing package-info.java file." source="com.puppycrawl.tools.checkstyle.checks.javadoc.JavadocPackageCheck"/>
</file>
<file name="/home/jenkins/jenkins-home/workspace/hadoop-multibranch_PR-3259/ubuntu-focal/src/hadoop-yarn-project/hadoop-yarn/hadoop-yarn-server/hadoop-yarn-server-applicationhistoryservice/src/main/java/org/apache/hadoop/yarn/server/applicationhistoryservice/webapp/AppPage.java">
<error line="38" severity="error" message="&apos;TITLE&apos; has incorrect indentation level 6, expected level should be 8." source="com.puppycrawl.tools.checkstyle.checks.indentation.IndentationCheck"/>
<error line="39" severity="error" message="&apos;appId&apos; has incorrect indentation level 6, expected level should be 8." source="com.puppycrawl.tools.checkstyle.checks.indentation.IndentationCheck"/>
</file>
<file name="/home/jenkins/jenkins-home/workspace/hadoop-multibranch_PR-3259/ubuntu-focal/src/hadoop-yarn-project/hadoop-yarn/hadoop-yarn-server/hadoop-yarn-server-applicationhistoryservice/src/main/java/org/apache/hadoop/yarn/server/applicationhistoryservice/webapp/NavBlock.java">
<error line="24" column="8" severity="error" message="Unused import - org.apache.hadoop.yarn.conf.YarnConfiguration." source="com.puppycrawl.tools.checkstyle.checks.imports.UnusedImportsCheck"/>
</file>
<file name="/home/jenkins/jenkins-home/workspace/hadoop-multibranch_PR-3259/ubuntu-focal/src/hadoop-yarn-project/hadoop-yarn/hadoop-yarn-server/hadoop-yarn-server-applicationhistoryservice/src/main/java/org/apache/hadoop/yarn/server/applicationhistoryservice/webapp/AHSLogsPage.java">
<error line="46" severity="error" message="First sentence should end with a period." source="com.puppycrawl.tools.checkstyle.checks.javadoc.JavadocStyleCheck"/>
</file>
<file name="/home/jenkins/jenkins-home/workspace/hadoop-multibranch_PR-3259/ubuntu-focal/src/hadoop-yarn-project/hadoop-yarn/hadoop-yarn-server/hadoop-yarn-server-applicationhistoryservice/src/main/java/org/apache/hadoop/yarn/server/applicationhistoryservice/webapp/AHSErrorsAndWarningsPage.java">
</file>
<file name="/home/jenkins/jenkins-home/workspace/hadoop-multibranch_PR-3259/ubuntu-focal/src/hadoop-yarn-project/hadoop-yarn/hadoop-yarn-server/hadoop-yarn-server-applicationhistoryservice/src/main/java/org/apache/hadoop/yarn/server/applicationhistoryservice/webapp/AppAttemptPage.java">
<error line="37" severity="error" message="&apos;TITLE&apos; has incorrect indentation level 6, expected level should be 8." source="com.puppycrawl.tools.checkstyle.checks.indentation.IndentationCheck"/>
<error line="38" severity="error" message="&apos;appAttemptId&apos; has incorrect indentation level 6, expected level should be 8." source="com.puppycrawl.tools.checkstyle.checks.indentation.IndentationCheck"/>
</file>
<file name="/home/jenkins/jenkins-home/workspace/hadoop-multibranch_PR-3259/ubuntu-focal/src/hadoop-yarn-project/hadoop-yarn/hadoop-yarn-server/hadoop-yarn-server-applicationhistoryservice/src/main/java/org/apache/hadoop/yarn/server/applicationhistoryservice/webapp/AHSWebServices.java">
<error line="189" severity="error" message="&apos;case&apos; child has incorrect indentation level 8, expected level should be 6." source="com.puppycrawl.tools.checkstyle.checks.indentation.IndentationCheck"/>
<error line="190" severity="error" message="&apos;case&apos; child has incorrect indentation level 8, expected level should be 6." source="com.puppycrawl.tools.checkstyle.checks.indentation.IndentationCheck"/>
<error line="191" severity="error" message="&apos;case&apos; child has incorrect indentation level 8, expected level should be 6." source="com.puppycrawl.tools.checkstyle.checks.indentation.IndentationCheck"/>
<error line="192" severity="error" message="&apos;block&apos; child has incorrect indentation level 10, expected level should be 8." source="com.puppycrawl.tools.checkstyle.checks.indentation.IndentationCheck"/>
<error line="193" severity="error" message="&apos;case&apos; child has incorrect indentation level 8, expected level should be 6." source="com.puppycrawl.tools.checkstyle.checks.indentation.IndentationCheck"/>
<error line="194" severity="error" message="&apos;block&apos; child has incorrect indentation level 10, expected level should be 8." source="com.puppycrawl.tools.checkstyle.checks.indentation.IndentationCheck"/>
<error line="266" column="19" severity="error" message="More than 7 parameters (found 9)." source="com.puppycrawl.tools.checkstyle.checks.sizes.ParameterNumberCheck"/>
<error line="289" column="19" severity="error" message="More than 7 parameters (found 9)." source="com.puppycrawl.tools.checkstyle.checks.sizes.ParameterNumberCheck"/>
</file>
<file name="/home/jenkins/jenkins-home/workspace/hadoop-multibranch_PR-3259/ubuntu-focal/src/hadoop-yarn-project/hadoop-yarn/hadoop-yarn-server/hadoop-yarn-server-applicationhistoryservice/src/main/java/org/apache/hadoop/yarn/server/applicationhistoryservice/webapp/AHSController.java">
</file>
<file name="/home/jenkins/jenkins-home/workspace/hadoop-multibranch_PR-3259/ubuntu-focal/src/hadoop-yarn-project/hadoop-yarn/hadoop-yarn-server/hadoop-yarn-server-applicationhistoryservice/src/main/java/org/apache/hadoop/yarn/server/applicationhistoryservice/webapp/AboutPage.java">
</file>
<file name="/home/jenkins/jenkins-home/workspace/hadoop-multibranch_PR-3259/ubuntu-focal/src/hadoop-yarn-project/hadoop-yarn/hadoop-yarn-server/hadoop-yarn-server-applicationhistoryservice/src/main/java/org/apache/hadoop/yarn/server/applicationhistoryservice/webapp/JAXBContextResolver.java">
<error line="49" column="34" severity="error" message="&apos;{&apos; is followed by whitespace." source="com.puppycrawl.tools.checkstyle.checks.whitespace.NoWhitespaceAfterCheck"/>
</file>
<file name="/home/jenkins/jenkins-home/workspace/hadoop-multibranch_PR-3259/ubuntu-focal/src/hadoop-yarn-project/hadoop-yarn/hadoop-yarn-server/hadoop-yarn-server-applicationhistoryservice/src/main/java/org/apache/hadoop/yarn/server/applicationhistoryservice/webapp/AHSWebApp.java">
<error line="63" severity="error" message="&apos;&quot;appattempt&quot;&apos; has incorrect indentation level 6, expected level should be 8." source="com.puppycrawl.tools.checkstyle.checks.indentation.IndentationCheck"/>
<error line="66" severity="error" message="&apos;pajoin&apos; has incorrect indentation level 6, expected level should be 8." source="com.puppycrawl.tools.checkstyle.checks.indentation.IndentationCheck"/>
</file>
<file name="/home/jenkins/jenkins-home/workspace/hadoop-multibranch_PR-3259/ubuntu-focal/src/hadoop-yarn-project/hadoop-yarn/hadoop-yarn-server/hadoop-yarn-server-applicationhistoryservice/src/main/java/org/apache/hadoop/yarn/server/applicationhistoryservice/webapp/ContextFactory.java">
</file>
<file name="/home/jenkins/jenkins-home/workspace/hadoop-multibranch_PR-3259/ubuntu-focal/src/hadoop-yarn-project/hadoop-yarn/hadoop-yarn-server/hadoop-yarn-server-applicationhistoryservice/src/main/java/org/apache/hadoop/yarn/server/applicationhistoryservice/webapp/AboutBlock.java">
</file>
<file name="/home/jenkins/jenkins-home/workspace/hadoop-multibranch_PR-3259/ubuntu-focal/src/hadoop-yarn-project/hadoop-yarn/hadoop-yarn-server/hadoop-yarn-server-applicationhistoryservice/src/main/java/org/apache/hadoop/yarn/server/applicationhistoryservice/webapp/AHSView.java">
</file>
<file name="/home/jenkins/jenkins-home/workspace/hadoop-multibranch_PR-3259/ubuntu-focal/src/hadoop-yarn-project/hadoop-yarn/hadoop-yarn-server/hadoop-yarn-server-applicationhistoryservice/src/main/java/org/apache/hadoop/yarn/server/applicationhistoryservice/ApplicationHistoryManagerOnTimelineStore.java">
<error line="245" column="3" severity="error" message="Method length is 221 lines (max allowed is 150)." source="com.puppycrawl.tools.checkstyle.checks.sizes.MethodLengthCheck"/>
<error line="749" severity="error" message="&apos;method def modifier&apos; has incorrect indentation level 3, expected level should be 2." source="com.puppycrawl.tools.checkstyle.checks.indentation.IndentationCheck"/>
<error line="751" severity="error" message="&apos;if&apos; has incorrect indentation level 5, expected level should be 4." source="com.puppycrawl.tools.checkstyle.checks.indentation.IndentationCheck"/>
<error line="752" severity="error" message="&apos;if&apos; child has incorrect indentation level 7, expected level should be 6." source="com.puppycrawl.tools.checkstyle.checks.indentation.IndentationCheck"/>
<error line="754" severity="error" message="&apos;try&apos; has incorrect indentation level 7, expected level should be 6." source="com.puppycrawl.tools.checkstyle.checks.indentation.IndentationCheck"/>
<error line="755" severity="error" message="&apos;if&apos; has incorrect indentation level 9, expected level should be 8." source="com.puppycrawl.tools.checkstyle.checks.indentation.IndentationCheck"/>
<error line="758" severity="error" message="&apos;if&apos; child has incorrect indentation level 11, expected level should be 10." source="com.puppycrawl.tools.checkstyle.checks.indentation.IndentationCheck"/>
<error line="762" severity="error" message="&apos;if rcurly&apos; has incorrect indentation level 9, expected level should be 8." source="com.puppycrawl.tools.checkstyle.checks.indentation.IndentationCheck"/>
<error line="763" severity="error" message="&apos;try rcurly&apos; has incorrect indentation level 7, expected level should be 6." source="com.puppycrawl.tools.checkstyle.checks.indentation.IndentationCheck"/>
<error line="764" severity="error" message="&apos;finally&apos; child has incorrect indentation level 9, expected level should be 8." source="com.puppycrawl.tools.checkstyle.checks.indentation.IndentationCheck"/>
<error line="765" severity="error" message="&apos;finally rcurly&apos; has incorrect indentation level 7, expected level should be 6." source="com.puppycrawl.tools.checkstyle.checks.indentation.IndentationCheck"/>
<error line="766" severity="error" message="&apos;if rcurly&apos; has incorrect indentation level 5, expected level should be 4." source="com.puppycrawl.tools.checkstyle.checks.indentation.IndentationCheck"/>
<error line="767" severity="error" message="&apos;method def rcurly&apos; has incorrect indentation level 3, expected level should be 2." source="com.puppycrawl.tools.checkstyle.checks.indentation.IndentationCheck"/>
<error line="775" severity="error" message="&apos;member def modifier&apos; has incorrect indentation level 5, expected level should be 4." source="com.puppycrawl.tools.checkstyle.checks.indentation.IndentationCheck"/>
<error line="776" severity="error" message="&apos;member def modifier&apos; has incorrect indentation level 5, expected level should be 4." source="com.puppycrawl.tools.checkstyle.checks.indentation.IndentationCheck"/>
<error line="778" severity="error" message="&apos;ctor def modifier&apos; has incorrect indentation level 5, expected level should be 4." source="com.puppycrawl.tools.checkstyle.checks.indentation.IndentationCheck"/>
<error line="778" column="6" severity="error" message="Redundant &apos;public&apos; modifier." source="com.puppycrawl.tools.checkstyle.checks.modifier.RedundantModifierCheck"/>
<error line="781" severity="error" message="&apos;ctor def&apos; child has incorrect indentation level 7, expected level should be 6." source="com.puppycrawl.tools.checkstyle.checks.indentation.IndentationCheck"/>
<error line="782" severity="error" message="&apos;ctor def&apos; child has incorrect indentation level 7, expected level should be 6." source="com.puppycrawl.tools.checkstyle.checks.indentation.IndentationCheck"/>
<error line="783" severity="error" message="&apos;ctor def rcurly&apos; has incorrect indentation level 5, expected level should be 4." source="com.puppycrawl.tools.checkstyle.checks.indentation.IndentationCheck"/>
<error line="784" severity="error" message="&apos;class def rcurly&apos; has incorrect indentation level 3, expected level should be 2." source="com.puppycrawl.tools.checkstyle.checks.indentation.IndentationCheck"/>
</file>
<file name="/home/jenkins/jenkins-home/workspace/hadoop-multibranch_PR-3259/ubuntu-focal/src/hadoop-yarn-project/hadoop-yarn/hadoop-yarn-server/hadoop-yarn-server-applicationhistoryservice/src/main/java/org/apache/hadoop/yarn/server/applicationhistoryservice/ApplicationHistoryManager.java">
</file>
<file name="/home/jenkins/jenkins-home/workspace/hadoop-multibranch_PR-3259/ubuntu-focal/src/hadoop-yarn-project/hadoop-yarn/hadoop-yarn-server/hadoop-yarn-server-applicationhistoryservice/src/main/java/org/apache/hadoop/yarn/server/applicationhistoryservice/ApplicationHistoryManagerImpl.java">
<error line="109" severity="error" message="&apos;.&apos; has incorrect indentation level 6, expected level should be 8." source="com.puppycrawl.tools.checkstyle.checks.indentation.IndentationCheck"/>
<error line="119" severity="error" message="&apos;convertToApplicationReport&apos; has incorrect indentation level 8, expected level should be 10." source="com.puppycrawl.tools.checkstyle.checks.indentation.IndentationCheck"/>
<error line="197" severity="error" message="&apos;.&apos; has incorrect indentation level 6, expected level should be 8." source="com.puppycrawl.tools.checkstyle.checks.indentation.IndentationCheck"/>
<error line="199" severity="error" message="&apos;convertToApplicationAttemptReport&apos; has incorrect indentation level 8, expected level should be 10." source="com.puppycrawl.tools.checkstyle.checks.indentation.IndentationCheck"/>
<error line="245" severity="error" message="&apos;convertToContainerReport&apos; has incorrect indentation level 8, expected level should be 10." source="com.puppycrawl.tools.checkstyle.checks.indentation.IndentationCheck"/>
</file>
<file name="/home/jenkins/jenkins-home/workspace/hadoop-multibranch_PR-3259/ubuntu-focal/src/hadoop-yarn-project/hadoop-yarn/hadoop-yarn-server/hadoop-yarn-server-applicationhistoryservice/src/main/java/org/apache/hadoop/yarn/server/applicationhistoryservice/ApplicationHistoryClientService.java">
</file>
<file name="/home/jenkins/jenkins-home/workspace/hadoop-multibranch_PR-3259/ubuntu-focal/src/hadoop-yarn-project/hadoop-yarn/hadoop-yarn-server/hadoop-yarn-server-applicationhistoryservice/src/main/java/org/apache/hadoop/yarn/server/applicationhistoryservice/NullApplicationHistoryStore.java">
</file>
<file name="/home/jenkins/jenkins-home/workspace/hadoop-multibranch_PR-3259/ubuntu-focal/src/hadoop-yarn-project/hadoop-yarn/hadoop-yarn-server/hadoop-yarn-server-applicationhistoryservice/src/main/java/org/apache/hadoop/yarn/server/applicationhistoryservice/ApplicationHistoryStore.java">
</file>
<file name="/home/jenkins/jenkins-home/workspace/hadoop-multibranch_PR-3259/ubuntu-focal/src/hadoop-yarn-project/hadoop-yarn/hadoop-yarn-server/hadoop-yarn-server-applicationhistoryservice/src/main/java/org/apache/hadoop/yarn/server/applicationhistoryservice/records/ContainerStartData.java">
<error line="1" severity="error" message="Missing package-info.java file." source="com.puppycrawl.tools.checkstyle.checks.javadoc.JavadocPackageCheck"/>
</file>
<file name="/home/jenkins/jenkins-home/workspace/hadoop-multibranch_PR-3259/ubuntu-focal/src/hadoop-yarn-project/hadoop-yarn/hadoop-yarn-server/hadoop-yarn-server-applicationhistoryservice/src/main/java/org/apache/hadoop/yarn/server/applicationhistoryservice/records/ApplicationHistoryData.java">
<error line="59" column="40" severity="error" message="More than 7 parameters (found 11)." source="com.puppycrawl.tools.checkstyle.checks.sizes.ParameterNumberCheck"/>
</file>
<file name="/home/jenkins/jenkins-home/workspace/hadoop-multibranch_PR-3259/ubuntu-focal/src/hadoop-yarn-project/hadoop-yarn/hadoop-yarn-server/hadoop-yarn-server-applicationhistoryservice/src/main/java/org/apache/hadoop/yarn/server/applicationhistoryservice/records/ApplicationStartData.java">
</file>
<file name="/home/jenkins/jenkins-home/workspace/hadoop-multibranch_PR-3259/ubuntu-focal/src/hadoop-yarn-project/hadoop-yarn/hadoop-yarn-server/hadoop-yarn-server-applicationhistoryservice/src/main/java/org/apache/hadoop/yarn/server/applicationhistoryservice/records/ApplicationFinishData.java">
</file>
<file name="/home/jenkins/jenkins-home/workspace/hadoop-multibranch_PR-3259/ubuntu-focal/src/hadoop-yarn-project/hadoop-yarn/hadoop-yarn-server/hadoop-yarn-server-applicationhistoryservice/src/main/java/org/apache/hadoop/yarn/server/applicationhistoryservice/records/ContainerFinishData.java">
</file>
<file name="/home/jenkins/jenkins-home/workspace/hadoop-multibranch_PR-3259/ubuntu-focal/src/hadoop-yarn-project/hadoop-yarn/hadoop-yarn-server/hadoop-yarn-server-applicationhistoryservice/src/main/java/org/apache/hadoop/yarn/server/applicationhistoryservice/records/ContainerHistoryData.java">
<error line="62" column="38" severity="error" message="More than 7 parameters (found 9)." source="com.puppycrawl.tools.checkstyle.checks.sizes.ParameterNumberCheck"/>
</file>
<file name="/home/jenkins/jenkins-home/workspace/hadoop-multibranch_PR-3259/ubuntu-focal/src/hadoop-yarn-project/hadoop-yarn/hadoop-yarn-server/hadoop-yarn-server-applicationhistoryservice/src/main/java/org/apache/hadoop/yarn/server/applicationhistoryservice/records/impl/pb/ContainerFinishDataPBImpl.java">
<error line="1" severity="error" message="Missing package-info.java file." source="com.puppycrawl.tools.checkstyle.checks.javadoc.JavadocPackageCheck"/>
<error line="35" column="28" severity="error" message="Variable &apos;proto&apos; must be private and have accessor methods." source="com.puppycrawl.tools.checkstyle.checks.design.VisibilityModifierCheck"/>
<error line="36" severity="error" message="&apos;.&apos; has incorrect indentation level 4, expected level should be 6." source="com.puppycrawl.tools.checkstyle.checks.indentation.IndentationCheck"/>
<error line="37" column="36" severity="error" message="Variable &apos;builder&apos; must be private and have accessor methods." source="com.puppycrawl.tools.checkstyle.checks.design.VisibilityModifierCheck"/>
<error line="38" column="11" severity="error" message="Variable &apos;viaProto&apos; must be private and have accessor methods." source="com.puppycrawl.tools.checkstyle.checks.design.VisibilityModifierCheck"/>
<error line="149" severity="error" message="&apos;if&apos; construct must use &apos;{}&apos;s." source="com.puppycrawl.tools.checkstyle.checks.blocks.NeedBracesCheck"/>
<error line="186" column="61" severity="error" message="&apos;containerId&apos; hides a field." source="com.puppycrawl.tools.checkstyle.checks.coding.HiddenFieldCheck"/>
<error line="191" column="47" severity="error" message="&apos;containerId&apos; hides a field." source="com.puppycrawl.tools.checkstyle.checks.coding.HiddenFieldCheck"/>
</file>
<file name="/home/jenkins/jenkins-home/workspace/hadoop-multibranch_PR-3259/ubuntu-focal/src/hadoop-yarn-project/hadoop-yarn/hadoop-yarn-server/hadoop-yarn-server-applicationhistoryservice/src/main/java/org/apache/hadoop/yarn/server/applicationhistoryservice/records/impl/pb/ContainerStartDataPBImpl.java">
<error line="42" column="27" severity="error" message="Variable &apos;proto&apos; must be private and have accessor methods." source="com.puppycrawl.tools.checkstyle.checks.design.VisibilityModifierCheck"/>
<error line="43" column="35" severity="error" message="Variable &apos;builder&apos; must be private and have accessor methods." source="com.puppycrawl.tools.checkstyle.checks.design.VisibilityModifierCheck"/>
<error line="44" column="11" severity="error" message="Variable &apos;viaProto&apos; must be private and have accessor methods." source="com.puppycrawl.tools.checkstyle.checks.design.VisibilityModifierCheck"/>
<error line="96" column="45" severity="error" message="&apos;resource&apos; hides a field." source="com.puppycrawl.tools.checkstyle.checks.coding.HiddenFieldCheck"/>
<error line="118" column="38" severity="error" message="&apos;nodeId&apos; hides a field." source="com.puppycrawl.tools.checkstyle.checks.coding.HiddenFieldCheck"/>
<error line="174" severity="error" message="&apos;if&apos; construct must use &apos;{}&apos;s." source="com.puppycrawl.tools.checkstyle.checks.blocks.NeedBracesCheck"/>
<error line="224" column="61" severity="error" message="&apos;containerId&apos; hides a field." source="com.puppycrawl.tools.checkstyle.checks.coding.HiddenFieldCheck"/>
<error line="229" column="47" severity="error" message="&apos;containerId&apos; hides a field." source="com.puppycrawl.tools.checkstyle.checks.coding.HiddenFieldCheck"/>
<error line="233" column="55" severity="error" message="&apos;resource&apos; hides a field." source="com.puppycrawl.tools.checkstyle.checks.coding.HiddenFieldCheck"/>
<error line="237" column="63" severity="error" message="&apos;resource&apos; hides a field." source="com.puppycrawl.tools.checkstyle.checks.coding.HiddenFieldCheck"/>
<error line="241" column="51" severity="error" message="&apos;nodeId&apos; hides a field." source="com.puppycrawl.tools.checkstyle.checks.coding.HiddenFieldCheck"/>
<error line="245" column="59" severity="error" message="&apos;nodeId&apos; hides a field." source="com.puppycrawl.tools.checkstyle.checks.coding.HiddenFieldCheck"/>
<error line="249" column="55" severity="error" message="&apos;priority&apos; hides a field." source="com.puppycrawl.tools.checkstyle.checks.coding.HiddenFieldCheck"/>
<error line="253" column="63" severity="error" message="&apos;priority&apos; hides a field." source="com.puppycrawl.tools.checkstyle.checks.coding.HiddenFieldCheck"/>
</file>
<file name="/home/jenkins/jenkins-home/workspace/hadoop-multibranch_PR-3259/ubuntu-focal/src/hadoop-yarn-project/hadoop-yarn/hadoop-yarn-server/hadoop-yarn-server-applicationhistoryservice/src/main/java/org/apache/hadoop/yarn/server/applicationhistoryservice/records/impl/pb/ApplicationAttemptFinishDataPBImpl.java">
<error line="38" column="37" severity="error" message="Variable &apos;proto&apos; must be private and have accessor methods." source="com.puppycrawl.tools.checkstyle.checks.design.VisibilityModifierCheck"/>
<error line="39" severity="error" message="&apos;.&apos; has incorrect indentation level 4, expected level should be 6." source="com.puppycrawl.tools.checkstyle.checks.indentation.IndentationCheck"/>
<error line="40" column="45" severity="error" message="Variable &apos;builder&apos; must be private and have accessor methods." source="com.puppycrawl.tools.checkstyle.checks.design.VisibilityModifierCheck"/>
<error line="41" column="11" severity="error" message="Variable &apos;viaProto&apos; must be private and have accessor methods." source="com.puppycrawl.tools.checkstyle.checks.design.VisibilityModifierCheck"/>
<error line="171" severity="error" message="&apos;if&apos; construct must use &apos;{}&apos;s." source="com.puppycrawl.tools.checkstyle.checks.blocks.NeedBracesCheck"/>
<error line="210" column="33" severity="error" message="&apos;applicationAttemptId&apos; hides a field." source="com.puppycrawl.tools.checkstyle.checks.coding.HiddenFieldCheck"/>
<error line="215" column="28" severity="error" message="&apos;applicationAttemptId&apos; hides a field." source="com.puppycrawl.tools.checkstyle.checks.coding.HiddenFieldCheck"/>
</file>
<file name="/home/jenkins/jenkins-home/workspace/hadoop-multibranch_PR-3259/ubuntu-focal/src/hadoop-yarn-project/hadoop-yarn/hadoop-yarn-server/hadoop-yarn-server-applicationhistoryservice/src/main/java/org/apache/hadoop/yarn/server/applicationhistoryservice/records/impl/pb/ApplicationStartDataPBImpl.java">
<error line="32" column="29" severity="error" message="Variable &apos;proto&apos; must be private and have accessor methods." source="com.puppycrawl.tools.checkstyle.checks.design.VisibilityModifierCheck"/>
<error line="33" severity="error" message="&apos;.&apos; has incorrect indentation level 4, expected level should be 6." source="com.puppycrawl.tools.checkstyle.checks.indentation.IndentationCheck"/>
<error line="34" column="37" severity="error" message="Variable &apos;builder&apos; must be private and have accessor methods." source="com.puppycrawl.tools.checkstyle.checks.design.VisibilityModifierCheck"/>
<error line="35" column="11" severity="error" message="Variable &apos;viaProto&apos; must be private and have accessor methods." source="com.puppycrawl.tools.checkstyle.checks.design.VisibilityModifierCheck"/>
<error line="184" severity="error" message="&apos;if&apos; construct must use &apos;{}&apos;s." source="com.puppycrawl.tools.checkstyle.checks.blocks.NeedBracesCheck"/>
<error line="221" column="65" severity="error" message="&apos;applicationId&apos; hides a field." source="com.puppycrawl.tools.checkstyle.checks.coding.HiddenFieldCheck"/>
<error line="226" column="26" severity="error" message="&apos;applicationId&apos; hides a field." source="com.puppycrawl.tools.checkstyle.checks.coding.HiddenFieldCheck"/>
</file>
<file name="/home/jenkins/jenkins-home/workspace/hadoop-multibranch_PR-3259/ubuntu-focal/src/hadoop-yarn-project/hadoop-yarn/hadoop-yarn-server/hadoop-yarn-server-applicationhistoryservice/src/main/java/org/apache/hadoop/yarn/server/applicationhistoryservice/records/impl/pb/ApplicationFinishDataPBImpl.java">
<error line="37" column="30" severity="error" message="Variable &apos;proto&apos; must be private and have accessor methods." source="com.puppycrawl.tools.checkstyle.checks.design.VisibilityModifierCheck"/>
<error line="38" severity="error" message="&apos;.&apos; has incorrect indentation level 4, expected level should be 6." source="com.puppycrawl.tools.checkstyle.checks.indentation.IndentationCheck"/>
<error line="39" column="38" severity="error" message="Variable &apos;builder&apos; must be private and have accessor methods." source="com.puppycrawl.tools.checkstyle.checks.design.VisibilityModifierCheck"/>
<error line="40" column="11" severity="error" message="Variable &apos;viaProto&apos; must be private and have accessor methods." source="com.puppycrawl.tools.checkstyle.checks.design.VisibilityModifierCheck"/>
<error line="160" severity="error" message="&apos;if&apos; construct must use &apos;{}&apos;s." source="com.puppycrawl.tools.checkstyle.checks.blocks.NeedBracesCheck"/>
<error line="197" column="65" severity="error" message="&apos;applicationId&apos; hides a field." source="com.puppycrawl.tools.checkstyle.checks.coding.HiddenFieldCheck"/>
<error line="202" column="26" severity="error" message="&apos;applicationId&apos; hides a field." source="com.puppycrawl.tools.checkstyle.checks.coding.HiddenFieldCheck"/>
</file>
<file name="/home/jenkins/jenkins-home/workspace/hadoop-multibranch_PR-3259/ubuntu-focal/src/hadoop-yarn-project/hadoop-yarn/hadoop-yarn-server/hadoop-yarn-server-applicationhistoryservice/src/main/java/org/apache/hadoop/yarn/server/applicationhistoryservice/records/impl/pb/ApplicationAttemptStartDataPBImpl.java">
<error line="36" column="36" severity="error" message="Variable &apos;proto&apos; must be private and have accessor methods." source="com.puppycrawl.tools.checkstyle.checks.design.VisibilityModifierCheck"/>
<error line="37" severity="error" message="&apos;.&apos; has incorrect indentation level 4, expected level should be 6." source="com.puppycrawl.tools.checkstyle.checks.indentation.IndentationCheck"/>
<error line="38" column="44" severity="error" message="Variable &apos;builder&apos; must be private and have accessor methods." source="com.puppycrawl.tools.checkstyle.checks.design.VisibilityModifierCheck"/>
<error line="39" column="11" severity="error" message="Variable &apos;viaProto&apos; must be private and have accessor methods." source="com.puppycrawl.tools.checkstyle.checks.design.VisibilityModifierCheck"/>
<error line="145" severity="error" message="&apos;if&apos; construct must use &apos;{}&apos;s." source="com.puppycrawl.tools.checkstyle.checks.blocks.NeedBracesCheck"/>
<error line="190" column="33" severity="error" message="&apos;applicationAttemptId&apos; hides a field." source="com.puppycrawl.tools.checkstyle.checks.coding.HiddenFieldCheck"/>
<error line="195" column="28" severity="error" message="&apos;applicationAttemptId&apos; hides a field." source="com.puppycrawl.tools.checkstyle.checks.coding.HiddenFieldCheck"/>
<error line="204" column="61" severity="error" message="&apos;masterContainerId&apos; hides a field." source="com.puppycrawl.tools.checkstyle.checks.coding.HiddenFieldCheck"/>
</file>
<file name="/home/jenkins/jenkins-home/workspace/hadoop-multibranch_PR-3259/ubuntu-focal/src/hadoop-yarn-project/hadoop-yarn/hadoop-yarn-server/hadoop-yarn-server-applicationhistoryservice/src/main/java/org/apache/hadoop/yarn/server/applicationhistoryservice/records/ApplicationAttemptHistoryData.java">
<error line="54" column="47" severity="error" message="More than 7 parameters (found 8)." source="com.puppycrawl.tools.checkstyle.checks.sizes.ParameterNumberCheck"/>
<error line="105" column="30" severity="error" message="&apos;rpcPort&apos; hides a field." source="com.puppycrawl.tools.checkstyle.checks.coding.HiddenFieldCheck"/>
</file>
<file name="/home/jenkins/jenkins-home/workspace/hadoop-multibranch_PR-3259/ubuntu-focal/src/hadoop-yarn-project/hadoop-yarn/hadoop-yarn-server/hadoop-yarn-server-applicationhistoryservice/src/main/java/org/apache/hadoop/yarn/server/applicationhistoryservice/records/ApplicationAttemptFinishData.java">
</file>
<file name="/home/jenkins/jenkins-home/workspace/hadoop-multibranch_PR-3259/ubuntu-focal/src/hadoop-yarn-project/hadoop-yarn/hadoop-yarn-server/hadoop-yarn-server-applicationhistoryservice/src/main/java/org/apache/hadoop/yarn/server/applicationhistoryservice/records/ApplicationAttemptStartData.java">
</file>
<file name="/home/jenkins/jenkins-home/workspace/hadoop-multibranch_PR-3259/ubuntu-focal/src/hadoop-yarn-project/hadoop-yarn/hadoop-yarn-server/hadoop-yarn-server-applicationhistoryservice/src/main/java/org/apache/hadoop/yarn/server/applicationhistoryservice/MemoryApplicationHistoryStore.java">
<error line="58" severity="error" message="Line is longer than 100 characters (found 137)." source="com.puppycrawl.tools.checkstyle.checks.sizes.LineLengthCheck"/>
<error line="59" severity="error" message="Line is longer than 100 characters (found 113)." source="com.puppycrawl.tools.checkstyle.checks.sizes.LineLengthCheck"/>
<error line="60" severity="error" message="Line is longer than 100 characters (found 117)." source="com.puppycrawl.tools.checkstyle.checks.sizes.LineLengthCheck"/>
<error line="61" severity="error" message="Line is longer than 100 characters (found 102)." source="com.puppycrawl.tools.checkstyle.checks.sizes.LineLengthCheck"/>
<error line="214" severity="error" message="&apos;.&apos; has incorrect indentation level 6, expected level should be 8." source="com.puppycrawl.tools.checkstyle.checks.indentation.IndentationCheck"/>
<error line="220" severity="error" message="&apos;.&apos; has incorrect indentation level 6, expected level should be 8." source="com.puppycrawl.tools.checkstyle.checks.indentation.IndentationCheck"/>
<error line="270" severity="error" message="&apos;new&apos; has incorrect indentation level 6, expected level should be 8." source="com.puppycrawl.tools.checkstyle.checks.indentation.IndentationCheck"/>
</file>
<file name="/home/jenkins/jenkins-home/workspace/hadoop-multibranch_PR-3259/ubuntu-focal/src/hadoop-yarn-project/hadoop-yarn/hadoop-yarn-server/hadoop-yarn-server-applicationhistoryservice/src/main/java/org/apache/hadoop/yarn/server/applicationhistoryservice/FileSystemApplicationHistoryStore.java">
<error line="100" severity="error" message="&apos;.&apos; has incorrect indentation level 4, expected level should be 6." source="com.puppycrawl.tools.checkstyle.checks.indentation.IndentationCheck"/>
<error line="102" severity="error" message="&apos;.&apos; has incorrect indentation level 4, expected level should be 6." source="com.puppycrawl.tools.checkstyle.checks.indentation.IndentationCheck"/>
<error line="139" severity="error" message="&apos;.&apos; has incorrect indentation level 8, expected level should be 10." source="com.puppycrawl.tools.checkstyle.checks.indentation.IndentationCheck"/>
<error line="440" severity="error" message="&apos;.&apos; has incorrect indentation level 8, expected level should be 10." source="com.puppycrawl.tools.checkstyle.checks.indentation.IndentationCheck"/>
<error line="441" severity="error" message="&apos;(&apos; has incorrect indentation level 8, expected level should be 10." source="com.puppycrawl.tools.checkstyle.checks.indentation.IndentationCheck"/>
<error line="459" severity="error" message="&apos;.&apos; has incorrect indentation level 8, expected level should be 10." source="com.puppycrawl.tools.checkstyle.checks.indentation.IndentationCheck"/>
<error line="460" severity="error" message="&apos;(&apos; has incorrect indentation level 8, expected level should be 10." source="com.puppycrawl.tools.checkstyle.checks.indentation.IndentationCheck"/>
<error line="482" severity="error" message="&apos;.&apos; has incorrect indentation level 8, expected level should be 10." source="com.puppycrawl.tools.checkstyle.checks.indentation.IndentationCheck"/>
<error line="483" severity="error" message="&apos;(&apos; has incorrect indentation level 8, expected level should be 10." source="com.puppycrawl.tools.checkstyle.checks.indentation.IndentationCheck"/>
<error line="503" severity="error" message="&apos;.&apos; has incorrect indentation level 8, expected level should be 10." source="com.puppycrawl.tools.checkstyle.checks.indentation.IndentationCheck"/>
<error line="504" severity="error" message="&apos;(&apos; has incorrect indentation level 8, expected level should be 10." source="com.puppycrawl.tools.checkstyle.checks.indentation.IndentationCheck"/>
<error line="524" severity="error" message="&apos;.&apos; has incorrect indentation level 8, expected level should be 10." source="com.puppycrawl.tools.checkstyle.checks.indentation.IndentationCheck"/>
<error line="525" severity="error" message="&apos;(&apos; has incorrect indentation level 8, expected level should be 10." source="com.puppycrawl.tools.checkstyle.checks.indentation.IndentationCheck"/>
<error line="544" severity="error" message="&apos;.&apos; has incorrect indentation level 8, expected level should be 10." source="com.puppycrawl.tools.checkstyle.checks.indentation.IndentationCheck"/>
<error line="545" severity="error" message="&apos;(&apos; has incorrect indentation level 8, expected level should be 10." source="com.puppycrawl.tools.checkstyle.checks.indentation.IndentationCheck"/>
<error line="606" severity="error" message="&apos;.&apos; has incorrect indentation level 6, expected level should be 8." source="com.puppycrawl.tools.checkstyle.checks.indentation.IndentationCheck"/>
<error line="624" severity="error" message="&apos;.&apos; has incorrect indentation level 6, expected level should be 8." source="com.puppycrawl.tools.checkstyle.checks.indentation.IndentationCheck"/>
<error line="626" severity="error" message="&apos;.&apos; has incorrect indentation level 6, expected level should be 8." source="com.puppycrawl.tools.checkstyle.checks.indentation.IndentationCheck"/>
<error line="679" column="7" severity="error" message="Redundant &apos;public&apos; modifier." source="com.puppycrawl.tools.checkstyle.checks.modifier.RedundantModifierCheck"/>
<error line="687" column="23" severity="error" message="Variable &apos;fsdis&apos; must be private and have accessor methods." source="com.puppycrawl.tools.checkstyle.checks.design.VisibilityModifierCheck"/>
<error line="689" column="5" severity="error" message="Redundant &apos;public&apos; modifier." source="com.puppycrawl.tools.checkstyle.checks.modifier.RedundantModifierCheck"/>
<error line="729" column="5" severity="error" message="Redundant &apos;public&apos; modifier." source="com.puppycrawl.tools.checkstyle.checks.modifier.RedundantModifierCheck"/>
<error line="777" column="5" severity="error" message="Redundant &apos;public&apos; modifier." source="com.puppycrawl.tools.checkstyle.checks.modifier.RedundantModifierCheck"/>
<error line="781" column="5" severity="error" message="Redundant &apos;public&apos; modifier." source="com.puppycrawl.tools.checkstyle.checks.modifier.RedundantModifierCheck"/>
</file>
<file name="/home/jenkins/jenkins-home/workspace/hadoop-multibranch_PR-3259/ubuntu-focal/src/hadoop-yarn-project/hadoop-yarn/hadoop-yarn-server/hadoop-yarn-server-applicationhistoryservice/src/test/java/org/apache/hadoop/yarn/server/timeline/TestMemoryTimelineStore.java">
<error line="22" column="1" severity="error" message="Redundant import from the same package - org.apache.hadoop.yarn.server.timeline.MemoryTimelineStore." source="com.puppycrawl.tools.checkstyle.checks.imports.RedundantImportCheck"/>
<error line="23" column="1" severity="error" message="Redundant import from the same package - org.apache.hadoop.yarn.server.timeline.TimelineStore." source="com.puppycrawl.tools.checkstyle.checks.imports.RedundantImportCheck"/>
</file>
<file name="/home/jenkins/jenkins-home/workspace/hadoop-multibranch_PR-3259/ubuntu-focal/src/hadoop-yarn-project/hadoop-yarn/hadoop-yarn-server/hadoop-yarn-server-applicationhistoryservice/src/test/java/org/apache/hadoop/yarn/server/timeline/TestTimelineDataManager.java">
<error line="98" severity="error" message="&apos;aclsManager&apos; has incorrect indentation level 6, expected level should be 8." source="com.puppycrawl.tools.checkstyle.checks.indentation.IndentationCheck"/>
<error line="101" severity="error" message="&apos;&quot;ACL_ENTITY_TYPE_1&quot;&apos; has incorrect indentation level 8, expected level should be 10." source="com.puppycrawl.tools.checkstyle.checks.indentation.IndentationCheck"/>
<error line="101" column="66" severity="error" message="Should use uppercase &apos;L&apos;." source="com.puppycrawl.tools.checkstyle.checks.UpperEllCheck"/>
<error line="102" severity="error" message="&apos;UserGroupInformation&apos; has incorrect indentation level 8, expected level should be 10." source="com.puppycrawl.tools.checkstyle.checks.indentation.IndentationCheck"/>
<error line="105" severity="error" message="&apos;entities&apos; has incorrect indentation level 8, expected level should be 10." source="com.puppycrawl.tools.checkstyle.checks.indentation.IndentationCheck"/>
</file>
<file name="/home/jenkins/jenkins-home/workspace/hadoop-multibranch_PR-3259/ubuntu-focal/src/hadoop-yarn-project/hadoop-yarn/hadoop-yarn-server/hadoop-yarn-server-applicationhistoryservice/src/test/java/org/apache/hadoop/yarn/server/timeline/webapp/TestTimelineWebServices.java">
<error line="171" column="29" severity="error" message="&apos;store&apos; hides a field." source="com.puppycrawl.tools.checkstyle.checks.coding.HiddenFieldCheck"/>
<error line="224" column="25" severity="error" message="Should use uppercase &apos;L&apos;." source="com.puppycrawl.tools.checkstyle.checks.UpperEllCheck"/>
<error line="232" column="25" severity="error" message="Should use uppercase &apos;L&apos;." source="com.puppycrawl.tools.checkstyle.checks.UpperEllCheck"/>
<error line="240" column="25" severity="error" message="Should use uppercase &apos;L&apos;." source="com.puppycrawl.tools.checkstyle.checks.UpperEllCheck"/>
<error line="333" column="64" severity="error" message="Should use uppercase &apos;L&apos;." source="com.puppycrawl.tools.checkstyle.checks.UpperEllCheck"/>
<error line="368" column="25" severity="error" message="Should use uppercase &apos;L&apos;." source="com.puppycrawl.tools.checkstyle.checks.UpperEllCheck"/>
<error line="387" column="25" severity="error" message="Should use uppercase &apos;L&apos;." source="com.puppycrawl.tools.checkstyle.checks.UpperEllCheck"/>
<error line="407" column="25" severity="error" message="Should use uppercase &apos;L&apos;." source="com.puppycrawl.tools.checkstyle.checks.UpperEllCheck"/>
<error line="429" column="25" severity="error" message="Should use uppercase &apos;L&apos;." source="com.puppycrawl.tools.checkstyle.checks.UpperEllCheck"/>
<error line="433" column="25" severity="error" message="Should use uppercase &apos;L&apos;." source="com.puppycrawl.tools.checkstyle.checks.UpperEllCheck"/>
</file>
<file name="/home/jenkins/jenkins-home/workspace/hadoop-multibranch_PR-3259/ubuntu-focal/src/hadoop-yarn-project/hadoop-yarn/hadoop-yarn-server/hadoop-yarn-server-applicationhistoryservice/src/test/java/org/apache/hadoop/yarn/server/timeline/webapp/TestTimelineWebServicesWithSSL.java">
<error line="38" column="8" severity="error" message="Unused import - org.apache.hadoop.yarn.server.applicationhistoryservice.webapp.AHSWebApp." source="com.puppycrawl.tools.checkstyle.checks.imports.UnusedImportsCheck"/>
<error line="133" column="65" severity="error" message="&apos;conf&apos; hides a field." source="com.puppycrawl.tools.checkstyle.checks.coding.HiddenFieldCheck"/>
</file>
<file name="/home/jenkins/jenkins-home/workspace/hadoop-multibranch_PR-3259/ubuntu-focal/src/hadoop-yarn-project/hadoop-yarn/hadoop-yarn-server/hadoop-yarn-server-applicationhistoryservice/src/test/java/org/apache/hadoop/yarn/server/timeline/recovery/TestLeveldbTimelineStateStore.java">
<error line="180" column="31" severity="error" message="&apos;store&apos; hides a field." source="com.puppycrawl.tools.checkstyle.checks.coding.HiddenFieldCheck"/>
</file>
<file name="/home/jenkins/jenkins-home/workspace/hadoop-multibranch_PR-3259/ubuntu-focal/src/hadoop-yarn-project/hadoop-yarn/hadoop-yarn-server/hadoop-yarn-server-applicationhistoryservice/src/test/java/org/apache/hadoop/yarn/server/timeline/TestRollingLevelDBTimelineStore.java">
</file>
<file name="/home/jenkins/jenkins-home/workspace/hadoop-multibranch_PR-3259/ubuntu-focal/src/hadoop-yarn-project/hadoop-yarn/hadoop-yarn-server/hadoop-yarn-server-applicationhistoryservice/src/test/java/org/apache/hadoop/yarn/server/timeline/TestLeveldbTimelineStore.java">
<error line="224" column="22" severity="error" message="Should use uppercase &apos;L&apos;." source="com.puppycrawl.tools.checkstyle.checks.UpperEllCheck"/>
</file>
<file name="/home/jenkins/jenkins-home/workspace/hadoop-multibranch_PR-3259/ubuntu-focal/src/hadoop-yarn-project/hadoop-yarn/hadoop-yarn-server/hadoop-yarn-server-applicationhistoryservice/src/test/java/org/apache/hadoop/yarn/server/timeline/TestGenericObjectMapper.java">
<error line="23" column="1" severity="error" message="Redundant import from the same package - org.apache.hadoop.yarn.server.timeline.GenericObjectMapper." source="com.puppycrawl.tools.checkstyle.checks.imports.RedundantImportCheck"/>
<error line="42" column="18" severity="error" message="Should use uppercase &apos;L&apos;." source="com.puppycrawl.tools.checkstyle.checks.UpperEllCheck"/>
<error line="43" column="18" severity="error" message="Should use uppercase &apos;L&apos;." source="com.puppycrawl.tools.checkstyle.checks.UpperEllCheck"/>
<error line="44" column="18" severity="error" message="Should use uppercase &apos;L&apos;." source="com.puppycrawl.tools.checkstyle.checks.UpperEllCheck"/>
<error line="45" column="18" severity="error" message="Should use uppercase &apos;L&apos;." source="com.puppycrawl.tools.checkstyle.checks.UpperEllCheck"/>
<error line="46" column="19" severity="error" message="Should use uppercase &apos;L&apos;." source="com.puppycrawl.tools.checkstyle.checks.UpperEllCheck"/>
<error line="81" column="38" severity="error" message="Should use uppercase &apos;L&apos;." source="com.puppycrawl.tools.checkstyle.checks.UpperEllCheck"/>
<error line="82" column="38" severity="error" message="Should use uppercase &apos;L&apos;." source="com.puppycrawl.tools.checkstyle.checks.UpperEllCheck"/>
<error line="87" column="73" severity="error" message="Should use uppercase &apos;L&apos;." source="com.puppycrawl.tools.checkstyle.checks.UpperEllCheck"/>
<error line="96" column="15" severity="error" message="&apos;,&apos; is not followed by whitespace." source="com.puppycrawl.tools.checkstyle.checks.whitespace.WhitespaceAfterCheck"/>
<error line="96" column="48" severity="error" message="&apos;,&apos; is not followed by whitespace." source="com.puppycrawl.tools.checkstyle.checks.whitespace.WhitespaceAfterCheck"/>
<error line="97" column="17" severity="error" message="&apos;,&apos; is not followed by whitespace." source="com.puppycrawl.tools.checkstyle.checks.whitespace.WhitespaceAfterCheck"/>
<error line="98" column="17" severity="error" message="&apos;,&apos; is not followed by whitespace." source="com.puppycrawl.tools.checkstyle.checks.whitespace.WhitespaceAfterCheck"/>
</file>
<file name="/home/jenkins/jenkins-home/workspace/hadoop-multibranch_PR-3259/ubuntu-focal/src/hadoop-yarn-project/hadoop-yarn/hadoop-yarn-server/hadoop-yarn-server-applicationhistoryservice/src/test/java/org/apache/hadoop/yarn/server/timeline/security/TestTimelineAuthenticationFilterForV1.java">
<error line="78" column="29" severity="error" message="Name &apos;httpSpnegoKeytabFile&apos; must match pattern &apos;^[A-Z][A-Z0-9]*(_[A-Z0-9]+)*$&apos;." source="com.puppycrawl.tools.checkstyle.checks.naming.ConstantNameCheck"/>
<error line="80" column="31" severity="error" message="Name &apos;httpSpnegoPrincipal&apos; must match pattern &apos;^[A-Z][A-Z0-9]*(_[A-Z0-9]+)*$&apos;." source="com.puppycrawl.tools.checkstyle.checks.naming.ConstantNameCheck"/>
</file>
<file name="/home/jenkins/jenkins-home/workspace/hadoop-multibranch_PR-3259/ubuntu-focal/src/hadoop-yarn-project/hadoop-yarn/hadoop-yarn-server/hadoop-yarn-server-applicationhistoryservice/src/test/java/org/apache/hadoop/yarn/server/timeline/security/TestTimelineACLsManager.java">
<error line="153" column="20" severity="error" message="&apos;domain&apos; hides a field." source="com.puppycrawl.tools.checkstyle.checks.coding.HiddenFieldCheck"/>
<error line="168" column="20" severity="error" message="&apos;domain&apos; hides a field." source="com.puppycrawl.tools.checkstyle.checks.coding.HiddenFieldCheck"/>
<error line="191" column="20" severity="error" message="&apos;domain&apos; hides a field." source="com.puppycrawl.tools.checkstyle.checks.coding.HiddenFieldCheck"/>
</file>
<file name="/home/jenkins/jenkins-home/workspace/hadoop-multibranch_PR-3259/ubuntu-focal/src/hadoop-yarn-project/hadoop-yarn/hadoop-yarn-server/hadoop-yarn-server-applicationhistoryservice/src/test/java/org/apache/hadoop/yarn/server/timeline/TimelineStoreTestUtils.java">
<error line="31" column="8" severity="error" message="Unused import - java.util.Iterator." source="com.puppycrawl.tools.checkstyle.checks.imports.UnusedImportsCheck"/>
<error line="60" column="27" severity="error" message="Variable &apos;store&apos; must be private and have accessor methods." source="com.puppycrawl.tools.checkstyle.checks.design.VisibilityModifierCheck"/>
<error line="61" column="20" severity="error" message="Variable &apos;entityId1&apos; must be private and have accessor methods." source="com.puppycrawl.tools.checkstyle.checks.design.VisibilityModifierCheck"/>
<error line="62" column="20" severity="error" message="Variable &apos;entityType1&apos; must be private and have accessor methods." source="com.puppycrawl.tools.checkstyle.checks.design.VisibilityModifierCheck"/>
<error line="63" column="20" severity="error" message="Variable &apos;entityId1b&apos; must be private and have accessor methods." source="com.puppycrawl.tools.checkstyle.checks.design.VisibilityModifierCheck"/>
<error line="64" column="20" severity="error" message="Variable &apos;entityId2&apos; must be private and have accessor methods." source="com.puppycrawl.tools.checkstyle.checks.design.VisibilityModifierCheck"/>
<error line="65" column="20" severity="error" message="Variable &apos;entityType2&apos; must be private and have accessor methods." source="com.puppycrawl.tools.checkstyle.checks.design.VisibilityModifierCheck"/>
<error line="66" column="20" severity="error" message="Variable &apos;entityId4&apos; must be private and have accessor methods." source="com.puppycrawl.tools.checkstyle.checks.design.VisibilityModifierCheck"/>
<error line="67" column="20" severity="error" message="Variable &apos;entityType4&apos; must be private and have accessor methods." source="com.puppycrawl.tools.checkstyle.checks.design.VisibilityModifierCheck"/>
<error line="68" column="20" severity="error" message="Variable &apos;entityId5&apos; must be private and have accessor methods." source="com.puppycrawl.tools.checkstyle.checks.design.VisibilityModifierCheck"/>
<error line="69" column="20" severity="error" message="Variable &apos;entityType5&apos; must be private and have accessor methods." source="com.puppycrawl.tools.checkstyle.checks.design.VisibilityModifierCheck"/>
<error line="70" column="20" severity="error" message="Variable &apos;entityId6&apos; must be private and have accessor methods." source="com.puppycrawl.tools.checkstyle.checks.design.VisibilityModifierCheck"/>
<error line="71" column="20" severity="error" message="Variable &apos;entityId7&apos; must be private and have accessor methods." source="com.puppycrawl.tools.checkstyle.checks.design.VisibilityModifierCheck"/>
<error line="72" column="20" severity="error" message="Variable &apos;entityType7&apos; must be private and have accessor methods." source="com.puppycrawl.tools.checkstyle.checks.design.VisibilityModifierCheck"/>
<error line="74" column="38" severity="error" message="Variable &apos;primaryFilters&apos; must be private and have accessor methods." source="com.puppycrawl.tools.checkstyle.checks.design.VisibilityModifierCheck"/>
<error line="75" column="33" severity="error" message="Variable &apos;secondaryFilters&apos; must be private and have accessor methods." source="com.puppycrawl.tools.checkstyle.checks.design.VisibilityModifierCheck"/>
<error line="76" column="33" severity="error" message="Variable &apos;allFilters&apos; must be private and have accessor methods." source="com.puppycrawl.tools.checkstyle.checks.design.VisibilityModifierCheck"/>
<error line="77" column="33" severity="error" message="Variable &apos;otherInfo&apos; must be private and have accessor methods." source="com.puppycrawl.tools.checkstyle.checks.design.VisibilityModifierCheck"/>
<error line="78" column="38" severity="error" message="Variable &apos;relEntityMap&apos; must be private and have accessor methods." source="com.puppycrawl.tools.checkstyle.checks.design.VisibilityModifierCheck"/>
<error line="79" column="38" severity="error" message="Variable &apos;relEntityMap2&apos; must be private and have accessor methods." source="com.puppycrawl.tools.checkstyle.checks.design.VisibilityModifierCheck"/>
<error line="80" column="27" severity="error" message="Variable &apos;userFilter&apos; must be private and have accessor methods." source="com.puppycrawl.tools.checkstyle.checks.design.VisibilityModifierCheck"/>
<error line="81" column="27" severity="error" message="Variable &apos;numericFilter1&apos; must be private and have accessor methods." source="com.puppycrawl.tools.checkstyle.checks.design.VisibilityModifierCheck"/>
<error line="82" column="27" severity="error" message="Variable &apos;numericFilter2&apos; must be private and have accessor methods." source="com.puppycrawl.tools.checkstyle.checks.design.VisibilityModifierCheck"/>
<error line="83" column="27" severity="error" message="Variable &apos;numericFilter3&apos; must be private and have accessor methods." source="com.puppycrawl.tools.checkstyle.checks.design.VisibilityModifierCheck"/>
<error line="84" column="39" severity="error" message="Variable &apos;goodTestingFilters&apos; must be private and have accessor methods." source="com.puppycrawl.tools.checkstyle.checks.design.VisibilityModifierCheck"/>
<error line="85" column="39" severity="error" message="Variable &apos;badTestingFilters&apos; must be private and have accessor methods." source="com.puppycrawl.tools.checkstyle.checks.design.VisibilityModifierCheck"/>
<error line="86" column="27" severity="error" message="Variable &apos;ev1&apos; must be private and have accessor methods." source="com.puppycrawl.tools.checkstyle.checks.design.VisibilityModifierCheck"/>
<error line="87" column="27" severity="error" message="Variable &apos;ev2&apos; must be private and have accessor methods." source="com.puppycrawl.tools.checkstyle.checks.design.VisibilityModifierCheck"/>
<error line="88" column="27" severity="error" message="Variable &apos;ev3&apos; must be private and have accessor methods." source="com.puppycrawl.tools.checkstyle.checks.design.VisibilityModifierCheck"/>
<error line="89" column="27" severity="error" message="Variable &apos;ev4&apos; must be private and have accessor methods." source="com.puppycrawl.tools.checkstyle.checks.design.VisibilityModifierCheck"/>
<error line="90" column="33" severity="error" message="Variable &apos;eventInfo&apos; must be private and have accessor methods." source="com.puppycrawl.tools.checkstyle.checks.design.VisibilityModifierCheck"/>
<error line="91" column="33" severity="error" message="Variable &apos;events1&apos; must be private and have accessor methods." source="com.puppycrawl.tools.checkstyle.checks.design.VisibilityModifierCheck"/>
<error line="92" column="33" severity="error" message="Variable &apos;events2&apos; must be private and have accessor methods." source="com.puppycrawl.tools.checkstyle.checks.design.VisibilityModifierCheck"/>
<error line="93" column="18" severity="error" message="Variable &apos;beforeTs&apos; must be private and have accessor methods." source="com.puppycrawl.tools.checkstyle.checks.design.VisibilityModifierCheck"/>
<error line="94" column="20" severity="error" message="Variable &apos;domainId1&apos; must be private and have accessor methods." source="com.puppycrawl.tools.checkstyle.checks.design.VisibilityModifierCheck"/>
<error line="95" column="20" severity="error" message="Variable &apos;domainId2&apos; must be private and have accessor methods." source="com.puppycrawl.tools.checkstyle.checks.design.VisibilityModifierCheck"/>
<error line="97" severity="error" message="First sentence should end with a period." source="com.puppycrawl.tools.checkstyle.checks.javadoc.JavadocStyleCheck"/>
<error line="103" column="30" severity="error" message="&apos;primaryFilters&apos; hides a field." source="com.puppycrawl.tools.checkstyle.checks.coding.HiddenFieldCheck"/>
<error line="112" column="38" severity="error" message="Should use uppercase &apos;L&apos;." source="com.puppycrawl.tools.checkstyle.checks.UpperEllCheck"/>
<error line="117" column="25" severity="error" message="&apos;secondaryFilters&apos; hides a field." source="com.puppycrawl.tools.checkstyle.checks.coding.HiddenFieldCheck"/>
<error line="124" column="12" severity="error" message="&apos;entityId1&apos; hides a field." source="com.puppycrawl.tools.checkstyle.checks.coding.HiddenFieldCheck"/>
<error line="125" column="12" severity="error" message="&apos;entityType1&apos; hides a field." source="com.puppycrawl.tools.checkstyle.checks.coding.HiddenFieldCheck"/>
<error line="126" column="12" severity="error" message="&apos;entityId1b&apos; hides a field." source="com.puppycrawl.tools.checkstyle.checks.coding.HiddenFieldCheck"/>
<error line="127" column="12" severity="error" message="&apos;entityId2&apos; hides a field." source="com.puppycrawl.tools.checkstyle.checks.coding.HiddenFieldCheck"/>
<error line="128" column="12" severity="error" message="&apos;entityType2&apos; hides a field." source="com.puppycrawl.tools.checkstyle.checks.coding.HiddenFieldCheck"/>
<error line="129" column="12" severity="error" message="&apos;entityId4&apos; hides a field." source="com.puppycrawl.tools.checkstyle.checks.coding.HiddenFieldCheck"/>
<error line="130" column="12" severity="error" message="&apos;entityType4&apos; hides a field." source="com.puppycrawl.tools.checkstyle.checks.coding.HiddenFieldCheck"/>
<error line="131" column="12" severity="error" message="&apos;entityId5&apos; hides a field." source="com.puppycrawl.tools.checkstyle.checks.coding.HiddenFieldCheck"/>
<error line="132" column="12" severity="error" message="&apos;entityType5&apos; hides a field." source="com.puppycrawl.tools.checkstyle.checks.coding.HiddenFieldCheck"/>
<error line="133" column="12" severity="error" message="&apos;entityId6&apos; hides a field." source="com.puppycrawl.tools.checkstyle.checks.coding.HiddenFieldCheck"/>
<error line="134" column="12" severity="error" message="&apos;entityId7&apos; hides a field." source="com.puppycrawl.tools.checkstyle.checks.coding.HiddenFieldCheck"/>
<error line="135" column="12" severity="error" message="&apos;entityType7&apos; hides a field." source="com.puppycrawl.tools.checkstyle.checks.coding.HiddenFieldCheck"/>
<error line="141" column="19" severity="error" message="&apos;ev3&apos; hides a field." source="com.puppycrawl.tools.checkstyle.checks.coding.HiddenFieldCheck"/>
<error line="141" column="37" severity="error" message="Should use uppercase &apos;L&apos;." source="com.puppycrawl.tools.checkstyle.checks.UpperEllCheck"/>
<error line="142" column="19" severity="error" message="&apos;ev4&apos; hides a field." source="com.puppycrawl.tools.checkstyle.checks.coding.HiddenFieldCheck"/>
<error line="142" column="37" severity="error" message="Should use uppercase &apos;L&apos;." source="com.puppycrawl.tools.checkstyle.checks.UpperEllCheck"/>
<error line="151" column="19" severity="error" message="&apos;ev1&apos; hides a field." source="com.puppycrawl.tools.checkstyle.checks.coding.HiddenFieldCheck"/>
<error line="151" column="37" severity="error" message="Should use uppercase &apos;L&apos;." source="com.puppycrawl.tools.checkstyle.checks.UpperEllCheck"/>
<error line="153" column="22" severity="error" message="Should use uppercase &apos;L&apos;." source="com.puppycrawl.tools.checkstyle.checks.UpperEllCheck"/>
<error line="163" column="25" severity="error" message="&apos;eventInfo&apos; hides a field." source="com.puppycrawl.tools.checkstyle.checks.coding.HiddenFieldCheck"/>
<error line="165" column="19" severity="error" message="&apos;ev2&apos; hides a field." source="com.puppycrawl.tools.checkstyle.checks.coding.HiddenFieldCheck"/>
<error line="165" column="37" severity="error" message="Should use uppercase &apos;L&apos;." source="com.puppycrawl.tools.checkstyle.checks.UpperEllCheck"/>
<error line="174" column="22" severity="error" message="Should use uppercase &apos;L&apos;." source="com.puppycrawl.tools.checkstyle.checks.UpperEllCheck"/>
<error line="192" column="22" severity="error" message="Should use uppercase &apos;L&apos;." source="com.puppycrawl.tools.checkstyle.checks.UpperEllCheck"/>
<error line="199" column="22" severity="error" message="Should use uppercase &apos;L&apos;." source="com.puppycrawl.tools.checkstyle.checks.UpperEllCheck"/>
<error line="206" column="22" severity="error" message="Should use uppercase &apos;L&apos;." source="com.puppycrawl.tools.checkstyle.checks.UpperEllCheck"/>
<error line="218" column="51" severity="error" message="Should use uppercase &apos;L&apos;." source="com.puppycrawl.tools.checkstyle.checks.UpperEllCheck"/>
<error line="222" column="51" severity="error" message="Should use uppercase &apos;L&apos;." source="com.puppycrawl.tools.checkstyle.checks.UpperEllCheck"/>
<error line="228" severity="error" message="First sentence should end with a period." source="com.puppycrawl.tools.checkstyle.checks.javadoc.JavadocStyleCheck"/>
<error line="234" column="74" severity="error" message="Should use uppercase &apos;L&apos;." source="com.puppycrawl.tools.checkstyle.checks.UpperEllCheck"/>
<error line="251" column="38" severity="error" message="Should use uppercase &apos;L&apos;." source="com.puppycrawl.tools.checkstyle.checks.UpperEllCheck"/>
<error line="284" column="23" severity="error" message="Should use uppercase &apos;L&apos;." source="com.puppycrawl.tools.checkstyle.checks.UpperEllCheck"/>
<error line="288" column="23" severity="error" message="Should use uppercase &apos;L&apos;." source="com.puppycrawl.tools.checkstyle.checks.UpperEllCheck"/>
<error line="304" column="23" severity="error" message="Should use uppercase &apos;L&apos;." source="com.puppycrawl.tools.checkstyle.checks.UpperEllCheck"/>
<error line="305" column="23" severity="error" message="Should use uppercase &apos;L&apos;." source="com.puppycrawl.tools.checkstyle.checks.UpperEllCheck"/>
<error line="362" column="56" severity="error" message="Should use uppercase &apos;L&apos;." source="com.puppycrawl.tools.checkstyle.checks.UpperEllCheck"/>
<error line="366" column="56" severity="error" message="Should use uppercase &apos;L&apos;." source="com.puppycrawl.tools.checkstyle.checks.UpperEllCheck"/>
<error line="379" column="36" severity="error" message="Should use uppercase &apos;L&apos;." source="com.puppycrawl.tools.checkstyle.checks.UpperEllCheck"/>
<error line="383" column="36" severity="error" message="Should use uppercase &apos;L&apos;." source="com.puppycrawl.tools.checkstyle.checks.UpperEllCheck"/>
<error line="387" column="43" severity="error" message="Should use uppercase &apos;L&apos;." source="com.puppycrawl.tools.checkstyle.checks.UpperEllCheck"/>
<error line="391" column="43" severity="error" message="Should use uppercase &apos;L&apos;." source="com.puppycrawl.tools.checkstyle.checks.UpperEllCheck"/>
<error line="395" column="43" severity="error" message="Should use uppercase &apos;L&apos;." source="com.puppycrawl.tools.checkstyle.checks.UpperEllCheck"/>
<error line="485" column="62" severity="error" message="&apos;secondaryFilters&apos; hides a field." source="com.puppycrawl.tools.checkstyle.checks.coding.HiddenFieldCheck"/>
<error line="492" column="62" severity="error" message="&apos;secondaryFilters&apos; hides a field." source="com.puppycrawl.tools.checkstyle.checks.coding.HiddenFieldCheck"/>
<error line="534" column="38" severity="error" message="Should use uppercase &apos;L&apos;." source="com.puppycrawl.tools.checkstyle.checks.UpperEllCheck"/>
<error line="540" column="38" severity="error" message="Should use uppercase &apos;L&apos;." source="com.puppycrawl.tools.checkstyle.checks.UpperEllCheck"/>
<error line="540" column="42" severity="error" message="Should use uppercase &apos;L&apos;." source="com.puppycrawl.tools.checkstyle.checks.UpperEllCheck"/>
<error line="546" column="44" severity="error" message="Should use uppercase &apos;L&apos;." source="com.puppycrawl.tools.checkstyle.checks.UpperEllCheck"/>
<error line="550" column="44" severity="error" message="Should use uppercase &apos;L&apos;." source="com.puppycrawl.tools.checkstyle.checks.UpperEllCheck"/>
<error line="554" column="44" severity="error" message="Should use uppercase &apos;L&apos;." source="com.puppycrawl.tools.checkstyle.checks.UpperEllCheck"/>
<error line="554" column="50" severity="error" message="Should use uppercase &apos;L&apos;." source="com.puppycrawl.tools.checkstyle.checks.UpperEllCheck"/>
<error line="558" column="50" severity="error" message="Should use uppercase &apos;L&apos;." source="com.puppycrawl.tools.checkstyle.checks.UpperEllCheck"/>
<error line="568" column="50" severity="error" message="Should use uppercase &apos;L&apos;." source="com.puppycrawl.tools.checkstyle.checks.UpperEllCheck"/>
<error line="601" column="54" severity="error" message="Should use uppercase &apos;L&apos;." source="com.puppycrawl.tools.checkstyle.checks.UpperEllCheck"/>
<error line="612" column="55" severity="error" message="Should use uppercase &apos;L&apos;." source="com.puppycrawl.tools.checkstyle.checks.UpperEllCheck"/>
<error line="615" column="55" severity="error" message="Should use uppercase &apos;L&apos;." source="com.puppycrawl.tools.checkstyle.checks.UpperEllCheck"/>
<error line="618" column="54" severity="error" message="Should use uppercase &apos;L&apos;." source="com.puppycrawl.tools.checkstyle.checks.UpperEllCheck"/>
<error line="621" column="54" severity="error" message="Should use uppercase &apos;L&apos;." source="com.puppycrawl.tools.checkstyle.checks.UpperEllCheck"/>
<error line="649" column="70" severity="error" message="Should use uppercase &apos;L&apos;." source="com.puppycrawl.tools.checkstyle.checks.UpperEllCheck"/>
<error line="671" column="10" severity="error" message="&apos;beforeTs&apos; hides a field." source="com.puppycrawl.tools.checkstyle.checks.coding.HiddenFieldCheck"/>
<error line="735" column="38" severity="error" message="Should use uppercase &apos;L&apos;." source="com.puppycrawl.tools.checkstyle.checks.UpperEllCheck"/>
<error line="740" column="38" severity="error" message="Should use uppercase &apos;L&apos;." source="com.puppycrawl.tools.checkstyle.checks.UpperEllCheck"/>
<error line="740" column="42" severity="error" message="Should use uppercase &apos;L&apos;." source="com.puppycrawl.tools.checkstyle.checks.UpperEllCheck"/>
<error line="745" column="44" severity="error" message="Should use uppercase &apos;L&apos;." source="com.puppycrawl.tools.checkstyle.checks.UpperEllCheck"/>
<error line="748" column="44" severity="error" message="Should use uppercase &apos;L&apos;." source="com.puppycrawl.tools.checkstyle.checks.UpperEllCheck"/>
<error line="748" column="50" severity="error" message="Should use uppercase &apos;L&apos;." source="com.puppycrawl.tools.checkstyle.checks.UpperEllCheck"/>
<error line="751" column="50" severity="error" message="Should use uppercase &apos;L&apos;." source="com.puppycrawl.tools.checkstyle.checks.UpperEllCheck"/>
<error line="848" column="66" severity="error" message="Should use uppercase &apos;L&apos;." source="com.puppycrawl.tools.checkstyle.checks.UpperEllCheck"/>
<error line="855" column="9" severity="error" message="Should use uppercase &apos;L&apos;." source="com.puppycrawl.tools.checkstyle.checks.UpperEllCheck"/>
<error line="861" column="9" severity="error" message="Should use uppercase &apos;L&apos;." source="com.puppycrawl.tools.checkstyle.checks.UpperEllCheck"/>
<error line="867" column="15" severity="error" message="Should use uppercase &apos;L&apos;." source="com.puppycrawl.tools.checkstyle.checks.UpperEllCheck"/>
<error line="873" column="15" severity="error" message="Should use uppercase &apos;L&apos;." source="com.puppycrawl.tools.checkstyle.checks.UpperEllCheck"/>
<error line="891" severity="error" message="First sentence should end with a period." source="com.puppycrawl.tools.checkstyle.checks.javadoc.JavadocStyleCheck"/>
<error line="894" column="25" severity="error" message="More than 7 parameters (found 9)." source="com.puppycrawl.tools.checkstyle.checks.sizes.ParameterNumberCheck"/>
<error line="904" severity="error" message="First sentence should end with a period." source="com.puppycrawl.tools.checkstyle.checks.javadoc.JavadocStyleCheck"/>
<error line="907" column="25" severity="error" message="More than 7 parameters (found 8)." source="com.puppycrawl.tools.checkstyle.checks.sizes.ParameterNumberCheck"/>
<error line="941" severity="error" message="First sentence should end with a period." source="com.puppycrawl.tools.checkstyle.checks.javadoc.JavadocStyleCheck"/>
<error line="955" severity="error" message="First sentence should end with a period." source="com.puppycrawl.tools.checkstyle.checks.javadoc.JavadocStyleCheck"/>
<error line="958" column="35" severity="error" message="More than 7 parameters (found 8)." source="com.puppycrawl.tools.checkstyle.checks.sizes.ParameterNumberCheck"/>
<error line="983" severity="error" message="First sentence should end with a period." source="com.puppycrawl.tools.checkstyle.checks.javadoc.JavadocStyleCheck"/>
</file>
<file name="/home/jenkins/jenkins-home/workspace/hadoop-multibranch_PR-3259/ubuntu-focal/src/hadoop-yarn-project/hadoop-yarn/hadoop-yarn-server/hadoop-yarn-server-applicationhistoryservice/src/test/java/org/apache/hadoop/yarn/server/timeline/TestRollingLevelDB.java">
</file>
<file name="/home/jenkins/jenkins-home/workspace/hadoop-multibranch_PR-3259/ubuntu-focal/src/hadoop-yarn-project/hadoop-yarn/hadoop-yarn-server/hadoop-yarn-server-applicationhistoryservice/src/test/java/org/apache/hadoop/yarn/server/applicationhistoryservice/TestMemoryApplicationHistoryStore.java">
<error line="52" severity="error" message="&apos;&quot;is stored before the start information&quot;&apos; has incorrect indentation level 8, expected level should be 10." source="com.puppycrawl.tools.checkstyle.checks.indentation.IndentationCheck"/>
<error line="96" severity="error" message="&apos;&quot;is stored before the start information&quot;&apos; has incorrect indentation level 8, expected level should be 10." source="com.puppycrawl.tools.checkstyle.checks.indentation.IndentationCheck"/>
<error line="107" severity="error" message="&apos;.&apos; has incorrect indentation level 6, expected level should be 8." source="com.puppycrawl.tools.checkstyle.checks.indentation.IndentationCheck"/>
<error line="146" severity="error" message="&apos;&quot;is stored before the start information&quot;&apos; has incorrect indentation level 8, expected level should be 10." source="com.puppycrawl.tools.checkstyle.checks.indentation.IndentationCheck"/>
<error line="163" severity="error" message="&apos;data&apos; has incorrect indentation level 8, expected level should be 10." source="com.puppycrawl.tools.checkstyle.checks.indentation.IndentationCheck"/>
<error line="169" severity="error" message="&apos;masterContainer&apos; has incorrect indentation level 6, expected level should be 8." source="com.puppycrawl.tools.checkstyle.checks.indentation.IndentationCheck"/>
</file>
<file name="/home/jenkins/jenkins-home/workspace/hadoop-multibranch_PR-3259/ubuntu-focal/src/hadoop-yarn-project/hadoop-yarn/hadoop-yarn-server/hadoop-yarn-server-applicationhistoryservice/src/test/java/org/apache/hadoop/yarn/server/applicationhistoryservice/TestApplicationHistoryManagerImpl.java">
<error line="37" column="33" severity="error" message="Variable &apos;applicationHistoryManagerImpl&apos; must be private and have accessor methods." source="com.puppycrawl.tools.checkstyle.checks.design.VisibilityModifierCheck"/>
<error line="43" severity="error" message="&apos;MemoryApplicationHistoryStore&apos; has incorrect indentation level 6, expected level should be 8." source="com.puppycrawl.tools.checkstyle.checks.indentation.IndentationCheck"/>
<error line="70" severity="error" message="&apos;appReport&apos; has incorrect indentation level 6, expected level should be 8." source="com.puppycrawl.tools.checkstyle.checks.indentation.IndentationCheck"/>
</file>
<file name="/home/jenkins/jenkins-home/workspace/hadoop-multibranch_PR-3259/ubuntu-focal/src/hadoop-yarn-project/hadoop-yarn/hadoop-yarn-server/hadoop-yarn-server-applicationhistoryservice/src/test/java/org/apache/hadoop/yarn/server/applicationhistoryservice/webapp/TestAHSWebApp.java">
<error line="81" severity="error" message="&apos;YarnApplicationState&apos; has incorrect indentation level 6, expected level should be 8." source="com.puppycrawl.tools.checkstyle.checks.indentation.IndentationCheck"/>
<error line="86" severity="error" message="&apos;YarnApplicationState&apos; has incorrect indentation level 6, expected level should be 8." source="com.puppycrawl.tools.checkstyle.checks.indentation.IndentationCheck"/>
<error line="131" severity="error" message="&apos;.&apos; has incorrect indentation level 6, expected level should be 8." source="com.puppycrawl.tools.checkstyle.checks.indentation.IndentationCheck"/>
<error line="164" severity="error" message="&apos;ApplicationAttemptId&apos; has incorrect indentation level 6, expected level should be 8." source="com.puppycrawl.tools.checkstyle.checks.indentation.IndentationCheck"/>
<error line="197" severity="error" message="&apos;YarnWebParams&apos; has incorrect indentation level 6, expected level should be 8." source="com.puppycrawl.tools.checkstyle.checks.indentation.IndentationCheck"/>
<error line="198" severity="error" message="&apos;ContainerId&apos; has incorrect indentation level 6, expected level should be 8." source="com.puppycrawl.tools.checkstyle.checks.indentation.IndentationCheck"/>
<error line="233" column="5" severity="error" message="Redundant &apos;public&apos; modifier." source="com.puppycrawl.tools.checkstyle.checks.modifier.RedundantModifierCheck"/>
</file>
<file name="/home/jenkins/jenkins-home/workspace/hadoop-multibranch_PR-3259/ubuntu-focal/src/hadoop-yarn-project/hadoop-yarn/hadoop-yarn-server/hadoop-yarn-server-applicationhistoryservice/src/test/java/org/apache/hadoop/yarn/server/applicationhistoryservice/webapp/TestAHSWebServices.java">
<error line="109" column="54" severity="error" message="&apos;{&apos; is followed by whitespace." source="com.puppycrawl.tools.checkstyle.checks.whitespace.NoWhitespaceAfterCheck"/>
<error line="109" column="62" severity="error" message="&apos;,&apos; is preceded with whitespace." source="com.puppycrawl.tools.checkstyle.checks.whitespace.NoWhitespaceBeforeCheck"/>
<error line="113" column="31" severity="error" message="Name &apos;remoteLogRootDir&apos; must match pattern &apos;^[A-Z][A-Z0-9]*(_[A-Z0-9]+)*$&apos;." source="com.puppycrawl.tools.checkstyle.checks.naming.ConstantNameCheck"/>
<error line="114" column="31" severity="error" message="Name &apos;rootLogDir&apos; must match pattern &apos;^[A-Z][A-Z0-9]*(_[A-Z0-9]+)*$&apos;." source="com.puppycrawl.tools.checkstyle.checks.naming.ConstantNameCheck"/>
<error line="167" column="41" severity="error" message="&apos;{&apos; is followed by whitespace." source="com.puppycrawl.tools.checkstyle.checks.whitespace.NoWhitespaceAfterCheck"/>
<error line="167" column="43" severity="error" message="&apos;{&apos; is followed by whitespace." source="com.puppycrawl.tools.checkstyle.checks.whitespace.NoWhitespaceAfterCheck"/>
<error line="167" column="50" severity="error" message="&apos;{&apos; is followed by whitespace." source="com.puppycrawl.tools.checkstyle.checks.whitespace.NoWhitespaceAfterCheck"/>
<error line="206" severity="error" message="&apos;&quot;org.apache.hadoop.yarn.server.applicationhistoryservice.webapp&quot;&apos; has incorrect indentation level 6, expected level should be 8." source="com.puppycrawl.tools.checkstyle.checks.indentation.IndentationCheck"/>
<error line="207" severity="error" message="&apos;.&apos; has incorrect indentation level 6, expected level should be 8." source="com.puppycrawl.tools.checkstyle.checks.indentation.IndentationCheck"/>
<error line="208" severity="error" message="&apos;.&apos; has incorrect indentation level 6, expected level should be 8." source="com.puppycrawl.tools.checkstyle.checks.indentation.IndentationCheck"/>
<error line="209" severity="error" message="&apos;.&apos; has incorrect indentation level 6, expected level should be 8." source="com.puppycrawl.tools.checkstyle.checks.indentation.IndentationCheck"/>
<error line="287" severity="error" message="&apos;&quot;error string exists and shouldn&apos;t&quot;&apos; has incorrect indentation level 8, expected level should be 10." source="com.puppycrawl.tools.checkstyle.checks.indentation.IndentationCheck"/>
<error line="303" severity="error" message="&apos;&quot;error string exists and shouldn&apos;t&quot;&apos; has incorrect indentation level 8, expected level should be 10." source="com.puppycrawl.tools.checkstyle.checks.indentation.IndentationCheck"/>
<error line="322" severity="error" message="&apos;&quot;error string exists and shouldn&apos;t&quot;&apos; has incorrect indentation level 8, expected level should be 10." source="com.puppycrawl.tools.checkstyle.checks.indentation.IndentationCheck"/>
<error line="417" severity="error" message="&apos;app&apos; has incorrect indentation level 6, expected level should be 8." source="com.puppycrawl.tools.checkstyle.checks.indentation.IndentationCheck"/>
<error line="473" severity="error" message="&apos;appAttempt&apos; has incorrect indentation level 6, expected level should be 8." source="com.puppycrawl.tools.checkstyle.checks.indentation.IndentationCheck"/>
<error line="476" severity="error" message="&apos;appAttempt&apos; has incorrect indentation level 6, expected level should be 8." source="com.puppycrawl.tools.checkstyle.checks.indentation.IndentationCheck"/>
<error line="534" severity="error" message="&apos;container&apos; has incorrect indentation level 6, expected level should be 8." source="com.puppycrawl.tools.checkstyle.checks.indentation.IndentationCheck"/>
<error line="536" column="19" severity="error" message="&apos;conf&apos; hides a field." source="com.puppycrawl.tools.checkstyle.checks.coding.HiddenFieldCheck"/>
<error line="542" severity="error" message="&apos;container&apos; has incorrect indentation level 6, expected level should be 8." source="com.puppycrawl.tools.checkstyle.checks.indentation.IndentationCheck"/>
<error line="545" column="3" severity="error" message="Method length is 156 lines (max allowed is 150)." source="com.puppycrawl.tools.checkstyle.checks.sizes.MethodLengthCheck"/>
</file>
<file name="/home/jenkins/jenkins-home/workspace/hadoop-multibranch_PR-3259/ubuntu-focal/src/hadoop-yarn-project/hadoop-yarn/hadoop-yarn-server/hadoop-yarn-server-applicationhistoryservice/src/test/java/org/apache/hadoop/yarn/server/applicationhistoryservice/TestFileSystemApplicationHistoryStore.java">
<error line="70" column="51" severity="error" message="&apos;fs&apos; hides a field." source="com.puppycrawl.tools.checkstyle.checks.coding.HiddenFieldCheck"/>
<error line="79" severity="error" message="&apos;fsWorkingPath&apos; has incorrect indentation level 6, expected level should be 8." source="com.puppycrawl.tools.checkstyle.checks.indentation.IndentationCheck"/>
<error line="182" severity="error" message="&apos;containerData&apos; has incorrect indentation level 12, expected level should be 14." source="com.puppycrawl.tools.checkstyle.checks.indentation.IndentationCheck"/>
<error line="194" severity="error" message="&apos;masterContainer&apos; has incorrect indentation level 10, expected level should be 12." source="com.puppycrawl.tools.checkstyle.checks.indentation.IndentationCheck"/>
</file>
<file name="/home/jenkins/jenkins-home/workspace/hadoop-multibranch_PR-3259/ubuntu-focal/src/hadoop-yarn-project/hadoop-yarn/hadoop-yarn-server/hadoop-yarn-server-applicationhistoryservice/src/test/java/org/apache/hadoop/yarn/server/applicationhistoryservice/TestApplicationHistoryManagerOnTimelineStore.java">
<error line="92" column="19" severity="error" message="&apos;store&apos; hides a field." source="com.puppycrawl.tools.checkstyle.checks.coding.HiddenFieldCheck"/>
<error line="126" column="24" severity="error" message="&apos;{&apos; is followed by whitespace." source="com.puppycrawl.tools.checkstyle.checks.whitespace.NoWhitespaceAfterCheck"/>
<error line="126" column="26" severity="error" message="&apos;{&apos; is followed by whitespace." source="com.puppycrawl.tools.checkstyle.checks.whitespace.NoWhitespaceAfterCheck"/>
<error line="126" column="34" severity="error" message="&apos;{&apos; is followed by whitespace." source="com.puppycrawl.tools.checkstyle.checks.whitespace.NoWhitespaceAfterCheck"/>
<error line="126" column="47" severity="error" message="&apos;{&apos; is followed by whitespace." source="com.puppycrawl.tools.checkstyle.checks.whitespace.NoWhitespaceAfterCheck"/>
<error line="126" column="60" severity="error" message="&apos;{&apos; is followed by whitespace." source="com.puppycrawl.tools.checkstyle.checks.whitespace.NoWhitespaceAfterCheck"/>
<error line="126" column="73" severity="error" message="&apos;{&apos; is followed by whitespace." source="com.puppycrawl.tools.checkstyle.checks.whitespace.NoWhitespaceAfterCheck"/>
<error line="138" column="58" severity="error" message="&apos;store&apos; hides a field." source="com.puppycrawl.tools.checkstyle.checks.coding.HiddenFieldCheck"/>
<error line="194" column="77" severity="error" message="&apos;(&apos; is preceded with whitespace." source="com.puppycrawl.tools.checkstyle.checks.whitespace.MethodParamPadCheck"/>
<error line="195" severity="error" message="&apos;method def modifier&apos; has incorrect indentation level 10, expected level should be one of the following: 14, 16, 18." source="com.puppycrawl.tools.checkstyle.checks.indentation.IndentationCheck"/>
<error line="197" severity="error" message="&apos;method def&apos; child has incorrect indentation level 12, expected level should be one of the following: 16, 18, 20." source="com.puppycrawl.tools.checkstyle.checks.indentation.IndentationCheck"/>
<error line="198" severity="error" message="&apos;method def rcurly&apos; has incorrect indentation level 10, expected level should be one of the following: 14, 16, 18." source="com.puppycrawl.tools.checkstyle.checks.indentation.IndentationCheck"/>
<error line="199" severity="error" message="&apos;object def rcurly&apos; has incorrect indentation level 8, expected level should be one of the following: 12, 14, 16." source="com.puppycrawl.tools.checkstyle.checks.indentation.IndentationCheck"/>
<error line="283" column="75" severity="error" message="&apos;(&apos; is preceded with whitespace." source="com.puppycrawl.tools.checkstyle.checks.whitespace.MethodParamPadCheck"/>
<error line="306" column="84" severity="error" message="&apos;(&apos; is preceded with whitespace." source="com.puppycrawl.tools.checkstyle.checks.whitespace.MethodParamPadCheck"/>
<error line="307" severity="error" message="&apos;method def modifier&apos; has incorrect indentation level 10, expected level should be one of the following: 14, 16, 18." source="com.puppycrawl.tools.checkstyle.checks.indentation.IndentationCheck"/>
<error line="309" severity="error" message="&apos;method def&apos; child has incorrect indentation level 12, expected level should be one of the following: 16, 18, 20." source="com.puppycrawl.tools.checkstyle.checks.indentation.IndentationCheck"/>
<error line="310" severity="error" message="&apos;method def rcurly&apos; has incorrect indentation level 10, expected level should be one of the following: 14, 16, 18." source="com.puppycrawl.tools.checkstyle.checks.indentation.IndentationCheck"/>
<error line="311" severity="error" message="&apos;object def rcurly&apos; has incorrect indentation level 8, expected level should be one of the following: 12, 14, 16." source="com.puppycrawl.tools.checkstyle.checks.indentation.IndentationCheck"/>
<error line="349" column="75" severity="error" message="&apos;(&apos; is preceded with whitespace." source="com.puppycrawl.tools.checkstyle.checks.whitespace.MethodParamPadCheck"/>
<error line="350" severity="error" message="&apos;method def modifier&apos; has incorrect indentation level 10, expected level should be one of the following: 14, 16, 18." source="com.puppycrawl.tools.checkstyle.checks.indentation.IndentationCheck"/>
<error line="352" severity="error" message="&apos;method def&apos; child has incorrect indentation level 12, expected level should be one of the following: 16, 18, 20." source="com.puppycrawl.tools.checkstyle.checks.indentation.IndentationCheck"/>
<error line="353" severity="error" message="&apos;method def rcurly&apos; has incorrect indentation level 10, expected level should be one of the following: 14, 16, 18." source="com.puppycrawl.tools.checkstyle.checks.indentation.IndentationCheck"/>
<error line="354" severity="error" message="&apos;object def rcurly&apos; has incorrect indentation level 8, expected level should be one of the following: 12, 14, 16." source="com.puppycrawl.tools.checkstyle.checks.indentation.IndentationCheck"/>
<error line="413" column="81" severity="error" message="&apos;(&apos; is preceded with whitespace." source="com.puppycrawl.tools.checkstyle.checks.whitespace.MethodParamPadCheck"/>
<error line="414" severity="error" message="&apos;method def modifier&apos; has incorrect indentation level 10, expected level should be one of the following: 12, 14, 16." source="com.puppycrawl.tools.checkstyle.checks.indentation.IndentationCheck"/>
<error line="416" severity="error" message="&apos;method def&apos; child has incorrect indentation level 12, expected level should be one of the following: 14, 16, 18." source="com.puppycrawl.tools.checkstyle.checks.indentation.IndentationCheck"/>
<error line="417" severity="error" message="&apos;method def rcurly&apos; has incorrect indentation level 10, expected level should be one of the following: 12, 14, 16." source="com.puppycrawl.tools.checkstyle.checks.indentation.IndentationCheck"/>
<error line="418" severity="error" message="&apos;object def rcurly&apos; has incorrect indentation level 8, expected level should be one of the following: 10, 12, 14." source="com.puppycrawl.tools.checkstyle.checks.indentation.IndentationCheck"/>
<error line="445" column="72" severity="error" message="&apos;(&apos; is preceded with whitespace." source="com.puppycrawl.tools.checkstyle.checks.whitespace.MethodParamPadCheck"/>
<error line="446" severity="error" message="&apos;method def modifier&apos; has incorrect indentation level 10, expected level should be one of the following: 12, 14, 16." source="com.puppycrawl.tools.checkstyle.checks.indentation.IndentationCheck"/>
<error line="448" severity="error" message="&apos;method def&apos; child has incorrect indentation level 12, expected level should be one of the following: 14, 16, 18." source="com.puppycrawl.tools.checkstyle.checks.indentation.IndentationCheck"/>
<error line="449" severity="error" message="&apos;method def rcurly&apos; has incorrect indentation level 10, expected level should be one of the following: 12, 14, 16." source="com.puppycrawl.tools.checkstyle.checks.indentation.IndentationCheck"/>
<error line="450" severity="error" message="&apos;object def rcurly&apos; has incorrect indentation level 8, expected level should be one of the following: 10, 12, 14." source="com.puppycrawl.tools.checkstyle.checks.indentation.IndentationCheck"/>
<error line="477" column="75" severity="error" message="&apos;(&apos; is preceded with whitespace." source="com.puppycrawl.tools.checkstyle.checks.whitespace.MethodParamPadCheck"/>
<error line="478" severity="error" message="&apos;method def modifier&apos; has incorrect indentation level 10, expected level should be one of the following: 14, 16, 18." source="com.puppycrawl.tools.checkstyle.checks.indentation.IndentationCheck"/>
<error line="480" severity="error" message="&apos;method def&apos; child has incorrect indentation level 12, expected level should be one of the following: 16, 18, 20." source="com.puppycrawl.tools.checkstyle.checks.indentation.IndentationCheck"/>
<error line="481" severity="error" message="&apos;method def rcurly&apos; has incorrect indentation level 10, expected level should be one of the following: 14, 16, 18." source="com.puppycrawl.tools.checkstyle.checks.indentation.IndentationCheck"/>
<error line="482" severity="error" message="&apos;object def rcurly&apos; has incorrect indentation level 8, expected level should be one of the following: 12, 14, 16." source="com.puppycrawl.tools.checkstyle.checks.indentation.IndentationCheck"/>
<error line="508" column="33" severity="error" message="More than 7 parameters (found 8)." source="com.puppycrawl.tools.checkstyle.checks.sizes.ParameterNumberCheck"/>
<error line="685" column="5" severity="error" message="Empty statement." source="com.puppycrawl.tools.checkstyle.checks.coding.EmptyStatementCheck"/>
</file>
<file name="/home/jenkins/jenkins-home/workspace/hadoop-multibranch_PR-3259/ubuntu-focal/src/hadoop-yarn-project/hadoop-yarn/hadoop-yarn-server/hadoop-yarn-server-applicationhistoryservice/src/test/java/org/apache/hadoop/yarn/server/applicationhistoryservice/TestApplicationHistoryClientService.java">
<error line="124" severity="error" message="&apos;method def&apos; child has incorrect indentation level 3, expected level should be 4." source="com.puppycrawl.tools.checkstyle.checks.indentation.IndentationCheck"/>
<error line="125" severity="error" message="&apos;method def&apos; child has incorrect indentation level 3, expected level should be 4." source="com.puppycrawl.tools.checkstyle.checks.indentation.IndentationCheck"/>
<error line="127" severity="error" message="&apos;method def&apos; child has incorrect indentation level 3, expected level should be 4." source="com.puppycrawl.tools.checkstyle.checks.indentation.IndentationCheck"/>
<error line="129" severity="error" message="&apos;method def&apos; child has incorrect indentation level 3, expected level should be 4." source="com.puppycrawl.tools.checkstyle.checks.indentation.IndentationCheck"/>
<error line="131" severity="error" message="&apos;try&apos; has incorrect indentation level 3, expected level should be 4." source="com.puppycrawl.tools.checkstyle.checks.indentation.IndentationCheck"/>
<error line="132" severity="error" message="&apos;try&apos; child has incorrect indentation level 3, expected level should be 6." source="com.puppycrawl.tools.checkstyle.checks.indentation.IndentationCheck"/>
<error line="135" severity="error" message="&apos;try rcurly&apos; has incorrect indentation level 3, expected level should be 4." source="com.puppycrawl.tools.checkstyle.checks.indentation.IndentationCheck"/>
<error line="137" severity="error" message="&apos;catch&apos; child has incorrect indentation level 5, expected level should be 6." source="com.puppycrawl.tools.checkstyle.checks.indentation.IndentationCheck"/>
<error line="139" severity="error" message="&apos;catch rcurly&apos; has incorrect indentation level 3, expected level should be 4." source="com.puppycrawl.tools.checkstyle.checks.indentation.IndentationCheck"/>
<error line="141" severity="error" message="&apos;catch rcurly&apos; has incorrect indentation level 3, expected level should be 4." source="com.puppycrawl.tools.checkstyle.checks.indentation.IndentationCheck"/>
<error line="142" severity="error" message="&apos;method def rcurly&apos; has incorrect indentation level 1, expected level should be 2." source="com.puppycrawl.tools.checkstyle.checks.indentation.IndentationCheck"/>
<error line="159" severity="error" message="&apos;.&apos; has incorrect indentation level 6, expected level should be 8." source="com.puppycrawl.tools.checkstyle.checks.indentation.IndentationCheck"/>
<error line="211" severity="error" message="&apos;.&apos; has incorrect indentation level 6, expected level should be 8." source="com.puppycrawl.tools.checkstyle.checks.indentation.IndentationCheck"/>
<error line="229" severity="error" message="&apos;.&apos; has incorrect indentation level 6, expected level should be 8." source="com.puppycrawl.tools.checkstyle.checks.indentation.IndentationCheck"/>
<error line="231" severity="error" message="&apos;.&apos; has incorrect indentation level 6, expected level should be 8." source="com.puppycrawl.tools.checkstyle.checks.indentation.IndentationCheck"/>
</file>
<file name="/home/jenkins/jenkins-home/workspace/hadoop-multibranch_PR-3259/ubuntu-focal/src/hadoop-yarn-project/hadoop-yarn/hadoop-yarn-server/hadoop-yarn-server-applicationhistoryservice/src/test/java/org/apache/hadoop/yarn/server/applicationhistoryservice/ApplicationHistoryStoreTestUtils.java">
<error line="42" column="37" severity="error" message="Variable &apos;store&apos; must be private and have accessor methods." source="com.puppycrawl.tools.checkstyle.checks.design.VisibilityModifierCheck"/>
<error line="47" severity="error" message="&apos;appId&apos; has incorrect indentation level 6, expected level should be 8." source="com.puppycrawl.tools.checkstyle.checks.indentation.IndentationCheck"/>
<error line="59" severity="error" message="&apos;appId&apos; has incorrect indentation level 6, expected level should be 8." source="com.puppycrawl.tools.checkstyle.checks.indentation.IndentationCheck"/>
<error line="60" severity="error" message="&apos;YarnApplicationState&apos; has incorrect indentation level 6, expected level should be 8." source="com.puppycrawl.tools.checkstyle.checks.indentation.IndentationCheck"/>
<error line="66" severity="error" message="&apos;appAttemptId&apos; has incorrect indentation level 6, expected level should be 8." source="com.puppycrawl.tools.checkstyle.checks.indentation.IndentationCheck"/>
<error line="67" severity="error" message="&apos;ContainerId&apos; has incorrect indentation level 6, expected level should be 8." source="com.puppycrawl.tools.checkstyle.checks.indentation.IndentationCheck"/>
<error line="73" severity="error" message="&apos;appAttemptId&apos; has incorrect indentation level 6, expected level should be 8." source="com.puppycrawl.tools.checkstyle.checks.indentation.IndentationCheck"/>
<error line="74" severity="error" message="&apos;FinalApplicationStatus&apos; has incorrect indentation level 6, expected level should be 8." source="com.puppycrawl.tools.checkstyle.checks.indentation.IndentationCheck"/>
<error line="81" severity="error" message="&apos;Resource&apos; has incorrect indentation level 6, expected level should be 8." source="com.puppycrawl.tools.checkstyle.checks.indentation.IndentationCheck"/>
<error line="82" severity="error" message="&apos;Priority&apos; has incorrect indentation level 6, expected level should be 8." source="com.puppycrawl.tools.checkstyle.checks.indentation.IndentationCheck"/>
<error line="88" severity="error" message="&apos;containerId&apos; has incorrect indentation level 6, expected level should be 8." source="com.puppycrawl.tools.checkstyle.checks.indentation.IndentationCheck"/>
</file>
<file name="/home/jenkins/jenkins-home/workspace/hadoop-multibranch_PR-3259/ubuntu-focal/src/hadoop-yarn-project/hadoop-yarn/hadoop-yarn-server/hadoop-yarn-server-applicationhistoryservice/src/test/java/org/apache/hadoop/yarn/server/applicationhistoryservice/TestApplicationHistoryServer.java">
<error line="113" severity="error" message="&apos;method def modifier&apos; has incorrect indentation level 1, expected level should be 2." source="com.puppycrawl.tools.checkstyle.checks.indentation.IndentationCheck"/>
<error line="115" severity="error" message="&apos;method def&apos; child has incorrect indentation level 3, expected level should be 4." source="com.puppycrawl.tools.checkstyle.checks.indentation.IndentationCheck"/>
<error line="116" severity="error" message="&apos;method def&apos; child has incorrect indentation level 3, expected level should be 4." source="com.puppycrawl.tools.checkstyle.checks.indentation.IndentationCheck"/>
<error line="117" severity="error" message="&apos;try&apos; has incorrect indentation level 3, expected level should be 4." source="com.puppycrawl.tools.checkstyle.checks.indentation.IndentationCheck"/>
<error line="120" severity="error" message="&apos;try&apos; child has incorrect indentation level 5, expected level should be 6." source="com.puppycrawl.tools.checkstyle.checks.indentation.IndentationCheck"/>
<error line="121" severity="error" message="&apos;try&apos; child has incorrect indentation level 5, expected level should be 6." source="com.puppycrawl.tools.checkstyle.checks.indentation.IndentationCheck"/>
<error line="122" severity="error" message="&apos;try&apos; child has incorrect indentation level 5, expected level should be 6." source="com.puppycrawl.tools.checkstyle.checks.indentation.IndentationCheck"/>
<error line="123" severity="error" message="&apos;try&apos; child has incorrect indentation level 5, expected level should be 6." source="com.puppycrawl.tools.checkstyle.checks.indentation.IndentationCheck"/>
<error line="125" severity="error" message="&apos;try&apos; child has incorrect indentation level 5, expected level should be 6." source="com.puppycrawl.tools.checkstyle.checks.indentation.IndentationCheck"/>
<error line="126" severity="error" message="&apos;try&apos; child has incorrect indentation level 5, expected level should be 6." source="com.puppycrawl.tools.checkstyle.checks.indentation.IndentationCheck"/>
<error line="127" severity="error" message="&apos;try&apos; child has incorrect indentation level 5, expected level should be 6." source="com.puppycrawl.tools.checkstyle.checks.indentation.IndentationCheck"/>
<error line="128" severity="error" message="&apos;try rcurly&apos; has incorrect indentation level 3, expected level should be 4." source="com.puppycrawl.tools.checkstyle.checks.indentation.IndentationCheck"/>
<error line="129" severity="error" message="&apos;catch&apos; child has incorrect indentation level 5, expected level should be 6." source="com.puppycrawl.tools.checkstyle.checks.indentation.IndentationCheck"/>
<error line="130" severity="error" message="&apos;catch&apos; child has incorrect indentation level 5, expected level should be 6." source="com.puppycrawl.tools.checkstyle.checks.indentation.IndentationCheck"/>
<error line="131" severity="error" message="&apos;catch&apos; child has incorrect indentation level 5, expected level should be 6." source="com.puppycrawl.tools.checkstyle.checks.indentation.IndentationCheck"/>
<error line="132" severity="error" message="&apos;catch rcurly&apos; has incorrect indentation level 3, expected level should be 4." source="com.puppycrawl.tools.checkstyle.checks.indentation.IndentationCheck"/>
<error line="133" severity="error" message="&apos;if&apos; has incorrect indentation level 5, expected level should be 6." source="com.puppycrawl.tools.checkstyle.checks.indentation.IndentationCheck"/>
<error line="134" severity="error" message="&apos;if&apos; child has incorrect indentation level 7, expected level should be 8." source="com.puppycrawl.tools.checkstyle.checks.indentation.IndentationCheck"/>
<error line="135" severity="error" message="&apos;if rcurly&apos; has incorrect indentation level 5, expected level should be 6." source="com.puppycrawl.tools.checkstyle.checks.indentation.IndentationCheck"/>
<error line="136" severity="error" message="&apos;finally rcurly&apos; has incorrect indentation level 3, expected level should be 4." source="com.puppycrawl.tools.checkstyle.checks.indentation.IndentationCheck"/>
<error line="137" severity="error" message="&apos;method def rcurly&apos; has incorrect indentation level 1, expected level should be 2." source="com.puppycrawl.tools.checkstyle.checks.indentation.IndentationCheck"/>
<error line="147" severity="error" message="&apos;TimelineAuthenticationFilterInitializer&apos; has incorrect indentation level 6, expected level should be 8." source="com.puppycrawl.tools.checkstyle.checks.indentation.IndentationCheck"/>
<error line="149" severity="error" message="&apos;TimelineAuthenticationFilterInitializer&apos; has incorrect indentation level 6, expected level should be 8." source="com.puppycrawl.tools.checkstyle.checks.indentation.IndentationCheck"/>
<error line="152" severity="error" message="&apos;TimelineAuthenticationFilterInitializer&apos; has incorrect indentation level 6, expected level should be 8." source="com.puppycrawl.tools.checkstyle.checks.indentation.IndentationCheck"/>
<error line="155" severity="error" message="&apos;TimelineAuthenticationFilterInitializer&apos; has incorrect indentation level 6, expected level should be 8." source="com.puppycrawl.tools.checkstyle.checks.indentation.IndentationCheck"/>
<error line="190" column="18" severity="error" message="Name &apos;UI1&apos; must match pattern &apos;^[a-z][a-zA-Z0-9]*$&apos;." source="com.puppycrawl.tools.checkstyle.checks.naming.LocalFinalVariableNameCheck"/>
</file>
</checkstyle>
