<?xml version="1.0" encoding="UTF-8"?>
<checkstyle version="8.29">
<file name="/home/jenkins/jenkins-home/workspace/hadoop-multibranch_PR-3259/ubuntu-focal/src/hadoop-common-project/hadoop-kms/src/main/java/org/apache/hadoop/crypto/key/kms/server/KMSJSONReader.java">
<error line="1" severity="error" message="Missing package-info.java file." source="com.puppycrawl.tools.checkstyle.checks.javadoc.JavadocPackageCheck"/>
</file>
<file name="/home/jenkins/jenkins-home/workspace/hadoop-multibranch_PR-3259/ubuntu-focal/src/hadoop-common-project/hadoop-kms/src/main/java/org/apache/hadoop/crypto/key/kms/server/KMSAuthenticationFilter.java">
<error line="100" column="16" severity="error" message="Variable &apos;statusCode&apos; must be private and have accessor methods." source="com.puppycrawl.tools.checkstyle.checks.design.VisibilityModifierCheck"/>
<error line="101" column="19" severity="error" message="Variable &apos;msg&apos; must be private and have accessor methods." source="com.puppycrawl.tools.checkstyle.checks.design.VisibilityModifierCheck"/>
<error line="103" column="5" severity="error" message="Redundant &apos;public&apos; modifier." source="com.puppycrawl.tools.checkstyle.checks.modifier.RedundantModifierCheck"/>
<error line="114" column="42" severity="error" message="&apos;msg&apos; hides a field." source="com.puppycrawl.tools.checkstyle.checks.coding.HiddenFieldCheck"/>
</file>
<file name="/home/jenkins/jenkins-home/workspace/hadoop-multibranch_PR-3259/ubuntu-focal/src/hadoop-common-project/hadoop-kms/src/main/java/org/apache/hadoop/crypto/key/kms/server/EagerKeyGeneratorKeyProviderCryptoExtension.java">
<error line="89" column="5" severity="error" message="Redundant &apos;public&apos; modifier." source="com.puppycrawl.tools.checkstyle.checks.modifier.RedundantModifierCheck"/>
<error line="133" severity="error" message="&apos;decryptEncryptedKey&apos; has incorrect indentation level 4, expected level should be 8." source="com.puppycrawl.tools.checkstyle.checks.indentation.IndentationCheck"/>
<error line="152" severity="error" message="First sentence should end with a period." source="com.puppycrawl.tools.checkstyle.checks.javadoc.JavadocStyleCheck"/>
</file>
<file name="/home/jenkins/jenkins-home/workspace/hadoop-multibranch_PR-3259/ubuntu-focal/src/hadoop-common-project/hadoop-kms/src/main/java/org/apache/hadoop/crypto/key/kms/server/KMSServerJSONUtils.java">
<error line="33" column="1" severity="error" message="Utility classes should not have a public or default constructor." source="com.puppycrawl.tools.checkstyle.checks.design.HideUtilityClassConstructorCheck"/>
</file>
<file name="/home/jenkins/jenkins-home/workspace/hadoop-multibranch_PR-3259/ubuntu-focal/src/hadoop-common-project/hadoop-kms/src/main/java/org/apache/hadoop/crypto/key/kms/server/KMSConfiguration.java">
<error line="34" column="1" severity="error" message="Utility classes should not have a public or default constructor." source="com.puppycrawl.tools.checkstyle.checks.design.HideUtilityClassConstructorCheck"/>
<error line="115" column="14" severity="error" message="&apos;...&apos; is preceded with whitespace." source="com.puppycrawl.tools.checkstyle.checks.whitespace.NoWhitespaceBeforeCheck"/>
</file>
<file name="/home/jenkins/jenkins-home/workspace/hadoop-multibranch_PR-3259/ubuntu-focal/src/hadoop-common-project/hadoop-kms/src/main/java/org/apache/hadoop/crypto/key/kms/server/KMSAudit.java">
</file>
<file name="/home/jenkins/jenkins-home/workspace/hadoop-multibranch_PR-3259/ubuntu-focal/src/hadoop-common-project/hadoop-kms/src/main/java/org/apache/hadoop/crypto/key/kms/server/KMSMDCFilter.java">
<error line="42" severity="error" message="Class Data should be declared as final." source="com.puppycrawl.tools.checkstyle.checks.design.FinalClassCheck"/>
</file>
<file name="/home/jenkins/jenkins-home/workspace/hadoop-multibranch_PR-3259/ubuntu-focal/src/hadoop-common-project/hadoop-kms/src/main/java/org/apache/hadoop/crypto/key/kms/server/KMSWebApp.java">
</file>
<file name="/home/jenkins/jenkins-home/workspace/hadoop-multibranch_PR-3259/ubuntu-focal/src/hadoop-common-project/hadoop-kms/src/main/java/org/apache/hadoop/crypto/key/kms/server/KMSAuditLogger.java">
<error line="168" column="22" severity="error" message="Redundant &apos;final&apos; modifier." source="com.puppycrawl.tools.checkstyle.checks.modifier.RedundantModifierCheck"/>
<error line="168" column="45" severity="error" message="Redundant &apos;final&apos; modifier." source="com.puppycrawl.tools.checkstyle.checks.modifier.RedundantModifierCheck"/>
</file>
<file name="/home/jenkins/jenkins-home/workspace/hadoop-multibranch_PR-3259/ubuntu-focal/src/hadoop-common-project/hadoop-kms/src/main/java/org/apache/hadoop/crypto/key/kms/server/KMSACLs.java">
<error line="80" column="63" severity="error" message="Variable &apos;keyAcls&apos; must be private and have accessor methods." source="com.puppycrawl.tools.checkstyle.checks.design.VisibilityModifierCheck"/>
<error line="82" column="46" severity="error" message="Variable &apos;defaultKeyAcls&apos; must be private and have accessor methods." source="com.puppycrawl.tools.checkstyle.checks.design.VisibilityModifierCheck"/>
<error line="84" column="46" severity="error" message="Variable &apos;whitelistKeyAcls&apos; must be private and have accessor methods." source="com.puppycrawl.tools.checkstyle.checks.design.VisibilityModifierCheck"/>
<error line="121" column="46" severity="error" message="&apos;,&apos; is not followed by whitespace." source="com.puppycrawl.tools.checkstyle.checks.whitespace.WhitespaceAfterCheck"/>
<error line="144" column="28" severity="error" message="&apos;,&apos; is not followed by whitespace." source="com.puppycrawl.tools.checkstyle.checks.whitespace.WhitespaceAfterCheck"/>
<error line="234" severity="error" message="First sentence should end with a period." source="com.puppycrawl.tools.checkstyle.checks.javadoc.JavadocStyleCheck"/>
<error line="255" column="41" severity="error" message="&apos;,&apos; is preceded with whitespace." source="com.puppycrawl.tools.checkstyle.checks.whitespace.NoWhitespaceBeforeCheck"/>
<error line="257" column="37" severity="error" message="&apos;,&apos; is preceded with whitespace." source="com.puppycrawl.tools.checkstyle.checks.whitespace.NoWhitespaceBeforeCheck"/>
</file>
<file name="/home/jenkins/jenkins-home/workspace/hadoop-multibranch_PR-3259/ubuntu-focal/src/hadoop-common-project/hadoop-kms/src/main/java/org/apache/hadoop/crypto/key/kms/server/KMSWebServer.java">
</file>
<file name="/home/jenkins/jenkins-home/workspace/hadoop-multibranch_PR-3259/ubuntu-focal/src/hadoop-common-project/hadoop-kms/src/main/java/org/apache/hadoop/crypto/key/kms/server/SimpleKMSAuditLogger.java">
</file>
<file name="/home/jenkins/jenkins-home/workspace/hadoop-multibranch_PR-3259/ubuntu-focal/src/hadoop-common-project/hadoop-kms/src/main/java/org/apache/hadoop/crypto/key/kms/server/KMSJSONWriter.java">
</file>
<file name="/home/jenkins/jenkins-home/workspace/hadoop-multibranch_PR-3259/ubuntu-focal/src/hadoop-common-project/hadoop-kms/src/main/java/org/apache/hadoop/crypto/key/kms/server/KeyAuthorizationKeyProvider.java">
<error line="65" column="10" severity="error" message="Redundant &apos;static&apos; modifier." source="com.puppycrawl.tools.checkstyle.checks.modifier.RedundantModifierCheck"/>
<error line="75" column="5" severity="error" message="Redundant &apos;public&apos; modifier." source="com.puppycrawl.tools.checkstyle.checks.modifier.RedundantModifierCheck"/>
<error line="84" column="5" severity="error" message="Redundant &apos;public&apos; modifier." source="com.puppycrawl.tools.checkstyle.checks.modifier.RedundantModifierCheck"/>
<error line="134" severity="error" message="&apos;if&apos; construct must use &apos;{}&apos;s." source="com.puppycrawl.tools.checkstyle.checks.blocks.NeedBracesCheck"/>
</file>
<file name="/home/jenkins/jenkins-home/workspace/hadoop-multibranch_PR-3259/ubuntu-focal/src/hadoop-common-project/hadoop-kms/src/main/java/org/apache/hadoop/crypto/key/kms/server/KMSExceptionsProvider.java">
<error line="44" column="25" severity="error" message="Name &apos;LOG&apos; must match pattern &apos;^[a-z][a-zA-Z0-9]*$&apos;." source="com.puppycrawl.tools.checkstyle.checks.naming.StaticVariableNameCheck"/>
</file>
<file name="/home/jenkins/jenkins-home/workspace/hadoop-multibranch_PR-3259/ubuntu-focal/src/hadoop-common-project/hadoop-kms/src/main/java/org/apache/hadoop/crypto/key/kms/server/KMS.java">
</file>
<file name="/home/jenkins/jenkins-home/workspace/hadoop-multibranch_PR-3259/ubuntu-focal/src/hadoop-common-project/hadoop-kms/src/test/java/org/apache/hadoop/crypto/key/kms/server/TestKMSAuthenticationFilter.java">
</file>
<file name="/home/jenkins/jenkins-home/workspace/hadoop-multibranch_PR-3259/ubuntu-focal/src/hadoop-common-project/hadoop-kms/src/test/java/org/apache/hadoop/crypto/key/kms/server/TestKMSMDCFilter.java">
</file>
<file name="/home/jenkins/jenkins-home/workspace/hadoop-multibranch_PR-3259/ubuntu-focal/src/hadoop-common-project/hadoop-kms/src/test/java/org/apache/hadoop/crypto/key/kms/server/TestKeyAuthorizationKeyProvider.java">
<error line="83" severity="error" message="&apos;method call rparen&apos; has incorrect indentation level 8, expected level should be 4." source="com.puppycrawl.tools.checkstyle.checks.indentation.IndentationCheck"/>
<error line="100" severity="error" message="&apos;method call rparen&apos; has incorrect indentation level 8, expected level should be 4." source="com.puppycrawl.tools.checkstyle.checks.indentation.IndentationCheck"/>
<error line="208" severity="error" message="&apos;method call rparen&apos; has incorrect indentation level 8, expected level should be 4." source="com.puppycrawl.tools.checkstyle.checks.indentation.IndentationCheck"/>
</file>
<file name="/home/jenkins/jenkins-home/workspace/hadoop-multibranch_PR-3259/ubuntu-focal/src/hadoop-common-project/hadoop-kms/src/test/java/org/apache/hadoop/crypto/key/kms/server/KMSBenchmark.java">
</file>
<file name="/home/jenkins/jenkins-home/workspace/hadoop-multibranch_PR-3259/ubuntu-focal/src/hadoop-common-project/hadoop-kms/src/test/java/org/apache/hadoop/crypto/key/kms/server/MiniKMS.java">
<error line="58" column="44" severity="error" message="&apos;log4jConfFile&apos; hides a field." source="com.puppycrawl.tools.checkstyle.checks.coding.HiddenFieldCheck"/>
<error line="70" column="36" severity="error" message="&apos;keyStoreFile&apos; hides a field." source="com.puppycrawl.tools.checkstyle.checks.coding.HiddenFieldCheck"/>
<error line="70" column="57" severity="error" message="&apos;keyStorePassword&apos; hides a field." source="com.puppycrawl.tools.checkstyle.checks.coding.HiddenFieldCheck"/>
</file>
<file name="/home/jenkins/jenkins-home/workspace/hadoop-multibranch_PR-3259/ubuntu-focal/src/hadoop-common-project/hadoop-kms/src/test/java/org/apache/hadoop/crypto/key/kms/server/TestKMS.java">
<error line="320" severity="error" message="Class KerberosConfiguration should be declared as final." source="com.puppycrawl.tools.checkstyle.checks.design.FinalClassCheck"/>
<error line="335" column="14" severity="error" message="&apos;keytab&apos; hides a field." source="com.puppycrawl.tools.checkstyle.checks.coding.HiddenFieldCheck"/>
<error line="1004" severity="error" message="Line is longer than 100 characters (found 116)." source="com.puppycrawl.tools.checkstyle.checks.sizes.LineLengthCheck"/>
<error line="1004" column="51" severity="error" message="&apos;,&apos; is not followed by whitespace." source="com.puppycrawl.tools.checkstyle.checks.whitespace.WhitespaceAfterCheck"/>
<error line="1005" severity="error" message="Line is longer than 100 characters (found 118)." source="com.puppycrawl.tools.checkstyle.checks.sizes.LineLengthCheck"/>
<error line="1005" column="53" severity="error" message="&apos;,&apos; is not followed by whitespace." source="com.puppycrawl.tools.checkstyle.checks.whitespace.WhitespaceAfterCheck"/>
<error line="1006" severity="error" message="Line is longer than 100 characters (found 122)." source="com.puppycrawl.tools.checkstyle.checks.sizes.LineLengthCheck"/>
<error line="1006" column="57" severity="error" message="&apos;,&apos; is not followed by whitespace." source="com.puppycrawl.tools.checkstyle.checks.whitespace.WhitespaceAfterCheck"/>
<error line="1007" severity="error" message="Line is longer than 100 characters (found 109)." source="com.puppycrawl.tools.checkstyle.checks.sizes.LineLengthCheck"/>
<error line="1007" column="56" severity="error" message="&apos;,&apos; is not followed by whitespace." source="com.puppycrawl.tools.checkstyle.checks.whitespace.WhitespaceAfterCheck"/>
<error line="1037" column="29" severity="error" message="&apos;,&apos; is not followed by whitespace." source="com.puppycrawl.tools.checkstyle.checks.whitespace.WhitespaceAfterCheck"/>
<error line="1077" column="29" severity="error" message="&apos;,&apos; is not followed by whitespace." source="com.puppycrawl.tools.checkstyle.checks.whitespace.WhitespaceAfterCheck"/>
<error line="1110" column="29" severity="error" message="&apos;,&apos; is not followed by whitespace." source="com.puppycrawl.tools.checkstyle.checks.whitespace.WhitespaceAfterCheck"/>
<error line="1154" column="29" severity="error" message="&apos;,&apos; is not followed by whitespace." source="com.puppycrawl.tools.checkstyle.checks.whitespace.WhitespaceAfterCheck"/>
<error line="1179" severity="error" message="Line is longer than 100 characters (found 115)." source="com.puppycrawl.tools.checkstyle.checks.sizes.LineLengthCheck"/>
<error line="1186" column="29" severity="error" message="&apos;,&apos; is not followed by whitespace." source="com.puppycrawl.tools.checkstyle.checks.whitespace.WhitespaceAfterCheck"/>
<error line="1307" severity="error" message="&apos;method def&apos; child has incorrect indentation level 24, expected level should be one of the following: 18, 20, 22." source="com.puppycrawl.tools.checkstyle.checks.indentation.IndentationCheck"/>
<error line="1392" severity="error" message="&apos;new&apos; has incorrect indentation level 22, expected level should be 24." source="com.puppycrawl.tools.checkstyle.checks.indentation.IndentationCheck"/>
<error line="1635" severity="error" message="&apos;method def modifier&apos; has incorrect indentation level 10, expected level should be one of the following: 14, 16, 18." source="com.puppycrawl.tools.checkstyle.checks.indentation.IndentationCheck"/>
<error line="1637" severity="error" message="&apos;method def&apos; child has incorrect indentation level 12, expected level should be one of the following: 16, 18, 20." source="com.puppycrawl.tools.checkstyle.checks.indentation.IndentationCheck"/>
<error line="1638" severity="error" message="&apos;try&apos; has incorrect indentation level 12, expected level should be one of the following: 16, 18, 20." source="com.puppycrawl.tools.checkstyle.checks.indentation.IndentationCheck"/>
<error line="1639" severity="error" message="&apos;try&apos; child has incorrect indentation level 14, expected level should be one of the following: 18, 20, 22." source="com.puppycrawl.tools.checkstyle.checks.indentation.IndentationCheck"/>
<error line="1640" severity="error" message="&apos;try&apos; child has incorrect indentation level 14, expected level should be one of the following: 18, 20, 22." source="com.puppycrawl.tools.checkstyle.checks.indentation.IndentationCheck"/>
<error line="1641" severity="error" message="&apos;try&apos; child has incorrect indentation level 14, expected level should be one of the following: 18, 20, 22." source="com.puppycrawl.tools.checkstyle.checks.indentation.IndentationCheck"/>
<error line="1642" severity="error" message="&apos;try rcurly&apos; has incorrect indentation level 12, expected level should be one of the following: 16, 18, 20." source="com.puppycrawl.tools.checkstyle.checks.indentation.IndentationCheck"/>
<error line="1643" severity="error" message="&apos;catch&apos; child has incorrect indentation level 14, expected level should be one of the following: 18, 20, 22." source="com.puppycrawl.tools.checkstyle.checks.indentation.IndentationCheck"/>
<error line="1644" severity="error" message="&apos;catch rcurly&apos; has incorrect indentation level 12, expected level should be one of the following: 16, 18, 20." source="com.puppycrawl.tools.checkstyle.checks.indentation.IndentationCheck"/>
<error line="1645" severity="error" message="&apos;method def&apos; child has incorrect indentation level 12, expected level should be one of the following: 16, 18, 20." source="com.puppycrawl.tools.checkstyle.checks.indentation.IndentationCheck"/>
<error line="1646" severity="error" message="&apos;method def rcurly&apos; has incorrect indentation level 10, expected level should be one of the following: 14, 16, 18." source="com.puppycrawl.tools.checkstyle.checks.indentation.IndentationCheck"/>
<error line="1647" severity="error" message="&apos;object def rcurly&apos; has incorrect indentation level 8, expected level should be one of the following: 12, 14, 16." source="com.puppycrawl.tools.checkstyle.checks.indentation.IndentationCheck"/>
<error line="1652" severity="error" message="&apos;method def modifier&apos; has incorrect indentation level 10, expected level should be one of the following: 16, 18, 20." source="com.puppycrawl.tools.checkstyle.checks.indentation.IndentationCheck"/>
<error line="1654" severity="error" message="&apos;method def&apos; child has incorrect indentation level 12, expected level should be one of the following: 18, 20, 22." source="com.puppycrawl.tools.checkstyle.checks.indentation.IndentationCheck"/>
<error line="1655" severity="error" message="&apos;try&apos; has incorrect indentation level 12, expected level should be one of the following: 18, 20, 22." source="com.puppycrawl.tools.checkstyle.checks.indentation.IndentationCheck"/>
<error line="1656" severity="error" message="&apos;try&apos; child has incorrect indentation level 14, expected level should be one of the following: 20, 22, 24." source="com.puppycrawl.tools.checkstyle.checks.indentation.IndentationCheck"/>
<error line="1658" severity="error" message="&apos;try&apos; child has incorrect indentation level 14, expected level should be one of the following: 20, 22, 24." source="com.puppycrawl.tools.checkstyle.checks.indentation.IndentationCheck"/>
<error line="1660" severity="error" message="&apos;try&apos; child has incorrect indentation level 14, expected level should be one of the following: 20, 22, 24." source="com.puppycrawl.tools.checkstyle.checks.indentation.IndentationCheck"/>
<error line="1661" severity="error" message="&apos;try rcurly&apos; has incorrect indentation level 12, expected level should be one of the following: 18, 20, 22." source="com.puppycrawl.tools.checkstyle.checks.indentation.IndentationCheck"/>
<error line="1662" severity="error" message="&apos;catch&apos; child has incorrect indentation level 14, expected level should be one of the following: 20, 22, 24." source="com.puppycrawl.tools.checkstyle.checks.indentation.IndentationCheck"/>
<error line="1663" severity="error" message="&apos;catch rcurly&apos; has incorrect indentation level 12, expected level should be one of the following: 18, 20, 22." source="com.puppycrawl.tools.checkstyle.checks.indentation.IndentationCheck"/>
<error line="1664" severity="error" message="&apos;method def&apos; child has incorrect indentation level 12, expected level should be one of the following: 18, 20, 22." source="com.puppycrawl.tools.checkstyle.checks.indentation.IndentationCheck"/>
<error line="1665" severity="error" message="&apos;method def rcurly&apos; has incorrect indentation level 10, expected level should be one of the following: 16, 18, 20." source="com.puppycrawl.tools.checkstyle.checks.indentation.IndentationCheck"/>
<error line="1666" severity="error" message="&apos;object def rcurly&apos; has incorrect indentation level 8, expected level should be one of the following: 14, 16, 18." source="com.puppycrawl.tools.checkstyle.checks.indentation.IndentationCheck"/>
<error line="1980" column="13" severity="error" message="&apos;(&apos; is followed by whitespace." source="com.puppycrawl.tools.checkstyle.checks.whitespace.ParenPadCheck"/>
<error line="1980" column="27" severity="error" message="&apos;)&apos; is preceded with whitespace." source="com.puppycrawl.tools.checkstyle.checks.whitespace.ParenPadCheck"/>
<error line="2504" severity="error" message="Line is longer than 100 characters (found 105)." source="com.puppycrawl.tools.checkstyle.checks.sizes.LineLengthCheck"/>
<error line="2504" column="83" severity="error" message="&apos;,&apos; is not followed by whitespace." source="com.puppycrawl.tools.checkstyle.checks.whitespace.WhitespaceAfterCheck"/>
<error line="2505" severity="error" message="Line is longer than 100 characters (found 125)." source="com.puppycrawl.tools.checkstyle.checks.sizes.LineLengthCheck"/>
<error line="2505" column="96" severity="error" message="&apos;,&apos; is not followed by whitespace." source="com.puppycrawl.tools.checkstyle.checks.whitespace.WhitespaceAfterCheck"/>
<error line="2512" severity="error" message="Line is longer than 100 characters (found 115)." source="com.puppycrawl.tools.checkstyle.checks.sizes.LineLengthCheck"/>
</file>
<file name="/home/jenkins/jenkins-home/workspace/hadoop-multibranch_PR-3259/ubuntu-focal/src/hadoop-common-project/hadoop-kms/src/test/java/org/apache/hadoop/crypto/key/kms/server/TestKMSAudit.java">
<error line="56" column="5" severity="error" message="Redundant &apos;public&apos; modifier." source="com.puppycrawl.tools.checkstyle.checks.modifier.RedundantModifierCheck"/>
</file>
<file name="/home/jenkins/jenkins-home/workspace/hadoop-multibranch_PR-3259/ubuntu-focal/src/hadoop-common-project/hadoop-kms/src/test/java/org/apache/hadoop/crypto/key/kms/server/TestKMSWithZK.java">
</file>
<file name="/home/jenkins/jenkins-home/workspace/hadoop-multibranch_PR-3259/ubuntu-focal/src/hadoop-common-project/hadoop-kms/src/test/java/org/apache/hadoop/crypto/key/kms/server/TestKMSACLs.java">
</file>
</checkstyle>
